
Running Job 1 of 1 152-rad-SM12.in
qchem 152-rad-SM12.in_3796398.0 /expanse/lustre/scratch/selhajj/temp_project/qcscratch/28445587/qchem3796398/ 0
/cm/shared/apps/spack/cpu/opt/spack/linux-centos8-zen2/gcc-10.2.0/qchem-5.4-akfmr7b3t57bfs6qan3padb2wnb2i7cl/exe/qcprog.exe_s 152-rad-SM12.in_3796398.0 /expanse/lustre/scratch/selhajj/temp_project/qcscratch/28445587/qchem3796398/
                  Welcome to Q-Chem
     A Quantum Leap Into The Future Of Chemistry


 Q-Chem 5.4, Q-Chem, Inc., Pleasanton, CA (2021)

 License issued to: University of California, San Diego (site)

 E. Epifanovsky,  A. T. B. Gilbert,  Xintian Feng,  Joonho Lee,  Yuezhi Mao,  
 N. Mardirossian,  P. Pokhilko,  A. White,  M. Wormit,  M. P. Coons,  
 A. L. Dempwolff,  Zhengting Gan,  D. Hait,  P. R. Horn,  L. D. Jacobson,  
 I. Kaliman,  J. Kussmann,  A. W. Lange,  Ka Un Lao,  D. S. Levine,  Jie Liu,  
 S. C. McKenzie,  A. F. Morrison,  K. Nanda,  F. Plasser,  D. R. Rehn,  
 M. L. Vidal,  Zhi-Qiang You,  Ying Zhu,  B. Alam,  B. Albrecht,  
 A. Aldossary,  E. Alguire,  J. H. Andersen,  D. Barton,  K. Begam,  A. Behn,  
 Y. A. Bernard,  E. J. Berquist,  H. Burton,  A. Carreras,  K. Carter-Fenk,  
 R. Chakraborty,  A. D. Chien,  K. D. Closser,  V. Cofer-Shabica,  
 S. Dasgupta,  Jia Deng,  M. de Wergifosse,  M. Diedenhofen,  Hainam Do,  
 S. Ehlert,  Po-Tung Fang,  S. Fatehi,  Qingguo Feng,  J. Gayvert,  
 Qinghui Ge,  G. Gidofalvi,  M. Goldey,  J. Gomes,  C. Gonzalez-Espinoza,  
 S. Gulania,  A. Gunina,  M. W. D. Hanson-Heine,  P. H. P. Harbach,  
 A. W. Hauser,  M. F. Herbst,  M. Hernandez Vera,  M. Hodecker,  
 Z. C. Holden,  S. Houck,  Xunkun Huang,  Kerwin Hui,  B. C. Huynh,  
 M. Ivanov,  Hyunjun Ji,  Hanjie Jiang,  B. Kaduk,  S. Kaehler,  
 K. Khistyaev,  Jaehoon Kim,  P. Klunzinger,  Z. Koczor-Benda,  
 Joong Hoon Koh,  D. Kosenkov,  L. Koulias,  T. Kowalczyk,  C. M. Krauter,  
 K. Kue,  A. Kunitsa,  T. Kus,  A. Landau,  K. V. Lawler,  D. Lefrancois,  
 S. Lehtola,  Rain Li,  Yi-Pei Li,  Jiashu Liang,  M. Liebenthal,  
 Hung-Hsuan Lin,  You-Sheng Lin,  Fenglai Liu,  Kuan-Yu Liu,  
 M. Loipersberger,  A. Luenser,  A. Manjanath,  P. Manohar,  E. Mansoor,  
 S. F. Manzer,  Shan-Ping Mao,  A. V. Marenich,  T. Markovich,  S. Mason,  
 S. A. Maurer,  P. F. McLaughlin,  M. F. S. J. Menger,  J.-M. Mewes,  
 S. A. Mewes,  P. Morgante,  J. W. Mullinax,  T. S. Nguyen-Beck,  
 K. J. Oosterbaan,  G. Paran,  Alexander C. Paul,  Suranjan K. Paul,  
 F. Pavosevic,  Zheng Pei,  S. Prager,  E. I. Proynov,  E. Ramos,  B. Rana,  
 A. E. Rask,  A. Rettig,  R. M. Richard,  F. Rob,  E. Rossomme,  T. Scheele,  
 M. Scheurer,  M. Schneider,  N. Sergueev,  S. M. Sharada,  W. Skomorowski,  
 D. W. Small,  C. J. Stein,  Yu-Chuan Su,  E. J. Sundstrom,  Zhen Tao,  
 J. Thirman,  T. Tsuchimochi,  N. M. Tubman,  S. P. Veccham,  O. Vydrov,  
 J. Wenzel,  J. Witte,  A. Yamada,  Kun Yao,  S. Yeganeh,  S. R. Yost,  
 A. Zech,  Igor Ying Zhang,  Xing Zhang,  Yu Zhang,  D. Zuev,  
 A. Aspuru-Guzik,  A. T. Bell,  N. A. Besley,  K. B. Bravaya,  B. R. Brooks,  
 D. Casanova,  Jeng-Da Chai,  S. Coriani,  C. J. Cramer,  
 A. E. DePrince, III,  R. A. DiStasio Jr.,  A. Dreuw,  B. D. Dunietz,  
 T. R. Furlani,  W. A. Goddard III,  S. Grimme,  S. Hammes-Schiffer,  
 T. Head-Gordon,  W. J. Hehre,  Chao-Ping Hsu,  T.-C. Jagau,  Yousung Jung,  
 A. Klamt,  Jing Kong,  D. S. Lambrecht,  WanZhen Liang,  N. J. Mayhall,  
 C. W. McCurdy,  J. B. Neaton,  C. Ochsenfeld,  J. A. Parkhill,  R. Peverati,  
 V. A. Rassolov,  Yihan Shao,  L. V. Slipchenko,  T. Stauch,  R. P. Steele,  
 J. E. Subotnik,  A. J. W. Thom,  A. Tkatchenko,  D. G. Truhlar,  
 T. Van Voorhis,  T. A. Wesolowski,  K. B. Whaley,  H. L. Woodcock III,  
 P. M. Zimmerman,  S. Faraji,  P. M. W. Gill,  M. Head-Gordon,  
 J. M. Herbert,  A. I. Krylov

 Contributors to earlier versions of Q-Chem not listed above: 
 R. D. Adamson,  B. Austin,  R. Baer,  J. Baker,  G. J. O. Beran,  
 K. Brandhorst,  S. T. Brown,  E. F. C. Byrd,  A. K. Chakraborty,  
 G. K. L. Chan,  Chun-Min Chang,  Yunqing Chen,  C.-L. Cheng,  
 Siu Hung Chien,  D. M. Chipman,  D. L. Crittenden,  H. Dachsel,  
 R. J. Doerksen,  A. D. Dutoi,  R. G. Edgar,  J. Fosso-Tande,  
 L. Fusti-Molnar,  D. Ghosh,  A. Ghysels,  A. Golubeva-Zadorozhnaya,  
 J. Gonthier,  M. S. Gordon,  S. R. Gwaltney,  G. Hawkins,  J. E. Herr,  
 A. Heyden,  S. Hirata,  E. G. Hohenstein,  G. Kedziora,  F. J. Keil,  
 C. Kelley,  Jihan Kim,  R. A. King,  R. Z. Khaliullin,  P. P. Korambath,  
 W. Kurlancheek,  A. Laurent,  A. M. Lee,  M. S. Lee,  S. V. Levchenko,  
 Ching Yeh Lin,  D. Liotard,  E. Livshits,  R. C. Lochan,  I. Lotan,  
 L. A. Martinez-Martinez,  P. E. Maslen,  N. Nair,  D. P. O'Neill,  
 D. Neuhauser,  E. Neuscamman,  C. M. Oana,  R. Olivares-Amaya,  R. Olson,  
 T. M. Perrine,  B. Peters,  P. A. Pieniazek,  A. Prociuk,  Y. M. Rhee,  
 J. Ritchie,  M. A. Rohrdanz,  E. Rosta,  N. J. Russ,  H. F. Schaefer III,  
 M. W. Schmidt,  N. E. Schultz,  S. Sharma,  N. Shenvi,  C. D. Sherrill,  
 A. C. Simmonett,  A. Sodt,  T. Stein,  D. Stuck,  K. S. Thanthiriwatte,  
 V. Vanovschi,  L. Vogt,  Tao Wang,  A. Warshel,  M. A. Watson,  
 C. F. Williams,  Q. Wu,  X. Xu,  Jun Yang,  W. Zhang,  Yan Zhao

 Please cite Q-Chem as follows:
 Y. Shao et al., Mol. Phys. 113, 184-215 (2015)
 DOI: 10.1080/00268976.2014.952696

 Q-Chem 5.4.0 for Intel X86 EM64T Linux

 Parts of Q-Chem use Armadillo 9.800.1 (Horizon Scraper).
 http://arma.sourceforge.net/

 Q-Chem begins on Sat Feb  3 11:23:27 2024  

 Host: 
0

     Scratch files written to /expanse/lustre/scratch/selhajj/temp_project/qcscratch/28445587/qchem3796398//
 May1621 |scratch|qcdevops|jenkins|workspace|build_RNUM    
 Processing $rem in /cm/shared/apps/spack/cpu/opt/spack/linux-centos8-zen2/gcc-10.2.0/qchem-5.4-akfmr7b3t57bfs6qan3padb2wnb2i7cl/config/preferences:
 Processing $rem in /home/selhajj/.qchemrc:
 Symmetry turned off for PCM/SM12/SMD calculation
 Method-specific promolecule density matrix will be built for SM12 calculation

 Checking the input file for inconsistencies... 	...done.

--------------------------------------------------------------
User input:
--------------------------------------------------------------
$molecule
-1 2
N                 -2.9464940000     -1.8443350000     -0.3018860000
C                 -2.5485220000     -0.5290670000     -0.1350480000
C                 -3.5046240000      0.4810400000     -0.0131900000
C                 -3.1221710000      1.8077570000      0.2229290000
C                 -1.7879560000      2.1440020000      0.3449150000
C                 -0.7897110000      1.1579180000      0.2141860000
C                  0.6111680000      1.6006190000      0.3414440000
O                  0.8689200000      2.8023160000      0.5688880000
C                  1.6489440000      0.5742440000      0.1833930000
C                  3.0450110000      0.8258650000      0.2901360000
Cl                 3.7095790000      2.4283170000      0.6603540000
C                  3.9953320000     -0.1620460000      0.1188170000
C                  3.5973280000     -1.4785970000     -0.1738620000
C                  2.2575510000     -1.7745730000     -0.2841990000
C                  1.2723530000     -0.7808170000     -0.1094960000
C                 -0.1240010000     -1.2038740000     -0.2395320000
O                 -0.3871880000     -2.4137840000     -0.5256010000
C                 -1.1524090000     -0.1975830000     -0.0412830000
H                 -3.8522370000     -1.9876230000     -0.7199060000
H                 -2.1828230000     -2.4678890000     -0.5685130000
H                 -4.5568610000      0.2183440000     -0.0860480000
H                 -3.8872550000      2.5733150000      0.3166550000
H                 -1.4682560000      3.1599100000      0.5358450000
H                  5.0437290000      0.0921480000      0.2138730000
H                  4.3495630000     -2.2495390000     -0.3074080000
H                  1.9110290000     -2.7760700000     -0.5054610000
$end

$rem
BASIS  =  6-311++G(d,p)
GUI  =  2
JOB_TYPE  =  SP
METHOD  =  B3LYP
SCF_CONVERGENCE  = 8
SOLVENT_METHOD = sm12
$end

$smx
solvent dimethylformamide
charges CM5
$end





--------------------------------------------------------------
 ----------------------------------------------------------------
             Standard Nuclear Orientation (Angstroms)
    I     Atom           X                Y                Z
 ----------------------------------------------------------------
    1      N      -2.9464940000    -1.8443350000    -0.3018860000
    2      C      -2.5485220000    -0.5290670000    -0.1350480000
    3      C      -3.5046240000     0.4810400000    -0.0131900000
    4      C      -3.1221710000     1.8077570000     0.2229290000
    5      C      -1.7879560000     2.1440020000     0.3449150000
    6      C      -0.7897110000     1.1579180000     0.2141860000
    7      C       0.6111680000     1.6006190000     0.3414440000
    8      O       0.8689200000     2.8023160000     0.5688880000
    9      C       1.6489440000     0.5742440000     0.1833930000
   10      C       3.0450110000     0.8258650000     0.2901360000
   11      Cl      3.7095790000     2.4283170000     0.6603540000
   12      C       3.9953320000    -0.1620460000     0.1188170000
   13      C       3.5973280000    -1.4785970000    -0.1738620000
   14      C       2.2575510000    -1.7745730000    -0.2841990000
   15      C       1.2723530000    -0.7808170000    -0.1094960000
   16      C      -0.1240010000    -1.2038740000    -0.2395320000
   17      O      -0.3871880000    -2.4137840000    -0.5256010000
   18      C      -1.1524090000    -0.1975830000    -0.0412830000
   19      H      -3.8522370000    -1.9876230000    -0.7199060000
   20      H      -2.1828230000    -2.4678890000    -0.5685130000
   21      H      -4.5568610000     0.2183440000    -0.0860480000
   22      H      -3.8872550000     2.5733150000     0.3166550000
   23      H      -1.4682560000     3.1599100000     0.5358450000
   24      H       5.0437290000     0.0921480000     0.2138730000
   25      H       4.3495630000    -2.2495390000    -0.3074080000
   26      H       1.9110290000    -2.7760700000    -0.5054610000
 ----------------------------------------------------------------
 Nuclear Repulsion Energy =        1329.82708766 hartrees
 There are       67 alpha and       66 beta electrons
 Requested basis set is 6-311++G(d,p)
 There are 155 shells and 460 basis functions

 Total QAlloc Memory Limit   8000 MB
 Mega-Array Size       188 MB
 MEM_STATIC part       192 MB
 A cutoff of  1.0D-11 yielded   9162 shell pairs
 There are     85484 function pairs (     91823 Cartesian)
 Smallest overlap matrix eigenvalue = 5.66E-08

 Q-Chem warning in module stvman/mkSTV.C, line 323:

 Overlap eigenvalue is smaller than square root of threshold
 Use THRESH >= 12 to get rid of this warning

 Linear dependence detected in AO basis
 Tighter screening thresholds may be required for diffuse basis sets
 Use S2THRESH > 14 and THRESH = 14 in case of SCF convergence issues
 Number of orthogonalized atomic orbitals = 453
 Maximum deviation from orthogonality = 2.130E-10

 Scale SEOQF with 1.000000e-01/1.000000e-01/1.000000e-01

 Standard Electronic Orientation quadrupole field applied
 Nucleus-field energy     =     0.0000000585 hartrees
 ================ Generating on-the-fly Promolecule Density  ================
Attempting to make child job directory: /expanse/lustre/scratch/selhajj/temp_project/qcscratch/28445587/qchem3796398//Frg1/
Attempting to make child job directory: /expanse/lustre/scratch/selhajj/temp_project/qcscratch/28445587/qchem3796398//Frg2/
Attempting to make child job directory: /expanse/lustre/scratch/selhajj/temp_project/qcscratch/28445587/qchem3796398//Frg3/
Attempting to make child job directory: /expanse/lustre/scratch/selhajj/temp_project/qcscratch/28445587/qchem3796398//Frg4/
Attempting to make child job directory: /expanse/lustre/scratch/selhajj/temp_project/qcscratch/28445587/qchem3796398//Frg5/
Creating input file /expanse/lustre/scratch/selhajj/temp_project/qcscratch/28445587/qchem3796398/Frg1.input
using default PutDataFrgm: nothing
calling putenv with: QCSCRATCH=/expanse/lustre/scratch/selhajj/temp_project/qcscratch/28445587/qchem3796398/ 
Spawning Job For Fragment 0
Done Job For Fragment 0
calling putenv with: QCSCRATCH=/expanse/lustre/scratch/selhajj/temp_project/qcscratch/28445587 
calling putenv with: QCTHREADS=8 
Creating input file /expanse/lustre/scratch/selhajj/temp_project/qcscratch/28445587/qchem3796398/Frg2.input
using default PutDataFrgm: nothing
calling putenv with: QCSCRATCH=/expanse/lustre/scratch/selhajj/temp_project/qcscratch/28445587/qchem3796398/ 
Spawning Job For Fragment 1
Done Job For Fragment 1
calling putenv with: QCSCRATCH=/expanse/lustre/scratch/selhajj/temp_project/qcscratch/28445587 
calling putenv with: QCTHREADS=8 
Creating input file /expanse/lustre/scratch/selhajj/temp_project/qcscratch/28445587/qchem3796398/Frg3.input
using default PutDataFrgm: nothing
calling putenv with: QCSCRATCH=/expanse/lustre/scratch/selhajj/temp_project/qcscratch/28445587/qchem3796398/ 
Spawning Job For Fragment 2
Done Job For Fragment 2
calling putenv with: QCSCRATCH=/expanse/lustre/scratch/selhajj/temp_project/qcscratch/28445587 
calling putenv with: QCTHREADS=8 
Creating input file /expanse/lustre/scratch/selhajj/temp_project/qcscratch/28445587/qchem3796398/Frg4.input
using default PutDataFrgm: nothing
calling putenv with: QCSCRATCH=/expanse/lustre/scratch/selhajj/temp_project/qcscratch/28445587/qchem3796398/ 
Spawning Job For Fragment 3
Done Job For Fragment 3
calling putenv with: QCSCRATCH=/expanse/lustre/scratch/selhajj/temp_project/qcscratch/28445587 
calling putenv with: QCTHREADS=8 
Creating input file /expanse/lustre/scratch/selhajj/temp_project/qcscratch/28445587/qchem3796398/Frg5.input
using default PutDataFrgm: nothing
calling putenv with: QCSCRATCH=/expanse/lustre/scratch/selhajj/temp_project/qcscratch/28445587/qchem3796398/ 
Spawning Job For Fragment 4
Done Job For Fragment 4
calling putenv with: QCSCRATCH=/expanse/lustre/scratch/selhajj/temp_project/qcscratch/28445587 
calling putenv with: QCTHREADS=8 
 Time for running child jobs:  CPU 0.01 s  wall 7.11 s
 ============= Method Specific Promolecule Density Constructed =============
 Guess from superposition of atomic densities
 Warning:  Energy on first SCF cycle will be non-variational
 SAD guess density has 132.000000 electrons

 -----------------------------------------------------------------------
  General SCF calculation program by
  Eric Jon Sundstrom, Paul Horn, Yuezhi Mao, Dmitri Zuev, Alec White,
  David Stuck, Shaama M.S., Shane Yost, Joonho Lee, David Small,
  Daniel Levine, Susi Lehtola, Hugh Burton, Evgeny Epifanovsky,
  Bang C. Huynh
 -----------------------------------------------------------------------
 Exchange:     0.2000 Hartree-Fock + 0.0800 Slater + 0.7200 B88
 Correlation:  0.1900 VWN1RPA + 0.8100 LYP
 Using SG-1 standard quadrature grid
 using 8 threads for integral computing
 -------------------------------------------------------
 OpenMP Integral computing Module                
 Release: version 1.0, May 2013, Q-Chem Inc. Pittsburgh 
 -------------------------------------------------------
 
 SM12 calculation using CM5 charges
 Citation of the SM12 model:
 Marenich, A.V.; Cramer, C.J.; Truhlar, D.G.
 J. Chem. Theory Comput. 2013, 9, 609-612.
 iSolventCode=          91
 Solvent: dimethylformamide                                               
 
Hirshfeld: reading atomic densities from disk.
warning:  vdwdata pointer should have been initialzed before dftman
 Inaccurate integrated density:
   Number of electrons =   133
   Numerical integral  =   131.999568656885
   Relative error      =    -0.7522040174 %

 Charges (in A.U.) from CM5PAC (Nov. 11, 2011)
 -----------------------------------------------
 Center     Atomic      CM5         Hirshfeld
 Number     Number      Charge      Charge
 -----------------------------------------------
    1          7       -0.465823   -0.018564
    2          6        0.057578    0.002995
    3          6       -0.048562   -0.000785
    4          6       -0.057600   -0.002844
    5          6       -0.051894   -0.000346
    6          6       -0.001411    0.000023
    7          6        0.037390    0.005421
    8          8       -0.067553   -0.021915
    9          6        0.000005   -0.001659
   10          6       -0.007534   -0.003986
   11         17        0.022583    0.022182
   12          6       -0.057675   -0.005513
   13          6       -0.058136   -0.003098
   14          6       -0.051827   -0.000342
   15          6       -0.001772   -0.000113
   16          6        0.037741    0.007658
   17          8       -0.082999   -0.020226
   18          6        0.006848    0.001868
   19          1        0.198631    0.007743
   20          1        0.218050    0.010370
   21          1        0.062296    0.003539
   22          1        0.058650    0.003057
   23          1        0.067992    0.005598
   24          1        0.058076    0.000606
   25          1        0.058662    0.003053
   26          1        0.068716    0.005709
 -----------------------------------------------

 Dipole moment (in Debye)
 -----------------------------------------------
                 X        Y        Z     Total
 -----------------------------------------------
 CM5         -0.0863  -0.1021  -0.5556   0.5714
 Hirshfeld    0.0969   0.1508   0.0204   0.1804
 -----------------------------------------------

 A unrestricted SCF calculation will be
 performed using DIIS
 SCF converges when DIIS error is below 1.0e-08
 ---------------------------------------
  Cycle       Energy         DIIS error
 ---------------------------------------
Hirshfeld: reading atomic densities from disk.

 Charges (in A.U.) from CM5PAC (Nov. 11, 2011)
 -----------------------------------------------
 Center     Atomic      CM5         Hirshfeld
 Number     Number      Charge      Charge
 -----------------------------------------------
    1          7       -0.746670   -0.299411
    2          6        0.169712    0.115129
    3          6       -0.234295   -0.186518
    4          6       -0.186759   -0.132003
    5          6       -0.239525   -0.187977
    6          6       -0.082521   -0.081087
    7          6        0.253804    0.221835
    8          8       -0.640796   -0.595158
    9          6       -0.068322   -0.069986
   10          6        0.106345    0.109893
   11         17        0.015477    0.015076
   12          6       -0.221788   -0.169626
   13          6       -0.179664   -0.124625
   14          6       -0.210964   -0.159480
   15          6       -0.071128   -0.069469
   16          6        0.242799    0.212717
   17          8       -0.596306   -0.533533
   18          6       -0.092118   -0.097099
   19          1        0.399300    0.208413
   20          1        0.351100    0.143420
   21          1        0.178669    0.119912
   22          1        0.179304    0.123712
   23          1        0.162000    0.099605
   24          1        0.168588    0.111118
   25          1        0.180500    0.124891
   26          1        0.163553    0.100547
 -----------------------------------------------

 Dipole moment (in Debye)
 -----------------------------------------------
                 X        Y        Z     Total
 -----------------------------------------------
 CM5         -1.7572  -3.2229  -1.5127   3.9703
 Hirshfeld   -1.5740  -2.9700  -0.9368   3.4894
 -----------------------------------------------

    1   -1208.2809444533      1.55e-02  
Hirshfeld: reading atomic densities from disk.

 Charges (in A.U.) from CM5PAC (Nov. 11, 2011)
 -----------------------------------------------
 Center     Atomic      CM5         Hirshfeld
 Number     Number      Charge      Charge
 -----------------------------------------------
    1          7       -0.454417   -0.007157
    2          6       -0.030366   -0.084948
    3          6       -0.027115    0.020662
    4          6       -0.021145    0.033610
    5          6       -0.004863    0.046685
    6          6       -0.046868   -0.045434
    7          6       -0.249840   -0.281809
    8          8        0.201925    0.247563
    9          6       -0.093296   -0.094960
   10          6       -0.175689   -0.172141
   11         17       -0.238025   -0.238426
   12          6        0.014222    0.066384
   13          6       -0.004369    0.050670
   14          6        0.043049    0.094533
   15          6       -0.047762   -0.046103
   16          6       -0.222493   -0.252575
   17          8        0.082350    0.145123
   18          6       -0.072990   -0.077971
   19          1        0.192372    0.001484
   20          1        0.187397   -0.020283
   21          1       -0.004907   -0.063665
   22          1       -0.009700   -0.065292
   23          1       -0.032634   -0.095029
   24          1        0.015721   -0.041749
   25          1        0.008827   -0.046781
   26          1       -0.008926   -0.071932
 -----------------------------------------------

 Dipole moment (in Debye)
 -----------------------------------------------
                 X        Y        Z     Total
 -----------------------------------------------
 CM5         -3.4108  -3.8022  -1.5467   5.3369
 Hirshfeld   -3.2276  -3.5493  -0.9708   4.8946
 -----------------------------------------------

    2   -1203.6609802359      1.87e-03  
Hirshfeld: reading atomic densities from disk.

 Charges (in A.U.) from CM5PAC (Nov. 11, 2011)
 -----------------------------------------------
 Center     Atomic      CM5         Hirshfeld
 Number     Number      Charge      Charge
 -----------------------------------------------
    1          7       -0.600676   -0.153417
    2          6        0.088409    0.033826
    3          6       -0.118423   -0.070646
    4          6       -0.111867   -0.057111
    5          6       -0.115781   -0.064233
    6          6       -0.001294    0.000139
    7          6        0.158188    0.126219
    8          8       -0.554590   -0.508952
    9          6        0.022862    0.021198
   10          6        0.043168    0.046715
   11         17       -0.107031   -0.107432
   12          6       -0.105936   -0.053774
   13          6       -0.112336   -0.057297
   14          6       -0.103755   -0.052271
   15          6        0.002901    0.004560
   16          6        0.142578    0.112495
   17          8       -0.504314   -0.441541
   18          6        0.002258   -0.002723
   19          1        0.282377    0.091489
   20          1        0.270825    0.063145
   21          1        0.066977    0.008219
   22          1        0.069876    0.014284
   23          1        0.063200    0.000805
   24          1        0.072467    0.014997
   25          1        0.077649    0.022040
   26          1        0.072758    0.009752
 -----------------------------------------------

 Dipole moment (in Debye)
 -----------------------------------------------
                 X        Y        Z     Total
 -----------------------------------------------
 CM5         -2.3315  -3.6266  -1.4164   4.5381
 Hirshfeld   -2.1483  -3.3738  -0.8404   4.0870
 -----------------------------------------------

    3   -1203.2997321261      2.89e-03  
Hirshfeld: reading atomic densities from disk.

 Charges (in A.U.) from CM5PAC (Nov. 11, 2011)
 -----------------------------------------------
 Center     Atomic      CM5         Hirshfeld
 Number     Number      Charge      Charge
 -----------------------------------------------
    1          7       -0.633024   -0.185765
    2          6        0.100980    0.046397
    3          6       -0.143662   -0.095885
    4          6       -0.119017   -0.064261
    5          6       -0.143120   -0.091572
    6          6       -0.065929   -0.064495
    7          6        0.091078    0.059109
    8          8       -0.360952   -0.315314
    9          6       -0.064572   -0.066236
   10          6        0.015020    0.018568
   11         17       -0.068791   -0.069192
   12          6       -0.124290   -0.072128
   13          6       -0.110878   -0.055839
   14          6       -0.113403   -0.061919
   15          6       -0.061685   -0.060026
   16          6        0.093710    0.063627
   17          8       -0.371792   -0.309019
   18          6       -0.069918   -0.074899
   19          1        0.304670    0.113782
   20          1        0.285320    0.077641
   21          1        0.091232    0.032474
   22          1        0.093901    0.038309
   23          1        0.085945    0.023550
   24          1        0.095592    0.038122
   25          1        0.099683    0.044074
   26          1        0.094325    0.031319
 -----------------------------------------------

 Dipole moment (in Debye)
 -----------------------------------------------
                 X        Y        Z     Total
 -----------------------------------------------
 CM5         -1.9572  -3.0392  -1.3927   3.8739
 Hirshfeld   -1.7740  -2.7864  -0.8167   3.4027
 -----------------------------------------------

    4   -1203.9699292591      7.02e-04  
Hirshfeld: reading atomic densities from disk.

 Charges (in A.U.) from CM5PAC (Nov. 11, 2011)
 -----------------------------------------------
 Center     Atomic      CM5         Hirshfeld
 Number     Number      Charge      Charge
 -----------------------------------------------
    1          7       -0.617722   -0.170463
    2          6        0.086309    0.031726
    3          6       -0.143008   -0.095230
    4          6       -0.116093   -0.061338
    5          6       -0.131832   -0.080284
    6          6       -0.040206   -0.038772
    7          6        0.085321    0.053352
    8          8       -0.392147   -0.346509
    9          6       -0.041422   -0.043086
   10          6        0.003553    0.007101
   11         17       -0.091547   -0.091948
   12          6       -0.117468   -0.065306
   13          6       -0.109782   -0.054744
   14          6       -0.102299   -0.050815
   15          6       -0.034559   -0.032900
   16          6        0.081747    0.051665
   17          8       -0.381090   -0.318317
   18          6       -0.055448   -0.060428
   19          1        0.299756    0.108868
   20          1        0.281828    0.074148
   21          1        0.087421    0.028664
   22          1        0.088956    0.033364
   23          1        0.080590    0.018195
   24          1        0.093767    0.036298
   25          1        0.095963    0.040354
   26          1        0.089837    0.026830
 -----------------------------------------------

 Dipole moment (in Debye)
 -----------------------------------------------
                 X        Y        Z     Total
 -----------------------------------------------
 CM5         -2.2222  -3.5676  -1.4903   4.4595
 Hirshfeld   -2.0390  -3.3147  -0.9143   3.9976
 -----------------------------------------------

    5   -1204.0067066828      1.58e-04  
Hirshfeld: reading atomic densities from disk.

 Charges (in A.U.) from CM5PAC (Nov. 11, 2011)
 -----------------------------------------------
 Center     Atomic      CM5         Hirshfeld
 Number     Number      Charge      Charge
 -----------------------------------------------
    1          7       -0.621271   -0.174011
    2          6        0.092728    0.038145
    3          6       -0.137843   -0.090066
    4          6       -0.116031   -0.061276
    5          6       -0.135718   -0.084170
    6          6       -0.049067   -0.047633
    7          6        0.091407    0.059438
    8          8       -0.383558   -0.337920
    9          6       -0.044883   -0.046547
   10          6        0.015076    0.018624
   11         17       -0.088227   -0.088628
   12          6       -0.118129   -0.065967
   13          6       -0.110138   -0.055099
   14          6       -0.108987   -0.057503
   15          6       -0.045626   -0.043967
   16          6        0.091078    0.060995
   17          8       -0.387549   -0.324775
   18          6       -0.053967   -0.058947
   19          1        0.299185    0.108298
   20          1        0.281352    0.073672
   21          1        0.085680    0.026922
   22          1        0.087992    0.032400
   23          1        0.079889    0.017494
   24          1        0.092037    0.034567
   25          1        0.095358    0.039749
   26          1        0.089641    0.026634
 -----------------------------------------------

 Dipole moment (in Debye)
 -----------------------------------------------
                 X        Y        Z     Total
 -----------------------------------------------
 CM5         -2.1579  -3.2759  -1.4277   4.1745
 Hirshfeld   -1.9747  -3.0230  -0.8517   3.7099
 -----------------------------------------------

    6   -1204.0103398799      5.73e-05  
Hirshfeld: reading atomic densities from disk.

 Charges (in A.U.) from CM5PAC (Nov. 11, 2011)
 -----------------------------------------------
 Center     Atomic      CM5         Hirshfeld
 Number     Number      Charge      Charge
 -----------------------------------------------
    1          7       -0.621860   -0.174601
    2          6        0.091263    0.036680
    3          6       -0.140450   -0.092673
    4          6       -0.116232   -0.061477
    5          6       -0.134360   -0.082812
    6          6       -0.047282   -0.045848
    7          6        0.091530    0.059561
    8          8       -0.387731   -0.342093
    9          6       -0.046083   -0.047747
   10          6        0.009154    0.012702
   11         17       -0.085897   -0.086298
   12          6       -0.118429   -0.066267
   13          6       -0.110003   -0.054965
   14          6       -0.105669   -0.054185
   15          6       -0.042607   -0.040948
   16          6        0.090190    0.060107
   17          8       -0.381976   -0.319202
   18          6       -0.056267   -0.061247
   19          1        0.299499    0.108612
   20          1        0.281499    0.073819
   21          1        0.086257    0.027499
   22          1        0.088429    0.032837
   23          1        0.080315    0.017920
   24          1        0.092348    0.034879
   25          1        0.095265    0.039656
   26          1        0.089525    0.026518
 -----------------------------------------------

 Dipole moment (in Debye)
 -----------------------------------------------
                 X        Y        Z     Total
 -----------------------------------------------
 CM5         -2.1476  -3.3928  -1.4532   4.2703
 Hirshfeld   -1.9644  -3.1400  -0.8772   3.8063
 -----------------------------------------------

    7   -1204.0107012483      2.26e-05  
Hirshfeld: reading atomic densities from disk.

 Charges (in A.U.) from CM5PAC (Nov. 11, 2011)
 -----------------------------------------------
 Center     Atomic      CM5         Hirshfeld
 Number     Number      Charge      Charge
 -----------------------------------------------
    1          7       -0.621326   -0.174067
    2          6        0.091301    0.036718
    3          6       -0.140494   -0.092717
    4          6       -0.116318   -0.061563
    5          6       -0.134860   -0.083312
    6          6       -0.046892   -0.045459
    7          6        0.090274    0.058305
    8          8       -0.385102   -0.339464
    9          6       -0.044833   -0.046497
   10          6        0.011023    0.014571
   11         17       -0.087062   -0.087463
   12          6       -0.118237   -0.066075
   13          6       -0.110155   -0.055117
   14          6       -0.106695   -0.055211
   15          6       -0.042652   -0.040993
   16          6        0.089183    0.059100
   17          8       -0.384689   -0.321916
   18          6       -0.055689   -0.060670
   19          1        0.299508    0.108621
   20          1        0.281613    0.073933
   21          1        0.086260    0.027503
   22          1        0.088488    0.032896
   23          1        0.080356    0.017961
   24          1        0.092354    0.034884
   25          1        0.095350    0.039741
   26          1        0.089722    0.026716
 -----------------------------------------------

 Dipole moment (in Debye)
 -----------------------------------------------
                 X        Y        Z     Total
 -----------------------------------------------
 CM5         -2.1340  -3.3355  -1.4406   4.2136
 Hirshfeld   -1.9507  -3.0827  -0.8646   3.7491
 -----------------------------------------------

    8   -1204.0107089181      1.17e-05  
Hirshfeld: reading atomic densities from disk.

 Charges (in A.U.) from CM5PAC (Nov. 11, 2011)
 -----------------------------------------------
 Center     Atomic      CM5         Hirshfeld
 Number     Number      Charge      Charge
 -----------------------------------------------
    1          7       -0.621711   -0.174452
    2          6        0.091614    0.037031
    3          6       -0.139902   -0.092125
    4          6       -0.116280   -0.061525
    5          6       -0.135285   -0.083737
    6          6       -0.047321   -0.045887
    7          6        0.090573    0.058604
    8          8       -0.386037   -0.340399
    9          6       -0.045112   -0.046776
   10          6        0.011316    0.014864
   11         17       -0.087309   -0.087710
   12          6       -0.118302   -0.066140
   13          6       -0.110343   -0.055304
   14          6       -0.107051   -0.055567
   15          6       -0.043244   -0.041585
   16          6        0.089800    0.059718
   17          8       -0.383238   -0.320465
   18          6       -0.055070   -0.060051
   19          1        0.299432    0.108545
   20          1        0.281539    0.073860
   21          1        0.086065    0.027307
   22          1        0.088385    0.032793
   23          1        0.080300    0.017905
   24          1        0.092435    0.034965
   25          1        0.095393    0.039784
   26          1        0.089779    0.026773
 -----------------------------------------------

 Dipole moment (in Debye)
 -----------------------------------------------
                 X        Y        Z     Total
 -----------------------------------------------
 CM5         -2.1493  -3.3670  -1.4475   4.2487
 Hirshfeld   -1.9660  -3.1142  -0.8715   3.7846
 -----------------------------------------------

    9   -1204.0107537798      5.46e-06  
Hirshfeld: reading atomic densities from disk.

 Charges (in A.U.) from CM5PAC (Nov. 11, 2011)
 -----------------------------------------------
 Center     Atomic      CM5         Hirshfeld
 Number     Number      Charge      Charge
 -----------------------------------------------
    1          7       -0.621639   -0.174380
    2          6        0.091310    0.036727
    3          6       -0.140373   -0.092595
    4          6       -0.116348   -0.061593
    5          6       -0.134932   -0.083384
    6          6       -0.047003   -0.045569
    7          6        0.090777    0.058808
    8          8       -0.385495   -0.339857
    9          6       -0.045121   -0.046785
   10          6        0.010664    0.014212
   11         17       -0.087038   -0.087440
   12          6       -0.118367   -0.066205
   13          6       -0.110292   -0.055253
   14          6       -0.106610   -0.055125
   15          6       -0.042822   -0.041163
   16          6        0.089935    0.059852
   17          8       -0.383932   -0.321159
   18          6       -0.055544   -0.060524
   19          1        0.299475    0.108588
   20          1        0.281567    0.073887
   21          1        0.086121    0.027363
   22          1        0.088394    0.032802
   23          1        0.080272    0.017877
   24          1        0.092398    0.034929
   25          1        0.095316    0.039707
   26          1        0.089716    0.026710
 -----------------------------------------------

 Dipole moment (in Debye)
 -----------------------------------------------
                 X        Y        Z     Total
 -----------------------------------------------
 CM5         -2.1383  -3.3510  -1.4441   4.2293
 Hirshfeld   -1.9551  -3.0982  -0.8681   3.7649
 -----------------------------------------------

   10   -1204.0107739423      3.44e-06  
Hirshfeld: reading atomic densities from disk.

 Charges (in A.U.) from CM5PAC (Nov. 11, 2011)
 -----------------------------------------------
 Center     Atomic      CM5         Hirshfeld
 Number     Number      Charge      Charge
 -----------------------------------------------
    1          7       -0.621604   -0.174345
    2          6        0.091428    0.036845
    3          6       -0.140377   -0.092600
    4          6       -0.116337   -0.061582
    5          6       -0.135093   -0.083545
    6          6       -0.047031   -0.045597
    7          6        0.090570    0.058600
    8          8       -0.385562   -0.339924
    9          6       -0.044976   -0.046641
   10          6        0.010985    0.014533
   11         17       -0.087057   -0.087458
   12          6       -0.118270   -0.066107
   13          6       -0.110305   -0.055267
   14          6       -0.106778   -0.055294
   15          6       -0.042869   -0.041210
   16          6        0.089714    0.059631
   17          8       -0.383735   -0.320962
   18          6       -0.055481   -0.060462
   19          1        0.299463    0.108576
   20          1        0.281554    0.073875
   21          1        0.086117    0.027359
   22          1        0.088406    0.032814
   23          1        0.080288    0.017893
   24          1        0.092362    0.034893
   25          1        0.095305    0.039696
   26          1        0.089711    0.026705
 -----------------------------------------------

 Dipole moment (in Debye)
 -----------------------------------------------
                 X        Y        Z     Total
 -----------------------------------------------
 CM5         -2.1364  -3.3530  -1.4443   4.2300
 Hirshfeld   -1.9531  -3.1001  -0.8683   3.7656
 -----------------------------------------------

   11   -1204.0107921492      1.11e-06  
Hirshfeld: reading atomic densities from disk.

 Charges (in A.U.) from CM5PAC (Nov. 11, 2011)
 -----------------------------------------------
 Center     Atomic      CM5         Hirshfeld
 Number     Number      Charge      Charge
 -----------------------------------------------
    1          7       -0.621643   -0.174384
    2          6        0.091392    0.036809
    3          6       -0.140326   -0.092549
    4          6       -0.116336   -0.061581
    5          6       -0.135069   -0.083521
    6          6       -0.047002   -0.045568
    7          6        0.090574    0.058605
    8          8       -0.385509   -0.339871
    9          6       -0.045038   -0.046702
   10          6        0.010855    0.014403
   11         17       -0.087060   -0.087462
   12          6       -0.118314   -0.066152
   13          6       -0.110321   -0.055282
   14          6       -0.106727   -0.055243
   15          6       -0.042869   -0.041210
   16          6        0.089810    0.059728
   17          8       -0.383778   -0.321005
   18          6       -0.055408   -0.060389
   19          1        0.299462    0.108575
   20          1        0.281554    0.073875
   21          1        0.086100    0.027342
   22          1        0.088393    0.032801
   23          1        0.080274    0.017879
   24          1        0.092382    0.034912
   25          1        0.095314    0.039705
   26          1        0.089719    0.026713
 -----------------------------------------------

 Dipole moment (in Debye)
 -----------------------------------------------
                 X        Y        Z     Total
 -----------------------------------------------
 CM5         -2.1382  -3.3530  -1.4444   4.2310
 Hirshfeld   -1.9550  -3.1002  -0.8684   3.7666
 -----------------------------------------------

   12   -1204.0107867174      4.82e-07  
Hirshfeld: reading atomic densities from disk.

 Charges (in A.U.) from CM5PAC (Nov. 11, 2011)
 -----------------------------------------------
 Center     Atomic      CM5         Hirshfeld
 Number     Number      Charge      Charge
 -----------------------------------------------
    1          7       -0.621616   -0.174356
    2          6        0.091384    0.036802
    3          6       -0.140351   -0.092574
    4          6       -0.116335   -0.061580
    5          6       -0.135049   -0.083501
    6          6       -0.047020   -0.045586
    7          6        0.090612    0.058643
    8          8       -0.385514   -0.339876
    9          6       -0.045020   -0.046684
   10          6        0.010900    0.014448
   11         17       -0.087089   -0.087490
   12          6       -0.118301   -0.066139
   13          6       -0.110311   -0.055272
   14          6       -0.106733   -0.055249
   15          6       -0.042877   -0.041218
   16          6        0.089796    0.059713
   17          8       -0.383763   -0.320989
   18          6       -0.055478   -0.060459
   19          1        0.299461    0.108574
   20          1        0.281554    0.073874
   21          1        0.086104    0.027346
   22          1        0.088395    0.032803
   23          1        0.080275    0.017880
   24          1        0.092377    0.034907
   25          1        0.095309    0.039700
   26          1        0.089716    0.026710
 -----------------------------------------------

 Dipole moment (in Debye)
 -----------------------------------------------
                 X        Y        Z     Total
 -----------------------------------------------
 CM5         -2.1375  -3.3529  -1.4444   4.2305
 Hirshfeld   -1.9543  -3.1001  -0.8684   3.7661
 -----------------------------------------------

   13   -1204.0107901256      2.07e-07  
Hirshfeld: reading atomic densities from disk.

 Charges (in A.U.) from CM5PAC (Nov. 11, 2011)
 -----------------------------------------------
 Center     Atomic      CM5         Hirshfeld
 Number     Number      Charge      Charge
 -----------------------------------------------
    1          7       -0.621625   -0.174366
    2          6        0.091400    0.036817
    3          6       -0.140354   -0.092577
    4          6       -0.116336   -0.061581
    5          6       -0.135066   -0.083518
    6          6       -0.047013   -0.045579
    7          6        0.090586    0.058617
    8          8       -0.385510   -0.339872
    9          6       -0.045029   -0.046693
   10          6        0.010881    0.014429
   11         17       -0.087072   -0.087473
   12          6       -0.118298   -0.066136
   13          6       -0.110313   -0.055275
   14          6       -0.106729   -0.055245
   15          6       -0.042869   -0.041209
   16          6        0.089804    0.059721
   17          8       -0.383769   -0.320996
   18          6       -0.055455   -0.060435
   19          1        0.299462    0.108575
   20          1        0.281555    0.073875
   21          1        0.086102    0.027345
   22          1        0.088396    0.032804
   23          1        0.080276    0.017881
   24          1        0.092378    0.034909
   25          1        0.095309    0.039701
   26          1        0.089716    0.026710
 -----------------------------------------------

 Dipole moment (in Debye)
 -----------------------------------------------
                 X        Y        Z     Total
 -----------------------------------------------
 CM5         -2.1375  -3.3531  -1.4444   4.2307
 Hirshfeld   -1.9543  -3.1003  -0.8684   3.7663
 -----------------------------------------------

   14   -1204.0107893908      1.11e-07  
Hirshfeld: reading atomic densities from disk.

 Charges (in A.U.) from CM5PAC (Nov. 11, 2011)
 -----------------------------------------------
 Center     Atomic      CM5         Hirshfeld
 Number     Number      Charge      Charge
 -----------------------------------------------
    1          7       -0.621627   -0.174368
    2          6        0.091387    0.036805
    3          6       -0.140349   -0.092572
    4          6       -0.116335   -0.061579
    5          6       -0.135060   -0.083512
    6          6       -0.047007   -0.045573
    7          6        0.090591    0.058622
    8          8       -0.385511   -0.339873
    9          6       -0.045022   -0.046686
   10          6        0.010886    0.014434
   11         17       -0.087071   -0.087472
   12          6       -0.118303   -0.066141
   13          6       -0.110317   -0.055279
   14          6       -0.106732   -0.055248
   15          6       -0.042874   -0.041215
   16          6        0.089801    0.059718
   17          8       -0.383769   -0.320996
   18          6       -0.055459   -0.060439
   19          1        0.299463    0.108576
   20          1        0.281555    0.073875
   21          1        0.086102    0.027344
   22          1        0.088396    0.032803
   23          1        0.080275    0.017881
   24          1        0.092379    0.034909
   25          1        0.095311    0.039702
   26          1        0.089718    0.026711
 -----------------------------------------------

 Dipole moment (in Debye)
 -----------------------------------------------
                 X        Y        Z     Total
 -----------------------------------------------
 CM5         -2.1375  -3.3529  -1.4443   4.2304
 Hirshfeld   -1.9543  -3.1000  -0.8684   3.7661
 -----------------------------------------------

   15   -1204.0107894028      4.20e-08  
Hirshfeld: reading atomic densities from disk.

 Charges (in A.U.) from CM5PAC (Nov. 11, 2011)
 -----------------------------------------------
 Center     Atomic      CM5         Hirshfeld
 Number     Number      Charge      Charge
 -----------------------------------------------
    1          7       -0.621623   -0.174364
    2          6        0.091394    0.036812
    3          6       -0.140353   -0.092576
    4          6       -0.116335   -0.061580
    5          6       -0.135064   -0.083516
    6          6       -0.047011   -0.045577
    7          6        0.090588    0.058619
    8          8       -0.385511   -0.339873
    9          6       -0.045026   -0.046690
   10          6        0.010885    0.014433
   11         17       -0.087074   -0.087475
   12          6       -0.118299   -0.066137
   13          6       -0.110315   -0.055276
   14          6       -0.106729   -0.055245
   15          6       -0.042871   -0.041212
   16          6        0.089805    0.059722
   17          8       -0.383771   -0.320998
   18          6       -0.055459   -0.060439
   19          1        0.299462    0.108575
   20          1        0.281554    0.073875
   21          1        0.086102    0.027344
   22          1        0.088396    0.032804
   23          1        0.080276    0.017881
   24          1        0.092379    0.034909
   25          1        0.095310    0.039701
   26          1        0.089717    0.026711
 -----------------------------------------------

 Dipole moment (in Debye)
 -----------------------------------------------
                 X        Y        Z     Total
 -----------------------------------------------
 CM5         -2.1375  -3.3531  -1.4444   4.2306
 Hirshfeld   -1.9542  -3.1002  -0.8684   3.7662
 -----------------------------------------------

   16   -1204.0107895302      2.84e-08  
Hirshfeld: reading atomic densities from disk.

 Charges (in A.U.) from CM5PAC (Nov. 11, 2011)
 -----------------------------------------------
 Center     Atomic      CM5         Hirshfeld
 Number     Number      Charge      Charge
 -----------------------------------------------
    1          7       -0.621626   -0.174367
    2          6        0.091394    0.036811
    3          6       -0.140353   -0.092576
    4          6       -0.116335   -0.061579
    5          6       -0.135062   -0.083515
    6          6       -0.047008   -0.045575
    7          6        0.090589    0.058620
    8          8       -0.385510   -0.339872
    9          6       -0.045025   -0.046689
   10          6        0.010886    0.014434
   11         17       -0.087075   -0.087476
   12          6       -0.118299   -0.066137
   13          6       -0.110315   -0.055277
   14          6       -0.106730   -0.055246
   15          6       -0.042872   -0.041212
   16          6        0.089804    0.059721
   17          8       -0.383771   -0.320997
   18          6       -0.055459   -0.060440
   19          1        0.299462    0.108575
   20          1        0.281555    0.073875
   21          1        0.086101    0.027344
   22          1        0.088396    0.032804
   23          1        0.080275    0.017881
   24          1        0.092379    0.034909
   25          1        0.095310    0.039701
   26          1        0.089718    0.026711
 -----------------------------------------------

 Dipole moment (in Debye)
 -----------------------------------------------
                 X        Y        Z     Total
 -----------------------------------------------
 CM5         -2.1374  -3.3530  -1.4444   4.2305
 Hirshfeld   -1.9542  -3.1001  -0.8684   3.7662
 -----------------------------------------------

   17   -1204.0107894533      1.24e-08  
   18   -1204.0107895930      7.00e-09  Convergence criterion met
 ---------------------------------------
 SCF time:   CPU 5370.78s  wall 684.00s 
<S^2> =          0.759925242
(1)  E-EN(liq) elect-nuc energy of solute              -1204.010789593 a.u.
(2)  G-P(liq) polarization free energy of solvation           -45.9921 kcal/mol
(3)  G-ENP(liq) elect-nuc-pol free energy of system    -1204.084082652 a.u.
(4)  G-CDS(liq) cavity-dispersion-solvent structure 
     free energy                                               -8.2454 kcal/mol
(5)  G-P-CDS(liq) = G-P(liq) + G-CDS(liq) = (2) + (4)         -54.2375 kcal/mol
(6)  G-S(liq) free energy of system = (1) + (5)        -1204.097222576 a.u.
 SCF   energy in the final basis set =    -1204.0972225761
 Total energy in the final basis set =    -1204.0972225761
 
 --------------------------------------------------------------
 
                    Orbital Energies (a.u.)
 --------------------------------------------------------------
 
 Alpha MOs
 -- Occupied --
******** -19.0825 -19.0749 -14.3127 -10.2413 -10.2335 -10.2309 -10.2253
-10.1935 -10.1866 -10.1858 -10.1849 -10.1810 -10.1808 -10.1799 -10.1783
-10.1725 -10.1651  -9.4589  -7.2235  -7.2141  -7.2130  -1.0094  -1.0061
 -0.9201  -0.8888  -0.8493  -0.8339  -0.7932  -0.7507  -0.7432  -0.7343
 -0.6731  -0.6459  -0.6342  -0.5893  -0.5604  -0.5559  -0.5358  -0.5050
 -0.4859  -0.4810  -0.4735  -0.4563  -0.4478  -0.4335  -0.4333  -0.4236
 -0.4129  -0.4041  -0.3970  -0.3860  -0.3825  -0.3685  -0.3624  -0.3590
 -0.3509  -0.3283  -0.3145  -0.3099  -0.2755  -0.2600  -0.2537  -0.2506
 -0.2328  -0.2179  -0.1444
 -- Virtual --
 -0.0579  -0.0345  -0.0278  -0.0225  -0.0172  -0.0098  -0.0085  -0.0061
  0.0032   0.0131   0.0196   0.0247   0.0276   0.0340   0.0388   0.0399
  0.0445   0.0499   0.0506   0.0534   0.0679   0.0682   0.0729   0.0765
  0.0781   0.0814   0.0826   0.0863   0.0924   0.0948   0.0980   0.0998
  0.1053   0.1092   0.1102   0.1157   0.1188   0.1227   0.1282   0.1315
  0.1355   0.1414   0.1484   0.1498   0.1564   0.1601   0.1608   0.1635
  0.1657   0.1692   0.1786   0.1825   0.1856   0.1873   0.2000   0.2020
  0.2040   0.2077   0.2155   0.2186   0.2240   0.2271   0.2282   0.2332
  0.2363   0.2380   0.2456   0.2473   0.2512   0.2539   0.2652   0.2663
  0.2667   0.2759   0.2775   0.2844   0.2884   0.2920   0.3002   0.3035
  0.3063   0.3084   0.3088   0.3120   0.3164   0.3237   0.3274   0.3302
  0.3418   0.3471   0.3553   0.3582   0.3673   0.3711   0.3856   0.3934
  0.4037   0.4180   0.4256   0.4343   0.4442   0.4699   0.4728   0.4750
  0.4846   0.4890   0.5126   0.5246   0.5350   0.5394   0.5417   0.5507
  0.5547   0.5587   0.5678   0.5839   0.5862   0.5903   0.5951   0.5967
  0.6050   0.6166   0.6224   0.6346   0.6372   0.6375   0.6412   0.6489
  0.6558   0.6668   0.6685   0.6761   0.6841   0.6936   0.7048   0.7141
  0.7278   0.7358   0.7454   0.7544   0.7651   0.7718   0.7773   0.7843
  0.7916   0.8089   0.8282   0.8380   0.8422   0.8489   0.8601   0.8628
  0.8656   0.8745   0.8816   0.8866   0.8917   0.8944   0.9090   0.9099
  0.9164   0.9305   0.9373   0.9443   0.9548   0.9675   0.9754   0.9820
  0.9858   0.9943   0.9984   1.0097   1.0145   1.0168   1.0223   1.0307
  1.0540   1.0649   1.0685   1.0879   1.1051   1.1196   1.1228   1.1392
  1.1502   1.1542   1.1627   1.1785   1.2126   1.2288   1.2405   1.2511
  1.2573   1.2699   1.2863   1.2922   1.2949   1.3238   1.3310   1.3568
  1.3703   1.3901   1.4260   1.4545   1.4714   1.4807   1.4911   1.4959
  1.5094   1.5127   1.5181   1.5296   1.5531   1.5642   1.5663   1.5737
  1.5907   1.5966   1.6129   1.6208   1.6351   1.6726   1.6828   1.7005
  1.7094   1.7160   1.7203   1.7372   1.7407   1.7486   1.7571   1.7888
  1.7970   1.8314   1.8429   1.8663   1.8822   1.8938   1.8982   1.9000
  1.9045   1.9196   1.9246   1.9410   1.9535   1.9573   1.9664   1.9727
  1.9886   1.9903   2.0031   2.0069   2.0159   2.0437   2.0629   2.0851
  2.0994   2.1107   2.1358   2.1567   2.1847   2.1954   2.2331   2.2636
  2.2874   2.2903   2.3077   2.3222   2.3582   2.3665   2.3734   2.4066
  2.4280   2.4354   2.4660   2.4937   2.5097   2.5440   2.5542   2.5662
  2.5877   2.6068   2.6242   2.6526   2.6630   2.6945   2.7053   2.7193
  2.7205   2.7311   2.7385   2.7554   2.7573   2.7622   2.7802   2.7901
  2.7922   2.7980   2.8010   2.8059   2.8162   2.8256   2.8399   2.8465
  2.8698   2.8745   2.8861   2.8976   2.9398   2.9481   2.9600   2.9880
  3.0247   3.0265   3.0884   3.1044   3.1093   3.1335   3.1374   3.1961
  3.2076   3.2192   3.2241   3.2541   3.2905   3.3215   3.3301   3.3517
  3.3577   3.3941   3.4137   3.4349   3.4789   3.5095   3.5211   3.5368
  3.5581   3.5749   3.5819   3.6817   3.7391   3.7936   3.8395   3.9041
  3.9640   4.0108   4.0447   4.0586   4.1436   4.1589   4.2776   4.2996
  4.4772   4.7868   4.8219   4.8280   4.8548   5.0373   5.0778   5.0945
  5.3010   5.3629   5.7684   5.8487   9.8158  23.4953  23.6629  23.8790
 23.9059  23.9165  23.9303  23.9361  23.9739  23.9919  24.0265  24.0760
 24.0800  24.1789  24.1863  25.8532  26.3136  26.6858  35.6737  50.0622
 50.1164 215.8139
 
 Beta MOs
 -- Occupied --
******** -19.0773 -19.0689 -14.3125 -10.2413 -10.2317 -10.2297 -10.2253
-10.1926 -10.1860 -10.1848 -10.1843 -10.1808 -10.1806 -10.1789 -10.1783
-10.1717 -10.1649  -9.4589  -7.2235  -7.2140  -7.2130  -1.0003  -0.9959
 -0.9193  -0.8875  -0.8472  -0.8329  -0.7895  -0.7488  -0.7405  -0.7328
 -0.6664  -0.6441  -0.6318  -0.5885  -0.5583  -0.5537  -0.5347  -0.5041
 -0.4846  -0.4780  -0.4725  -0.4554  -0.4466  -0.4330  -0.4232  -0.4220
 -0.4078  -0.4015  -0.3926  -0.3845  -0.3675  -0.3634  -0.3579  -0.3539
 -0.3483  -0.3227  -0.3092  -0.3082  -0.2561  -0.2531  -0.2470  -0.2458
 -0.2276  -0.2108
 -- Virtual --
 -0.0876  -0.0485  -0.0279  -0.0237  -0.0226  -0.0171  -0.0097  -0.0067
 -0.0051   0.0032   0.0131   0.0199   0.0252   0.0277   0.0364   0.0391
  0.0425   0.0464   0.0506   0.0525   0.0608   0.0683   0.0687   0.0760
  0.0771   0.0816   0.0822   0.0829   0.0864   0.0925   0.0950   0.0988
  0.1002   0.1055   0.1100   0.1121   0.1161   0.1210   0.1227   0.1284
  0.1318   0.1358   0.1416   0.1485   0.1506   0.1565   0.1604   0.1628
  0.1650   0.1667   0.1695   0.1800   0.1829   0.1867   0.1875   0.2000
  0.2025   0.2048   0.2081   0.2165   0.2196   0.2244   0.2287   0.2314
  0.2349   0.2378   0.2395   0.2462   0.2484   0.2528   0.2544   0.2659
  0.2670   0.2677   0.2768   0.2778   0.2849   0.2898   0.2927   0.3031
  0.3045   0.3070   0.3096   0.3109   0.3134   0.3180   0.3246   0.3288
  0.3311   0.3424   0.3477   0.3558   0.3592   0.3685   0.3719   0.3866
  0.3953   0.4050   0.4205   0.4265   0.4357   0.4451   0.4709   0.4732
  0.4759   0.4859   0.4899   0.5140   0.5260   0.5367   0.5410   0.5435
  0.5535   0.5555   0.5614   0.5690   0.5854   0.5878   0.5916   0.5958
  0.5990   0.6063   0.6179   0.6236   0.6362   0.6390   0.6398   0.6425
  0.6508   0.6575   0.6676   0.6695   0.6782   0.6874   0.6960   0.7056
  0.7150   0.7311   0.7364   0.7460   0.7551   0.7658   0.7721   0.7792
  0.7852   0.7921   0.8094   0.8291   0.8388   0.8430   0.8496   0.8610
  0.8639   0.8670   0.8761   0.8827   0.8871   0.8924   0.8953   0.9097
  0.9106   0.9172   0.9322   0.9389   0.9454   0.9575   0.9687   0.9760
  0.9831   0.9881   0.9961   1.0009   1.0122   1.0161   1.0186   1.0237
  1.0327   1.0574   1.0658   1.0695   1.0913   1.1091   1.1247   1.1289
  1.1436   1.1525   1.1565   1.1644   1.1836   1.2146   1.2352   1.2468
  1.2563   1.2602   1.2716   1.2878   1.2941   1.2971   1.3259   1.3332
  1.3581   1.3715   1.3918   1.4282   1.4556   1.4723   1.4830   1.4934
  1.4965   1.5115   1.5147   1.5193   1.5337   1.5544   1.5654   1.5675
  1.5749   1.5924   1.5978   1.6143   1.6222   1.6364   1.6738   1.6843
  1.7024   1.7109   1.7190   1.7211   1.7386   1.7417   1.7500   1.7581
  1.7922   1.7993   1.8339   1.8450   1.8677   1.8855   1.8954   1.9005
  1.9019   1.9065   1.9214   1.9260   1.9417   1.9551   1.9599   1.9698
  1.9738   1.9900   1.9932   2.0057   2.0088   2.0175   2.0455   2.0643
  2.0870   2.1014   2.1131   2.1369   2.1578   2.1867   2.1964   2.2351
  2.2657   2.2899   2.2915   2.3114   2.3250   2.3602   2.3682   2.3763
  2.4087   2.4287   2.4373   2.4666   2.4940   2.5102   2.5446   2.5559
  2.5670   2.5887   2.6084   2.6293   2.6541   2.6661   2.6962   2.7087
  2.7197   2.7211   2.7315   2.7389   2.7579   2.7604   2.7636   2.7809
  2.7905   2.7940   2.7994   2.8039   2.8072   2.8205   2.8262   2.8408
  2.8501   2.8764   2.8782   2.8931   2.9033   2.9429   2.9604   2.9711
  2.9967   3.0301   3.0337   3.0918   3.1073   3.1112   3.1350   3.1425
  3.1969   3.2098   3.2201   3.2259   3.2554   3.2922   3.3305   3.3358
  3.3525   3.3728   3.3952   3.4147   3.4357   3.4800   3.5119   3.5230
  3.5385   3.5593   3.5762   3.5836   3.6834   3.7404   3.7951   3.8439
  3.9060   3.9661   4.0122   4.0458   4.0600   4.1448   4.1602   4.2802
  4.3028   4.4801   4.7897   4.8240   4.8291   4.8558   5.0378   5.1007
  5.1183   5.3059   5.3672   5.7732   5.8535   9.8159  23.4960  23.6634
 23.8797  23.9066  23.9176  23.9310  23.9371  23.9751  23.9927  24.0272
 24.0766  24.0804  24.1793  24.1868  25.8533  26.3136  26.6858  35.6739
 50.0678  50.1221 215.8139
 --------------------------------------------------------------
 
          Ground-State Mulliken Net Atomic Charges

     Atom                 Charge (a.u.)    Spin (a.u.)
  --------------------------------------------------------
      1 N                    -0.232250       0.008880
      2 C                    -0.145681       0.027381
      3 C                     1.602390       0.073190
      4 C                     0.672670       0.037994
      5 C                    -0.365729       0.050764
      6 C                    -1.036190       0.062867
      7 C                    -3.079490       0.040531
      8 O                    -0.187179       0.225211
      9 C                    -1.364696       0.055698
     10 C                     0.836758       0.024792
     11 Cl                    0.618774      -0.000101
     12 C                     1.723307       0.047340
     13 C                     0.734759       0.050683
     14 C                     0.985296       0.038185
     15 C                    -0.365446       0.042688
     16 C                    -2.438978       0.073094
     17 O                    -0.251210       0.197449
     18 C                    -1.034249      -0.033536
     19 H                     0.388713      -0.000767
     20 H                     0.281849      -0.003055
     21 H                     0.310730      -0.005158
     22 H                     0.345367      -0.002789
     23 H                     0.119875      -0.003449
     24 H                     0.322701      -0.003449
     25 H                     0.368717      -0.003889
     26 H                     0.189194      -0.000554
  --------------------------------------------------------
  Sum of atomic charges =    -1.000000
  Sum of spin   charges =     1.000000

 -----------------------------------------------------------------
                    Cartesian Multipole Moments
 -----------------------------------------------------------------
    Charge (ESU x 10^10)
                -4.8032
    Dipole Moment (Debye)
         X      -2.7168      Y      -3.7054      Z      -1.5202
       Tot       4.8396
    Quadrupole Moments (Debye-Ang)
        XX    -119.8536     XY      -9.9962     YY    -142.3778
        XZ       0.7256     YZ      -3.2721     ZZ    -119.6793
    Octopole Moments (Debye-Ang^2)
       XXX    -193.5004    XXY     -78.6705    XYY     -74.7558
       YYY    -136.4119    XXZ     -31.3126    XYZ     -13.2803
       YYZ     -21.2356    XZZ     -51.9503    YZZ     -37.8783
       ZZZ     -32.3248
    Hexadecapole Moments (Debye-Ang^3)
      XXXX   -4490.6093   XXXY    -274.3459   XXYY   -1124.0728
      XYYY    -275.6221   YYYY   -2240.4477   XXXZ     -83.9457
      XXYZ     -33.7266   XYYZ     -43.5700   YYYZ    -214.1492
      XXZZ    -873.9834   XYZZ     -50.9717   YYZZ    -403.7878
      XZZZ    -114.1252   YZZZ    -204.9585   ZZZZ    -234.7086
 -----------------------------------------------------------------
 Total job time:  727.90s(wall), 5377.14s(cpu) 
 Sat Feb  3 11:35:35 2024

        *************************************************************
        *                                                           *
        *  Thank you very much for using Q-Chem.  Have a nice day.  *
        *                                                           *
        *************************************************************


