
Running Job 1 of 1 111-an-CPCM.in
qchem 111-an-CPCM.in_1886193.0 /expanse/lustre/scratch/selhajj/temp_project/qcscratch/31246446/qchem1886193/ 0
/cm/shared/apps/spack/cpu/opt/spack/linux-centos8-zen2/gcc-10.2.0/qchem-5.4-akfmr7b3t57bfs6qan3padb2wnb2i7cl/exe/qcprog.exe_s 111-an-CPCM.in_1886193.0 /expanse/lustre/scratch/selhajj/temp_project/qcscratch/31246446/qchem1886193/
                  Welcome to Q-Chem
     A Quantum Leap Into The Future Of Chemistry


 Q-Chem 5.4, Q-Chem, Inc., Pleasanton, CA (2021)

 License issued to: University of California, San Diego (site)

 E. Epifanovsky,  A. T. B. Gilbert,  Xintian Feng,  Joonho Lee,  Yuezhi Mao,  
 N. Mardirossian,  P. Pokhilko,  A. White,  M. Wormit,  M. P. Coons,  
 A. L. Dempwolff,  Zhengting Gan,  D. Hait,  P. R. Horn,  L. D. Jacobson,  
 I. Kaliman,  J. Kussmann,  A. W. Lange,  Ka Un Lao,  D. S. Levine,  Jie Liu,  
 S. C. McKenzie,  A. F. Morrison,  K. Nanda,  F. Plasser,  D. R. Rehn,  
 M. L. Vidal,  Zhi-Qiang You,  Ying Zhu,  B. Alam,  B. Albrecht,  
 A. Aldossary,  E. Alguire,  J. H. Andersen,  D. Barton,  K. Begam,  A. Behn,  
 Y. A. Bernard,  E. J. Berquist,  H. Burton,  A. Carreras,  K. Carter-Fenk,  
 R. Chakraborty,  A. D. Chien,  K. D. Closser,  V. Cofer-Shabica,  
 S. Dasgupta,  Jia Deng,  M. de Wergifosse,  M. Diedenhofen,  Hainam Do,  
 S. Ehlert,  Po-Tung Fang,  S. Fatehi,  Qingguo Feng,  J. Gayvert,  
 Qinghui Ge,  G. Gidofalvi,  M. Goldey,  J. Gomes,  C. Gonzalez-Espinoza,  
 S. Gulania,  A. Gunina,  M. W. D. Hanson-Heine,  P. H. P. Harbach,  
 A. W. Hauser,  M. F. Herbst,  M. Hernandez Vera,  M. Hodecker,  
 Z. C. Holden,  S. Houck,  Xunkun Huang,  Kerwin Hui,  B. C. Huynh,  
 M. Ivanov,  Hyunjun Ji,  Hanjie Jiang,  B. Kaduk,  S. Kaehler,  
 K. Khistyaev,  Jaehoon Kim,  P. Klunzinger,  Z. Koczor-Benda,  
 Joong Hoon Koh,  D. Kosenkov,  L. Koulias,  T. Kowalczyk,  C. M. Krauter,  
 K. Kue,  A. Kunitsa,  T. Kus,  A. Landau,  K. V. Lawler,  D. Lefrancois,  
 S. Lehtola,  Rain Li,  Yi-Pei Li,  Jiashu Liang,  M. Liebenthal,  
 Hung-Hsuan Lin,  You-Sheng Lin,  Fenglai Liu,  Kuan-Yu Liu,  
 M. Loipersberger,  A. Luenser,  A. Manjanath,  P. Manohar,  E. Mansoor,  
 S. F. Manzer,  Shan-Ping Mao,  A. V. Marenich,  T. Markovich,  S. Mason,  
 S. A. Maurer,  P. F. McLaughlin,  M. F. S. J. Menger,  J.-M. Mewes,  
 S. A. Mewes,  P. Morgante,  J. W. Mullinax,  T. S. Nguyen-Beck,  
 K. J. Oosterbaan,  G. Paran,  Alexander C. Paul,  Suranjan K. Paul,  
 F. Pavosevic,  Zheng Pei,  S. Prager,  E. I. Proynov,  E. Ramos,  B. Rana,  
 A. E. Rask,  A. Rettig,  R. M. Richard,  F. Rob,  E. Rossomme,  T. Scheele,  
 M. Scheurer,  M. Schneider,  N. Sergueev,  S. M. Sharada,  W. Skomorowski,  
 D. W. Small,  C. J. Stein,  Yu-Chuan Su,  E. J. Sundstrom,  Zhen Tao,  
 J. Thirman,  T. Tsuchimochi,  N. M. Tubman,  S. P. Veccham,  O. Vydrov,  
 J. Wenzel,  J. Witte,  A. Yamada,  Kun Yao,  S. Yeganeh,  S. R. Yost,  
 A. Zech,  Igor Ying Zhang,  Xing Zhang,  Yu Zhang,  D. Zuev,  
 A. Aspuru-Guzik,  A. T. Bell,  N. A. Besley,  K. B. Bravaya,  B. R. Brooks,  
 D. Casanova,  Jeng-Da Chai,  S. Coriani,  C. J. Cramer,  
 A. E. DePrince, III,  R. A. DiStasio Jr.,  A. Dreuw,  B. D. Dunietz,  
 T. R. Furlani,  W. A. Goddard III,  S. Grimme,  S. Hammes-Schiffer,  
 T. Head-Gordon,  W. J. Hehre,  Chao-Ping Hsu,  T.-C. Jagau,  Yousung Jung,  
 A. Klamt,  Jing Kong,  D. S. Lambrecht,  WanZhen Liang,  N. J. Mayhall,  
 C. W. McCurdy,  J. B. Neaton,  C. Ochsenfeld,  J. A. Parkhill,  R. Peverati,  
 V. A. Rassolov,  Yihan Shao,  L. V. Slipchenko,  T. Stauch,  R. P. Steele,  
 J. E. Subotnik,  A. J. W. Thom,  A. Tkatchenko,  D. G. Truhlar,  
 T. Van Voorhis,  T. A. Wesolowski,  K. B. Whaley,  H. L. Woodcock III,  
 P. M. Zimmerman,  S. Faraji,  P. M. W. Gill,  M. Head-Gordon,  
 J. M. Herbert,  A. I. Krylov

 Contributors to earlier versions of Q-Chem not listed above: 
 R. D. Adamson,  B. Austin,  R. Baer,  J. Baker,  G. J. O. Beran,  
 K. Brandhorst,  S. T. Brown,  E. F. C. Byrd,  A. K. Chakraborty,  
 G. K. L. Chan,  Chun-Min Chang,  Yunqing Chen,  C.-L. Cheng,  
 Siu Hung Chien,  D. M. Chipman,  D. L. Crittenden,  H. Dachsel,  
 R. J. Doerksen,  A. D. Dutoi,  R. G. Edgar,  J. Fosso-Tande,  
 L. Fusti-Molnar,  D. Ghosh,  A. Ghysels,  A. Golubeva-Zadorozhnaya,  
 J. Gonthier,  M. S. Gordon,  S. R. Gwaltney,  G. Hawkins,  J. E. Herr,  
 A. Heyden,  S. Hirata,  E. G. Hohenstein,  G. Kedziora,  F. J. Keil,  
 C. Kelley,  Jihan Kim,  R. A. King,  R. Z. Khaliullin,  P. P. Korambath,  
 W. Kurlancheek,  A. Laurent,  A. M. Lee,  M. S. Lee,  S. V. Levchenko,  
 Ching Yeh Lin,  D. Liotard,  E. Livshits,  R. C. Lochan,  I. Lotan,  
 L. A. Martinez-Martinez,  P. E. Maslen,  N. Nair,  D. P. O'Neill,  
 D. Neuhauser,  E. Neuscamman,  C. M. Oana,  R. Olivares-Amaya,  R. Olson,  
 T. M. Perrine,  B. Peters,  P. A. Pieniazek,  A. Prociuk,  Y. M. Rhee,  
 J. Ritchie,  M. A. Rohrdanz,  E. Rosta,  N. J. Russ,  H. F. Schaefer III,  
 M. W. Schmidt,  N. E. Schultz,  S. Sharma,  N. Shenvi,  C. D. Sherrill,  
 A. C. Simmonett,  A. Sodt,  T. Stein,  D. Stuck,  K. S. Thanthiriwatte,  
 V. Vanovschi,  L. Vogt,  Tao Wang,  A. Warshel,  M. A. Watson,  
 C. F. Williams,  Q. Wu,  X. Xu,  Jun Yang,  W. Zhang,  Yan Zhao

 Please cite Q-Chem as follows:
 Y. Shao et al., Mol. Phys. 113, 184-215 (2015)
 DOI: 10.1080/00268976.2014.952696

 Q-Chem 5.4.0 for Intel X86 EM64T Linux

 Parts of Q-Chem use Armadillo 9.800.1 (Horizon Scraper).
 http://arma.sourceforge.net/

 Q-Chem begins on Tue Jun 11 17:52:21 2024  

 Host: 
0

     Scratch files written to /expanse/lustre/scratch/selhajj/temp_project/qcscratch/31246446/qchem1886193//
 May1621 |scratch|qcdevops|jenkins|workspace|build_RNUM    
 Processing $rem in /cm/shared/apps/spack/cpu/opt/spack/linux-centos8-zen2/gcc-10.2.0/qchem-5.4-akfmr7b3t57bfs6qan3padb2wnb2i7cl/config/preferences:
 Processing $rem in /home/selhajj/.qchemrc:
 Symmetry turned off for PCM/SM12/SMD calculation

 Checking the input file for inconsistencies... 	...done.

--------------------------------------------------------------
User input:
--------------------------------------------------------------
$molecule
-2 1
O                 -2.7252300000     -0.2031280000      0.4485040000
C                 -1.3497560000     -0.0568330000      0.2276990000
C                 -0.7074870000      1.1826600000      0.2663440000
C                  0.6902590000      1.2876750000      0.0366030000
O                  1.4224730000      2.3954250000      0.0442370000
C                  1.3498130000      0.0567830000     -0.2277990000
C                  0.7075610000     -1.1826380000     -0.2664020000
C                 -0.6901410000     -1.2877760000     -0.0359850000
O                 -1.4221100000     -2.3956170000     -0.0431110000
O                  2.7251110000      0.2032380000     -0.4492520000
H                 -2.7769380000     -1.1872980000      0.3380140000
H                 -1.2792140000      2.0860410000      0.4752590000
H                  1.2790870000     -2.0860150000     -0.4758550000
H                  2.7765710000      1.1874830000     -0.3382560000
$end
$rem
MAX_SCF_CYCLES=200
BASIS  =  6-311++G(d,p)
GUI  =  2
JOB_TYPE  =  SP
METHOD  =  B3LYP
SOLVENT_METHOD = PCM
$end
$pcm
theory = CPCM
$end
$solvent
dielectric 37.219
opticaldielectric 1.43
$end





--------------------------------------------------------------
 ----------------------------------------------------------------
             Standard Nuclear Orientation (Angstroms)
    I     Atom           X                Y                Z
 ----------------------------------------------------------------
    1      O      -2.7252300000    -0.2031280000     0.4485040000
    2      C      -1.3497560000    -0.0568330000     0.2276990000
    3      C      -0.7074870000     1.1826600000     0.2663440000
    4      C       0.6902590000     1.2876750000     0.0366030000
    5      O       1.4224730000     2.3954250000     0.0442370000
    6      C       1.3498130000     0.0567830000    -0.2277990000
    7      C       0.7075610000    -1.1826380000    -0.2664020000
    8      C      -0.6901410000    -1.2877760000    -0.0359850000
    9      O      -1.4221100000    -2.3956170000    -0.0431110000
   10      O       2.7251110000     0.2032380000    -0.4492520000
   11      H      -2.7769380000    -1.1872980000     0.3380140000
   12      H      -1.2792140000     2.0860410000     0.4752590000
   13      H       1.2790870000    -2.0860150000    -0.4758550000
   14      H       2.7765710000     1.1874830000    -0.3382560000
 ----------------------------------------------------------------
 Nuclear Repulsion Energy =         495.36203260 hartrees
 There are       37 alpha and       37 beta electrons
 Requested basis set is 6-311++G(d,p)
 There are 80 shells and 248 basis functions

 Total QAlloc Memory Limit   8000 MB
 Mega-Array Size       188 MB
 MEM_STATIC part       192 MB
 Discretize the solute cavity surface with Lebedev spheres
	Using 110 Lebedev grid points for each H atom
	Using 194 Lebedev grid points for other atoms
	Atomic van der Waals radii will be scaled by 1.20
 Remove points where switching function is < 1.0e-08
 Keep 1092 surface tesserae and discard 1288 interior tesserae
 Molecular Surface Area = 161.441 Angst**2

                       Distance Matrix (Angstroms)
             O (  1)   C (  2)   C (  3)   C (  4)   O (  5)   C (  6)
   C (  2)  1.400745
   C (  3)  2.454563  1.396548
   C (  4)  3.749363  2.450690  1.420388
   O (  5)  4.911145  3.705736  2.461069  1.327895
   C (  6)  4.138951  2.740084  2.396719  1.421272  2.355532
   C (  7)  3.640685  2.396691  2.807279  2.488887  3.661985  1.396475
   C (  8)  2.356433  1.421211  2.488927  2.922964  4.246827  2.450723
   O (  9)  2.597463  2.355522  3.662037  4.246775  5.572555  3.705662
   O ( 10)  5.538711  4.138894  3.640615  2.356413  2.597322  1.400691
   H ( 11)  0.991702  1.823998  3.147136  4.270573  5.527862  4.347178
   H ( 12)  2.707762  2.158280  1.089318  2.169938  2.753291  3.394696
   H ( 13)  4.520427  3.394611  3.896354  3.462819  4.513797  2.158267
   H ( 14)  5.729102  4.346861  3.536131  2.122088  1.854456  1.823821
             C (  7)   C (  8)   O (  9)   O ( 10)   H ( 11)   H ( 12)
   C (  8)  1.420464
   O (  9)  2.461031  1.327833
   O ( 10)  2.454505  3.749381  4.911053
   H ( 11)  3.536534  2.122426  1.854953  5.729391
   H ( 12)  3.896357  3.462805  4.513799  4.520430  3.602327
   H ( 13)  1.089313  2.169915  2.753105  2.707835  4.233369  4.985536
   H ( 14)  3.146973  4.270406  5.527625  0.991820  6.077696  4.233037
             H ( 13)
   H ( 14)  3.602385
 
 A cutoff of  1.0D-08 yielded   2686 shell pairs
 There are     26540 function pairs (     28599 Cartesian)
 Smallest overlap matrix eigenvalue = 1.62E-06

 Q-Chem warning in module stvman/mkSTV.C, line 323:

 Overlap eigenvalue is smaller than square root of threshold
 Use THRESH >= 12 to get rid of this warning


 Scale SEOQF with 1.000000e-01/1.000000e-01/1.000000e-01

 Standard Electronic Orientation quadrupole field applied
 Nucleus-field energy     =     0.0000000167 hartrees
 Guess from superposition of atomic densities
 Warning:  Energy on first SCF cycle will be non-variational
 SAD guess density has 72.000000 electrons

 -----------------------------------------------------------------------
  General SCF calculation program by
  Eric Jon Sundstrom, Paul Horn, Yuezhi Mao, Dmitri Zuev, Alec White,
  David Stuck, Shaama M.S., Shane Yost, Joonho Lee, David Small,
  Daniel Levine, Susi Lehtola, Hugh Burton, Evgeny Epifanovsky,
  Bang C. Huynh
 -----------------------------------------------------------------------
 Exchange:     0.2000 Hartree-Fock + 0.0800 Slater + 0.7200 B88
 Correlation:  0.1900 VWN1RPA + 0.8100 LYP
 Using SG-1 standard quadrature grid
 using 8 threads for integral computing
 -------------------------------------------------------
 OpenMP Integral computing Module                
 Release: version 1.0, May 2013, Q-Chem Inc. Pittsburgh 
 -------------------------------------------------------
 A restricted SCF calculation will be
 performed using DIIS
 SCF converges when DIIS error is below 1.0e-05
 ---------------------------------------
  Cycle       Energy         DIIS error
 ---------------------------------------
    1    -534.0018718754      4.06e-02  
    2    -532.0484110879      6.73e-03  
    3    -531.6052030056      1.11e-02  
    4    -532.3188319600      2.32e-03  
    5    -532.3524198203      3.92e-04  
    6    -532.3530970959      1.91e-04  
    7    -532.3533005763      4.84e-05  
    8    -532.3533138994      1.32e-05  
    9    -532.3533151452      2.64e-06  Convergence criterion met
 ---------------------------------------
 SCF time:   CPU 68.57s  wall 9.00s 

************** Final PCM Free Energy Summary **************
 G_electrostatic  =      -0.29933955 hartree =    -187.83840150 kcal/mol
 G_cavitation     =       0.00000000 hartree =       0.00000000 kcal/mol
 G_dispersion     =       0.00000000 hartree =       0.00000000 kcal/mol
 G_repulsion      =       0.00000000 hartree =       0.00000000 kcal/mol
 --------------------------------------------------
 Non-electrostatic Free Energy =       0.00000000 hartree =       0.00000000 kcal/mol
 Total                         =      -0.29933955 hartree =    -187.83840150 kcal/mol
 --------------------------------------------------
 SCF Energy (H0 + V/2)                       =    -532.35331515 
 Solute Internal Energy (H0)                 =    -532.05397560 
 Total Free Energy (H0 + V/2 + non-elec)     =    -532.35331515 hartree
                                             = -334056.74717187 kcal/mol
***********************************************************

 SCF   energy in the final basis set =     -532.3533151452
 Total energy in the final basis set =     -532.3533151452
 
 --------------------------------------------------------------
 
                    Orbital Energies (a.u.)
 --------------------------------------------------------------
 
 Alpha MOs
 -- Occupied --
-19.1100 -19.1100 -19.0310 -19.0310 -10.1770 -10.1769 -10.1717 -10.1717
-10.1289 -10.1289  -1.0176  -1.0160  -0.9239  -0.9231  -0.7822  -0.6950
 -0.6471  -0.5701  -0.5466  -0.5032  -0.4553  -0.4375  -0.4208  -0.4018
 -0.3910  -0.3667  -0.3600  -0.3502  -0.3428  -0.3093  -0.3047  -0.2994
 -0.2253  -0.2217  -0.2159  -0.1904  -0.1233
 -- Virtual --
  0.0054   0.0190   0.0217   0.0282   0.0376   0.0586   0.0651   0.0700
  0.0800   0.0833   0.0888   0.0916   0.1003   0.1272   0.1280   0.1285
  0.1338   0.1388   0.1427   0.1482   0.1510   0.1553   0.1688   0.1690
  0.1937   0.1939   0.2006   0.2050   0.2197   0.2222   0.2286   0.2347
  0.2355   0.2499   0.2510   0.2769   0.2793   0.2817   0.2886   0.2904
  0.3158   0.3210   0.3255   0.3259   0.3346   0.3360   0.3381   0.3577
  0.3723   0.3869   0.3921   0.3978   0.4055   0.4287   0.4461   0.4485
  0.4587   0.4841   0.4906   0.5451   0.5612   0.5724   0.5770   0.5986
  0.6070   0.6118   0.6411   0.6411   0.6575   0.6593   0.6692   0.7354
  0.7394   0.7511   0.7972   0.8074   0.8202   0.8954   0.8987   0.9002
  0.9188   0.9229   0.9587   0.9618   0.9947   1.0095   1.0262   1.0357
  1.0542   1.0578   1.1009   1.1232   1.1336   1.1527   1.1699   1.2030
  1.2244   1.2253   1.2257   1.2522   1.2556   1.2653   1.2707   1.2885
  1.2913   1.2978   1.3326   1.4307   1.4401   1.4565   1.4832   1.5590
  1.5722   1.6031   1.6708   1.6976   1.7029   1.7181   1.7360   1.7387
  1.7758   1.7831   1.8036   1.8358   1.8516   1.8858   1.8946   1.9462
  1.9625   2.0141   2.0185   2.0704   2.0742   2.0790   2.1641   2.1651
  2.1911   2.2004   2.2571   2.2954   2.3038   2.3653   2.4777   2.6091
  2.6306   2.6844   2.6974   2.7086   2.7341   2.7566   2.7723   2.7743
  2.8317   2.8326   2.8917   2.9572   2.9785   2.9879   3.0447   3.0701
  3.0731   3.1006   3.1292   3.1293   3.1372   3.1548   3.1631   3.1733
  3.2562   3.3134   3.3324   3.3349   3.4118   3.4309   3.4493   3.4643
  3.5994   3.6089   3.6589   3.7459   3.7952   3.8868   3.9058   4.1115
  4.1878   4.2058   4.2379   4.3013   4.8470   5.0071   5.0298   5.1292
  5.1452   5.2861   5.3128   5.4892   5.5020   5.6220   5.7275   5.7664
  5.8195  23.6121  23.9012  23.9530  24.0075  24.1006  24.1670  49.9411
 49.9716  50.0556  50.0813
 --------------------------------------------------------------
 
          Ground-State Mulliken Net Atomic Charges

     Atom                 Charge (a.u.)
  ----------------------------------------
      1 O                    -0.385859
      2 C                    -0.193924
      3 C                     0.132499
      4 C                    -0.225375
      5 O                    -0.774846
      6 C                    -0.194334
      7 C                     0.133050
      8 C                    -0.225919
      9 O                    -0.774854
     10 O                    -0.385846
     11 H                     0.277815
     12 H                     0.169891
     13 H                     0.169881
     14 H                     0.277821
  ----------------------------------------
  Sum of atomic charges =    -2.000000

 -----------------------------------------------------------------
                    Cartesian Multipole Moments
 -----------------------------------------------------------------
    Charge (ESU x 10^10)
                -9.6064
    Dipole Moment (Debye)
         X      -0.0018      Y       0.0007      Z      -0.0030
       Tot       0.0035
    Quadrupole Moments (Debye-Ang)
        XX     -95.3544     XY     -18.7262     YY    -105.4890
        XZ       2.7716     YZ      -1.4972     ZZ     -67.0100
    Octopole Moments (Debye-Ang^2)
       XXX      -0.0263    XXY      -0.0121    XYY      -0.0070
       YYY       0.0218    XXZ      -0.0022    XYZ      -0.0148
       YYZ      -0.0366    XZZ      -0.0076    YZZ      -0.0015
       ZZZ      -0.0158
    Hexadecapole Moments (Debye-Ang^3)
      XXXX   -1238.9758   XXXY    -151.7857   XXYY    -371.2032
      XYYY    -335.0167   YYYY   -1135.8406   XXXZ      94.3044
      XXYZ     -14.0604   XYYZ       9.5378   YYYZ     -21.4172
      XXZZ    -206.9688   XYZZ     -55.8241   YYZZ    -162.5807
      XZZZ      69.4027   YZZZ     -19.2928   ZZZZ    -108.5379
 -----------------------------------------------------------------
 Total job time:  51.25s(wall), 73.13s(cpu) 
 Tue Jun 11 17:53:13 2024

        *************************************************************
        *                                                           *
        *  Thank you very much for using Q-Chem.  Have a nice day.  *
        *                                                           *
        *************************************************************


