
Running Job 1 of 1 090-rad-CPCM.in
qchem 090-rad-CPCM.in_2437074.0 /expanse/lustre/scratch/selhajj/temp_project/qcscratch/31295173/qchem2437074/ 0
/cm/shared/apps/spack/cpu/opt/spack/linux-centos8-zen2/gcc-10.2.0/qchem-5.4-akfmr7b3t57bfs6qan3padb2wnb2i7cl/exe/qcprog.exe_s 090-rad-CPCM.in_2437074.0 /expanse/lustre/scratch/selhajj/temp_project/qcscratch/31295173/qchem2437074/
                  Welcome to Q-Chem
     A Quantum Leap Into The Future Of Chemistry


 Q-Chem 5.4, Q-Chem, Inc., Pleasanton, CA (2021)

 License issued to: University of California, San Diego (site)

 E. Epifanovsky,  A. T. B. Gilbert,  Xintian Feng,  Joonho Lee,  Yuezhi Mao,  
 N. Mardirossian,  P. Pokhilko,  A. White,  M. Wormit,  M. P. Coons,  
 A. L. Dempwolff,  Zhengting Gan,  D. Hait,  P. R. Horn,  L. D. Jacobson,  
 I. Kaliman,  J. Kussmann,  A. W. Lange,  Ka Un Lao,  D. S. Levine,  Jie Liu,  
 S. C. McKenzie,  A. F. Morrison,  K. Nanda,  F. Plasser,  D. R. Rehn,  
 M. L. Vidal,  Zhi-Qiang You,  Ying Zhu,  B. Alam,  B. Albrecht,  
 A. Aldossary,  E. Alguire,  J. H. Andersen,  D. Barton,  K. Begam,  A. Behn,  
 Y. A. Bernard,  E. J. Berquist,  H. Burton,  A. Carreras,  K. Carter-Fenk,  
 R. Chakraborty,  A. D. Chien,  K. D. Closser,  V. Cofer-Shabica,  
 S. Dasgupta,  Jia Deng,  M. de Wergifosse,  M. Diedenhofen,  Hainam Do,  
 S. Ehlert,  Po-Tung Fang,  S. Fatehi,  Qingguo Feng,  J. Gayvert,  
 Qinghui Ge,  G. Gidofalvi,  M. Goldey,  J. Gomes,  C. Gonzalez-Espinoza,  
 S. Gulania,  A. Gunina,  M. W. D. Hanson-Heine,  P. H. P. Harbach,  
 A. W. Hauser,  M. F. Herbst,  M. Hernandez Vera,  M. Hodecker,  
 Z. C. Holden,  S. Houck,  Xunkun Huang,  Kerwin Hui,  B. C. Huynh,  
 M. Ivanov,  Hyunjun Ji,  Hanjie Jiang,  B. Kaduk,  S. Kaehler,  
 K. Khistyaev,  Jaehoon Kim,  P. Klunzinger,  Z. Koczor-Benda,  
 Joong Hoon Koh,  D. Kosenkov,  L. Koulias,  T. Kowalczyk,  C. M. Krauter,  
 K. Kue,  A. Kunitsa,  T. Kus,  A. Landau,  K. V. Lawler,  D. Lefrancois,  
 S. Lehtola,  Rain Li,  Yi-Pei Li,  Jiashu Liang,  M. Liebenthal,  
 Hung-Hsuan Lin,  You-Sheng Lin,  Fenglai Liu,  Kuan-Yu Liu,  
 M. Loipersberger,  A. Luenser,  A. Manjanath,  P. Manohar,  E. Mansoor,  
 S. F. Manzer,  Shan-Ping Mao,  A. V. Marenich,  T. Markovich,  S. Mason,  
 S. A. Maurer,  P. F. McLaughlin,  M. F. S. J. Menger,  J.-M. Mewes,  
 S. A. Mewes,  P. Morgante,  J. W. Mullinax,  T. S. Nguyen-Beck,  
 K. J. Oosterbaan,  G. Paran,  Alexander C. Paul,  Suranjan K. Paul,  
 F. Pavosevic,  Zheng Pei,  S. Prager,  E. I. Proynov,  E. Ramos,  B. Rana,  
 A. E. Rask,  A. Rettig,  R. M. Richard,  F. Rob,  E. Rossomme,  T. Scheele,  
 M. Scheurer,  M. Schneider,  N. Sergueev,  S. M. Sharada,  W. Skomorowski,  
 D. W. Small,  C. J. Stein,  Yu-Chuan Su,  E. J. Sundstrom,  Zhen Tao,  
 J. Thirman,  T. Tsuchimochi,  N. M. Tubman,  S. P. Veccham,  O. Vydrov,  
 J. Wenzel,  J. Witte,  A. Yamada,  Kun Yao,  S. Yeganeh,  S. R. Yost,  
 A. Zech,  Igor Ying Zhang,  Xing Zhang,  Yu Zhang,  D. Zuev,  
 A. Aspuru-Guzik,  A. T. Bell,  N. A. Besley,  K. B. Bravaya,  B. R. Brooks,  
 D. Casanova,  Jeng-Da Chai,  S. Coriani,  C. J. Cramer,  
 A. E. DePrince, III,  R. A. DiStasio Jr.,  A. Dreuw,  B. D. Dunietz,  
 T. R. Furlani,  W. A. Goddard III,  S. Grimme,  S. Hammes-Schiffer,  
 T. Head-Gordon,  W. J. Hehre,  Chao-Ping Hsu,  T.-C. Jagau,  Yousung Jung,  
 A. Klamt,  Jing Kong,  D. S. Lambrecht,  WanZhen Liang,  N. J. Mayhall,  
 C. W. McCurdy,  J. B. Neaton,  C. Ochsenfeld,  J. A. Parkhill,  R. Peverati,  
 V. A. Rassolov,  Yihan Shao,  L. V. Slipchenko,  T. Stauch,  R. P. Steele,  
 J. E. Subotnik,  A. J. W. Thom,  A. Tkatchenko,  D. G. Truhlar,  
 T. Van Voorhis,  T. A. Wesolowski,  K. B. Whaley,  H. L. Woodcock III,  
 P. M. Zimmerman,  S. Faraji,  P. M. W. Gill,  M. Head-Gordon,  
 J. M. Herbert,  A. I. Krylov

 Contributors to earlier versions of Q-Chem not listed above: 
 R. D. Adamson,  B. Austin,  R. Baer,  J. Baker,  G. J. O. Beran,  
 K. Brandhorst,  S. T. Brown,  E. F. C. Byrd,  A. K. Chakraborty,  
 G. K. L. Chan,  Chun-Min Chang,  Yunqing Chen,  C.-L. Cheng,  
 Siu Hung Chien,  D. M. Chipman,  D. L. Crittenden,  H. Dachsel,  
 R. J. Doerksen,  A. D. Dutoi,  R. G. Edgar,  J. Fosso-Tande,  
 L. Fusti-Molnar,  D. Ghosh,  A. Ghysels,  A. Golubeva-Zadorozhnaya,  
 J. Gonthier,  M. S. Gordon,  S. R. Gwaltney,  G. Hawkins,  J. E. Herr,  
 A. Heyden,  S. Hirata,  E. G. Hohenstein,  G. Kedziora,  F. J. Keil,  
 C. Kelley,  Jihan Kim,  R. A. King,  R. Z. Khaliullin,  P. P. Korambath,  
 W. Kurlancheek,  A. Laurent,  A. M. Lee,  M. S. Lee,  S. V. Levchenko,  
 Ching Yeh Lin,  D. Liotard,  E. Livshits,  R. C. Lochan,  I. Lotan,  
 L. A. Martinez-Martinez,  P. E. Maslen,  N. Nair,  D. P. O'Neill,  
 D. Neuhauser,  E. Neuscamman,  C. M. Oana,  R. Olivares-Amaya,  R. Olson,  
 T. M. Perrine,  B. Peters,  P. A. Pieniazek,  A. Prociuk,  Y. M. Rhee,  
 J. Ritchie,  M. A. Rohrdanz,  E. Rosta,  N. J. Russ,  H. F. Schaefer III,  
 M. W. Schmidt,  N. E. Schultz,  S. Sharma,  N. Shenvi,  C. D. Sherrill,  
 A. C. Simmonett,  A. Sodt,  T. Stein,  D. Stuck,  K. S. Thanthiriwatte,  
 V. Vanovschi,  L. Vogt,  Tao Wang,  A. Warshel,  M. A. Watson,  
 C. F. Williams,  Q. Wu,  X. Xu,  Jun Yang,  W. Zhang,  Yan Zhao

 Please cite Q-Chem as follows:
 Y. Shao et al., Mol. Phys. 113, 184-215 (2015)
 DOI: 10.1080/00268976.2014.952696

 Q-Chem 5.4.0 for Intel X86 EM64T Linux

 Parts of Q-Chem use Armadillo 9.800.1 (Horizon Scraper).
 http://arma.sourceforge.net/

 Q-Chem begins on Thu Jun 13 14:12:45 2024  

 Host: 
0

     Scratch files written to /expanse/lustre/scratch/selhajj/temp_project/qcscratch/31295173/qchem2437074//
 May1621 |scratch|qcdevops|jenkins|workspace|build_RNUM    
 Processing $rem in /cm/shared/apps/spack/cpu/opt/spack/linux-centos8-zen2/gcc-10.2.0/qchem-5.4-akfmr7b3t57bfs6qan3padb2wnb2i7cl/config/preferences:
 Processing $rem in /home/selhajj/.qchemrc:
 Symmetry turned off for PCM/SM12/SMD calculation

 Checking the input file for inconsistencies... 	...done.

--------------------------------------------------------------
User input:
--------------------------------------------------------------
$molecule
-1 2
C                 -2.4328590000      0.4319480000      1.3320660000
C                 -3.6010730000      1.1657460000      1.3752950000
C                 -3.7679970000      2.3696070000      2.2741140000
C                 -4.7584530000      0.8003470000      0.5667980000
O                 -5.8496190000      1.4405520000      0.6175360000
C                 -4.6072730000     -0.3581850000     -0.3026470000
C                 -3.4351250000     -1.0756960000     -0.3590790000
O                 -3.3296620000     -2.1115670000     -1.2632690000
C                 -3.1176130000     -3.4001090000     -0.6933020000
C                 -2.2817620000     -0.7184310000      0.4529200000
O                 -1.1979990000     -1.3708250000      0.3847670000
O                 -5.6904300000     -0.7946380000     -1.0358870000
C                 -6.1513170000      0.1047990000     -2.0400680000
H                 -4.7265100000      2.8429460000      2.0586440000
H                 -2.9687410000      3.1051340000      2.1312590000
H                 -3.7613900000      2.0898380000      3.3356270000
H                 -3.9748650000     -3.6908880000     -0.0711110000
H                 -3.0354960000     -4.0959600000     -1.5318700000
H                 -2.1993030000     -3.4174580000     -0.1023900000
H                 -6.4474660000      1.0596650000     -1.6004350000
H                 -7.0148580000     -0.3747690000     -2.5074670000
H                 -5.3749960000      0.2615930000     -2.8011970000
C                 -1.2202570000      0.7859530000      2.1625340000
C                 -0.1872190000      1.6384510000      1.4001080000
C                  1.0628600000      1.9560360000      2.2279220000
C                  2.1032340000      2.7954090000      1.4772540000
C                  3.3570500000      3.1104180000      2.3015360000
C                  4.3979150000      3.9479330000      1.5495290000
C                  5.6516000000      4.2621390000      2.3740870000
C                  6.6926080000      5.0986450000      1.6216980000
C                  7.9461850000      5.4135270000      2.4459830000
C                  8.9802310000      6.2492040000      1.6851470000
H                 -0.7294850000     -0.1451250000      2.4634750000
H                 -1.5212160000      1.3140890000      3.0736460000
H                 -0.6569170000      2.5748280000      1.0727480000
H                  0.0995760000      1.0945030000      0.4946550000
H                  1.5253920000      1.0143640000      2.5518790000
H                  0.7694890000      2.4833550000      3.1466670000
H                  1.6408930000      3.7362230000      1.1498300000
H                  2.3961890000      2.2673020000      0.5606940000
H                  3.8191160000      2.1695740000      2.6286600000
H                  3.0636620000      3.6382820000      3.2189030000
H                  3.9361520000      4.8886430000      1.2216790000
H                  4.6914970000      3.4199740000      0.6328140000
H                  6.1131560000      3.3213810000      2.7020030000
H                  5.3580360000      4.7905480000      3.2908210000
H                  6.2320690000      6.0397510000      1.2929760000
H                  6.9875740000      4.5705790000      0.7052700000
H                  8.4070910000      4.4736400000      2.7740200000
H                  7.6522160000      5.9421190000      3.3612380000
H                  9.3197290000      5.7310830000      0.7823750000
H                  9.8611280000      6.4563350000      2.3002170000
H                  8.5591040000      7.2105790000      1.3734200000
$end
$rem
MAX_SCF_CYCLES=200
BASIS  =  6-311++G(d,p)
GUI  =  2
JOB_TYPE  =  SP
METHOD  =  B3LYP
THRESH = 14
SCF_CONVERGENCE = 8
scf_guess = GWH
SCF_ALGORITHM = RCA_DIIS
SOLVENT_METHOD = PCM
$end
$pcm
theory = CPCM
$end
$solvent
dielectric 37.219
opticaldielectric 1.43
$end





--------------------------------------------------------------
 ----------------------------------------------------------------
             Standard Nuclear Orientation (Angstroms)
    I     Atom           X                Y                Z
 ----------------------------------------------------------------
    1      C      -2.4328590000     0.4319480000     1.3320660000
    2      C      -3.6010730000     1.1657460000     1.3752950000
    3      C      -3.7679970000     2.3696070000     2.2741140000
    4      C      -4.7584530000     0.8003470000     0.5667980000
    5      O      -5.8496190000     1.4405520000     0.6175360000
    6      C      -4.6072730000    -0.3581850000    -0.3026470000
    7      C      -3.4351250000    -1.0756960000    -0.3590790000
    8      O      -3.3296620000    -2.1115670000    -1.2632690000
    9      C      -3.1176130000    -3.4001090000    -0.6933020000
   10      C      -2.2817620000    -0.7184310000     0.4529200000
   11      O      -1.1979990000    -1.3708250000     0.3847670000
   12      O      -5.6904300000    -0.7946380000    -1.0358870000
   13      C      -6.1513170000     0.1047990000    -2.0400680000
   14      H      -4.7265100000     2.8429460000     2.0586440000
   15      H      -2.9687410000     3.1051340000     2.1312590000
   16      H      -3.7613900000     2.0898380000     3.3356270000
   17      H      -3.9748650000    -3.6908880000    -0.0711110000
   18      H      -3.0354960000    -4.0959600000    -1.5318700000
   19      H      -2.1993030000    -3.4174580000    -0.1023900000
   20      H      -6.4474660000     1.0596650000    -1.6004350000
   21      H      -7.0148580000    -0.3747690000    -2.5074670000
   22      H      -5.3749960000     0.2615930000    -2.8011970000
   23      C      -1.2202570000     0.7859530000     2.1625340000
   24      C      -0.1872190000     1.6384510000     1.4001080000
   25      C       1.0628600000     1.9560360000     2.2279220000
   26      C       2.1032340000     2.7954090000     1.4772540000
   27      C       3.3570500000     3.1104180000     2.3015360000
   28      C       4.3979150000     3.9479330000     1.5495290000
   29      C       5.6516000000     4.2621390000     2.3740870000
   30      C       6.6926080000     5.0986450000     1.6216980000
   31      C       7.9461850000     5.4135270000     2.4459830000
   32      C       8.9802310000     6.2492040000     1.6851470000
   33      H      -0.7294850000    -0.1451250000     2.4634750000
   34      H      -1.5212160000     1.3140890000     3.0736460000
   35      H      -0.6569170000     2.5748280000     1.0727480000
   36      H       0.0995760000     1.0945030000     0.4946550000
   37      H       1.5253920000     1.0143640000     2.5518790000
   38      H       0.7694890000     2.4833550000     3.1466670000
   39      H       1.6408930000     3.7362230000     1.1498300000
   40      H       2.3961890000     2.2673020000     0.5606940000
   41      H       3.8191160000     2.1695740000     2.6286600000
   42      H       3.0636620000     3.6382820000     3.2189030000
   43      H       3.9361520000     4.8886430000     1.2216790000
   44      H       4.6914970000     3.4199740000     0.6328140000
   45      H       6.1131560000     3.3213810000     2.7020030000
   46      H       5.3580360000     4.7905480000     3.2908210000
   47      H       6.2320690000     6.0397510000     1.2929760000
   48      H       6.9875740000     4.5705790000     0.7052700000
   49      H       8.4070910000     4.4736400000     2.7740200000
   50      H       7.6522160000     5.9421190000     3.3612380000
   51      H       9.3197290000     5.7310830000     0.7823750000
   52      H       9.8611280000     6.4563350000     2.3002170000
   53      H       8.5591040000     7.2105790000     1.3734200000
 ----------------------------------------------------------------
 Nuclear Repulsion Energy =        1840.25457206 hartrees
 There are       89 alpha and       88 beta electrons
 Requested basis set is 6-311++G(d,p)
 There are 288 shells and 716 basis functions

 Total QAlloc Memory Limit   8000 MB
 Mega-Array Size       188 MB
 MEM_STATIC part       192 MB
 Discretize the solute cavity surface with Lebedev spheres
	Using 110 Lebedev grid points for each H atom
	Using 194 Lebedev grid points for other atoms
	Atomic van der Waals radii will be scaled by 1.20
 Remove points where switching function is < 1.0e-08
 Keep 3348 surface tesserae and discard 4414 interior tesserae
 Molecular Surface Area = 425.237 Angst**2
 A cutoff of  1.0D-14 yielded  27331 shell pairs
 There are    165855 function pairs (    175462 Cartesian)
 Smallest overlap matrix eigenvalue = 3.91E-07
 Linear dependence detected in AO basis
 Tighter screening thresholds may be required for diffuse basis sets
 Use S2THRESH > 14 and THRESH = 14 in case of SCF convergence issues
 Number of orthogonalized atomic orbitals = 713
 Maximum deviation from orthogonality = 1.335E-10

 Scale SEOQF with 1.000000e-02/1.000000e-02/1.000000e-01

 Standard Electronic Orientation quadrupole field applied
 Nucleus-field energy     =    -0.0000000269 hartrees
 Constructing guess Fock matrix from core Hamiltonian
 Applying Wolfsberg-Helmholtz approximation
 An unrestricted hybrid HF-DFT SCF calculation will be
 performed using Relaxed Constraint Minimization + Pulay DIIS
 Polarizable Continuum solvation model will be applied
 Exchange:     0.2000 Hartree-Fock + 0.0800 Slater + 0.7200 B88
 Correlation:  0.1900 VWN1RPA + 0.8100 LYP
 Using SG-1 standard quadrature grid
 SCF converges when DIIS error is below 1.0E-08
 using 8 threads for integral computing
 -------------------------------------------------------
 OpenMP Integral computing Module                
 Release: version 1.0, May 2013, Q-Chem Inc. Pittsburgh 
 -------------------------------------------------------
 ---------------------------------------
  Cycle       Energy         DIIS Error
 ---------------------------------------
    1    -785.3975019478      4.83E-02
Recomputing EXC -689.257369 -1322.319355 -785.397502 
Recomputing EXC -80.386694 -841.604889 -785.397502 
Recomputing EXC 441.138655 -785.397502 -785.397502 
    2     441.1386549215      6.94E-02
    3    -810.6497458875      3.02E-02
    4    -857.9872772126      2.36E-02
Recomputing EXC -718.802410 -891.274114 -857.987277 
Recomputing EXC -618.536606 -857.987277 -857.987277 
Recomputing EXC -618.536606 -857.987277 -857.987277 
    5    -618.5366061245      2.33E-02
    6    -697.2436072308      1.24E-02
    7    -928.7296215665      1.53E-02
    8   -1006.4959418389      1.06E-02
Recomputing EXC -948.567524 -1211.275929 -1006.495942 
Recomputing EXC -942.463700 -1009.874754 -1006.495942 
Recomputing EXC -942.463700 -1009.874754 -1006.495942 
    9    -942.4636995512      1.62E-02
   10   -1198.0841861813      1.32E-02
Recomputing EXC -1143.402096 -1245.030318 -1198.084186 
Recomputing EXC -1036.915710 -1198.084186 -1198.084186 
Recomputing EXC -1036.915710 -1198.084186 -1198.084186 
   11   -1036.9157097089      1.61E-02
   12   -1090.5546427311      1.32E-02
Recomputing EXC -1078.239750 -1122.472433 -1090.554643 
Recomputing EXC -1011.425596 -1090.554643 -1090.554643 
Recomputing EXC -1011.425596 -1090.554643 -1090.554643 
   13   -1011.4255958756      1.42E-02
   14   -1080.0709572043      1.15E-02
Recomputing EXC -1056.973910 -1099.135904 -1080.070957 
Recomputing EXC -1015.228497 -1080.070957 -1080.070957 
Recomputing EXC -1015.228497 -1080.070957 -1080.070957 
   15   -1015.2284967042      1.28E-02
   16   -1027.5174279965      1.29E-02
Recomputing EXC -1024.065331 -1164.106196 -1027.517428 
Recomputing EXC -932.102468 -1034.432382 -1027.517428 
Recomputing EXC -805.206160 -1029.221404 -1027.517428 
   17    -805.2061602084      2.09E-02
   18   -1073.9568663163      1.29E-02
Recomputing EXC -1030.065810 -1154.595869 -1073.956866 
Recomputing EXC -842.250676 -1073.956866 -1073.956866 
Recomputing EXC -842.250676 -1073.956866 -1073.956866 
   19    -842.2506759777      1.64E-02
   20    -998.2204860571      1.41E-02
Recomputing EXC -917.169684 -1146.622385 -998.220486 
Recomputing EXC -719.000825 -998.220486 -998.220486 
Recomputing EXC -719.000825 -998.220486 -998.220486 
   21    -719.0008249934      1.80E-02
   22    -912.7678426961      1.46E-02
Recomputing EXC -844.886625 -1067.106980 -912.767843 
Recomputing EXC -607.632218 -912.770553 -912.767843 
Recomputing EXC -605.842392 -912.767843 -912.767843 
   23    -605.8423916772      1.83E-02
   24    -816.0619599366      1.48E-02
Recomputing EXC -744.379239 -980.077207 -816.061960 
Recomputing EXC -508.236158 -816.061960 -816.061960 
Recomputing EXC -508.236158 -816.061960 -816.061960 
   25    -508.2361583461      1.82E-02
   26    -749.4051857433      1.16E-02
Recomputing EXC -722.664366 -800.569981 -749.405186 
Recomputing EXC -614.259743 -749.405186 -749.405186 
Recomputing EXC -614.259743 -749.405186 -749.405186 
   27    -614.2597434551      1.12E-02
   28    -643.9861552291      7.78E-03
   29    -854.5577042362      1.48E-02
   30    -951.6986480568      1.16E-02
Recomputing EXC -939.013567 -1171.945971 -951.698648 
   31   -1007.1066492644      9.35E-03
Recomputing EXC -955.082976 -1182.264648 -1007.106649 
   32   -1012.5326846933      9.80E-03
Recomputing EXC -947.179775 -1181.447986 -1012.532685 
   33   -1013.9354231688      1.01E-02
Recomputing EXC -931.954036 -1180.909111 -1013.935423 
Recomputing EXC -1006.535896 -1013.935423 -1013.935423 
Recomputing EXC -1006.535896 -1013.935423 -1013.935423 
   34   -1006.5358955269      1.09E-02
   35   -1202.8330865544      9.27E-03
Recomputing EXC -1135.484260 -1244.981811 -1202.833087 
Recomputing EXC -1035.778810 -1202.833087 -1202.833087 
Recomputing EXC -1035.778810 -1202.833087 -1202.833087 
   36   -1035.7788102987      1.37E-02
   37   -1091.0236318005      1.32E-02
Recomputing EXC -1070.989564 -1121.889373 -1091.023632 
Recomputing EXC -1006.103820 -1091.023632 -1091.023632 
Recomputing EXC -1006.103820 -1091.023632 -1091.023632 
   38   -1006.1038202472      1.33E-02
   39   -1059.9159153732      1.03E-02
Recomputing EXC -1017.683200 -1074.175435 -1059.915915 
Recomputing EXC -984.052307 -1059.915915 -1059.915915 
Recomputing EXC -984.052307 -1059.915915 -1059.915915 
   40    -984.0523067216      1.07E-02
Recomputing EXC -965.501754 -1047.454747 -984.052307 
Recomputing EXC -849.913575 -984.496133 -984.052307 
Recomputing EXC -821.085756 -984.052307 -984.052307 
   41    -821.0857563399      1.69E-02
   42   -1059.1725850936      1.30E-02
Recomputing EXC -1042.003611 -1133.884466 -1059.172585 
Recomputing EXC -909.371045 -1059.843404 -1059.172585 
Recomputing EXC -872.591780 -1059.172585 -1059.172585 
   43    -872.5917803517      1.51E-02
   44   -1023.8771339123      1.32E-02
Recomputing EXC -932.840635 -1152.798978 -1023.877134 
Recomputing EXC -722.547908 -1023.877134 -1023.877134 
Recomputing EXC -722.547908 -1023.877134 -1023.877134 
   45    -722.5479079352      1.88E-02
   46    -910.6840000143      1.49E-02
Recomputing EXC -851.988240 -1077.409095 -910.684000 
Recomputing EXC -643.223645 -910.836840 -910.684000 
Recomputing EXC -630.531234 -910.684000 -910.684000 
   47    -630.5312342190      1.78E-02
   48    -844.4966181556      1.48E-02
Recomputing EXC -751.514712 -992.227074 -844.496618 
Recomputing EXC -523.273449 -844.496618 -844.496618 
Recomputing EXC -523.273449 -844.496618 -844.496618 
   49    -523.2734491337      1.84E-02
   50    -755.3388566210      1.22E-02 Done RCA. Switching to DIIS
   51    -272.0834527073      4.47E-02
   52    -847.4672827649      4.12E-02
   53    -955.3687397852      3.28E-02
   54    -958.3402916851      3.11E-02
   55    -947.0763703522      3.31E-02
   56    -893.9923026941      2.41E-02
   57    -930.6795147127      1.97E-02
   58    -817.8413830889      1.76E-02
   59    -885.2336771137      1.72E-02
   60    -715.6361696212      1.90E-02
   61    -760.3417213372      1.71E-02
   62    -732.2261394180      2.24E-02
   63    -741.1056136896      2.05E-02
   64    -758.5977628874      3.66E-02
   65    -712.1566249549      3.38E-02
   66    -689.0633376896      5.21E-02
   67    -701.2327542873      5.03E-02
   68    -702.5633548672      5.01E-02
   69    -702.3182122464      5.02E-02
   70    -701.8832781629      5.02E-02
   71    -695.4223644043      5.12E-02
   72    -685.4067865137      5.24E-02
   73    -681.3503933489      5.26E-02
   74    -726.3743794472      5.23E-02
   75    -790.8964318420      4.58E-02
   76    -824.0636082475      4.16E-02
   77    -873.5792838747      3.92E-02
   78    -900.1453053283      3.44E-02
   79    -777.5549749423      5.10E-02
   80   -1018.4527340397      1.50E-02
   81    -882.5205751166      4.13E-02
   82   -1017.0616186804      1.73E-02
   83   -1041.2049005673      5.48E-03
   84   -1036.9127181819      8.58E-03
   85   -1043.1262519521      2.19E-03
   86   -1043.2307168600      1.79E-03
   87   -1043.3970174250      3.11E-04
   88   -1043.4011584277      1.50E-04
   89   -1043.4022252923      4.43E-05
   90   -1043.4023294663      2.97E-05
   91   -1043.4023822661      9.09E-06
   92   -1043.4023886750      4.44E-06
   93   -1043.4023902700      1.74E-06
   94   -1043.4023905934      5.37E-07
   95   -1043.4023906933      2.86E-07
   96   -1043.4023907422      1.65E-07
   97   -1043.4023907618      8.42E-08
   98   -1043.4023907662      4.38E-08
   99   -1043.4023907668      2.51E-08
  100   -1043.4023907671      8.29E-09 Convergence criterion met
 ---------------------------------------

************** Final PCM Free Energy Summary **************
 G_electrostatic  =      -0.09143492 hartree =     -57.37627775 kcal/mol
 G_cavitation     =       0.00000000 hartree =       0.00000000 kcal/mol
 G_dispersion     =       0.00000000 hartree =       0.00000000 kcal/mol
 G_repulsion      =       0.00000000 hartree =       0.00000000 kcal/mol
 --------------------------------------------------
 Non-electrostatic Free Energy =       0.00000000 hartree =       0.00000000 kcal/mol
 Total                         =      -0.09143492 hartree =     -57.37627775 kcal/mol
 --------------------------------------------------
 SCF Energy (H0 + V/2)                       =   -1043.40239077 
 Solute Internal Energy (H0)                 =   -1043.31095585 
 Total Free Energy (H0 + V/2 + non-elec)     =   -1043.40239077 hartree
                                             = -654744.88227040 kcal/mol
***********************************************************

 <S^2> = 0.7587
 SCF time:  CPU 23422.68 s  wall 3725.68 s
 SCF   energy in the final basis set = -1043.40239077
 Total energy in the final basis set = -1043.40239077
 
 --------------------------------------------------------------
 
                    Orbital Energies (a.u.)
 --------------------------------------------------------------
 
 Alpha MOs
 -- Occupied --
-19.1348 -19.1346 -19.0754 -19.0746 -10.2184 -10.2174 -10.2124 -10.2117
-10.2028 -10.2027 -10.1655 -10.1620 -10.1573 -10.1547 -10.1545 -10.1543
-10.1541 -10.1539 -10.1538 -10.1536 -10.1533 -10.1511 -10.1499  -1.0596
 -1.0408  -0.9952  -0.9925  -0.8270  -0.8063  -0.7918  -0.7744  -0.7581
 -0.7329  -0.7084  -0.7000  -0.6899  -0.6624  -0.6420  -0.6322  -0.6001
 -0.5745  -0.5703  -0.5662  -0.5600  -0.5529  -0.5152  -0.4948  -0.4840
 -0.4789  -0.4659  -0.4641  -0.4448  -0.4432  -0.4379  -0.4329  -0.4306
 -0.4233  -0.4198  -0.4113  -0.4094  -0.4077  -0.4014  -0.3887  -0.3843
 -0.3819  -0.3792  -0.3680  -0.3671  -0.3619  -0.3543  -0.3499  -0.3451
 -0.3437  -0.3348  -0.3324  -0.3295  -0.3217  -0.3181  -0.3170  -0.3144
 -0.3136  -0.2965  -0.2891  -0.2852  -0.2632  -0.2381  -0.2351  -0.2219
 -0.1573
 -- Virtual --
 -0.0056   0.0002   0.0056   0.0085   0.0097   0.0113   0.0142   0.0172
  0.0229   0.0232   0.0294   0.0316   0.0335   0.0350   0.0371   0.0404
  0.0464   0.0478   0.0488   0.0536   0.0577   0.0581   0.0613   0.0624
  0.0680   0.0692   0.0721   0.0748   0.0776   0.0812   0.0864   0.0876
  0.0905   0.0933   0.0967   0.0997   0.1034   0.1074   0.1105   0.1131
  0.1174   0.1205   0.1216   0.1231   0.1268   0.1290   0.1293   0.1303
  0.1320   0.1329   0.1367   0.1379   0.1392   0.1404   0.1422   0.1437
  0.1443   0.1461   0.1481   0.1490   0.1514   0.1542   0.1548   0.1564
  0.1583   0.1599   0.1623   0.1663   0.1669   0.1694   0.1716   0.1734
  0.1741   0.1745   0.1772   0.1779   0.1812   0.1848   0.1853   0.1860
  0.1872   0.1928   0.1938   0.1953   0.1985   0.1999   0.2018   0.2040
  0.2051   0.2081   0.2112   0.2124   0.2152   0.2160   0.2190   0.2209
  0.2248   0.2255   0.2266   0.2318   0.2355   0.2399   0.2439   0.2449
  0.2474   0.2499   0.2562   0.2570   0.2588   0.2601   0.2619   0.2653
  0.2693   0.2709   0.2751   0.2778   0.2794   0.2840   0.2853   0.2863
  0.2894   0.2972   0.3030   0.3063   0.3088   0.3090   0.3130   0.3187
  0.3196   0.3227   0.3247   0.3257   0.3269   0.3291   0.3303   0.3329
  0.3345   0.3376   0.3392   0.3405   0.3421   0.3456   0.3482   0.3529
  0.3536   0.3589   0.3607   0.3641   0.3675   0.3732   0.3755   0.3802
  0.3815   0.3871   0.3915   0.3925   0.3953   0.4031   0.4070   0.4115
  0.4169   0.4193   0.4232   0.4264   0.4286   0.4304   0.4384   0.4419
  0.4513   0.4531   0.4558   0.4596   0.4694   0.4714   0.4738   0.4742
  0.4852   0.4982   0.5065   0.5079   0.5117   0.5167   0.5238   0.5271
  0.5340   0.5451   0.5543   0.5563   0.5700   0.5731   0.5885   0.5977
  0.6005   0.6121   0.6127   0.6184   0.6201   0.6279   0.6292   0.6347
  0.6406   0.6490   0.6576   0.6615   0.6622   0.6698   0.6729   0.6747
  0.6763   0.6824   0.6849   0.6862   0.6891   0.6906   0.6940   0.6978
  0.7055   0.7071   0.7087   0.7119   0.7145   0.7184   0.7189   0.7222
  0.7261   0.7281   0.7347   0.7382   0.7434   0.7448   0.7504   0.7541
  0.7558   0.7602   0.7626   0.7647   0.7674   0.7723   0.7766   0.7850
  0.7855   0.7875   0.7901   0.7926   0.7990   0.8029   0.8046   0.8097
  0.8186   0.8224   0.8295   0.8360   0.8503   0.8588   0.8853   0.8933
  0.9055   0.9169   0.9226   0.9324   0.9449   0.9508   0.9625   0.9704
  0.9788   0.9846   0.9910   1.0019   1.0071   1.0197   1.0239   1.0291
  1.0356   1.0416   1.0417   1.0556   1.0588   1.0644   1.0696   1.0862
  1.0902   1.1002   1.1031   1.1151   1.1380   1.1446   1.1514   1.1626
  1.1765   1.1798   1.2041   1.2172   1.2245   1.2329   1.2418   1.2511
  1.2540   1.2567   1.2659   1.2733   1.2753   1.2837   1.2887   1.2919
  1.2952   1.3036   1.3095   1.3122   1.3175   1.3482   1.3540   1.3661
  1.3706   1.3850   1.3919   1.4092   1.4119   1.4215   1.4243   1.4508
  1.4696   1.4758   1.4785   1.4851   1.4944   1.5037   1.5055   1.5187
  1.5239   1.5354   1.5522   1.5660   1.5719   1.5732   1.5811   1.5844
  1.5930   1.5955   1.6021   1.6053   1.6064   1.6104   1.6155   1.6205
  1.6240   1.6294   1.6320   1.6405   1.6477   1.6539   1.6641   1.6654
  1.6761   1.6780   1.6800   1.6831   1.6888   1.6927   1.6941   1.7007
  1.7048   1.7095   1.7138   1.7149   1.7249   1.7345   1.7345   1.7386
  1.7439   1.7473   1.7528   1.7534   1.7583   1.7611   1.7671   1.7738
  1.7861   1.8077   1.8088   1.8159   1.8164   1.8272   1.8325   1.8384
  1.8419   1.8553   1.8630   1.8673   1.8690   1.8810   1.8852   1.8889
  1.9026   1.9097   1.9115   1.9235   1.9315   1.9365   1.9498   1.9574
  1.9668   1.9863   2.0169   2.0317   2.0381   2.0403   2.0578   2.0713
  2.0817   2.1049   2.1119   2.1176   2.1266   2.1433   2.1532   2.1597
  2.1651   2.1688   2.1779   2.1892   2.2081   2.2134   2.2143   2.2253
  2.2327   2.2456   2.2487   2.2508   2.2588   2.2725   2.2845   2.2885
  2.2997   2.3054   2.3187   2.3274   2.3423   2.3530   2.3660   2.3757
  2.3864   2.3911   2.3979   2.4143   2.4289   2.4428   2.4463   2.4563
  2.4569   2.4707   2.4763   2.4856   2.4937   2.5116   2.5265   2.5350
  2.5365   2.5394   2.5460   2.5504   2.5511   2.5554   2.5640   2.5758
  2.5771   2.5825   2.5921   2.5964   2.6005   2.6106   2.6143   2.6189
  2.6285   2.6319   2.6448   2.6520   2.6577   2.6602   2.6718   2.6833
  2.6847   2.6923   2.7007   2.7120   2.7151   2.7223   2.7385   2.7525
  2.7588   2.7640   2.7665   2.7932   2.8046   2.8131   2.8201   2.8242
  2.8367   2.8434   2.8535   2.8593   2.8658   2.8825   2.8879   2.9000
  2.9088   2.9206   2.9296   2.9381   2.9442   2.9595   2.9623   2.9715
  2.9781   2.9821   2.9856   2.9931   2.9948   3.0198   3.0316   3.0365
  3.0434   3.0513   3.0595   3.0896   3.0936   3.1039   3.1047   3.1338
  3.1365   3.1501   3.1601   3.1877   3.1976   3.2225   3.2320   3.2636
  3.2791   3.2968   3.3093   3.3407   3.3538   3.3647   3.3688   3.4030
  3.4454   3.4805   3.4986   3.5194   3.5326   3.5439   3.5559   3.6159
  3.7748   3.7766   3.7838   3.7922   3.8015   3.8092   3.8143   3.8176
  3.8198   3.8216   3.8310   3.8436   3.8508   3.8575   3.8650   3.8799
  3.8983   3.9137   3.9330   3.9707   4.0226   4.0625   4.0632   4.0771
  4.1038   4.1444   4.1951   4.2231   4.2334   4.2558   4.2923   4.3006
  4.3325   4.3829   4.4134   4.4273   4.8433   5.0807   5.1033   5.1418
  5.1971   5.3016   5.3377   5.3720   5.4400   5.6334   5.7932   5.8295
  5.8809  23.5937  23.8213  23.8825  23.8976  23.9002  23.9030  23.9064
 23.9143  23.9281  23.9320  23.9332  23.9360  23.9402  23.9560  23.9719
 23.9887  24.0010  24.0914  24.1491  49.9282  49.9830  50.0574  50.1055
 
 Beta MOs
 -- Occupied --
-19.1346 -19.1344 -19.0688 -19.0682 -10.2165 -10.2156 -10.2114 -10.2108
-10.2027 -10.2026 -10.1645 -10.1610 -10.1573 -10.1547 -10.1545 -10.1543
-10.1541 -10.1540 -10.1538 -10.1535 -10.1533 -10.1511 -10.1500  -1.0586
 -1.0396  -0.9840  -0.9814  -0.8224  -0.8061  -0.7912  -0.7733  -0.7573
 -0.7318  -0.7054  -0.6991  -0.6888  -0.6605  -0.6361  -0.6312  -0.5994
 -0.5742  -0.5701  -0.5661  -0.5569  -0.5502  -0.5138  -0.4929  -0.4823
 -0.4788  -0.4638  -0.4624  -0.4438  -0.4415  -0.4368  -0.4311  -0.4298
 -0.4225  -0.4174  -0.4105  -0.4069  -0.4017  -0.3988  -0.3869  -0.3833
 -0.3804  -0.3701  -0.3658  -0.3609  -0.3566  -0.3500  -0.3441  -0.3402
 -0.3393  -0.3332  -0.3312  -0.3288  -0.3214  -0.3178  -0.3169  -0.3144
 -0.3134  -0.2960  -0.2861  -0.2812  -0.2374  -0.2329  -0.2292  -0.2159
 -- Virtual --
 -0.0865  -0.0043   0.0004   0.0070   0.0093   0.0111   0.0139   0.0160
  0.0206   0.0231   0.0243   0.0306   0.0325   0.0337   0.0370   0.0398
  0.0468   0.0478   0.0489   0.0538   0.0554   0.0580   0.0601   0.0614
  0.0631   0.0684   0.0694   0.0726   0.0749   0.0778   0.0817   0.0865
  0.0880   0.0907   0.0935   0.0969   0.1000   0.1036   0.1077   0.1107
  0.1134   0.1175   0.1206   0.1219   0.1233   0.1270   0.1292   0.1298
  0.1304   0.1324   0.1332   0.1369   0.1381   0.1394   0.1406   0.1424
  0.1438   0.1445   0.1464   0.1485   0.1493   0.1517   0.1545   0.1554
  0.1570   0.1585   0.1604   0.1645   0.1665   0.1687   0.1708   0.1718
  0.1739   0.1748   0.1749   0.1781   0.1784   0.1819   0.1853   0.1855
  0.1861   0.1878   0.1933   0.1941   0.1955   0.1992   0.2004   0.2031
  0.2044   0.2055   0.2087   0.2120   0.2126   0.2154   0.2165   0.2196
  0.2214   0.2255   0.2257   0.2269   0.2322   0.2360   0.2402   0.2442
  0.2452   0.2477   0.2502   0.2566   0.2577   0.2592   0.2604   0.2622
  0.2659   0.2698   0.2713   0.2756   0.2787   0.2800   0.2850   0.2861
  0.2873   0.2902   0.2987   0.3041   0.3076   0.3094   0.3100   0.3139
  0.3196   0.3203   0.3233   0.3255   0.3264   0.3280   0.3297   0.3312
  0.3334   0.3352   0.3382   0.3397   0.3411   0.3423   0.3472   0.3489
  0.3536   0.3543   0.3594   0.3618   0.3649   0.3684   0.3738   0.3760
  0.3805   0.3824   0.3884   0.3922   0.3928   0.3960   0.4036   0.4076
  0.4123   0.4172   0.4197   0.4240   0.4269   0.4291   0.4313   0.4394
  0.4428   0.4523   0.4535   0.4566   0.4603   0.4701   0.4721   0.4741
  0.4751   0.4871   0.4988   0.5071   0.5083   0.5136   0.5172   0.5250
  0.5276   0.5343   0.5456   0.5546   0.5569   0.5701   0.5734   0.5887
  0.5989   0.6014   0.6130   0.6139   0.6195   0.6208   0.6283   0.6298
  0.6371   0.6414   0.6498   0.6589   0.6616   0.6625   0.6701   0.6731
  0.6757   0.6765   0.6832   0.6854   0.6867   0.6895   0.6908   0.6949
  0.6988   0.7063   0.7078   0.7122   0.7127   0.7155   0.7194   0.7201
  0.7230   0.7266   0.7289   0.7352   0.7387   0.7446   0.7453   0.7512
  0.7548   0.7565   0.7609   0.7631   0.7653   0.7680   0.7726   0.7780
  0.7852   0.7858   0.7878   0.7907   0.7934   0.7995   0.8034   0.8049
  0.8107   0.8195   0.8230   0.8298   0.8370   0.8506   0.8597   0.8895
  0.8944   0.9066   0.9176   0.9241   0.9352   0.9461   0.9516   0.9638
  0.9720   0.9803   0.9847   0.9917   1.0036   1.0074   1.0206   1.0245
  1.0301   1.0374   1.0420   1.0461   1.0560   1.0595   1.0651   1.0717
  1.0880   1.0916   1.1023   1.1049   1.1188   1.1408   1.1454   1.1535
  1.1662   1.1789   1.1857   1.2046   1.2200   1.2285   1.2344   1.2426
  1.2519   1.2563   1.2591   1.2702   1.2743   1.2777   1.2859   1.2893
  1.2945   1.2960   1.3053   1.3109   1.3151   1.3201   1.3502   1.3563
  1.3673   1.3713   1.3871   1.3944   1.4119   1.4135   1.4231   1.4263
  1.4519   1.4696   1.4762   1.4788   1.4852   1.4949   1.5040   1.5068
  1.5195   1.5275   1.5361   1.5536   1.5662   1.5720   1.5739   1.5812
  1.5846   1.5933   1.5957   1.6022   1.6058   1.6067   1.6108   1.6158
  1.6209   1.6242   1.6295   1.6322   1.6412   1.6489   1.6550   1.6643
  1.6664   1.6763   1.6784   1.6803   1.6837   1.6894   1.6929   1.6943
  1.7015   1.7062   1.7103   1.7149   1.7161   1.7263   1.7355   1.7365
  1.7398   1.7447   1.7476   1.7536   1.7543   1.7586   1.7614   1.7678
  1.7743   1.7871   1.8088   1.8102   1.8169   1.8171   1.8303   1.8328
  1.8403   1.8443   1.8575   1.8647   1.8692   1.8707   1.8824   1.8863
  1.8901   1.9037   1.9112   1.9126   1.9243   1.9349   1.9375   1.9516
  1.9592   1.9683   1.9898   2.0179   2.0322   2.0394   2.0414   2.0588
  2.0715   2.0824   2.1059   2.1125   2.1182   2.1271   2.1437   2.1540
  2.1602   2.1653   2.1696   2.1783   2.1915   2.2095   2.2139   2.2160
  2.2258   2.2337   2.2467   2.2508   2.2519   2.2604   2.2734   2.2849
  2.2891   2.3000   2.3069   2.3197   2.3286   2.3426   2.3533   2.3666
  2.3774   2.3866   2.3915   2.3981   2.4150   2.4293   2.4441   2.4469
  2.4569   2.4571   2.4715   2.4773   2.4857   2.4944   2.5121   2.5266
  2.5353   2.5368   2.5395   2.5462   2.5504   2.5515   2.5556   2.5641
  2.5763   2.5775   2.5827   2.5922   2.5966   2.6007   2.6111   2.6147
  2.6192   2.6289   2.6321   2.6451   2.6524   2.6589   2.6606   2.6721
  2.6848   2.6870   2.6949   2.7010   2.7128   2.7155   2.7229   2.7386
  2.7529   2.7601   2.7661   2.7695   2.7946   2.8112   2.8145   2.8202
  2.8249   2.8376   2.8436   2.8548   2.8607   2.8670   2.8858   2.8931
  2.9031   2.9198   2.9236   2.9380   2.9449   2.9520   2.9598   2.9634
  2.9742   2.9824   2.9833   2.9901   2.9959   2.9971   3.0221   3.0337
  3.0370   3.0462   3.0525   3.0643   3.0914   3.0941   3.1052   3.1068
  3.1357   3.1401   3.1549   3.1618   3.1892   3.1989   3.2238   3.2341
  3.2671   3.2797   3.2990   3.3119   3.3543   3.3589   3.3662   3.3808
  3.4043   3.4456   3.4815   3.4992   3.5209   3.5341   3.5485   3.5582
  3.6184   3.7755   3.7767   3.7839   3.7942   3.8017   3.8101   3.8156
  3.8177   3.8198   3.8219   3.8318   3.8439   3.8511   3.8594   3.8650
  3.8801   3.8989   3.9138   3.9331   3.9727   4.0230   4.0630   4.0633
  4.0771   4.1039   4.1445   4.1953   4.2259   4.2356   4.2563   4.2952
  4.3028   4.3332   4.3832   4.4144   4.4277   4.8486   5.0870   5.1270
  5.1641   5.1997   5.3061   5.3419   5.3739   5.4409   5.6357   5.7960
  5.8331   5.8842  23.5950  23.8226  23.8825  23.8976  23.9003  23.9040
 23.9064  23.9146  23.9283  23.9321  23.9333  23.9361  23.9405  23.9581
 23.9720  23.9887  24.0013  24.0924  24.1500  49.9287  49.9840  50.0636
 50.1112
 --------------------------------------------------------------
 
          Ground-State Mulliken Net Atomic Charges

     Atom                 Charge (a.u.)    Spin (a.u.)
  --------------------------------------------------------
      1 C                     1.039287       0.075084
      2 C                     0.875885       0.082306
      3 C                    -0.609052      -0.000193
      4 C                    -0.490721       0.093998
      5 O                    -0.513424       0.238464
      6 C                    -0.145926       0.076475
      7 C                    -0.308530       0.079364
      8 O                    -0.214306       0.000119
      9 C                    -0.283195       0.002119
     10 C                    -0.623308       0.099951
     11 O                    -0.490159       0.236700
     12 O                    -0.205851       0.000497
     13 C                    -0.282062       0.003044
     14 H                     0.174758      -0.001679
     15 H                     0.170255       0.003186
     16 H                     0.182999       0.004736
     17 H                     0.145866       0.000701
     18 H                     0.163685       0.000433
     19 H                     0.173171      -0.000444
     20 H                     0.170850      -0.000621
     21 H                     0.170206       0.000704
     22 H                     0.145514       0.000479
     23 C                    -0.404548       0.005066
     24 C                    -0.924994      -0.002135
     25 C                    -0.274625       0.006320
     26 C                     0.017605      -0.004478
     27 C                     0.069373      -0.000143
     28 C                    -0.012202      -0.000140
     29 C                    -0.249417       0.000112
     30 C                    -0.461026       0.000014
     31 C                    -0.292582       0.000010
     32 C                    -0.711793      -0.000004
     33 H                     0.212564       0.002933
     34 H                     0.165878      -0.000056
     35 H                     0.141247      -0.000487
     36 H                     0.198561      -0.002369
     37 H                     0.129756       0.000046
     38 H                     0.119012      -0.000222
     39 H                     0.133567       0.000044
     40 H                     0.128628       0.000080
     41 H                     0.133465      -0.000008
     42 H                     0.136060      -0.000005
     43 H                     0.133671      -0.000002
     44 H                     0.135265       0.000002
     45 H                     0.131095       0.000002
     46 H                     0.131250      -0.000004
     47 H                     0.128322       0.000000
     48 H                     0.128558       0.000000
     49 H                     0.135104      -0.000000
     50 H                     0.135213       0.000000
     51 H                     0.144773      -0.000001
     52 H                     0.151619      -0.000000
     53 H                     0.144660       0.000000
  --------------------------------------------------------
  Sum of atomic charges =    -1.000000
  Sum of spin   charges =     1.000000

 -----------------------------------------------------------------
                    Cartesian Multipole Moments
 -----------------------------------------------------------------
    Charge (ESU x 10^10)
                -4.8032
    Dipole Moment (Debye)
         X      17.8500      Y       1.1374      Z      -0.9080
       Tot      17.9093
    Quadrupole Moments (Debye-Ang)
        XX    -245.0118     XY       7.4015     YY    -153.0614
        XZ       8.2897     YZ      -2.6207     ZZ    -148.4755
    Octopole Moments (Debye-Ang^2)
       XXX     644.5630    XXY    -316.9089    XYY      52.6454
       YYY    -695.7429    XXZ    -207.7116    XYZ      28.5827
       YYZ    -133.2597    XZZ      28.4846    YZZ    -215.4642
       ZZZ    -423.6892
    Hexadecapole Moments (Debye-Ang^3)
      XXXX  -22898.9791   XXXY   -3852.0139   XXYY   -4923.5536
      XYYY   -4062.4206   YYYY   -7845.6468   XXXZ   -1159.1524
      XXYZ    -707.9198   XYYZ    -518.6209   YYYZ   -1625.3594
      XXZZ   -3625.4213   XYZZ   -1388.7990   YYZZ   -1745.1452
      XZZZ   -1658.2028   YZZZ   -1695.5550   ZZZZ   -2596.3991
 -----------------------------------------------------------------
 Total job time:  3837.37s(wall), 23433.64s(cpu) 
 Thu Jun 13 15:16:42 2024

        *************************************************************
        *                                                           *
        *  Thank you very much for using Q-Chem.  Have a nice day.  *
        *                                                           *
        *************************************************************


