
Running Job 1 of 1 197-rad-SM12.in
qchem 197-rad-SM12.in_63145.0 /expanse/lustre/scratch/selhajj/temp_project/qcscratch/28446393/qchem63145/ 0
/cm/shared/apps/spack/cpu/opt/spack/linux-centos8-zen2/gcc-10.2.0/qchem-5.4-akfmr7b3t57bfs6qan3padb2wnb2i7cl/exe/qcprog.exe_s 197-rad-SM12.in_63145.0 /expanse/lustre/scratch/selhajj/temp_project/qcscratch/28446393/qchem63145/
                  Welcome to Q-Chem
     A Quantum Leap Into The Future Of Chemistry


 Q-Chem 5.4, Q-Chem, Inc., Pleasanton, CA (2021)

 License issued to: University of California, San Diego (site)

 E. Epifanovsky,  A. T. B. Gilbert,  Xintian Feng,  Joonho Lee,  Yuezhi Mao,  
 N. Mardirossian,  P. Pokhilko,  A. White,  M. Wormit,  M. P. Coons,  
 A. L. Dempwolff,  Zhengting Gan,  D. Hait,  P. R. Horn,  L. D. Jacobson,  
 I. Kaliman,  J. Kussmann,  A. W. Lange,  Ka Un Lao,  D. S. Levine,  Jie Liu,  
 S. C. McKenzie,  A. F. Morrison,  K. Nanda,  F. Plasser,  D. R. Rehn,  
 M. L. Vidal,  Zhi-Qiang You,  Ying Zhu,  B. Alam,  B. Albrecht,  
 A. Aldossary,  E. Alguire,  J. H. Andersen,  D. Barton,  K. Begam,  A. Behn,  
 Y. A. Bernard,  E. J. Berquist,  H. Burton,  A. Carreras,  K. Carter-Fenk,  
 R. Chakraborty,  A. D. Chien,  K. D. Closser,  V. Cofer-Shabica,  
 S. Dasgupta,  Jia Deng,  M. de Wergifosse,  M. Diedenhofen,  Hainam Do,  
 S. Ehlert,  Po-Tung Fang,  S. Fatehi,  Qingguo Feng,  J. Gayvert,  
 Qinghui Ge,  G. Gidofalvi,  M. Goldey,  J. Gomes,  C. Gonzalez-Espinoza,  
 S. Gulania,  A. Gunina,  M. W. D. Hanson-Heine,  P. H. P. Harbach,  
 A. W. Hauser,  M. F. Herbst,  M. Hernandez Vera,  M. Hodecker,  
 Z. C. Holden,  S. Houck,  Xunkun Huang,  Kerwin Hui,  B. C. Huynh,  
 M. Ivanov,  Hyunjun Ji,  Hanjie Jiang,  B. Kaduk,  S. Kaehler,  
 K. Khistyaev,  Jaehoon Kim,  P. Klunzinger,  Z. Koczor-Benda,  
 Joong Hoon Koh,  D. Kosenkov,  L. Koulias,  T. Kowalczyk,  C. M. Krauter,  
 K. Kue,  A. Kunitsa,  T. Kus,  A. Landau,  K. V. Lawler,  D. Lefrancois,  
 S. Lehtola,  Rain Li,  Yi-Pei Li,  Jiashu Liang,  M. Liebenthal,  
 Hung-Hsuan Lin,  You-Sheng Lin,  Fenglai Liu,  Kuan-Yu Liu,  
 M. Loipersberger,  A. Luenser,  A. Manjanath,  P. Manohar,  E. Mansoor,  
 S. F. Manzer,  Shan-Ping Mao,  A. V. Marenich,  T. Markovich,  S. Mason,  
 S. A. Maurer,  P. F. McLaughlin,  M. F. S. J. Menger,  J.-M. Mewes,  
 S. A. Mewes,  P. Morgante,  J. W. Mullinax,  T. S. Nguyen-Beck,  
 K. J. Oosterbaan,  G. Paran,  Alexander C. Paul,  Suranjan K. Paul,  
 F. Pavosevic,  Zheng Pei,  S. Prager,  E. I. Proynov,  E. Ramos,  B. Rana,  
 A. E. Rask,  A. Rettig,  R. M. Richard,  F. Rob,  E. Rossomme,  T. Scheele,  
 M. Scheurer,  M. Schneider,  N. Sergueev,  S. M. Sharada,  W. Skomorowski,  
 D. W. Small,  C. J. Stein,  Yu-Chuan Su,  E. J. Sundstrom,  Zhen Tao,  
 J. Thirman,  T. Tsuchimochi,  N. M. Tubman,  S. P. Veccham,  O. Vydrov,  
 J. Wenzel,  J. Witte,  A. Yamada,  Kun Yao,  S. Yeganeh,  S. R. Yost,  
 A. Zech,  Igor Ying Zhang,  Xing Zhang,  Yu Zhang,  D. Zuev,  
 A. Aspuru-Guzik,  A. T. Bell,  N. A. Besley,  K. B. Bravaya,  B. R. Brooks,  
 D. Casanova,  Jeng-Da Chai,  S. Coriani,  C. J. Cramer,  
 A. E. DePrince, III,  R. A. DiStasio Jr.,  A. Dreuw,  B. D. Dunietz,  
 T. R. Furlani,  W. A. Goddard III,  S. Grimme,  S. Hammes-Schiffer,  
 T. Head-Gordon,  W. J. Hehre,  Chao-Ping Hsu,  T.-C. Jagau,  Yousung Jung,  
 A. Klamt,  Jing Kong,  D. S. Lambrecht,  WanZhen Liang,  N. J. Mayhall,  
 C. W. McCurdy,  J. B. Neaton,  C. Ochsenfeld,  J. A. Parkhill,  R. Peverati,  
 V. A. Rassolov,  Yihan Shao,  L. V. Slipchenko,  T. Stauch,  R. P. Steele,  
 J. E. Subotnik,  A. J. W. Thom,  A. Tkatchenko,  D. G. Truhlar,  
 T. Van Voorhis,  T. A. Wesolowski,  K. B. Whaley,  H. L. Woodcock III,  
 P. M. Zimmerman,  S. Faraji,  P. M. W. Gill,  M. Head-Gordon,  
 J. M. Herbert,  A. I. Krylov

 Contributors to earlier versions of Q-Chem not listed above: 
 R. D. Adamson,  B. Austin,  R. Baer,  J. Baker,  G. J. O. Beran,  
 K. Brandhorst,  S. T. Brown,  E. F. C. Byrd,  A. K. Chakraborty,  
 G. K. L. Chan,  Chun-Min Chang,  Yunqing Chen,  C.-L. Cheng,  
 Siu Hung Chien,  D. M. Chipman,  D. L. Crittenden,  H. Dachsel,  
 R. J. Doerksen,  A. D. Dutoi,  R. G. Edgar,  J. Fosso-Tande,  
 L. Fusti-Molnar,  D. Ghosh,  A. Ghysels,  A. Golubeva-Zadorozhnaya,  
 J. Gonthier,  M. S. Gordon,  S. R. Gwaltney,  G. Hawkins,  J. E. Herr,  
 A. Heyden,  S. Hirata,  E. G. Hohenstein,  G. Kedziora,  F. J. Keil,  
 C. Kelley,  Jihan Kim,  R. A. King,  R. Z. Khaliullin,  P. P. Korambath,  
 W. Kurlancheek,  A. Laurent,  A. M. Lee,  M. S. Lee,  S. V. Levchenko,  
 Ching Yeh Lin,  D. Liotard,  E. Livshits,  R. C. Lochan,  I. Lotan,  
 L. A. Martinez-Martinez,  P. E. Maslen,  N. Nair,  D. P. O'Neill,  
 D. Neuhauser,  E. Neuscamman,  C. M. Oana,  R. Olivares-Amaya,  R. Olson,  
 T. M. Perrine,  B. Peters,  P. A. Pieniazek,  A. Prociuk,  Y. M. Rhee,  
 J. Ritchie,  M. A. Rohrdanz,  E. Rosta,  N. J. Russ,  H. F. Schaefer III,  
 M. W. Schmidt,  N. E. Schultz,  S. Sharma,  N. Shenvi,  C. D. Sherrill,  
 A. C. Simmonett,  A. Sodt,  T. Stein,  D. Stuck,  K. S. Thanthiriwatte,  
 V. Vanovschi,  L. Vogt,  Tao Wang,  A. Warshel,  M. A. Watson,  
 C. F. Williams,  Q. Wu,  X. Xu,  Jun Yang,  W. Zhang,  Yan Zhao

 Please cite Q-Chem as follows:
 Y. Shao et al., Mol. Phys. 113, 184-215 (2015)
 DOI: 10.1080/00268976.2014.952696

 Q-Chem 5.4.0 for Intel X86 EM64T Linux

 Parts of Q-Chem use Armadillo 9.800.1 (Horizon Scraper).
 http://arma.sourceforge.net/

 Q-Chem begins on Sat Feb  3 12:51:43 2024  

 Host: 
0

     Scratch files written to /expanse/lustre/scratch/selhajj/temp_project/qcscratch/28446393/qchem63145//
 May1621 |scratch|qcdevops|jenkins|workspace|build_RNUM    
 Processing $rem in /cm/shared/apps/spack/cpu/opt/spack/linux-centos8-zen2/gcc-10.2.0/qchem-5.4-akfmr7b3t57bfs6qan3padb2wnb2i7cl/config/preferences:
 Processing $rem in /home/selhajj/.qchemrc:
 Symmetry turned off for PCM/SM12/SMD calculation
 Method-specific promolecule density matrix will be built for SM12 calculation

 Checking the input file for inconsistencies... 	...done.

--------------------------------------------------------------
User input:
--------------------------------------------------------------
$molecule
-1 2
C                 -4.0127750000     -1.0154600000      0.2448240000
C                 -2.6318800000     -0.4069570000      0.2506500000
C                 -2.4618100000      0.9859470000      0.4234900000
C                 -3.6584280000      1.8873140000      0.6047720000
C                 -1.1773990000      1.5382140000      0.4275190000
O                 -1.0342710000      2.8775240000      0.5951240000
C                 -0.0284420000      0.7174700000      0.2590200000
C                  1.2894280000      1.3160820000      0.2670590000
O                  1.4524520000      2.5758220000      0.4231420000
C                  2.4314280000      0.4349040000      0.0907060000
C                  3.7387720000      0.9699190000      0.0910310000
C                  4.8407130000      0.1555970000     -0.0745060000
C                  4.6707000000     -1.2364980000     -0.2478710000
C                  3.4027380000     -1.7815220000     -0.2515590000
C                  2.2600870000     -0.9681030000     -0.0839280000
C                  0.9370610000     -1.5691450000     -0.0918320000
O                  0.7921080000     -2.8309470000     -0.2490920000
C                 -0.2004920000     -0.6914870000      0.0838870000
C                 -1.5157060000     -1.2321420000      0.0834250000
O                 -1.6992140000     -2.5669240000     -0.0810000000
H                 -3.9529930000     -2.0930780000      0.1011750000
H                 -4.6339420000     -0.5959590000     -0.5559170000
H                 -4.5412140000     -0.8229380000      1.1864650000
H                 -4.2435550000      1.6062810000      1.4889090000
H                 -3.3410130000      2.9223420000      0.7206540000
H                 -4.3386910000      1.8303430000     -0.2536970000
H                 -0.0388230000      3.0355640000      0.5625180000
H                  3.8418330000      2.0401170000      0.2257980000
H                  5.8388220000      0.5830470000     -0.0717630000
H                  5.5385050000     -1.8759670000     -0.3780110000
H                  3.2451280000     -2.8455300000     -0.3825530000
H                 -0.7691260000     -2.9438320000     -0.1799910000
$end

$rem
BASIS  =  6-311++G(d,p)
GUI  =  2
JOB_TYPE  =  SP
METHOD  =  B3LYP
SCF_CONVERGENCE  = 8
SOLVENT_METHOD = sm12
$end

$smx
solvent dimethylformamide
charges CM5
$end





--------------------------------------------------------------
 ----------------------------------------------------------------
             Standard Nuclear Orientation (Angstroms)
    I     Atom           X                Y                Z
 ----------------------------------------------------------------
    1      C      -4.0127750000    -1.0154600000     0.2448240000
    2      C      -2.6318800000    -0.4069570000     0.2506500000
    3      C      -2.4618100000     0.9859470000     0.4234900000
    4      C      -3.6584280000     1.8873140000     0.6047720000
    5      C      -1.1773990000     1.5382140000     0.4275190000
    6      O      -1.0342710000     2.8775240000     0.5951240000
    7      C      -0.0284420000     0.7174700000     0.2590200000
    8      C       1.2894280000     1.3160820000     0.2670590000
    9      O       1.4524520000     2.5758220000     0.4231420000
   10      C       2.4314280000     0.4349040000     0.0907060000
   11      C       3.7387720000     0.9699190000     0.0910310000
   12      C       4.8407130000     0.1555970000    -0.0745060000
   13      C       4.6707000000    -1.2364980000    -0.2478710000
   14      C       3.4027380000    -1.7815220000    -0.2515590000
   15      C       2.2600870000    -0.9681030000    -0.0839280000
   16      C       0.9370610000    -1.5691450000    -0.0918320000
   17      O       0.7921080000    -2.8309470000    -0.2490920000
   18      C      -0.2004920000    -0.6914870000     0.0838870000
   19      C      -1.5157060000    -1.2321420000     0.0834250000
   20      O      -1.6992140000    -2.5669240000    -0.0810000000
   21      H      -3.9529930000    -2.0930780000     0.1011750000
   22      H      -4.6339420000    -0.5959590000    -0.5559170000
   23      H      -4.5412140000    -0.8229380000     1.1864650000
   24      H      -4.2435550000     1.6062810000     1.4889090000
   25      H      -3.3410130000     2.9223420000     0.7206540000
   26      H      -4.3386910000     1.8303430000    -0.2536970000
   27      H      -0.0388230000     3.0355640000     0.5625180000
   28      H       3.8418330000     2.0401170000     0.2257980000
   29      H       5.8388220000     0.5830470000    -0.0717630000
   30      H       5.5385050000    -1.8759670000    -0.3780110000
   31      H       3.2451280000    -2.8455300000    -0.3825530000
   32      H      -0.7691260000    -2.9438320000    -0.1799910000
 ----------------------------------------------------------------
 Nuclear Repulsion Energy =        1498.74392348 hartrees
 There are       71 alpha and       70 beta electrons
 Requested basis set is 6-311++G(d,p)
 There are 180 shells and 524 basis functions

 Total QAlloc Memory Limit   8000 MB
 Mega-Array Size       188 MB
 MEM_STATIC part       192 MB
 A cutoff of  1.0D-11 yielded  12140 shell pairs
 There are    107104 function pairs (    114704 Cartesian)
 Smallest overlap matrix eigenvalue = 1.81E-08

 Q-Chem warning in module stvman/mkSTV.C, line 323:

 Overlap eigenvalue is smaller than square root of threshold
 Use THRESH >= 12 to get rid of this warning

 Linear dependence detected in AO basis
 Tighter screening thresholds may be required for diffuse basis sets
 Use S2THRESH > 14 and THRESH = 14 in case of SCF convergence issues
 Number of orthogonalized atomic orbitals = 515
 Maximum deviation from orthogonality = 3.044E-10

 Scale SEOQF with 1.000000e-02/1.000000e-01/1.000000e-01

 Standard Electronic Orientation quadrupole field applied
 Nucleus-field energy     =     0.0000000318 hartrees
 ================ Generating on-the-fly Promolecule Density  ================
Attempting to make child job directory: /expanse/lustre/scratch/selhajj/temp_project/qcscratch/28446393/qchem63145//Frg1/
Attempting to make child job directory: /expanse/lustre/scratch/selhajj/temp_project/qcscratch/28446393/qchem63145//Frg2/
Attempting to make child job directory: /expanse/lustre/scratch/selhajj/temp_project/qcscratch/28446393/qchem63145//Frg3/
Creating input file /expanse/lustre/scratch/selhajj/temp_project/qcscratch/28446393/qchem63145/Frg1.input
using default PutDataFrgm: nothing
calling putenv with: QCSCRATCH=/expanse/lustre/scratch/selhajj/temp_project/qcscratch/28446393/qchem63145/ 
Spawning Job For Fragment 0
Done Job For Fragment 0
calling putenv with: QCSCRATCH=/expanse/lustre/scratch/selhajj/temp_project/qcscratch/28446393 
calling putenv with: QCTHREADS=8 
Creating input file /expanse/lustre/scratch/selhajj/temp_project/qcscratch/28446393/qchem63145/Frg2.input
using default PutDataFrgm: nothing
calling putenv with: QCSCRATCH=/expanse/lustre/scratch/selhajj/temp_project/qcscratch/28446393/qchem63145/ 
Spawning Job For Fragment 1
Done Job For Fragment 1
calling putenv with: QCSCRATCH=/expanse/lustre/scratch/selhajj/temp_project/qcscratch/28446393 
calling putenv with: QCTHREADS=8 
Creating input file /expanse/lustre/scratch/selhajj/temp_project/qcscratch/28446393/qchem63145/Frg3.input
using default PutDataFrgm: nothing
calling putenv with: QCSCRATCH=/expanse/lustre/scratch/selhajj/temp_project/qcscratch/28446393/qchem63145/ 
Spawning Job For Fragment 2
Done Job For Fragment 2
calling putenv with: QCSCRATCH=/expanse/lustre/scratch/selhajj/temp_project/qcscratch/28446393 
calling putenv with: QCTHREADS=8 
 Time for running child jobs:  CPU 0.01 s  wall 3.48 s
 ============= Method Specific Promolecule Density Constructed =============
 Guess from superposition of atomic densities
 Warning:  Energy on first SCF cycle will be non-variational
 SAD guess density has 140.000000 electrons

 -----------------------------------------------------------------------
  General SCF calculation program by
  Eric Jon Sundstrom, Paul Horn, Yuezhi Mao, Dmitri Zuev, Alec White,
  David Stuck, Shaama M.S., Shane Yost, Joonho Lee, David Small,
  Daniel Levine, Susi Lehtola, Hugh Burton, Evgeny Epifanovsky,
  Bang C. Huynh
 -----------------------------------------------------------------------
 Exchange:     0.2000 Hartree-Fock + 0.0800 Slater + 0.7200 B88
 Correlation:  0.1900 VWN1RPA + 0.8100 LYP
 Using SG-1 standard quadrature grid
 using 8 threads for integral computing
 -------------------------------------------------------
 OpenMP Integral computing Module                
 Release: version 1.0, May 2013, Q-Chem Inc. Pittsburgh 
 -------------------------------------------------------
 
 SM12 calculation using CM5 charges
 Citation of the SM12 model:
 Marenich, A.V.; Cramer, C.J.; Truhlar, D.G.
 J. Chem. Theory Comput. 2013, 9, 609-612.
 iSolventCode=          91
 Solvent: dimethylformamide                                               
 
Hirshfeld: reading atomic densities from disk.
warning:  vdwdata pointer should have been initialzed before dftman
 Inaccurate integrated density:
   Number of electrons =   141
   Numerical integral  =   139.996109082487
   Relative error      =    -0.7119793741 %

 Charges (in A.U.) from CM5PAC (Nov. 11, 2011)
 -----------------------------------------------
 Center     Atomic      CM5         Hirshfeld
 Number     Number      Charge      Charge
 -----------------------------------------------
    1          6       -0.146278   -0.003963
    2          6       -0.010203   -0.000566
    3          6       -0.010107   -0.000470
    4          6       -0.146228   -0.003912
    5          6        0.025647    0.007958
    6          8       -0.208607   -0.023008
    7          6        0.004596    0.002880
    8          6        0.035289    0.007994
    9          8       -0.097470   -0.019692
   10          6       -0.001488    0.000371
   11          6       -0.051859   -0.000249
   12          6       -0.057787   -0.002639
   13          6       -0.057754   -0.002607
   14          6       -0.051946   -0.000336
   15          6       -0.001546    0.000312
   16          6        0.035240    0.007943
   17          8       -0.097490   -0.019720
   18          6        0.004577    0.002861
   19          6        0.025571    0.007884
   20          8       -0.208616   -0.023006
   21          1        0.063877    0.005120
   22          1        0.054937    0.002962
   23          1        0.054907    0.002929
   24          1        0.054909    0.002938
   25          1        0.063862    0.005110
   26          1        0.054938    0.002957
   27          1        0.211400    0.013412
   28          1        0.066529    0.005477
   29          1        0.058546    0.003043
   30          1        0.058543    0.003040
   31          1        0.066500    0.005449
   32          1        0.211403    0.013419
 -----------------------------------------------

 Dipole moment (in Debye)
 -----------------------------------------------
                 X        Y        Z     Total
 -----------------------------------------------
 CM5          0.6336  -0.0692  -0.0406   0.6387
 Hirshfeld   -0.0253   0.0057   0.0048   0.0264
 -----------------------------------------------

 A unrestricted SCF calculation will be
 performed using DIIS
 SCF converges when DIIS error is below 1.0e-08
 ---------------------------------------
  Cycle       Energy         DIIS error
 ---------------------------------------
Hirshfeld: reading atomic densities from disk.

 Charges (in A.U.) from CM5PAC (Nov. 11, 2011)
 -----------------------------------------------
 Center     Atomic      CM5         Hirshfeld
 Number     Number      Charge      Charge
 -----------------------------------------------
    1          6       -0.417687   -0.275372
    2          6       -0.088285   -0.078647
    3          6       -0.088194   -0.078557
    4          6       -0.417616   -0.275300
    5          6        0.181711    0.164022
    6          8       -0.507659   -0.322060
    7          6       -0.103733   -0.105449
    8          6        0.245982    0.218687
    9          8       -0.572827   -0.495048
   10          6       -0.069800   -0.067941
   11          6       -0.171619   -0.120008
   12          6       -0.179585   -0.124438
   13          6       -0.179577   -0.124429
   14          6       -0.171711   -0.120101
   15          6       -0.069835   -0.067976
   16          6        0.245915    0.218619
   17          8       -0.572912   -0.495143
   18          6       -0.103770   -0.105486
   19          6        0.181613    0.163926
   20          8       -0.507659   -0.322049
   21          1        0.148207    0.089449
   22          1        0.158978    0.107003
   23          1        0.158952    0.106974
   24          1        0.158972    0.107001
   25          1        0.148213    0.089461
   26          1        0.158971    0.106990
   27          1        0.371433    0.173446
   28          1        0.168739    0.107687
   29          1        0.178067    0.122564
   30          1        0.178066    0.122563
   31          1        0.168717    0.107666
   32          1        0.371428    0.173443
 -----------------------------------------------

 Dipole moment (in Debye)
 -----------------------------------------------
                 X        Y        Z     Total
 -----------------------------------------------
 CM5         -1.9523   0.2262  -0.6517   2.0706
 Hirshfeld   -2.6112   0.3011  -0.6063   2.6975
 -----------------------------------------------

    1    -922.9188094103      1.47e-02  
Hirshfeld: reading atomic densities from disk.

 Charges (in A.U.) from CM5PAC (Nov. 11, 2011)
 -----------------------------------------------
 Center     Atomic      CM5         Hirshfeld
 Number     Number      Charge      Charge
 -----------------------------------------------
    1          6       -0.002531    0.139784
    2          6        0.037094    0.046732
    3          6        0.037219    0.046856
    4          6       -0.002454    0.139862
    5          6       -0.130150   -0.147839
    6          8       -0.256525   -0.070926
    7          6       -0.089662   -0.091378
    8          6       -0.210950   -0.238245
    9          8        0.019008    0.096786
   10          6       -0.040991   -0.039132
   11          6       -0.019125    0.032485
   12          6       -0.010484    0.044664
   13          6       -0.010471    0.044676
   14          6       -0.019123    0.032487
   15          6       -0.040981   -0.039122
   16          6       -0.210855   -0.238151
   17          8        0.019120    0.096889
   18          6       -0.089654   -0.091370
   19          6       -0.130220   -0.147908
   20          8       -0.256539   -0.070929
   21          1        0.006325   -0.052432
   22          1        0.003570   -0.048406
   23          1        0.003525   -0.048453
   24          1        0.003569   -0.048402
   25          1        0.006311   -0.052441
   26          1        0.003594   -0.048387
   27          1        0.190171   -0.007817
   28          1       -0.003375   -0.064427
   29          1        0.004325   -0.051178
   30          1        0.004324   -0.051179
   31          1       -0.003432   -0.064483
   32          1        0.190129   -0.007855
 -----------------------------------------------

 Dipole moment (in Debye)
 -----------------------------------------------
                 X        Y        Z     Total
 -----------------------------------------------
 CM5         -0.9174   0.1052  -0.7232   1.1729
 Hirshfeld   -1.5763   0.1802  -0.6778   1.7253
 -----------------------------------------------

    2    -917.8224318505      1.76e-03  
Hirshfeld: reading atomic densities from disk.

 Charges (in A.U.) from CM5PAC (Nov. 11, 2011)
 -----------------------------------------------
 Center     Atomic      CM5         Hirshfeld
 Number     Number      Charge      Charge
 -----------------------------------------------
    1          6       -0.210508   -0.068193
    2          6       -0.050570   -0.040933
    3          6       -0.050435   -0.040798
    4          6       -0.210431   -0.068115
    5          6        0.093866    0.076177
    6          8       -0.426839   -0.241240
    7          6        0.012109    0.010393
    8          6        0.155161    0.127866
    9          8       -0.516560   -0.438782
   10          6       -0.003302   -0.001443
   11          6       -0.095731   -0.044121
   12          6       -0.120447   -0.065299
   13          6       -0.120437   -0.065289
   14          6       -0.095811   -0.044201
   15          6       -0.003350   -0.001492
   16          6        0.155123    0.127826
   17          8       -0.516665   -0.438896
   18          6        0.012084    0.010368
   19          6        0.093754    0.076066
   20          8       -0.426852   -0.241242
   21          1        0.077165    0.018407
   22          1        0.069114    0.017139
   23          1        0.069074    0.017097
   24          1        0.069109    0.017138
   25          1        0.077161    0.018409
   26          1        0.069120    0.017139
   27          1        0.288095    0.090107
   28          1        0.079372    0.018320
   29          1        0.080681    0.025178
   30          1        0.080682    0.025179
   31          1        0.079341    0.018290
   32          1        0.288083    0.090098
 -----------------------------------------------

 Dipole moment (in Debye)
 -----------------------------------------------
                 X        Y        Z     Total
 -----------------------------------------------
 CM5         -2.0094   0.2335  -0.6479   2.1242
 Hirshfeld   -2.6683   0.3084  -0.6025   2.7528
 -----------------------------------------------

    3    -917.5594340783      2.44e-03  
Hirshfeld: reading atomic densities from disk.

 Charges (in A.U.) from CM5PAC (Nov. 11, 2011)
 -----------------------------------------------
 Center     Atomic      CM5         Hirshfeld
 Number     Number      Charge      Charge
 -----------------------------------------------
    1          6       -0.238152   -0.095837
    2          6       -0.040342   -0.030705
    3          6       -0.040215   -0.030578
    4          6       -0.238075   -0.095759
    5          6        0.077833    0.060144
    6          8       -0.418288   -0.232689
    7          6       -0.084658   -0.086374
    8          6        0.091864    0.064568
    9          8       -0.359648   -0.281870
   10          6       -0.056631   -0.054772
   11          6       -0.103672   -0.052062
   12          6       -0.108836   -0.053689
   13          6       -0.108824   -0.053676
   14          6       -0.103735   -0.052125
   15          6       -0.056655   -0.054796
   16          6        0.091853    0.064557
   17          8       -0.359678   -0.281908
   18          6       -0.084676   -0.086392
   19          6        0.077734    0.060046
   20          8       -0.418298   -0.232688
   21          1        0.088363    0.029605
   22          1        0.084114    0.032139
   23          1        0.084075    0.032097
   24          1        0.084110    0.032138
   25          1        0.088361    0.029610
   26          1        0.084118    0.032137
   27          1        0.294387    0.096400
   28          1        0.094618    0.033566
   29          1        0.095618    0.040115
   30          1        0.095617    0.040114
   31          1        0.094590    0.033539
   32          1        0.294368    0.096384
 -----------------------------------------------

 Dipole moment (in Debye)
 -----------------------------------------------
                 X        Y        Z     Total
 -----------------------------------------------
 CM5         -1.3284   0.1546  -0.6945   1.5069
 Hirshfeld   -1.9873   0.2295  -0.6491   2.1032
 -----------------------------------------------

    4    -918.1606855917      5.90e-04  
Hirshfeld: reading atomic densities from disk.

 Charges (in A.U.) from CM5PAC (Nov. 11, 2011)
 -----------------------------------------------
 Center     Atomic      CM5         Hirshfeld
 Number     Number      Charge      Charge
 -----------------------------------------------
    1          6       -0.227634   -0.085319
    2          6       -0.040444   -0.030807
    3          6       -0.040324   -0.030687
    4          6       -0.227557   -0.085242
    5          6        0.059151    0.041463
    6          8       -0.404063   -0.218464
    7          6       -0.062429   -0.064145
    8          6        0.086174    0.058879
    9          8       -0.388862   -0.311084
   10          6       -0.036094   -0.034235
   11          6       -0.101183   -0.049572
   12          6       -0.110692   -0.055544
   13          6       -0.110681   -0.055534
   14          6       -0.101243   -0.049633
   15          6       -0.036119   -0.034261
   16          6        0.086164    0.058867
   17          8       -0.388916   -0.311147
   18          6       -0.062447   -0.064163
   19          6        0.059058    0.041371
   20          8       -0.404068   -0.218458
   21          1        0.084914    0.026156
   22          1        0.081897    0.029921
   23          1        0.081859    0.029882
   24          1        0.081892    0.029921
   25          1        0.084913    0.026161
   26          1        0.081904    0.029923
   27          1        0.293075    0.095088
   28          1        0.091683    0.030631
   29          1        0.093290    0.037787
   30          1        0.093289    0.037786
   31          1        0.091655    0.030604
   32          1        0.293056    0.095072
 -----------------------------------------------

 Dipole moment (in Debye)
 -----------------------------------------------
                 X        Y        Z     Total
 -----------------------------------------------
 CM5         -1.5077   0.1751  -0.6823   1.6641
 Hirshfeld   -2.1666   0.2501  -0.6369   2.2720
 -----------------------------------------------

    5    -918.1939123871      1.42e-04  
Hirshfeld: reading atomic densities from disk.

 Charges (in A.U.) from CM5PAC (Nov. 11, 2011)
 -----------------------------------------------
 Center     Atomic      CM5         Hirshfeld
 Number     Number      Charge      Charge
 -----------------------------------------------
    1          6       -0.227577   -0.085262
    2          6       -0.041370   -0.031733
    3          6       -0.041244   -0.031608
    4          6       -0.227500   -0.085184
    5          6        0.069193    0.051504
    6          8       -0.415139   -0.229540
    7          6       -0.060245   -0.061961
    8          6        0.091649    0.064354
    9          8       -0.383857   -0.306079
   10          6       -0.042162   -0.040303
   11          6       -0.101513   -0.049902
   12          6       -0.110598   -0.055450
   13          6       -0.110587   -0.055439
   14          6       -0.101576   -0.049966
   15          6       -0.042190   -0.040331
   16          6        0.091635    0.064339
   17          8       -0.383900   -0.306131
   18          6       -0.060266   -0.061982
   19          6        0.069093    0.051405
   20          8       -0.415149   -0.229539
   21          1        0.084516    0.025759
   22          1        0.080824    0.028848
   23          1        0.080786    0.028809
   24          1        0.080819    0.028848
   25          1        0.084515    0.025763
   26          1        0.080830    0.028849
   27          1        0.292637    0.094649
   28          1        0.090937    0.029885
   29          1        0.092562    0.037059
   30          1        0.092561    0.037058
   31          1        0.090909    0.029858
   32          1        0.292619    0.094634
 -----------------------------------------------

 Dipole moment (in Debye)
 -----------------------------------------------
                 X        Y        Z     Total
 -----------------------------------------------
 CM5         -1.4633   0.1701  -0.6853   1.6247
 Hirshfeld   -2.1222   0.2450  -0.6399   2.2301
 -----------------------------------------------

    6    -918.1965910258      5.19e-05  
Hirshfeld: reading atomic densities from disk.

 Charges (in A.U.) from CM5PAC (Nov. 11, 2011)
 -----------------------------------------------
 Center     Atomic      CM5         Hirshfeld
 Number     Number      Charge      Charge
 -----------------------------------------------
    1          6       -0.228597   -0.086282
    2          6       -0.040901   -0.031264
    3          6       -0.040776   -0.031139
    4          6       -0.228520   -0.086204
    5          6        0.068413    0.050725
    6          8       -0.411298   -0.225699
    7          6       -0.064427   -0.066143
    8          6        0.092435    0.065139
    9          8       -0.384960   -0.307182
   10          6       -0.041499   -0.039640
   11          6       -0.101197   -0.049587
   12          6       -0.110235   -0.055088
   13          6       -0.110224   -0.055076
   14          6       -0.101260   -0.049650
   15          6       -0.041526   -0.039667
   16          6        0.092423    0.065127
   17          8       -0.385009   -0.307239
   18          6       -0.064446   -0.066162
   19          6        0.068316    0.050628
   20          8       -0.411306   -0.225696
   21          1        0.084823    0.026066
   22          1        0.081048    0.029073
   23          1        0.081010    0.029033
   24          1        0.081044    0.029072
   25          1        0.084822    0.026070
   26          1        0.081054    0.029073
   27          1        0.292372    0.094384
   28          1        0.091065    0.030013
   29          1        0.092590    0.037086
   30          1        0.092589    0.037086
   31          1        0.091037    0.029986
   32          1        0.292353    0.094369
 -----------------------------------------------

 Dipole moment (in Debye)
 -----------------------------------------------
                 X        Y        Z     Total
 -----------------------------------------------
 CM5         -1.4571   0.1694  -0.6857   1.6192
 Hirshfeld   -2.1160   0.2443  -0.6403   2.2242
 -----------------------------------------------

    7    -918.1972921707      1.82e-05  
Hirshfeld: reading atomic densities from disk.

 Charges (in A.U.) from CM5PAC (Nov. 11, 2011)
 -----------------------------------------------
 Center     Atomic      CM5         Hirshfeld
 Number     Number      Charge      Charge
 -----------------------------------------------
    1          6       -0.228481   -0.086165
    2          6       -0.041142   -0.031505
    3          6       -0.041017   -0.031380
    4          6       -0.228403   -0.086088
    5          6        0.067384    0.049695
    6          8       -0.412433   -0.226834
    7          6       -0.062493   -0.064209
    8          6        0.091490    0.064195
    9          8       -0.384173   -0.306395
   10          6       -0.041128   -0.039269
   11          6       -0.101423   -0.049812
   12          6       -0.110476   -0.055328
   13          6       -0.110465   -0.055317
   14          6       -0.101485   -0.049875
   15          6       -0.041154   -0.039295
   16          6        0.091477    0.064181
   17          8       -0.384219   -0.306449
   18          6       -0.062513   -0.064229
   19          6        0.067285    0.049597
   20          8       -0.412442   -0.226832
   21          1        0.084847    0.026090
   22          1        0.081093    0.029117
   23          1        0.081054    0.029077
   24          1        0.081088    0.029117
   25          1        0.084846    0.026094
   26          1        0.081099    0.029118
   27          1        0.292656    0.094668
   28          1        0.091163    0.030111
   29          1        0.092704    0.037201
   30          1        0.092703    0.037200
   31          1        0.091135    0.030084
   32          1        0.292637    0.094653
 -----------------------------------------------

 Dipole moment (in Debye)
 -----------------------------------------------
                 X        Y        Z     Total
 -----------------------------------------------
 CM5         -1.4375   0.1672  -0.6871   1.6020
 Hirshfeld   -2.0964   0.2421  -0.6417   2.2057
 -----------------------------------------------

    8    -918.1972057691      7.01e-06  
Hirshfeld: reading atomic densities from disk.

 Charges (in A.U.) from CM5PAC (Nov. 11, 2011)
 -----------------------------------------------
 Center     Atomic      CM5         Hirshfeld
 Number     Number      Charge      Charge
 -----------------------------------------------
    1          6       -0.228334   -0.086019
    2          6       -0.041038   -0.031401
    3          6       -0.040913   -0.031276
    4          6       -0.228257   -0.085941
    5          6        0.067874    0.050185
    6          8       -0.412263   -0.226664
    7          6       -0.062842   -0.064558
    8          6        0.091396    0.064100
    9          8       -0.384301   -0.306523
   10          6       -0.041417   -0.039558
   11          6       -0.101391   -0.049781
   12          6       -0.110327   -0.055179
   13          6       -0.110316   -0.055168
   14          6       -0.101453   -0.049843
   15          6       -0.041443   -0.039585
   16          6        0.091383    0.064087
   17          8       -0.384350   -0.306580
   18          6       -0.062861   -0.064577
   19          6        0.067776    0.050088
   20          8       -0.412271   -0.226661
   21          1        0.084761    0.026004
   22          1        0.081010    0.029035
   23          1        0.080972    0.028995
   24          1        0.081006    0.029034
   25          1        0.084760    0.026008
   26          1        0.081017    0.029036
   27          1        0.292613    0.094625
   28          1        0.091204    0.030152
   29          1        0.092726    0.037223
   30          1        0.092725    0.037222
   31          1        0.091176    0.030125
   32          1        0.292594    0.094610
 -----------------------------------------------

 Dipole moment (in Debye)
 -----------------------------------------------
                 X        Y        Z     Total
 -----------------------------------------------
 CM5         -1.4418   0.1677  -0.6868   1.6058
 Hirshfeld   -2.1007   0.2426  -0.6414   2.2098
 -----------------------------------------------

    9    -918.1972463429      3.06e-06  
Hirshfeld: reading atomic densities from disk.

 Charges (in A.U.) from CM5PAC (Nov. 11, 2011)
 -----------------------------------------------
 Center     Atomic      CM5         Hirshfeld
 Number     Number      Charge      Charge
 -----------------------------------------------
    1          6       -0.228482   -0.086167
    2          6       -0.041241   -0.031603
    3          6       -0.041116   -0.031479
    4          6       -0.228405   -0.086089
    5          6        0.067576    0.049887
    6          8       -0.412286   -0.226687
    7          6       -0.062772   -0.064488
    8          6        0.091747    0.064451
    9          8       -0.384183   -0.306405
   10          6       -0.041131   -0.039273
   11          6       -0.101418   -0.049807
   12          6       -0.110504   -0.055356
   13          6       -0.110493   -0.055345
   14          6       -0.101480   -0.049870
   15          6       -0.041158   -0.039299
   16          6        0.091734    0.064438
   17          8       -0.384229   -0.306460
   18          6       -0.062791   -0.064507
   19          6        0.067478    0.049790
   20          8       -0.412294   -0.226684
   21          1        0.084809    0.026051
   22          1        0.081049    0.029074
   23          1        0.081011    0.029034
   24          1        0.081045    0.029074
   25          1        0.084807    0.026056
   26          1        0.081056    0.029075
   27          1        0.292597    0.094609
   28          1        0.091163    0.030111
   29          1        0.092705    0.037202
   30          1        0.092704    0.037201
   31          1        0.091135    0.030084
   32          1        0.292578    0.094594
 -----------------------------------------------

 Dipole moment (in Debye)
 -----------------------------------------------
                 X        Y        Z     Total
 -----------------------------------------------
 CM5         -1.4324   0.1666  -0.6874   1.5975
 Hirshfeld   -2.0913   0.2415  -0.6420   2.2009
 -----------------------------------------------

   10    -918.1972387125      1.57e-06  
Hirshfeld: reading atomic densities from disk.

 Charges (in A.U.) from CM5PAC (Nov. 11, 2011)
 -----------------------------------------------
 Center     Atomic      CM5         Hirshfeld
 Number     Number      Charge      Charge
 -----------------------------------------------
    1          6       -0.228502   -0.086187
    2          6       -0.041097   -0.031460
    3          6       -0.040972   -0.031336
    4          6       -0.228425   -0.086109
    5          6        0.067606    0.049917
    6          8       -0.412309   -0.226710
    7          6       -0.062765   -0.064480
    8          6        0.091640    0.064344
    9          8       -0.384196   -0.306417
   10          6       -0.041229   -0.039370
   11          6       -0.101407   -0.049797
   12          6       -0.110401   -0.055254
   13          6       -0.110390   -0.055242
   14          6       -0.101470   -0.049860
   15          6       -0.041255   -0.039397
   16          6        0.091627    0.064331
   17          8       -0.384243   -0.306474
   18          6       -0.062784   -0.064500
   19          6        0.067507    0.049820
   20          8       -0.412317   -0.226707
   21          1        0.084804    0.026046
   22          1        0.081039    0.029063
   23          1        0.081001    0.029023
   24          1        0.081035    0.029063
   25          1        0.084802    0.026050
   26          1        0.081045    0.029064
   27          1        0.292597    0.094610
   28          1        0.091166    0.030114
   29          1        0.092696    0.037193
   30          1        0.092695    0.037192
   31          1        0.091137    0.030087
   32          1        0.292579    0.094594
 -----------------------------------------------

 Dipole moment (in Debye)
 -----------------------------------------------
                 X        Y        Z     Total
 -----------------------------------------------
 CM5         -1.4330   0.1667  -0.6874   1.5980
 Hirshfeld   -2.0919   0.2416  -0.6420   2.2015
 -----------------------------------------------

   11    -918.1972611658      6.53e-07  
Hirshfeld: reading atomic densities from disk.

 Charges (in A.U.) from CM5PAC (Nov. 11, 2011)
 -----------------------------------------------
 Center     Atomic      CM5         Hirshfeld
 Number     Number      Charge      Charge
 -----------------------------------------------
    1          6       -0.228468   -0.086153
    2          6       -0.041177   -0.031539
    3          6       -0.041052   -0.031415
    4          6       -0.228391   -0.086076
    5          6        0.067632    0.049943
    6          8       -0.412298   -0.226699
    7          6       -0.062761   -0.064477
    8          6        0.091644    0.064348
    9          8       -0.384174   -0.306396
   10          6       -0.041207   -0.039348
   11          6       -0.101404   -0.049794
   12          6       -0.110444   -0.055296
   13          6       -0.110433   -0.055285
   14          6       -0.101467   -0.049857
   15          6       -0.041233   -0.039375
   16          6        0.091631    0.064335
   17          8       -0.384220   -0.306451
   18          6       -0.062781   -0.064497
   19          6        0.067534    0.049846
   20          8       -0.412307   -0.226697
   21          1        0.084800    0.026043
   22          1        0.081034    0.029058
   23          1        0.080996    0.029018
   24          1        0.081030    0.029058
   25          1        0.084799    0.026047
   26          1        0.081040    0.029059
   27          1        0.292597    0.094609
   28          1        0.091169    0.030117
   29          1        0.092704    0.037201
   30          1        0.092703    0.037200
   31          1        0.091141    0.030090
   32          1        0.292578    0.094594
 -----------------------------------------------

 Dipole moment (in Debye)
 -----------------------------------------------
                 X        Y        Z     Total
 -----------------------------------------------
 CM5         -1.4327   0.1667  -0.6874   1.5978
 Hirshfeld   -2.0916   0.2416  -0.6420   2.2012
 -----------------------------------------------

   12    -918.1972562783      2.34e-07  
Hirshfeld: reading atomic densities from disk.

 Charges (in A.U.) from CM5PAC (Nov. 11, 2011)
 -----------------------------------------------
 Center     Atomic      CM5         Hirshfeld
 Number     Number      Charge      Charge
 -----------------------------------------------
    1          6       -0.228472   -0.086157
    2          6       -0.041149   -0.031511
    3          6       -0.041024   -0.031387
    4          6       -0.228395   -0.086079
    5          6        0.067616    0.049927
    6          8       -0.412307   -0.226708
    7          6       -0.062771   -0.064487
    8          6        0.091655    0.064360
    9          8       -0.384175   -0.306397
   10          6       -0.041208   -0.039349
   11          6       -0.101409   -0.049799
   12          6       -0.110432   -0.055284
   13          6       -0.110420   -0.055273
   14          6       -0.101471   -0.049861
   15          6       -0.041234   -0.039376
   16          6        0.091642    0.064346
   17          8       -0.384222   -0.306453
   18          6       -0.062791   -0.064507
   19          6        0.067518    0.049830
   20          8       -0.412315   -0.226705
   21          1        0.084798    0.026040
   22          1        0.081034    0.029058
   23          1        0.080996    0.029018
   24          1        0.081030    0.029058
   25          1        0.084796    0.026045
   26          1        0.081040    0.029059
   27          1        0.292598    0.094610
   28          1        0.091167    0.030115
   29          1        0.092701    0.037198
   30          1        0.092700    0.037197
   31          1        0.091139    0.030088
   32          1        0.292579    0.094595
 -----------------------------------------------

 Dipole moment (in Debye)
 -----------------------------------------------
                 X        Y        Z     Total
 -----------------------------------------------
 CM5         -1.4327   0.1666  -0.6874   1.5977
 Hirshfeld   -2.0916   0.2416  -0.6420   2.2012
 -----------------------------------------------

   13    -918.1972577792      1.06e-07  
Hirshfeld: reading atomic densities from disk.

 Charges (in A.U.) from CM5PAC (Nov. 11, 2011)
 -----------------------------------------------
 Center     Atomic      CM5         Hirshfeld
 Number     Number      Charge      Charge
 -----------------------------------------------
    1          6       -0.228481   -0.086165
    2          6       -0.041157   -0.031520
    3          6       -0.041032   -0.031396
    4          6       -0.228403   -0.086088
    5          6        0.067621    0.049932
    6          8       -0.412302   -0.226703
    7          6       -0.062761   -0.064477
    8          6        0.091650    0.064355
    9          8       -0.384175   -0.306397
   10          6       -0.041212   -0.039353
   11          6       -0.101407   -0.049796
   12          6       -0.110433   -0.055285
   13          6       -0.110422   -0.055274
   14          6       -0.101469   -0.049859
   15          6       -0.041239   -0.039380
   16          6        0.091638    0.064342
   17          8       -0.384222   -0.306452
   18          6       -0.062781   -0.064497
   19          6        0.067523    0.049835
   20          8       -0.412310   -0.226700
   21          1        0.084800    0.026043
   22          1        0.081035    0.029060
   23          1        0.080997    0.029020
   24          1        0.081031    0.029060
   25          1        0.084799    0.026047
   26          1        0.081042    0.029061
   27          1        0.292597    0.094609
   28          1        0.091167    0.030115
   29          1        0.092701    0.037198
   30          1        0.092700    0.037197
   31          1        0.091139    0.030088
   32          1        0.292578    0.094594
 -----------------------------------------------

 Dipole moment (in Debye)
 -----------------------------------------------
                 X        Y        Z     Total
 -----------------------------------------------
 CM5         -1.4325   0.1666  -0.6874   1.5976
 Hirshfeld   -2.0914   0.2415  -0.6420   2.2011
 -----------------------------------------------

   14    -918.1972575670      4.30e-08  
Hirshfeld: reading atomic densities from disk.

 Charges (in A.U.) from CM5PAC (Nov. 11, 2011)
 -----------------------------------------------
 Center     Atomic      CM5         Hirshfeld
 Number     Number      Charge      Charge
 -----------------------------------------------
    1          6       -0.228477   -0.086161
    2          6       -0.041154   -0.031517
    3          6       -0.041029   -0.031393
    4          6       -0.228399   -0.086084
    5          6        0.067620    0.049931
    6          8       -0.412304   -0.226705
    7          6       -0.062766   -0.064481
    8          6        0.091651    0.064356
    9          8       -0.384175   -0.306397
   10          6       -0.041209   -0.039350
   11          6       -0.101407   -0.049796
   12          6       -0.110434   -0.055287
   13          6       -0.110423   -0.055275
   14          6       -0.101469   -0.049859
   15          6       -0.041236   -0.039377
   16          6        0.091638    0.064342
   17          8       -0.384222   -0.306453
   18          6       -0.062785   -0.064501
   19          6        0.067522    0.049834
   20          8       -0.412312   -0.226702
   21          1        0.084799    0.026042
   22          1        0.081034    0.029059
   23          1        0.080996    0.029019
   24          1        0.081030    0.029059
   25          1        0.084798    0.026046
   26          1        0.081041    0.029060
   27          1        0.292597    0.094610
   28          1        0.091168    0.030116
   29          1        0.092702    0.037198
   30          1        0.092701    0.037198
   31          1        0.091140    0.030089
   32          1        0.292579    0.094594
 -----------------------------------------------

 Dipole moment (in Debye)
 -----------------------------------------------
                 X        Y        Z     Total
 -----------------------------------------------
 CM5         -1.4326   0.1666  -0.6874   1.5977
 Hirshfeld   -2.0915   0.2415  -0.6420   2.2011
 -----------------------------------------------

   15    -918.1972578906      2.35e-08  
   16    -918.1972578204      5.57e-09  Convergence criterion met
 ---------------------------------------
 SCF time:   CPU 8006.57s  wall 1024.00s 
<S^2> =          0.758803175
(1)  E-EN(liq) elect-nuc energy of solute               -918.197257820 a.u.
(2)  G-P(liq) polarization free energy of solvation           -42.0944 kcal/mol
(3)  G-ENP(liq) elect-nuc-pol free energy of system     -918.264339487 a.u.
(4)  G-CDS(liq) cavity-dispersion-solvent structure 
     free energy                                              -11.8476 kcal/mol
(5)  G-P-CDS(liq) = G-P(liq) + G-CDS(liq) = (2) + (4)         -53.9420 kcal/mol
(6)  G-S(liq) free energy of system = (1) + (5)         -918.283219861 a.u.
 SCF   energy in the final basis set =     -918.2832198615
 Total energy in the final basis set =     -918.2832198615
 
 --------------------------------------------------------------
 
                    Orbital Energies (a.u.)
 --------------------------------------------------------------
 
 Alpha MOs
 -- Occupied --
-19.1267 -19.1267 -19.0910 -19.0910 -10.2362 -10.2362 -10.2306 -10.2306
-10.1830 -10.1828 -10.1826 -10.1823 -10.1811 -10.1807 -10.1800 -10.1800
-10.1793 -10.1789 -10.1678 -10.1678  -1.0516  -1.0502  -1.0067  -1.0049
 -0.8696  -0.8543  -0.8084  -0.7630  -0.7622  -0.7535  -0.7139  -0.6945
 -0.6615  -0.6295  -0.6246  -0.5972  -0.5773  -0.5440  -0.5257  -0.5116
 -0.5083  -0.4775  -0.4684  -0.4579  -0.4515  -0.4411  -0.4336  -0.4274
 -0.4237  -0.4206  -0.4110  -0.4097  -0.4032  -0.3940  -0.3891  -0.3791
 -0.3727  -0.3663  -0.3652  -0.3542  -0.3538  -0.3531  -0.3424  -0.3030
 -0.2703  -0.2662  -0.2629  -0.2491  -0.2485  -0.2139  -0.1468
 -- Virtual --
 -0.0554  -0.0295  -0.0253  -0.0214  -0.0124  -0.0050  -0.0048   0.0034
  0.0105   0.0119   0.0126   0.0207   0.0312   0.0343   0.0353   0.0367
  0.0401   0.0463   0.0509   0.0531   0.0561   0.0609   0.0636   0.0708
  0.0754   0.0794   0.0826   0.0835   0.0874   0.0875   0.0968   0.0987
  0.1050   0.1057   0.1070   0.1122   0.1158   0.1199   0.1200   0.1214
  0.1238   0.1263   0.1345   0.1382   0.1388   0.1502   0.1561   0.1563
  0.1582   0.1621   0.1632   0.1664   0.1730   0.1753   0.1784   0.1786
  0.1801   0.1861   0.1888   0.1999   0.2074   0.2080   0.2108   0.2136
  0.2138   0.2147   0.2198   0.2250   0.2294   0.2324   0.2389   0.2437
  0.2444   0.2519   0.2550   0.2577   0.2587   0.2636   0.2697   0.2742
  0.2784   0.2836   0.2846   0.2849   0.2904   0.2916   0.2966   0.2974
  0.3068   0.3097   0.3228   0.3234   0.3235   0.3263   0.3330   0.3433
  0.3438   0.3475   0.3478   0.3523   0.3545   0.3641   0.3658   0.3718
  0.3848   0.3956   0.3996   0.4054   0.4074   0.4101   0.4173   0.4215
  0.4398   0.4466   0.4658   0.4752   0.4778   0.4848   0.4946   0.5065
  0.5110   0.5298   0.5313   0.5348   0.5384   0.5525   0.5527   0.5534
  0.5603   0.5767   0.5794   0.5811   0.5896   0.5934   0.6010   0.6141
  0.6195   0.6246   0.6375   0.6389   0.6389   0.6413   0.6505   0.6521
  0.6554   0.6570   0.6666   0.6773   0.6834   0.6857   0.6977   0.6992
  0.7071   0.7108   0.7163   0.7273   0.7367   0.7425   0.7511   0.7652
  0.7723   0.7743   0.7803   0.7837   0.8039   0.8074   0.8138   0.8253
  0.8332   0.8432   0.8483   0.8595   0.8864   0.8947   0.9220   0.9277
  0.9334   0.9337   0.9376   0.9429   0.9517   0.9594   0.9672   0.9803
  0.9847   0.9966   0.9998   1.0021   1.0147   1.0197   1.0359   1.0410
  1.0485   1.0598   1.0735   1.0793   1.0896   1.0913   1.1053   1.1086
  1.1100   1.1295   1.1388   1.1408   1.1518   1.1642   1.2019   1.2064
  1.2282   1.2408   1.2448   1.2451   1.2474   1.2498   1.2588   1.2801
  1.2881   1.3253   1.3347   1.3426   1.3475   1.3624   1.3626   1.3818
  1.4121   1.4176   1.4415   1.4476   1.4479   1.4516   1.4630   1.4746
  1.4810   1.4971   1.5011   1.5143   1.5273   1.5288   1.5330   1.5333
  1.5547   1.5668   1.5801   1.5916   1.5960   1.6005   1.6109   1.6142
  1.6207   1.6397   1.6507   1.6620   1.6690   1.6756   1.6894   1.7251
  1.7265   1.7338   1.7511   1.7538   1.7609   1.7750   1.7966   1.8056
  1.8115   1.8138   1.8403   1.8559   1.8581   1.8652   1.8799   1.8919
  1.9005   1.9082   1.9099   1.9135   1.9278   1.9487   1.9503   1.9695
  1.9713   1.9752   1.9911   1.9917   1.9943   2.0184   2.0192   2.0482
  2.0753   2.0835   2.1059   2.1307   2.1312   2.1505   2.1552   2.1615
  2.1811   2.1999   2.2423   2.2560   2.2612   2.2965   2.3086   2.3104
  2.3313   2.3402   2.3578   2.3967   2.3989   2.4067   2.4217   2.4539
  2.4666   2.4868   2.4966   2.5065   2.5146   2.5321   2.5338   2.5448
  2.5697   2.5869   2.6229   2.6385   2.6500   2.6529   2.6552   2.6652
  2.6995   2.6998   2.7249   2.7285   2.7308   2.7412   2.7519   2.7587
  2.7665   2.7876   2.7892   2.8150   2.8372   2.8466   2.8490   2.8519
  2.8629   2.8772   2.8827   2.8840   2.9069   2.9204   2.9421   2.9562
  2.9757   3.0281   3.0408   3.0949   3.1235   3.1251   3.1283   3.1302
  3.1390   3.1410   3.1464   3.1759   3.1932   3.1985   3.2062   3.2115
  3.2171   3.2255   3.2334   3.2761   3.2946   3.3006   3.3240   3.3341
  3.3723   3.4264   3.4329   3.4663   3.4704   3.4963   3.5267   3.5574
  3.5632   3.5689   3.5870   3.6247   3.7106   3.7483   3.7963   3.7965
  3.8220   3.8387   3.8414   3.8748   3.8913   3.9178   3.9763   3.9835
  4.0387   4.0747   4.1997   4.2484   4.2671   4.3166   4.3344   4.3822
  4.5240   4.8323   4.8473   4.9193   5.0272   5.0500   5.0752   5.0962
  5.2935   5.3130   5.5254   5.5612   5.7324   5.8077   5.8392   5.8644
 23.5048  23.6797  23.8713  23.8865  23.9332  23.9424  23.9442  23.9603
 23.9738  23.9759  24.0181  24.0383  24.0454  24.1138  24.1158  24.1854
 49.9926  50.0438  50.0644  50.1201
 
 Beta MOs
 -- Occupied --
-19.1260 -19.1260 -19.0863 -19.0863 -10.2343 -10.2343 -10.2299 -10.2299
-10.1823 -10.1822 -10.1819 -10.1818 -10.1802 -10.1799 -10.1799 -10.1797
-10.1794 -10.1790 -10.1679 -10.1679  -1.0494  -1.0480  -0.9991  -0.9972
 -0.8671  -0.8527  -0.8055  -0.7613  -0.7597  -0.7514  -0.7111  -0.6929
 -0.6563  -0.6281  -0.6225  -0.5963  -0.5756  -0.5419  -0.5244  -0.5104
 -0.5066  -0.4757  -0.4669  -0.4561  -0.4468  -0.4401  -0.4332  -0.4196
 -0.4193  -0.4184  -0.4087  -0.4068  -0.4023  -0.3853  -0.3849  -0.3784
 -0.3719  -0.3643  -0.3538  -0.3524  -0.3524  -0.3432  -0.3410  -0.2947
 -0.2592  -0.2589  -0.2559  -0.2453  -0.2424  -0.2025
 -- Virtual --
 -0.0935  -0.0452  -0.0253  -0.0214  -0.0198  -0.0124  -0.0050  -0.0047
  0.0067   0.0119   0.0127   0.0143   0.0209   0.0319   0.0351   0.0352
  0.0369   0.0402   0.0496   0.0538   0.0561   0.0562   0.0637   0.0708
  0.0733   0.0755   0.0800   0.0827   0.0836   0.0876   0.0882   0.0969
  0.0991   0.1054   0.1060   0.1072   0.1124   0.1158   0.1207   0.1215
  0.1230   0.1239   0.1266   0.1371   0.1382   0.1390   0.1504   0.1563
  0.1584   0.1586   0.1620   0.1633   0.1673   0.1738   0.1765   0.1786
  0.1791   0.1804   0.1876   0.1891   0.2004   0.2074   0.2082   0.2114
  0.2144   0.2163   0.2183   0.2216   0.2256   0.2295   0.2327   0.2407
  0.2448   0.2450   0.2523   0.2555   0.2596   0.2597   0.2646   0.2714
  0.2751   0.2800   0.2840   0.2861   0.2877   0.2907   0.2922   0.2973
  0.2980   0.3072   0.3121   0.3234   0.3244   0.3246   0.3280   0.3335
  0.3439   0.3454   0.3480   0.3494   0.3525   0.3553   0.3644   0.3667
  0.3732   0.3854   0.3970   0.4001   0.4072   0.4089   0.4109   0.4192
  0.4221   0.4409   0.4472   0.4661   0.4758   0.4793   0.4855   0.4955
  0.5079   0.5126   0.5311   0.5322   0.5355   0.5404   0.5535   0.5543
  0.5549   0.5650   0.5775   0.5803   0.5818   0.5901   0.5957   0.6029
  0.6156   0.6205   0.6254   0.6379   0.6396   0.6418   0.6430   0.6527
  0.6554   0.6565   0.6577   0.6677   0.6814   0.6845   0.6870   0.6987
  0.6993   0.7076   0.7140   0.7168   0.7281   0.7376   0.7430   0.7545
  0.7657   0.7729   0.7749   0.7808   0.7840   0.8041   0.8090   0.8146
  0.8257   0.8348   0.8437   0.8494   0.8604   0.8874   0.8960   0.9229
  0.9297   0.9343   0.9373   0.9391   0.9456   0.9528   0.9610   0.9677
  0.9823   0.9878   0.9984   1.0016   1.0041   1.0154   1.0211   1.0363
  1.0445   1.0513   1.0602   1.0746   1.0828   1.0919   1.0949   1.1080
  1.1120   1.1147   1.1342   1.1392   1.1457   1.1524   1.1680   1.2038
  1.2079   1.2295   1.2415   1.2470   1.2498   1.2503   1.2512   1.2643
  1.2815   1.2897   1.3273   1.3357   1.3441   1.3493   1.3634   1.3636
  1.3841   1.4139   1.4193   1.4424   1.4490   1.4502   1.4535   1.4635
  1.4750   1.4818   1.4979   1.5049   1.5151   1.5285   1.5320   1.5337
  1.5373   1.5552   1.5679   1.5805   1.5926   1.5964   1.6031   1.6140
  1.6150   1.6226   1.6407   1.6521   1.6633   1.6699   1.6762   1.6914
  1.7279   1.7280   1.7348   1.7519   1.7563   1.7624   1.7767   1.7977
  1.8066   1.8141   1.8165   1.8410   1.8567   1.8587   1.8671   1.8822
  1.8933   1.9039   1.9100   1.9126   1.9141   1.9289   1.9512   1.9527
  1.9716   1.9750   1.9762   1.9919   1.9959   1.9961   2.0204   2.0205
  2.0496   2.0767   2.0850   2.1069   2.1319   2.1336   2.1532   2.1561
  2.1633   2.1823   2.2006   2.2442   2.2583   2.2619   2.2986   2.3108
  2.3136   2.3338   2.3432   2.3605   2.3974   2.4014   2.4092   2.4225
  2.4551   2.4672   2.4872   2.4970   2.5079   2.5152   2.5328   2.5344
  2.5459   2.5701   2.5875   2.6288   2.6400   2.6530   2.6541   2.6561
  2.6656   2.6999   2.7049   2.7254   2.7312   2.7346   2.7415   2.7522
  2.7592   2.7667   2.7895   2.7910   2.8213   2.8415   2.8474   2.8497
  2.8536   2.8684   2.8830   2.8840   2.8932   2.9072   2.9250   2.9477
  2.9621   2.9762   3.0291   3.0459   3.0992   3.1261   3.1264   3.1316
  3.1326   3.1424   3.1425   3.1481   3.1769   3.1956   3.2002   3.2075
  3.2137   3.2258   3.2263   3.2381   3.2774   3.2960   3.3134   3.3346
  3.3366   3.3738   3.4280   3.4338   3.4676   3.4716   3.4977   3.5281
  3.5582   3.5646   3.5696   3.5900   3.6257   3.7122   3.7486   3.7972
  3.7980   3.8223   3.8406   3.8452   3.8759   3.8915   3.9195   3.9775
  3.9844   4.0396   4.0761   4.2007   4.2493   4.2684   4.3190   4.3370
  4.3835   4.5268   4.8344   4.8504   4.9208   5.0314   5.0547   5.0932
  5.1136   5.2970   5.3165   5.5262   5.5620   5.7355   5.8096   5.8420
  5.8666  23.5056  23.6804  23.8722  23.8880  23.9346  23.9430  23.9452
 23.9609  23.9745  23.9762  24.0184  24.0390  24.0461  24.1141  24.1166
 24.1858  49.9933  50.0446  50.0690  50.1247
 --------------------------------------------------------------
 
          Ground-State Mulliken Net Atomic Charges

     Atom                 Charge (a.u.)    Spin (a.u.)
  --------------------------------------------------------
      1 C                     0.764108      -0.005529
      2 C                     1.014969       0.073692
      3 C                     1.015181       0.073739
      4 C                     0.767897      -0.005515
      5 C                    -0.858963       0.052832
      6 O                    -0.340299       0.020606
      7 C                    -1.268792      -0.026176
      8 C                    -1.490538       0.100897
      9 O                    -0.345449       0.174218
     10 C                    -0.778611       0.036751
     11 C                     0.286283       0.032414
     12 C                     0.944455       0.041150
     13 C                     0.943476       0.041243
     14 C                     0.285960       0.032385
     15 C                    -0.782799       0.036780
     16 C                    -1.490261       0.100958
     17 O                    -0.345608       0.174210
     18 C                    -1.268358      -0.026169
     19 C                    -0.860904       0.052833
     20 O                    -0.340594       0.020598
     21 H                     0.218785       0.000299
     22 H                     0.222501       0.003426
     23 H                     0.222945       0.003428
     24 H                     0.222575       0.003449
     25 H                     0.219174       0.000298
     26 H                     0.222540       0.003415
     27 H                     0.372222      -0.004239
     28 H                     0.179632      -0.000615
     29 H                     0.358299      -0.003263
     30 H                     0.358276      -0.003264
     31 H                     0.179577      -0.000614
     32 H                     0.372321      -0.004236
  --------------------------------------------------------
  Sum of atomic charges =    -1.000000
  Sum of spin   charges =     1.000000

 -----------------------------------------------------------------
                    Cartesian Multipole Moments
 -----------------------------------------------------------------
    Charge (ESU x 10^10)
                -4.8032
    Dipole Moment (Debye)
         X      -1.7746      Y       0.2029      Z      -0.6633
       Tot       1.9054
    Quadrupole Moments (Debye-Ang)
        XX    -128.4043     XY      -3.3001     YY    -154.6870
        XZ      -0.4420     YZ      -3.8981     ZZ    -123.8453
    Octopole Moments (Debye-Ang^2)
       XXX     -92.6198    XXY       4.0023    XYY     -30.1429
       YYY      10.2664    XXZ     -20.5797    XYZ       1.8130
       YYZ     -23.7559    XZZ     -47.1202    YZZ       3.7656
       ZZZ     -51.0388
    Hexadecapole Moments (Debye-Ang^3)
      XXXX   -5291.7121   XXXY     143.0977   XXYY   -1323.2872
      XYYY     171.3562   YYYY   -2397.8178   XXXZ     126.8784
      XXYZ     -42.8217   XYYZ      49.7827   YYYZ    -167.3866
      XXZZ   -1004.3365   XYZZ      66.3850   YYZZ    -407.7625
      XZZZ     153.5746   YZZZ    -142.0366   ZZZZ    -226.3289
 -----------------------------------------------------------------
 Total job time:  1030.63s(wall), 8014.70s(cpu) 
 Sat Feb  3 13:08:53 2024

        *************************************************************
        *                                                           *
        *  Thank you very much for using Q-Chem.  Have a nice day.  *
        *                                                           *
        *************************************************************


