
Running Job 1 of 1 195-rad-SM12.in
qchem 195-rad-SM12.in_1400441.0 /expanse/lustre/scratch/selhajj/temp_project/qcscratch/28446391/qchem1400441/ 0
/cm/shared/apps/spack/cpu/opt/spack/linux-centos8-zen2/gcc-10.2.0/qchem-5.4-akfmr7b3t57bfs6qan3padb2wnb2i7cl/exe/qcprog.exe_s 195-rad-SM12.in_1400441.0 /expanse/lustre/scratch/selhajj/temp_project/qcscratch/28446391/qchem1400441/
                  Welcome to Q-Chem
     A Quantum Leap Into The Future Of Chemistry


 Q-Chem 5.4, Q-Chem, Inc., Pleasanton, CA (2021)

 License issued to: University of California, San Diego (site)

 E. Epifanovsky,  A. T. B. Gilbert,  Xintian Feng,  Joonho Lee,  Yuezhi Mao,  
 N. Mardirossian,  P. Pokhilko,  A. White,  M. Wormit,  M. P. Coons,  
 A. L. Dempwolff,  Zhengting Gan,  D. Hait,  P. R. Horn,  L. D. Jacobson,  
 I. Kaliman,  J. Kussmann,  A. W. Lange,  Ka Un Lao,  D. S. Levine,  Jie Liu,  
 S. C. McKenzie,  A. F. Morrison,  K. Nanda,  F. Plasser,  D. R. Rehn,  
 M. L. Vidal,  Zhi-Qiang You,  Ying Zhu,  B. Alam,  B. Albrecht,  
 A. Aldossary,  E. Alguire,  J. H. Andersen,  D. Barton,  K. Begam,  A. Behn,  
 Y. A. Bernard,  E. J. Berquist,  H. Burton,  A. Carreras,  K. Carter-Fenk,  
 R. Chakraborty,  A. D. Chien,  K. D. Closser,  V. Cofer-Shabica,  
 S. Dasgupta,  Jia Deng,  M. de Wergifosse,  M. Diedenhofen,  Hainam Do,  
 S. Ehlert,  Po-Tung Fang,  S. Fatehi,  Qingguo Feng,  J. Gayvert,  
 Qinghui Ge,  G. Gidofalvi,  M. Goldey,  J. Gomes,  C. Gonzalez-Espinoza,  
 S. Gulania,  A. Gunina,  M. W. D. Hanson-Heine,  P. H. P. Harbach,  
 A. W. Hauser,  M. F. Herbst,  M. Hernandez Vera,  M. Hodecker,  
 Z. C. Holden,  S. Houck,  Xunkun Huang,  Kerwin Hui,  B. C. Huynh,  
 M. Ivanov,  Hyunjun Ji,  Hanjie Jiang,  B. Kaduk,  S. Kaehler,  
 K. Khistyaev,  Jaehoon Kim,  P. Klunzinger,  Z. Koczor-Benda,  
 Joong Hoon Koh,  D. Kosenkov,  L. Koulias,  T. Kowalczyk,  C. M. Krauter,  
 K. Kue,  A. Kunitsa,  T. Kus,  A. Landau,  K. V. Lawler,  D. Lefrancois,  
 S. Lehtola,  Rain Li,  Yi-Pei Li,  Jiashu Liang,  M. Liebenthal,  
 Hung-Hsuan Lin,  You-Sheng Lin,  Fenglai Liu,  Kuan-Yu Liu,  
 M. Loipersberger,  A. Luenser,  A. Manjanath,  P. Manohar,  E. Mansoor,  
 S. F. Manzer,  Shan-Ping Mao,  A. V. Marenich,  T. Markovich,  S. Mason,  
 S. A. Maurer,  P. F. McLaughlin,  M. F. S. J. Menger,  J.-M. Mewes,  
 S. A. Mewes,  P. Morgante,  J. W. Mullinax,  T. S. Nguyen-Beck,  
 K. J. Oosterbaan,  G. Paran,  Alexander C. Paul,  Suranjan K. Paul,  
 F. Pavosevic,  Zheng Pei,  S. Prager,  E. I. Proynov,  E. Ramos,  B. Rana,  
 A. E. Rask,  A. Rettig,  R. M. Richard,  F. Rob,  E. Rossomme,  T. Scheele,  
 M. Scheurer,  M. Schneider,  N. Sergueev,  S. M. Sharada,  W. Skomorowski,  
 D. W. Small,  C. J. Stein,  Yu-Chuan Su,  E. J. Sundstrom,  Zhen Tao,  
 J. Thirman,  T. Tsuchimochi,  N. M. Tubman,  S. P. Veccham,  O. Vydrov,  
 J. Wenzel,  J. Witte,  A. Yamada,  Kun Yao,  S. Yeganeh,  S. R. Yost,  
 A. Zech,  Igor Ying Zhang,  Xing Zhang,  Yu Zhang,  D. Zuev,  
 A. Aspuru-Guzik,  A. T. Bell,  N. A. Besley,  K. B. Bravaya,  B. R. Brooks,  
 D. Casanova,  Jeng-Da Chai,  S. Coriani,  C. J. Cramer,  
 A. E. DePrince, III,  R. A. DiStasio Jr.,  A. Dreuw,  B. D. Dunietz,  
 T. R. Furlani,  W. A. Goddard III,  S. Grimme,  S. Hammes-Schiffer,  
 T. Head-Gordon,  W. J. Hehre,  Chao-Ping Hsu,  T.-C. Jagau,  Yousung Jung,  
 A. Klamt,  Jing Kong,  D. S. Lambrecht,  WanZhen Liang,  N. J. Mayhall,  
 C. W. McCurdy,  J. B. Neaton,  C. Ochsenfeld,  J. A. Parkhill,  R. Peverati,  
 V. A. Rassolov,  Yihan Shao,  L. V. Slipchenko,  T. Stauch,  R. P. Steele,  
 J. E. Subotnik,  A. J. W. Thom,  A. Tkatchenko,  D. G. Truhlar,  
 T. Van Voorhis,  T. A. Wesolowski,  K. B. Whaley,  H. L. Woodcock III,  
 P. M. Zimmerman,  S. Faraji,  P. M. W. Gill,  M. Head-Gordon,  
 J. M. Herbert,  A. I. Krylov

 Contributors to earlier versions of Q-Chem not listed above: 
 R. D. Adamson,  B. Austin,  R. Baer,  J. Baker,  G. J. O. Beran,  
 K. Brandhorst,  S. T. Brown,  E. F. C. Byrd,  A. K. Chakraborty,  
 G. K. L. Chan,  Chun-Min Chang,  Yunqing Chen,  C.-L. Cheng,  
 Siu Hung Chien,  D. M. Chipman,  D. L. Crittenden,  H. Dachsel,  
 R. J. Doerksen,  A. D. Dutoi,  R. G. Edgar,  J. Fosso-Tande,  
 L. Fusti-Molnar,  D. Ghosh,  A. Ghysels,  A. Golubeva-Zadorozhnaya,  
 J. Gonthier,  M. S. Gordon,  S. R. Gwaltney,  G. Hawkins,  J. E. Herr,  
 A. Heyden,  S. Hirata,  E. G. Hohenstein,  G. Kedziora,  F. J. Keil,  
 C. Kelley,  Jihan Kim,  R. A. King,  R. Z. Khaliullin,  P. P. Korambath,  
 W. Kurlancheek,  A. Laurent,  A. M. Lee,  M. S. Lee,  S. V. Levchenko,  
 Ching Yeh Lin,  D. Liotard,  E. Livshits,  R. C. Lochan,  I. Lotan,  
 L. A. Martinez-Martinez,  P. E. Maslen,  N. Nair,  D. P. O'Neill,  
 D. Neuhauser,  E. Neuscamman,  C. M. Oana,  R. Olivares-Amaya,  R. Olson,  
 T. M. Perrine,  B. Peters,  P. A. Pieniazek,  A. Prociuk,  Y. M. Rhee,  
 J. Ritchie,  M. A. Rohrdanz,  E. Rosta,  N. J. Russ,  H. F. Schaefer III,  
 M. W. Schmidt,  N. E. Schultz,  S. Sharma,  N. Shenvi,  C. D. Sherrill,  
 A. C. Simmonett,  A. Sodt,  T. Stein,  D. Stuck,  K. S. Thanthiriwatte,  
 V. Vanovschi,  L. Vogt,  Tao Wang,  A. Warshel,  M. A. Watson,  
 C. F. Williams,  Q. Wu,  X. Xu,  Jun Yang,  W. Zhang,  Yan Zhao

 Please cite Q-Chem as follows:
 Y. Shao et al., Mol. Phys. 113, 184-215 (2015)
 DOI: 10.1080/00268976.2014.952696

 Q-Chem 5.4.0 for Intel X86 EM64T Linux

 Parts of Q-Chem use Armadillo 9.800.1 (Horizon Scraper).
 http://arma.sourceforge.net/

 Q-Chem begins on Sat Feb  3 12:51:43 2024  

 Host: 
0

     Scratch files written to /expanse/lustre/scratch/selhajj/temp_project/qcscratch/28446391/qchem1400441//
 May1621 |scratch|qcdevops|jenkins|workspace|build_RNUM    
 Processing $rem in /cm/shared/apps/spack/cpu/opt/spack/linux-centos8-zen2/gcc-10.2.0/qchem-5.4-akfmr7b3t57bfs6qan3padb2wnb2i7cl/config/preferences:
 Processing $rem in /home/selhajj/.qchemrc:
 Symmetry turned off for PCM/SM12/SMD calculation
 Method-specific promolecule density matrix will be built for SM12 calculation

 Checking the input file for inconsistencies... 	...done.

--------------------------------------------------------------
User input:
--------------------------------------------------------------
$molecule
-1 2
C                  4.7924120000     -3.0421220000      0.3176360000
C                  5.7020380000     -2.2435330000     -0.3463960000
C                  5.2721480000     -1.0556510000     -0.9743860000
C                  3.4280900000     -2.6867530000      0.3789680000
C                  2.9947020000     -1.4907630000     -0.2534720000
C                  3.9417090000     -0.6897530000     -0.9262620000
C                  2.4891240000     -3.5447430000      1.0855820000
C                  1.1013670000     -3.1396790000      1.1186320000
C                  0.6637170000     -1.9347960000      0.4836050000
C                  1.5966370000     -1.0801240000     -0.2180990000
C                  0.1633680000     -3.9646760000      1.8047210000
C                 -1.1771390000     -3.5719230000      1.8365440000
C                 -0.7134010000     -1.5720690000      0.5507650000
C                 -1.6142700000     -2.3841130000      1.2213690000
O                  2.8838900000     -4.6182610000      1.6550300000
O                  1.2173740000     -0.0042470000     -0.7861450000
O                  0.5685000000     -5.0839230000      2.4204390000
H                  5.0969050000     -3.9590660000      0.8075100000
H                  6.7485150000     -2.5286810000     -0.3862840000
H                  5.9892750000     -0.4296050000     -1.4958630000
H                  1.5686750000     -5.1344780000      2.2329040000
O                 -1.1621510000     -0.4389140000     -0.0318010000
H                 -2.6560240000     -2.0999080000      1.2722180000
H                 -0.3528420000     -0.0216410000     -0.4499840000
H                  3.5865310000      0.2172190000     -1.4003700000
S                 -2.4105860000     -4.5930810000      2.6167820000
O                 -3.6574190000     -3.8390470000      2.6594530000
O                 -2.4155250000     -5.9518740000      2.0795340000
O                 -1.9007370000     -4.6741840000      4.1839860000
C                 -1.4157120000     -5.9362420000      4.6905860000
H                 -0.5700080000     -6.2844590000      4.1008000000
H                 -2.2146970000     -6.6797270000      4.6968980000
H                 -1.1027940000     -5.7135710000      5.7107510000
$end

$rem
BASIS  =  6-311++G(d,p)
GUI  =  2
JOB_TYPE  =  SP
METHOD  =  B3LYP
SCF_CONVERGENCE  = 8
SOLVENT_METHOD = sm12
$end

$smx
solvent dimethylformamide
charges CM5
$end





--------------------------------------------------------------
 ----------------------------------------------------------------
             Standard Nuclear Orientation (Angstroms)
    I     Atom           X                Y                Z
 ----------------------------------------------------------------
    1      C       4.7924120000    -3.0421220000     0.3176360000
    2      C       5.7020380000    -2.2435330000    -0.3463960000
    3      C       5.2721480000    -1.0556510000    -0.9743860000
    4      C       3.4280900000    -2.6867530000     0.3789680000
    5      C       2.9947020000    -1.4907630000    -0.2534720000
    6      C       3.9417090000    -0.6897530000    -0.9262620000
    7      C       2.4891240000    -3.5447430000     1.0855820000
    8      C       1.1013670000    -3.1396790000     1.1186320000
    9      C       0.6637170000    -1.9347960000     0.4836050000
   10      C       1.5966370000    -1.0801240000    -0.2180990000
   11      C       0.1633680000    -3.9646760000     1.8047210000
   12      C      -1.1771390000    -3.5719230000     1.8365440000
   13      C      -0.7134010000    -1.5720690000     0.5507650000
   14      C      -1.6142700000    -2.3841130000     1.2213690000
   15      O       2.8838900000    -4.6182610000     1.6550300000
   16      O       1.2173740000    -0.0042470000    -0.7861450000
   17      O       0.5685000000    -5.0839230000     2.4204390000
   18      H       5.0969050000    -3.9590660000     0.8075100000
   19      H       6.7485150000    -2.5286810000    -0.3862840000
   20      H       5.9892750000    -0.4296050000    -1.4958630000
   21      H       1.5686750000    -5.1344780000     2.2329040000
   22      O      -1.1621510000    -0.4389140000    -0.0318010000
   23      H      -2.6560240000    -2.0999080000     1.2722180000
   24      H      -0.3528420000    -0.0216410000    -0.4499840000
   25      H       3.5865310000     0.2172190000    -1.4003700000
   26      S      -2.4105860000    -4.5930810000     2.6167820000
   27      O      -3.6574190000    -3.8390470000     2.6594530000
   28      O      -2.4155250000    -5.9518740000     2.0795340000
   29      O      -1.9007370000    -4.6741840000     4.1839860000
   30      C      -1.4157120000    -5.9362420000     4.6905860000
   31      H      -0.5700080000    -6.2844590000     4.1008000000
   32      H      -2.2146970000    -6.6797270000     4.6968980000
   33      H      -1.1027940000    -5.7135710000     5.7107510000
 ----------------------------------------------------------------
 Nuclear Repulsion Energy =        2099.34422250 hartrees
 There are       87 alpha and       86 beta electrons
 Requested basis set is 6-311++G(d,p)
 There are 195 shells and 584 basis functions

 Total QAlloc Memory Limit   8000 MB
 Mega-Array Size       188 MB
 MEM_STATIC part       192 MB
 A cutoff of  1.0D-11 yielded  13291 shell pairs
 There are    124440 function pairs (    133280 Cartesian)
 Smallest overlap matrix eigenvalue = 4.74E-08

 Q-Chem warning in module stvman/mkSTV.C, line 323:

 Overlap eigenvalue is smaller than square root of threshold
 Use THRESH >= 12 to get rid of this warning

 Linear dependence detected in AO basis
 Tighter screening thresholds may be required for diffuse basis sets
 Use S2THRESH > 14 and THRESH = 14 in case of SCF convergence issues
 Number of orthogonalized atomic orbitals = 575
 Maximum deviation from orthogonality = 1.061E-10

 Scale SEOQF with 1.000000e-02/1.000000e-02/1.000000e-02

 Standard Electronic Orientation quadrupole field applied
 Nucleus-field energy     =     0.0000000129 hartrees
 ================ Generating on-the-fly Promolecule Density  ================
Attempting to make child job directory: /expanse/lustre/scratch/selhajj/temp_project/qcscratch/28446391/qchem1400441//Frg1/
Attempting to make child job directory: /expanse/lustre/scratch/selhajj/temp_project/qcscratch/28446391/qchem1400441//Frg2/
Attempting to make child job directory: /expanse/lustre/scratch/selhajj/temp_project/qcscratch/28446391/qchem1400441//Frg3/
Attempting to make child job directory: /expanse/lustre/scratch/selhajj/temp_project/qcscratch/28446391/qchem1400441//Frg4/
Creating input file /expanse/lustre/scratch/selhajj/temp_project/qcscratch/28446391/qchem1400441/Frg1.input
using default PutDataFrgm: nothing
calling putenv with: QCSCRATCH=/expanse/lustre/scratch/selhajj/temp_project/qcscratch/28446391/qchem1400441/ 
Spawning Job For Fragment 0
Done Job For Fragment 0
calling putenv with: QCSCRATCH=/expanse/lustre/scratch/selhajj/temp_project/qcscratch/28446391 
calling putenv with: QCTHREADS=8 
Creating input file /expanse/lustre/scratch/selhajj/temp_project/qcscratch/28446391/qchem1400441/Frg2.input
using default PutDataFrgm: nothing
calling putenv with: QCSCRATCH=/expanse/lustre/scratch/selhajj/temp_project/qcscratch/28446391/qchem1400441/ 
Spawning Job For Fragment 1
Done Job For Fragment 1
calling putenv with: QCSCRATCH=/expanse/lustre/scratch/selhajj/temp_project/qcscratch/28446391 
calling putenv with: QCTHREADS=8 
Creating input file /expanse/lustre/scratch/selhajj/temp_project/qcscratch/28446391/qchem1400441/Frg3.input
using default PutDataFrgm: nothing
calling putenv with: QCSCRATCH=/expanse/lustre/scratch/selhajj/temp_project/qcscratch/28446391/qchem1400441/ 
Spawning Job For Fragment 2
Done Job For Fragment 2
calling putenv with: QCSCRATCH=/expanse/lustre/scratch/selhajj/temp_project/qcscratch/28446391 
calling putenv with: QCTHREADS=8 
Creating input file /expanse/lustre/scratch/selhajj/temp_project/qcscratch/28446391/qchem1400441/Frg4.input
using default PutDataFrgm: nothing
calling putenv with: QCSCRATCH=/expanse/lustre/scratch/selhajj/temp_project/qcscratch/28446391/qchem1400441/ 
Spawning Job For Fragment 3
Done Job For Fragment 3
calling putenv with: QCSCRATCH=/expanse/lustre/scratch/selhajj/temp_project/qcscratch/28446391 
calling putenv with: QCTHREADS=8 
 Time for running child jobs:  CPU 0.01 s  wall 8.44 s
 ============= Method Specific Promolecule Density Constructed =============
 Guess from superposition of atomic densities
 Warning:  Energy on first SCF cycle will be non-variational
 SAD guess density has 172.000000 electrons

 -----------------------------------------------------------------------
  General SCF calculation program by
  Eric Jon Sundstrom, Paul Horn, Yuezhi Mao, Dmitri Zuev, Alec White,
  David Stuck, Shaama M.S., Shane Yost, Joonho Lee, David Small,
  Daniel Levine, Susi Lehtola, Hugh Burton, Evgeny Epifanovsky,
  Bang C. Huynh
 -----------------------------------------------------------------------
 Exchange:     0.2000 Hartree-Fock + 0.0800 Slater + 0.7200 B88
 Correlation:  0.1900 VWN1RPA + 0.8100 LYP
 Using SG-1 standard quadrature grid
 using 8 threads for integral computing
 -------------------------------------------------------
 OpenMP Integral computing Module                
 Release: version 1.0, May 2013, Q-Chem Inc. Pittsburgh 
 -------------------------------------------------------
 
 SM12 calculation using CM5 charges
 Citation of the SM12 model:
 Marenich, A.V.; Cramer, C.J.; Truhlar, D.G.
 J. Chem. Theory Comput. 2013, 9, 609-612.
 iSolventCode=          91
 Solvent: dimethylformamide                                               
 
Hirshfeld: reading atomic densities from disk.
warning:  vdwdata pointer should have been initialzed before dftman
 Inaccurate integrated density:
   Number of electrons =   173
   Numerical integral  =   171.999755050710
   Relative error      =    -0.5781762713 %

 Charges (in A.U.) from CM5PAC (Nov. 11, 2011)
 -----------------------------------------------
 Center     Atomic      CM5         Hirshfeld
 Number     Number      Charge      Charge
 -----------------------------------------------
    1          6       -0.052118   -0.000470
    2          6       -0.058058   -0.002838
    3          6       -0.057960   -0.002755
    4          6       -0.001884   -0.000021
    5          6       -0.001904   -0.000050
    6          6       -0.052101   -0.000457
    7          6        0.035232    0.007950
    8          6        0.004067    0.002246
    9          6        0.004085    0.002338
   10          6        0.035862    0.007909
   11          6        0.027974    0.006356
   12          6        0.015931    0.002472
   13          6        0.023242    0.007033
   14          6       -0.045193   -0.000141
   15          8       -0.101709   -0.019824
   16          8       -0.094404   -0.019622
   17          8       -0.207286   -0.024766
   18          1        0.066480    0.005436
   19          1        0.058626    0.003047
   20          1        0.058627    0.003051
   21          1        0.211540    0.012810
   22          8       -0.206064   -0.021823
   23          1        0.070215    0.004960
   24          1        0.210313    0.013730
   25          1        0.066533    0.005460
   26         16        0.139069    0.051237
   27          8       -0.064547   -0.017110
   28          8       -0.063049   -0.015973
   29          8       -0.105992   -0.025855
   30          6       -0.117829    0.002604
   31          1        0.072818    0.005706
   32          1        0.064787    0.003448
   33          1        0.064942    0.004157
 -----------------------------------------------

 Dipole moment (in Debye)
 -----------------------------------------------
                 X        Y        Z     Total
 -----------------------------------------------
 CM5          1.7482  -0.0733  -0.2447   1.7668
 Hirshfeld    0.1002  -0.0597   0.0002   0.1166
 -----------------------------------------------

 A unrestricted SCF calculation will be
 performed using DIIS
 SCF converges when DIIS error is below 1.0e-08
 ---------------------------------------
  Cycle       Energy         DIIS error
 ---------------------------------------
Hirshfeld: reading atomic densities from disk.

 Charges (in A.U.) from CM5PAC (Nov. 11, 2011)
 -----------------------------------------------
 Center     Atomic      CM5         Hirshfeld
 Number     Number      Charge      Charge
 -----------------------------------------------
    1          6       -0.169019   -0.117370
    2          6       -0.178434   -0.123214
    3          6       -0.177888   -0.122682
    4          6       -0.064643   -0.062780
    5          6       -0.064237   -0.062382
    6          6       -0.170219   -0.118576
    7          6        0.257434    0.230152
    8          6       -0.087233   -0.089053
    9          6       -0.087305   -0.089052
   10          6        0.253381    0.225427
   11          6        0.212013    0.190396
   12          6       -0.048142   -0.061600
   13          6        0.182787    0.166578
   14          6       -0.230871   -0.185819
   15          8       -0.556913   -0.475029
   16          8       -0.570721   -0.495939
   17          8       -0.480132   -0.297612
   18          1        0.169423    0.108379
   19          1        0.178118    0.122540
   20          1        0.178095    0.122519
   21          1        0.373753    0.175023
   22          8       -0.513976   -0.329735
   23          1        0.165945    0.100690
   24          1        0.375286    0.178703
   25          1        0.169090    0.108018
   26         16        1.312461    1.224628
   27          8       -0.645584   -0.598147
   28          8       -0.640633   -0.593557
   29          8       -0.340203   -0.260066
   30          6       -0.231743   -0.111310
   31          1        0.132589    0.065477
   32          1        0.143580    0.082240
   33          1        0.154147    0.093361
 -----------------------------------------------

 Dipole moment (in Debye)
 -----------------------------------------------
                 X        Y        Z     Total
 -----------------------------------------------
 CM5          1.4698  12.9713  -3.2457  13.4517
 Hirshfeld   -0.1783  12.9848  -3.0007  13.3282
 -----------------------------------------------

    1   -1508.4709102106      1.43e-02  
Hirshfeld: reading atomic densities from disk.

 Charges (in A.U.) from CM5PAC (Nov. 11, 2011)
 -----------------------------------------------
 Center     Atomic      CM5         Hirshfeld
 Number     Number      Charge      Charge
 -----------------------------------------------
    1          6       -0.003055    0.048594
    2          6        0.011167    0.066386
    3          6        0.014279    0.069485
    4          6       -0.022938   -0.021075
    5          6       -0.020951   -0.019096
    6          6       -0.004663    0.046980
    7          6       -0.175749   -0.203031
    8          6       -0.065779   -0.067599
    9          6       -0.066723   -0.068469
   10          6       -0.187857   -0.215811
   11          6       -0.141622   -0.163239
   12          6       -0.270624   -0.284082
   13          6       -0.078693   -0.094901
   14          6       -0.015339    0.029712
   15          8        0.078942    0.160827
   16          8        0.089313    0.164095
   17          8       -0.205063   -0.022543
   18          1        0.008762   -0.052282
   19          1        0.012231   -0.043348
   20          1        0.012699   -0.042877
   21          1        0.223607    0.024877
   22          8       -0.228030   -0.043789
   23          1        0.050941   -0.014314
   24          1        0.202452    0.005869
   25          1        0.006299   -0.054774
   26         16       -0.654534   -0.742366
   27          8        0.235595    0.283031
   28          8        0.217521    0.264597
   29          8       -0.202318   -0.122181
   30          6       -0.015145    0.105288
   31          1        0.057918   -0.009194
   32          1        0.056062   -0.005278
   33          1        0.082285    0.021499
 -----------------------------------------------

 Dipole moment (in Debye)
 -----------------------------------------------
                 X        Y        Z     Total
 -----------------------------------------------
 CM5          3.3154  14.3994  -7.9251  16.7673
 Hirshfeld    1.6673  14.4129  -7.6802  16.4164
 -----------------------------------------------

    2   -1502.2208544934      2.02e-03  
Hirshfeld: reading atomic densities from disk.

 Charges (in A.U.) from CM5PAC (Nov. 11, 2011)
 -----------------------------------------------
 Center     Atomic      CM5         Hirshfeld
 Number     Number      Charge      Charge
 -----------------------------------------------
    1          6       -0.078108   -0.026459
    2          6       -0.092930   -0.037711
    3          6       -0.093225   -0.038019
    4          6       -0.007406   -0.005543
    5          6       -0.006393   -0.004538
    6          6       -0.077406   -0.025762
    7          6        0.109955    0.082673
    8          6       -0.003531   -0.005351
    9          6       -0.003321   -0.005068
   10          6        0.111064    0.083110
   11          6        0.116788    0.095170
   12          6        0.096794    0.083335
   13          6        0.053905    0.037696
   14          6       -0.056799   -0.011748
   15          8       -0.467437   -0.385552
   16          8       -0.469558   -0.394776
   17          8       -0.370050   -0.187531
   18          1        0.077637    0.016594
   19          1        0.079633    0.024054
   20          1        0.079755    0.024179
   21          1        0.282682    0.083952
   22          8       -0.418858   -0.234617
   23          1        0.075619    0.010364
   24          1        0.282697    0.086114
   25          1        0.077524    0.016452
   26         16        0.684120    0.596287
   27          8       -0.482553   -0.435117
   28          8       -0.469445   -0.422369
   29          8       -0.198081   -0.117943
   30          6       -0.093509    0.026925
   31          1        0.085111    0.017999
   32          1        0.079642    0.018303
   33          1        0.096316    0.035530
 -----------------------------------------------

 Dipole moment (in Debye)
 -----------------------------------------------
                 X        Y        Z     Total
 -----------------------------------------------
 CM5          1.3154  13.5865  -3.5497  14.1040
 Hirshfeld   -0.3327  13.6000  -3.3048  13.9997
 -----------------------------------------------

    3   -1501.3200592922      3.43e-03  
Hirshfeld: reading atomic densities from disk.

 Charges (in A.U.) from CM5PAC (Nov. 11, 2011)
 -----------------------------------------------
 Center     Atomic      CM5         Hirshfeld
 Number     Number      Charge      Charge
 -----------------------------------------------
    1          6       -0.096997   -0.045349
    2          6       -0.102984   -0.047764
    3          6       -0.101516   -0.046310
    4          6       -0.040674   -0.038811
    5          6       -0.040716   -0.038861
    6          6       -0.098670   -0.047026
    7          6        0.118195    0.090913
    8          6       -0.063606   -0.065426
    9          6       -0.056903   -0.058649
   10          6        0.111630    0.083676
   11          6        0.088416    0.066798
   12          6       -0.101605   -0.115064
   13          6        0.092540    0.076331
   14          6       -0.143444   -0.098393
   15          8       -0.334285   -0.252401
   16          8       -0.340913   -0.266131
   17          8       -0.382302   -0.199783
   18          1        0.099162    0.038118
   19          1        0.101247    0.045669
   20          1        0.101458    0.045882
   21          1        0.303959    0.105229
   22          8       -0.413845   -0.229604
   23          1        0.109016    0.043761
   24          1        0.298637    0.102054
   25          1        0.098756    0.037683
   26         16        0.634215    0.546382
   27          8       -0.369394   -0.321957
   28          8       -0.368907   -0.321831
   29          8       -0.297611   -0.217474
   30          6       -0.120964   -0.000530
   31          1        0.102522    0.035410
   32          1        0.101908    0.040568
   33          1        0.114230    0.053444
 -----------------------------------------------

 Dipole moment (in Debye)
 -----------------------------------------------
                 X        Y        Z     Total
 -----------------------------------------------
 CM5          2.8038  13.8644  -5.1419  15.0507
 Hirshfeld    1.1558  13.8779  -4.8970  14.7619
 -----------------------------------------------

    4   -1502.6994231223      6.14e-04  
Hirshfeld: reading atomic densities from disk.

 Charges (in A.U.) from CM5PAC (Nov. 11, 2011)
 -----------------------------------------------
 Center     Atomic      CM5         Hirshfeld
 Number     Number      Charge      Charge
 -----------------------------------------------
    1          6       -0.093622   -0.041974
    2          6       -0.096411   -0.041191
    3          6       -0.095489   -0.040283
    4          6       -0.035210   -0.033348
    5          6       -0.033594   -0.031739
    6          6       -0.093797   -0.042153
    7          6        0.098533    0.071251
    8          6       -0.056001   -0.057821
    9          6       -0.056324   -0.058070
   10          6        0.094004    0.066050
   11          6        0.095259    0.073642
   12          6       -0.053053   -0.066511
   13          6        0.073762    0.057553
   14          6       -0.109444   -0.064392
   15          8       -0.375401   -0.293516
   16          8       -0.374642   -0.299860
   17          8       -0.369777   -0.187257
   18          1        0.099399    0.038355
   19          1        0.101027    0.045448
   20          1        0.101188    0.045612
   21          1        0.304576    0.105846
   22          8       -0.407305   -0.223064
   23          1        0.106095    0.040840
   24          1        0.300214    0.103631
   25          1        0.098952    0.037879
   26         16        0.598009    0.510177
   27          8       -0.380085   -0.332648
   28          8       -0.376940   -0.329864
   29          8       -0.246367   -0.166230
   30          6       -0.127301   -0.006868
   31          1        0.098982    0.031869
   32          1        0.098498    0.037158
   33          1        0.112806    0.052020
 -----------------------------------------------

 Dipole moment (in Debye)
 -----------------------------------------------
                 X        Y        Z     Total
 -----------------------------------------------
 CM5          2.2957  13.7885  -4.6389  14.7279
 Hirshfeld    0.6476  13.8020  -4.3940  14.4991
 -----------------------------------------------

    5   -1502.7505967766      2.06e-04  
Hirshfeld: reading atomic densities from disk.

 Charges (in A.U.) from CM5PAC (Nov. 11, 2011)
 -----------------------------------------------
 Center     Atomic      CM5         Hirshfeld
 Number     Number      Charge      Charge
 -----------------------------------------------
    1          6       -0.093462   -0.041813
    2          6       -0.100886   -0.045666
    3          6       -0.099896   -0.044690
    4          6       -0.031436   -0.029574
    5          6       -0.030891   -0.029036
    6          6       -0.094567   -0.042924
    7          6        0.104682    0.077400
    8          6       -0.048802   -0.050622
    9          6       -0.044944   -0.046690
   10          6        0.100541    0.072588
   11          6        0.091052    0.069434
   12          6       -0.052022   -0.065481
   13          6        0.074252    0.058043
   14          6       -0.119320   -0.074269
   15          8       -0.363367   -0.281483
   16          8       -0.368301   -0.293520
   17          8       -0.377276   -0.194756
   18          1        0.096791    0.035747
   19          1        0.099229    0.043651
   20          1        0.099440    0.043864
   21          1        0.302114    0.103384
   22          8       -0.412788   -0.228547
   23          1        0.103893    0.038638
   24          1        0.297938    0.101355
   25          1        0.096412    0.035340
   26         16        0.616145    0.528312
   27          8       -0.386974   -0.339538
   28          8       -0.382606   -0.335530
   29          8       -0.263717   -0.183579
   30          6       -0.119042    0.001391
   31          1        0.098621    0.031509
   32          1        0.097950    0.036610
   33          1        0.111790    0.051005
 -----------------------------------------------

 Dipole moment (in Debye)
 -----------------------------------------------
                 X        Y        Z     Total
 -----------------------------------------------
 CM5          2.5178  13.7926  -4.7505  14.8034
 Hirshfeld    0.8698  13.8061  -4.5056  14.5487
 -----------------------------------------------

    6   -1502.7557962303      7.46e-05  
Hirshfeld: reading atomic densities from disk.

 Charges (in A.U.) from CM5PAC (Nov. 11, 2011)
 -----------------------------------------------
 Center     Atomic      CM5         Hirshfeld
 Number     Number      Charge      Charge
 -----------------------------------------------
    1          6       -0.093221   -0.041573
    2          6       -0.098305   -0.043086
    3          6       -0.097283   -0.042077
    4          6       -0.033936   -0.032073
    5          6       -0.033081   -0.031226
    6          6       -0.093906   -0.042263
    7          6        0.106244    0.078962
    8          6       -0.052652   -0.054472
    9          6       -0.049560   -0.051307
   10          6        0.101396    0.073443
   11          6        0.093042    0.071425
   12          6       -0.055337   -0.068795
   13          6        0.077214    0.061005
   14          6       -0.117085   -0.072034
   15          8       -0.367913   -0.286029
   16          8       -0.369324   -0.294542
   17          8       -0.374322   -0.191802
   18          1        0.096964    0.035920
   19          1        0.099068    0.043489
   20          1        0.099258    0.043682
   21          1        0.302005    0.103275
   22          8       -0.411065   -0.226824
   23          1        0.103776    0.038521
   24          1        0.297618    0.101035
   25          1        0.096518    0.035445
   26         16        0.617370    0.529537
   27          8       -0.385728   -0.338292
   28          8       -0.382906   -0.335830
   29          8       -0.261420   -0.181283
   30          6       -0.120851   -0.000418
   31          1        0.098568    0.031456
   32          1        0.097774    0.036435
   33          1        0.111635    0.050849
 -----------------------------------------------

 Dipole moment (in Debye)
 -----------------------------------------------
                 X        Y        Z     Total
 -----------------------------------------------
 CM5          2.4709  13.8330  -4.7601  14.8363
 Hirshfeld    0.8228  13.8465  -4.5152  14.5873
 -----------------------------------------------

    7   -1502.7571286733      2.26e-05  
Hirshfeld: reading atomic densities from disk.

 Charges (in A.U.) from CM5PAC (Nov. 11, 2011)
 -----------------------------------------------
 Center     Atomic      CM5         Hirshfeld
 Number     Number      Charge      Charge
 -----------------------------------------------
    1          6       -0.093353   -0.041704
    2          6       -0.099414   -0.044195
    3          6       -0.098409   -0.043203
    4          6       -0.033018   -0.031155
    5          6       -0.032188   -0.030333
    6          6       -0.094209   -0.042566
    7          6        0.105384    0.078102
    8          6       -0.051254   -0.053074
    9          6       -0.048336   -0.050083
   10          6        0.100877    0.072923
   11          6        0.093219    0.071602
   12          6       -0.054270   -0.067729
   13          6        0.075928    0.059720
   14          6       -0.117437   -0.072386
   15          8       -0.366068   -0.284184
   16          8       -0.369610   -0.294828
   17          8       -0.376036   -0.193516
   18          1        0.097130    0.036087
   19          1        0.099351    0.043772
   20          1        0.099553    0.043977
   21          1        0.302239    0.103509
   22          8       -0.412143   -0.227902
   23          1        0.103912    0.038657
   24          1        0.297978    0.101395
   25          1        0.096730    0.035658
   26         16        0.616660    0.528827
   27          8       -0.386488   -0.339052
   28          8       -0.382429   -0.335353
   29          8       -0.260783   -0.180646
   30          6       -0.121054   -0.000621
   31          1        0.098620    0.031508
   32          1        0.097786    0.036446
   33          1        0.111684    0.050898
 -----------------------------------------------

 Dipole moment (in Debye)
 -----------------------------------------------
                 X        Y        Z     Total
 -----------------------------------------------
 CM5          2.4906  13.8055  -4.7472  14.8098
 Hirshfeld    0.8425  13.8190  -4.5023  14.5584
 -----------------------------------------------

    8   -1502.7570675080      7.77e-06  
Hirshfeld: reading atomic densities from disk.

 Charges (in A.U.) from CM5PAC (Nov. 11, 2011)
 -----------------------------------------------
 Center     Atomic      CM5         Hirshfeld
 Number     Number      Charge      Charge
 -----------------------------------------------
    1          6       -0.093427   -0.041779
    2          6       -0.099066   -0.043846
    3          6       -0.098058   -0.042852
    4          6       -0.033124   -0.031262
    5          6       -0.032294   -0.030439
    6          6       -0.094224   -0.042581
    7          6        0.105225    0.077943
    8          6       -0.051498   -0.053318
    9          6       -0.048211   -0.049957
   10          6        0.100629    0.072676
   11          6        0.092611    0.070993
   12          6       -0.054130   -0.067589
   13          6        0.075959    0.059750
   14          6       -0.117548   -0.072497
   15          8       -0.366991   -0.285106
   16          8       -0.368721   -0.293940
   17          8       -0.375189   -0.192669
   18          1        0.097148    0.036104
   19          1        0.099327    0.043748
   20          1        0.099525    0.043949
   21          1        0.302241    0.103511
   22          8       -0.411701   -0.227460
   23          1        0.103912    0.038657
   24          1        0.297895    0.101312
   25          1        0.096718    0.035645
   26         16        0.616915    0.529082
   27          8       -0.386237   -0.338801
   28          8       -0.383122   -0.336047
   29          8       -0.261388   -0.181250
   30          6       -0.120763   -0.000330
   31          1        0.098638    0.031526
   32          1        0.097816    0.036476
   33          1        0.111689    0.050903
 -----------------------------------------------

 Dipole moment (in Debye)
 -----------------------------------------------
                 X        Y        Z     Total
 -----------------------------------------------
 CM5          2.4934  13.8320  -4.7610  14.8394
 Hirshfeld    0.8454  13.8455  -4.5161  14.5880
 -----------------------------------------------

    9   -1502.7571176195      4.02e-06  
Hirshfeld: reading atomic densities from disk.

 Charges (in A.U.) from CM5PAC (Nov. 11, 2011)
 -----------------------------------------------
 Center     Atomic      CM5         Hirshfeld
 Number     Number      Charge      Charge
 -----------------------------------------------
    1          6       -0.093373   -0.041724
    2          6       -0.099027   -0.043808
    3          6       -0.098010   -0.042804
    4          6       -0.033193   -0.031330
    5          6       -0.032395   -0.030540
    6          6       -0.094188   -0.042545
    7          6        0.105449    0.078167
    8          6       -0.051533   -0.053353
    9          6       -0.048384   -0.050131
   10          6        0.100804    0.072850
   11          6        0.092870    0.071253
   12          6       -0.054352   -0.067811
   13          6        0.076068    0.059859
   14          6       -0.117451   -0.072400
   15          8       -0.366408   -0.284523
   16          8       -0.369207   -0.294425
   17          8       -0.375442   -0.192923
   18          1        0.097112    0.036069
   19          1        0.099298    0.043719
   20          1        0.099499    0.043923
   21          1        0.302201    0.103471
   22          8       -0.411803   -0.227562
   23          1        0.103850    0.038595
   24          1        0.297900    0.101316
   25          1        0.096698    0.035626
   26         16        0.616847    0.529014
   27          8       -0.386558   -0.339121
   28          8       -0.382851   -0.335775
   29          8       -0.261020   -0.180883
   30          6       -0.120882   -0.000449
   31          1        0.098603    0.031491
   32          1        0.097779    0.036440
   33          1        0.111652    0.050867
 -----------------------------------------------

 Dipole moment (in Debye)
 -----------------------------------------------
                 X        Y        Z     Total
 -----------------------------------------------
 CM5          2.5027  13.8205  -4.7569  14.8290
 Hirshfeld    0.8547  13.8341  -4.5120  14.5764
 -----------------------------------------------

   10   -1502.7571034979      2.51e-06  
Hirshfeld: reading atomic densities from disk.

 Charges (in A.U.) from CM5PAC (Nov. 11, 2011)
 -----------------------------------------------
 Center     Atomic      CM5         Hirshfeld
 Number     Number      Charge      Charge
 -----------------------------------------------
    1          6       -0.093386   -0.041737
    2          6       -0.099121   -0.043901
    3          6       -0.098115   -0.042909
    4          6       -0.033164   -0.031301
    5          6       -0.032311   -0.030456
    6          6       -0.094184   -0.042541
    7          6        0.105375    0.078093
    8          6       -0.051456   -0.053276
    9          6       -0.048332   -0.050079
   10          6        0.100769    0.072815
   11          6        0.092925    0.071307
   12          6       -0.054265   -0.067723
   13          6        0.075976    0.059768
   14          6       -0.117421   -0.072370
   15          8       -0.366630   -0.284745
   16          8       -0.368857   -0.294075
   17          8       -0.375517   -0.192998
   18          1        0.097122    0.036078
   19          1        0.099315    0.043736
   20          1        0.099514    0.043938
   21          1        0.302211    0.103481
   22          8       -0.411937   -0.227696
   23          1        0.103836    0.038581
   24          1        0.297893    0.101310
   25          1        0.096700    0.035627
   26         16        0.616862    0.529030
   27          8       -0.386394   -0.338958
   28          8       -0.382940   -0.335864
   29          8       -0.260999   -0.180862
   30          6       -0.120944   -0.000511
   31          1        0.098602    0.031490
   32          1        0.097775    0.036436
   33          1        0.111653    0.050867
 -----------------------------------------------

 Dipole moment (in Debye)
 -----------------------------------------------
                 X        Y        Z     Total
 -----------------------------------------------
 CM5          2.4973  13.8260  -4.7587  14.8338
 Hirshfeld    0.8492  13.8396  -4.5138  14.5818
 -----------------------------------------------

   11   -1502.7571049510      8.77e-07  
Hirshfeld: reading atomic densities from disk.

 Charges (in A.U.) from CM5PAC (Nov. 11, 2011)
 -----------------------------------------------
 Center     Atomic      CM5         Hirshfeld
 Number     Number      Charge      Charge
 -----------------------------------------------
    1          6       -0.093386   -0.041737
    2          6       -0.099088   -0.043868
    3          6       -0.098078   -0.042872
    4          6       -0.033157   -0.031295
    5          6       -0.032334   -0.030479
    6          6       -0.094203   -0.042559
    7          6        0.105337    0.078055
    8          6       -0.051481   -0.053302
    9          6       -0.048317   -0.050063
   10          6        0.100742    0.072788
   11          6        0.092862    0.071244
   12          6       -0.054293   -0.067751
   13          6        0.075987    0.059779
   14          6       -0.117450   -0.072399
   15          8       -0.366516   -0.284632
   16          8       -0.368955   -0.294173
   17          8       -0.375461   -0.192942
   18          1        0.097121    0.036077
   19          1        0.099311    0.043732
   20          1        0.099511    0.043935
   21          1        0.302203    0.103473
   22          8       -0.411848   -0.227607
   23          1        0.103841    0.038586
   24          1        0.297889    0.101306
   25          1        0.096702    0.035630
   26         16        0.616882    0.529050
   27          8       -0.386436   -0.339000
   28          8       -0.382897   -0.335821
   29          8       -0.261041   -0.180904
   30          6       -0.120924   -0.000491
   31          1        0.098603    0.031491
   32          1        0.097774    0.036434
   33          1        0.111654    0.050868
 -----------------------------------------------

 Dipole moment (in Debye)
 -----------------------------------------------
                 X        Y        Z     Total
 -----------------------------------------------
 CM5          2.4987  13.8242  -4.7584  14.8322
 Hirshfeld    0.8507  13.8377  -4.5135  14.5801
 -----------------------------------------------

   12   -1502.7571124752      4.95e-07  
Hirshfeld: reading atomic densities from disk.

 Charges (in A.U.) from CM5PAC (Nov. 11, 2011)
 -----------------------------------------------
 Center     Atomic      CM5         Hirshfeld
 Number     Number      Charge      Charge
 -----------------------------------------------
    1          6       -0.093388   -0.041739
    2          6       -0.099081   -0.043861
    3          6       -0.098071   -0.042865
    4          6       -0.033171   -0.031308
    5          6       -0.032343   -0.030488
    6          6       -0.094191   -0.042548
    7          6        0.105376    0.078095
    8          6       -0.051484   -0.053304
    9          6       -0.048336   -0.050083
   10          6        0.100757    0.072803
   11          6        0.092881    0.071263
   12          6       -0.054312   -0.067770
   13          6        0.076004    0.059796
   14          6       -0.117449   -0.072397
   15          8       -0.366532   -0.284647
   16          8       -0.368919   -0.294137
   17          8       -0.375476   -0.192957
   18          1        0.097117    0.036074
   19          1        0.099306    0.043727
   20          1        0.099505    0.043929
   21          1        0.302206    0.103476
   22          8       -0.411880   -0.227639
   23          1        0.103840    0.038586
   24          1        0.297893    0.101310
   25          1        0.096698    0.035625
   26         16        0.616858    0.529026
   27          8       -0.386442   -0.339005
   28          8       -0.382908   -0.335833
   29          8       -0.261018   -0.180881
   30          6       -0.120917   -0.000484
   31          1        0.098602    0.031489
   32          1        0.097773    0.036434
   33          1        0.111653    0.050867
 -----------------------------------------------

 Dipole moment (in Debye)
 -----------------------------------------------
                 X        Y        Z     Total
 -----------------------------------------------
 CM5          2.4994  13.8248  -4.7586  14.8329
 Hirshfeld    0.8513  13.8383  -4.5137  14.5807
 -----------------------------------------------

   13   -1502.7571099676      1.60e-07  
Hirshfeld: reading atomic densities from disk.

 Charges (in A.U.) from CM5PAC (Nov. 11, 2011)
 -----------------------------------------------
 Center     Atomic      CM5         Hirshfeld
 Number     Number      Charge      Charge
 -----------------------------------------------
    1          6       -0.093385   -0.041736
    2          6       -0.099089   -0.043870
    3          6       -0.098081   -0.042876
    4          6       -0.033168   -0.031305
    5          6       -0.032338   -0.030483
    6          6       -0.094194   -0.042550
    7          6        0.105365    0.078083
    8          6       -0.051488   -0.053308
    9          6       -0.048333   -0.050080
   10          6        0.100764    0.072810
   11          6        0.092880    0.071263
   12          6       -0.054292   -0.067751
   13          6        0.075998    0.059789
   14          6       -0.117444   -0.072392
   15          8       -0.366532   -0.284647
   16          8       -0.368932   -0.294150
   17          8       -0.375478   -0.192959
   18          1        0.097118    0.036074
   19          1        0.099307    0.043728
   20          1        0.099506    0.043930
   21          1        0.302206    0.103476
   22          8       -0.411870   -0.227629
   23          1        0.103838    0.038583
   24          1        0.297892    0.101309
   25          1        0.096699    0.035627
   26         16        0.616870    0.529037
   27          8       -0.386436   -0.338999
   28          8       -0.382907   -0.335831
   29          8       -0.261033   -0.180895
   30          6       -0.120923   -0.000489
   31          1        0.098603    0.031491
   32          1        0.097775    0.036436
   33          1        0.111653    0.050868
 -----------------------------------------------

 Dipole moment (in Debye)
 -----------------------------------------------
                 X        Y        Z     Total
 -----------------------------------------------
 CM5          2.4987  13.8247  -4.7585  14.8327
 Hirshfeld    0.8507  13.8382  -4.5136  14.5805
 -----------------------------------------------

   14   -1502.7571098909      7.70e-08  
Hirshfeld: reading atomic densities from disk.

 Charges (in A.U.) from CM5PAC (Nov. 11, 2011)
 -----------------------------------------------
 Center     Atomic      CM5         Hirshfeld
 Number     Number      Charge      Charge
 -----------------------------------------------
    1          6       -0.093388   -0.041740
    2          6       -0.099087   -0.043867
    3          6       -0.098078   -0.042872
    4          6       -0.033167   -0.031304
    5          6       -0.032342   -0.030487
    6          6       -0.094196   -0.042553
    7          6        0.105363    0.078082
    8          6       -0.051483   -0.053304
    9          6       -0.048328   -0.050075
   10          6        0.100757    0.072804
   11          6        0.092877    0.071259
   12          6       -0.054301   -0.067760
   13          6        0.075998    0.059789
   14          6       -0.117450   -0.072398
   15          8       -0.366530   -0.284645
   16          8       -0.368923   -0.294141
   17          8       -0.375474   -0.192954
   18          1        0.097118    0.036074
   19          1        0.099307    0.043728
   20          1        0.099506    0.043930
   21          1        0.302205    0.103475
   22          8       -0.411871   -0.227630
   23          1        0.103840    0.038585
   24          1        0.297893    0.101310
   25          1        0.096699    0.035627
   26         16        0.616876    0.529043
   27          8       -0.386445   -0.339008
   28          8       -0.382909   -0.335833
   29          8       -0.261022   -0.180884
   30          6       -0.120923   -0.000489
   31          1        0.098602    0.031490
   32          1        0.097774    0.036435
   33          1        0.111653    0.050867
 -----------------------------------------------

 Dipole moment (in Debye)
 -----------------------------------------------
                 X        Y        Z     Total
 -----------------------------------------------
 CM5          2.4989  13.8247  -4.7585  14.8327
 Hirshfeld    0.8508  13.8382  -4.5136  14.5805
 -----------------------------------------------

   15   -1502.7571106037      3.69e-08  
Hirshfeld: reading atomic densities from disk.

 Charges (in A.U.) from CM5PAC (Nov. 11, 2011)
 -----------------------------------------------
 Center     Atomic      CM5         Hirshfeld
 Number     Number      Charge      Charge
 -----------------------------------------------
    1          6       -0.093388   -0.041739
    2          6       -0.099086   -0.043867
    3          6       -0.098078   -0.042872
    4          6       -0.033167   -0.031304
    5          6       -0.032340   -0.030486
    6          6       -0.094194   -0.042551
    7          6        0.105365    0.078083
    8          6       -0.051485   -0.053305
    9          6       -0.048330   -0.050076
   10          6        0.100759    0.072806
   11          6        0.092877    0.071260
   12          6       -0.054299   -0.067757
   13          6        0.075999    0.059790
   14          6       -0.117446   -0.072395
   15          8       -0.366531   -0.284647
   16          8       -0.368926   -0.294145
   17          8       -0.375476   -0.192957
   18          1        0.097118    0.036074
   19          1        0.099307    0.043728
   20          1        0.099506    0.043930
   21          1        0.302205    0.103475
   22          8       -0.411872   -0.227631
   23          1        0.103839    0.038585
   24          1        0.297893    0.101310
   25          1        0.096699    0.035627
   26         16        0.616872    0.529039
   27          8       -0.386441   -0.339004
   28          8       -0.382908   -0.335833
   29          8       -0.261026   -0.180888
   30          6       -0.120921   -0.000488
   31          1        0.098603    0.031490
   32          1        0.097774    0.036435
   33          1        0.111653    0.050867
 -----------------------------------------------

 Dipole moment (in Debye)
 -----------------------------------------------
                 X        Y        Z     Total
 -----------------------------------------------
 CM5          2.4989  13.8247  -4.7585  14.8327
 Hirshfeld    0.8508  13.8382  -4.5136  14.5806
 -----------------------------------------------

   16   -1502.7571103989      2.24e-08  
   17   -1502.7571104488      7.00e-09  Convergence criterion met
 ---------------------------------------
 SCF time:   CPU 9967.46s  wall 1277.00s 
<S^2> =          0.760057180
(1)  E-EN(liq) elect-nuc energy of solute              -1502.757110449 a.u.
(2)  G-P(liq) polarization free energy of solvation           -38.5211 kcal/mol
(3)  G-ENP(liq) elect-nuc-pol free energy of system    -1502.818497713 a.u.
(4)  G-CDS(liq) cavity-dispersion-solvent structure 
     free energy                                              -15.0494 kcal/mol
(5)  G-P-CDS(liq) = G-P(liq) + G-CDS(liq) = (2) + (4)         -53.5705 kcal/mol
(6)  G-S(liq) free energy of system = (1) + (5)        -1502.842480455 a.u.
 SCF   energy in the final basis set =    -1502.8424804547
 Total energy in the final basis set =    -1502.8424804547
 
 --------------------------------------------------------------
 
                    Orbital Energies (a.u.)
 --------------------------------------------------------------
 
 Alpha MOs
 -- Occupied --
-89.0843 -19.1700 -19.1443 -19.1371 -19.1300 -19.1290 -19.1046 -19.1007
-10.2598 -10.2495 -10.2460 -10.2454 -10.2236 -10.2164 -10.1950 -10.1945
-10.1913 -10.1909 -10.1907 -10.1870 -10.1864 -10.1847 -10.1841  -8.1445
 -6.1084  -6.1067  -6.1051  -1.1500  -1.0731  -1.0621  -1.0401  -1.0230
 -1.0209  -1.0171  -0.8801  -0.8663  -0.8151  -0.7716  -0.7669  -0.7552
 -0.7338  -0.6971  -0.6704  -0.6504  -0.6260  -0.6094  -0.5878  -0.5602
 -0.5534  -0.5415  -0.5263  -0.5228  -0.5040  -0.4883  -0.4854  -0.4769
 -0.4626  -0.4566  -0.4508  -0.4435  -0.4384  -0.4369  -0.4348  -0.4284
 -0.4202  -0.4170  -0.4120  -0.3937  -0.3889  -0.3821  -0.3713  -0.3674
 -0.3624  -0.3547  -0.3507  -0.3411  -0.3319  -0.3215  -0.3197  -0.3106
 -0.2872  -0.2736  -0.2705  -0.2669  -0.2595  -0.2291  -0.1608
 -- Virtual --
 -0.0659  -0.0476  -0.0158  -0.0116  -0.0100  -0.0070  -0.0009   0.0031
  0.0133   0.0202   0.0232   0.0244   0.0278   0.0333   0.0361   0.0417
  0.0439   0.0467   0.0485   0.0510   0.0556   0.0611   0.0640   0.0703
  0.0733   0.0783   0.0804   0.0830   0.0865   0.0901   0.0923   0.0954
  0.0997   0.1024   0.1057   0.1075   0.1093   0.1135   0.1154   0.1165
  0.1213   0.1246   0.1272   0.1282   0.1323   0.1347   0.1409   0.1452
  0.1509   0.1516   0.1559   0.1593   0.1676   0.1691   0.1712   0.1745
  0.1751   0.1790   0.1854   0.1879   0.1907   0.1970   0.2027   0.2044
  0.2082   0.2111   0.2130   0.2166   0.2195   0.2225   0.2269   0.2338
  0.2389   0.2390   0.2442   0.2481   0.2488   0.2537   0.2563   0.2598
  0.2625   0.2698   0.2743   0.2759   0.2780   0.2790   0.2806   0.2842
  0.2861   0.2911   0.2919   0.2964   0.3020   0.3026   0.3083   0.3134
  0.3176   0.3201   0.3231   0.3256   0.3263   0.3319   0.3338   0.3354
  0.3418   0.3428   0.3490   0.3546   0.3589   0.3618   0.3666   0.3676
  0.3748   0.3839   0.3879   0.3910   0.3948   0.4019   0.4042   0.4095
  0.4108   0.4201   0.4268   0.4353   0.4402   0.4541   0.4585   0.4633
  0.4803   0.4844   0.5008   0.5048   0.5082   0.5213   0.5278   0.5336
  0.5391   0.5446   0.5520   0.5602   0.5660   0.5703   0.5736   0.5872
  0.5902   0.5931   0.5976   0.6037   0.6169   0.6200   0.6252   0.6267
  0.6368   0.6386   0.6419   0.6482   0.6514   0.6595   0.6613   0.6716
  0.6805   0.6871   0.6893   0.7037   0.7060   0.7128   0.7216   0.7250
  0.7363   0.7550   0.7623   0.7659   0.7666   0.7705   0.7899   0.7949
  0.8017   0.8062   0.8201   0.8354   0.8468   0.8635   0.8721   0.8764
  0.8806   0.8886   0.8929   0.9093   0.9182   0.9297   0.9361   0.9396
  0.9414   0.9446   0.9489   0.9573   0.9810   0.9861   0.9898   0.9940
  0.9992   1.0036   1.0223   1.0336   1.0434   1.0442   1.0500   1.0581
  1.0676   1.0725   1.0830   1.0864   1.0905   1.0967   1.1014   1.1180
  1.1251   1.1279   1.1378   1.1475   1.1522   1.1574   1.1642   1.1793
  1.1813   1.1867   1.1900   1.2082   1.2194   1.2289   1.2351   1.2370
  1.2442   1.2496   1.2573   1.2662   1.2673   1.2745   1.2890   1.2981
  1.3197   1.3276   1.3377   1.3487   1.3725   1.3850   1.3910   1.4160
  1.4339   1.4367   1.4404   1.4569   1.4705   1.4753   1.4929   1.5033
  1.5119   1.5237   1.5250   1.5283   1.5459   1.5555   1.5649   1.5707
  1.5751   1.5915   1.5993   1.6202   1.6256   1.6281   1.6518   1.6589
  1.6627   1.6715   1.6810   1.6878   1.7029   1.7099   1.7207   1.7269
  1.7477   1.7534   1.7583   1.7644   1.7810   1.7962   1.8137   1.8187
  1.8365   1.8489   1.8643   1.8823   1.8851   1.8934   1.8959   1.8985
  1.9026   1.9279   1.9345   1.9427   1.9431   1.9657   1.9745   1.9764
  1.9797   1.9837   2.0068   2.0139   2.0276   2.0481   2.0501   2.0713
  2.0849   2.0926   2.1139   2.1281   2.1300   2.1425   2.1599   2.1636
  2.1859   2.2135   2.2387   2.2571   2.2608   2.3175   2.3203   2.3285
  2.3545   2.3728   2.3889   2.4296   2.4565   2.4661   2.4749   2.4892
  2.4959   2.5078   2.5209   2.5312   2.5670   2.6026   2.6095   2.6346
  2.6363   2.6443   2.6717   2.6853   2.7041   2.7092   2.7262   2.7466
  2.7545   2.7617   2.7633   2.7728   2.7837   2.7948   2.8078   2.8166
  2.8187   2.8256   2.8289   2.8295   2.8407   2.8454   2.8502   2.8577
  2.8664   2.8729   2.8786   2.8819   2.9041   2.9151   2.9340   2.9501
  2.9680   3.0008   3.0234   3.0278   3.0631   3.0856   3.0875   3.1020
  3.1167   3.1189   3.1236   3.1331   3.1339   3.1352   3.1455   3.1654
  3.1772   3.1915   3.1995   3.2089   3.2185   3.2236   3.2460   3.2667
  3.2861   3.2935   3.3178   3.3243   3.3346   3.3978   3.4295   3.4405
  3.4672   3.5007   3.5158   3.5213   3.5508   3.5666   3.5797   3.5860
  3.6156   3.6267   3.6862   3.7139   3.7918   3.8169   3.8254   3.8262
  3.8818   3.9048   3.9366   3.9598   4.0251   4.0366   4.0709   4.1587
  4.1995   4.2378   4.2951   4.3281   4.4804   4.8232   4.8378   4.8579
  4.9980   5.0180   5.0329   5.0465   5.0701   5.0734   5.0840   5.1063
  5.1078   5.1332   5.1807   5.2801   5.3095   5.3129   5.4836   5.5072
  5.5712   5.7233   5.7960   5.8308   5.8610   8.1907  17.3174  17.4246
 17.5463  23.5017  23.6714  23.8645  23.8778  23.9250  23.9310  23.9316
 23.9446  23.9608  23.9914  24.0091  24.0390  24.1078  24.1263  24.1823
 49.8552  49.8824  49.9521  49.9845  50.0239  50.0533  50.1092 189.2999
 
 Beta MOs
 -- Occupied --
-89.0843 -19.1699 -19.1441 -19.1366 -19.1299 -19.1290 -19.0999 -19.0954
-10.2598 -10.2477 -10.2452 -10.2442 -10.2236 -10.2153 -10.1948 -10.1939
-10.1908 -10.1904 -10.1889 -10.1867 -10.1861 -10.1846 -10.1840  -8.1445
 -6.1084  -6.1067  -6.1051  -1.1498  -1.0719  -1.0602  -1.0400  -1.0226
 -1.0136  -1.0087  -0.8774  -0.8648  -0.8114  -0.7696  -0.7648  -0.7529
 -0.7326  -0.6918  -0.6682  -0.6480  -0.6249  -0.6086  -0.5864  -0.5590
 -0.5520  -0.5403  -0.5251  -0.5214  -0.5032  -0.4879  -0.4835  -0.4756
 -0.4615  -0.4535  -0.4460  -0.4426  -0.4376  -0.4359  -0.4309  -0.4263
 -0.4181  -0.4092  -0.4038  -0.3933  -0.3876  -0.3703  -0.3667  -0.3659
 -0.3547  -0.3528  -0.3496  -0.3403  -0.3307  -0.3201  -0.3167  -0.3073
 -0.2700  -0.2695  -0.2638  -0.2616  -0.2555  -0.2185
 -- Virtual --
 -0.1062  -0.0555  -0.0368  -0.0157  -0.0100  -0.0090  -0.0063  -0.0008
  0.0033   0.0138   0.0205   0.0238   0.0271   0.0301   0.0338   0.0385
  0.0434   0.0449   0.0477   0.0496   0.0536   0.0614   0.0629   0.0643
  0.0712   0.0738   0.0787   0.0808   0.0837   0.0872   0.0905   0.0933
  0.0959   0.1000   0.1026   0.1060   0.1077   0.1097   0.1144   0.1158
  0.1170   0.1221   0.1252   0.1278   0.1301   0.1327   0.1351   0.1413
  0.1456   0.1513   0.1522   0.1562   0.1596   0.1693   0.1697   0.1722
  0.1753   0.1758   0.1794   0.1862   0.1893   0.1920   0.1976   0.2032
  0.2046   0.2090   0.2119   0.2134   0.2175   0.2199   0.2238   0.2313
  0.2341   0.2394   0.2398   0.2446   0.2491   0.2494   0.2544   0.2573
  0.2605   0.2630   0.2710   0.2748   0.2776   0.2784   0.2799   0.2818
  0.2850   0.2871   0.2919   0.2928   0.2972   0.3031   0.3033   0.3088
  0.3139   0.3181   0.3209   0.3244   0.3261   0.3268   0.3326   0.3347
  0.3361   0.3423   0.3439   0.3495   0.3553   0.3594   0.3625   0.3676
  0.3684   0.3752   0.3847   0.3888   0.3914   0.3954   0.4026   0.4064
  0.4101   0.4113   0.4208   0.4275   0.4356   0.4406   0.4550   0.4595
  0.4644   0.4812   0.4855   0.5021   0.5057   0.5092   0.5220   0.5290
  0.5345   0.5406   0.5459   0.5544   0.5635   0.5674   0.5710   0.5743
  0.5881   0.5921   0.5954   0.5986   0.6051   0.6180   0.6213   0.6268
  0.6281   0.6386   0.6397   0.6444   0.6495   0.6528   0.6606   0.6627
  0.6727   0.6825   0.6892   0.6910   0.7045   0.7070   0.7135   0.7240
  0.7256   0.7370   0.7556   0.7646   0.7667   0.7671   0.7711   0.7906
  0.7959   0.8031   0.8076   0.8208   0.8373   0.8476   0.8643   0.8728
  0.8772   0.8814   0.8897   0.8939   0.9106   0.9196   0.9309   0.9371
  0.9413   0.9426   0.9481   0.9499   0.9589   0.9824   0.9882   0.9908
  0.9954   1.0009   1.0050   1.0228   1.0366   1.0445   1.0448   1.0508
  1.0596   1.0687   1.0760   1.0842   1.0905   1.0948   1.1002   1.1032
  1.1197   1.1276   1.1310   1.1416   1.1487   1.1536   1.1595   1.1655
  1.1813   1.1819   1.1878   1.1913   1.2088   1.2209   1.2296   1.2368
  1.2416   1.2488   1.2523   1.2593   1.2673   1.2686   1.2749   1.2909
  1.2993   1.3211   1.3299   1.3387   1.3495   1.3737   1.3857   1.3916
  1.4178   1.4358   1.4386   1.4420   1.4586   1.4713   1.4758   1.4962
  1.5042   1.5127   1.5264   1.5287   1.5292   1.5466   1.5563   1.5657
  1.5711   1.5754   1.5939   1.6015   1.6214   1.6265   1.6299   1.6535
  1.6602   1.6638   1.6722   1.6820   1.6893   1.7043   1.7109   1.7216
  1.7287   1.7486   1.7552   1.7601   1.7654   1.7823   1.7976   1.8164
  1.8202   1.8372   1.8506   1.8656   1.8838   1.8886   1.8952   1.8985
  1.9012   1.9043   1.9311   1.9357   1.9438   1.9451   1.9674   1.9765
  1.9796   1.9811   1.9845   2.0082   2.0151   2.0289   2.0517   2.0520
  2.0726   2.0862   2.0937   2.1149   2.1298   2.1317   2.1458   2.1602
  2.1648   2.1867   2.2150   2.2400   2.2597   2.2635   2.3207   2.3236
  2.3312   2.3557   2.3759   2.3897   2.4308   2.4565   2.4677   2.4769
  2.4899   2.4960   2.5090   2.5211   2.5317   2.5672   2.6037   2.6143
  2.6375   2.6382   2.6447   2.6726   2.6898   2.7068   2.7117   2.7265
  2.7469   2.7551   2.7620   2.7682   2.7732   2.7839   2.7989   2.8111
  2.8170   2.8206   2.8267   2.8300   2.8314   2.8418   2.8485   2.8546
  2.8615   2.8711   2.8770   2.8796   2.8863   2.9045   2.9207   2.9373
  2.9553   2.9686   3.0012   3.0252   3.0321   3.0635   3.0880   3.0885
  3.1055   3.1190   3.1215   3.1257   3.1340   3.1354   3.1374   3.1465
  3.1679   3.1811   3.1927   3.2009   3.2099   3.2193   3.2270   3.2516
  3.2679   3.2876   3.3065   3.3251   3.3311   3.3354   3.3992   3.4304
  3.4421   3.4684   3.5018   3.5171   3.5220   3.5517   3.5674   3.5816
  3.5880   3.6159   3.6276   3.6879   3.7154   3.7919   3.8200   3.8261
  3.8280   3.8841   3.9059   3.9388   3.9605   4.0252   4.0373   4.0722
  4.1604   4.2005   4.2389   4.2974   4.3309   4.4833   4.8256   4.8405
  4.8595   4.9981   5.0207   5.0355   5.0497   5.0708   5.0896   5.1019
  5.1063   5.1081   5.1334   5.1808   5.2836   5.3117   5.3147   5.4837
  5.5078   5.5717   5.7261   5.7980   5.8337   5.8628   8.1907  17.3174
 17.4246  17.5463  23.5024  23.6720  23.8652  23.8791  23.9256  23.9321
 23.9328  23.9451  23.9614  23.9921  24.0098  24.0396  24.1081  24.1277
 24.1825  49.8553  49.8825  49.9522  49.9850  50.0243  50.0582  50.1141
189.2999
 --------------------------------------------------------------
 
          Ground-State Mulliken Net Atomic Charges

     Atom                 Charge (a.u.)    Spin (a.u.)
  --------------------------------------------------------
      1 C                     0.447721       0.032507
      2 C                     0.817964       0.029689
      3 C                     0.696182       0.026434
      4 C                    -0.217582       0.010643
      5 C                    -0.770239       0.013507
      6 C                     0.298360       0.037374
      7 C                    -0.919060       0.100968
      8 C                    -0.065772       0.015769
      9 C                     0.050512       0.037808
     10 C                    -1.130011       0.090237
     11 C                    -0.173786       0.004296
     12 C                    -1.010546       0.070971
     13 C                    -0.753708       0.022595
     14 C                    -0.249816       0.126803
     15 O                    -0.337897       0.172567
     16 O                    -0.361478       0.195859
     17 O                    -0.315178       0.008371
     18 H                     0.201650      -0.000914
     19 H                     0.359501      -0.002420
     20 H                     0.352638      -0.002134
     21 H                     0.461767      -0.002567
     22 O                    -0.315141       0.015805
     23 H                     0.212265      -0.010199
     24 H                     0.349408      -0.004174
     25 H                     0.211715      -0.001277
     26 S                     1.243681       0.004351
     27 O                    -0.163239       0.000218
     28 O                    -0.190759       0.003180
     29 O                    -0.162520       0.002793
     30 C                    -0.175012       0.000426
     31 H                     0.164331      -0.000056
     32 H                     0.210796       0.000473
     33 H                     0.233250       0.000095
  --------------------------------------------------------
  Sum of atomic charges =    -1.000000
  Sum of spin   charges =     1.000000

 -----------------------------------------------------------------
                    Cartesian Multipole Moments
 -----------------------------------------------------------------
    Charge (ESU x 10^10)
                -4.8032
    Dipole Moment (Debye)
         X       2.5518      Y      13.6184      Z      -4.4635
       Tot      14.5566
    Quadrupole Moments (Debye-Ang)
        XX    -172.8695     XY     -10.8201     YY    -207.1257
        XZ       7.9296     YZ      17.8184     ZZ    -151.3071
    Octopole Moments (Debye-Ang^2)
       XXX    -195.7205    XXY     565.9365    XYY     -53.5331
       YYY    1619.8587    XXZ    -260.1515    XYZ     -30.2174
       YYZ    -230.1786    XZZ     -85.3567    YZZ     432.1150
       ZZZ    -499.5967
    Hexadecapole Moments (Debye-Ang^3)
      XXXX   -6699.5909   XXXY    -302.2919   XXYY   -3530.0414
      XYYY    -246.4627   YYYY  -12327.3150   XXXZ     919.7196
      XXYZ    1145.4239   XYYZ     361.3164   YYYZ    2736.5727
      XXZZ   -1921.9509   XYZZ      -4.0106   YYZZ   -2149.4623
      XZZZ     921.5343   YZZZ    2341.5843   ZZZZ   -3268.4668
 -----------------------------------------------------------------
 Total job time:  1291.10s(wall), 9975.65s(cpu) 
 Sat Feb  3 13:13:14 2024

        *************************************************************
        *                                                           *
        *  Thank you very much for using Q-Chem.  Have a nice day.  *
        *                                                           *
        *************************************************************


