
Running Job 1 of 1 043-an-CPCM.in
qchem 043-an-CPCM.in_1759064.0 /expanse/lustre/scratch/selhajj/temp_project/qcscratch/31246140/qchem1759064/ 0
/cm/shared/apps/spack/cpu/opt/spack/linux-centos8-zen2/gcc-10.2.0/qchem-5.4-akfmr7b3t57bfs6qan3padb2wnb2i7cl/exe/qcprog.exe_s 043-an-CPCM.in_1759064.0 /expanse/lustre/scratch/selhajj/temp_project/qcscratch/31246140/qchem1759064/
                  Welcome to Q-Chem
     A Quantum Leap Into The Future Of Chemistry


 Q-Chem 5.4, Q-Chem, Inc., Pleasanton, CA (2021)

 License issued to: University of California, San Diego (site)

 E. Epifanovsky,  A. T. B. Gilbert,  Xintian Feng,  Joonho Lee,  Yuezhi Mao,  
 N. Mardirossian,  P. Pokhilko,  A. White,  M. Wormit,  M. P. Coons,  
 A. L. Dempwolff,  Zhengting Gan,  D. Hait,  P. R. Horn,  L. D. Jacobson,  
 I. Kaliman,  J. Kussmann,  A. W. Lange,  Ka Un Lao,  D. S. Levine,  Jie Liu,  
 S. C. McKenzie,  A. F. Morrison,  K. Nanda,  F. Plasser,  D. R. Rehn,  
 M. L. Vidal,  Zhi-Qiang You,  Ying Zhu,  B. Alam,  B. Albrecht,  
 A. Aldossary,  E. Alguire,  J. H. Andersen,  D. Barton,  K. Begam,  A. Behn,  
 Y. A. Bernard,  E. J. Berquist,  H. Burton,  A. Carreras,  K. Carter-Fenk,  
 R. Chakraborty,  A. D. Chien,  K. D. Closser,  V. Cofer-Shabica,  
 S. Dasgupta,  Jia Deng,  M. de Wergifosse,  M. Diedenhofen,  Hainam Do,  
 S. Ehlert,  Po-Tung Fang,  S. Fatehi,  Qingguo Feng,  J. Gayvert,  
 Qinghui Ge,  G. Gidofalvi,  M. Goldey,  J. Gomes,  C. Gonzalez-Espinoza,  
 S. Gulania,  A. Gunina,  M. W. D. Hanson-Heine,  P. H. P. Harbach,  
 A. W. Hauser,  M. F. Herbst,  M. Hernandez Vera,  M. Hodecker,  
 Z. C. Holden,  S. Houck,  Xunkun Huang,  Kerwin Hui,  B. C. Huynh,  
 M. Ivanov,  Hyunjun Ji,  Hanjie Jiang,  B. Kaduk,  S. Kaehler,  
 K. Khistyaev,  Jaehoon Kim,  P. Klunzinger,  Z. Koczor-Benda,  
 Joong Hoon Koh,  D. Kosenkov,  L. Koulias,  T. Kowalczyk,  C. M. Krauter,  
 K. Kue,  A. Kunitsa,  T. Kus,  A. Landau,  K. V. Lawler,  D. Lefrancois,  
 S. Lehtola,  Rain Li,  Yi-Pei Li,  Jiashu Liang,  M. Liebenthal,  
 Hung-Hsuan Lin,  You-Sheng Lin,  Fenglai Liu,  Kuan-Yu Liu,  
 M. Loipersberger,  A. Luenser,  A. Manjanath,  P. Manohar,  E. Mansoor,  
 S. F. Manzer,  Shan-Ping Mao,  A. V. Marenich,  T. Markovich,  S. Mason,  
 S. A. Maurer,  P. F. McLaughlin,  M. F. S. J. Menger,  J.-M. Mewes,  
 S. A. Mewes,  P. Morgante,  J. W. Mullinax,  T. S. Nguyen-Beck,  
 K. J. Oosterbaan,  G. Paran,  Alexander C. Paul,  Suranjan K. Paul,  
 F. Pavosevic,  Zheng Pei,  S. Prager,  E. I. Proynov,  E. Ramos,  B. Rana,  
 A. E. Rask,  A. Rettig,  R. M. Richard,  F. Rob,  E. Rossomme,  T. Scheele,  
 M. Scheurer,  M. Schneider,  N. Sergueev,  S. M. Sharada,  W. Skomorowski,  
 D. W. Small,  C. J. Stein,  Yu-Chuan Su,  E. J. Sundstrom,  Zhen Tao,  
 J. Thirman,  T. Tsuchimochi,  N. M. Tubman,  S. P. Veccham,  O. Vydrov,  
 J. Wenzel,  J. Witte,  A. Yamada,  Kun Yao,  S. Yeganeh,  S. R. Yost,  
 A. Zech,  Igor Ying Zhang,  Xing Zhang,  Yu Zhang,  D. Zuev,  
 A. Aspuru-Guzik,  A. T. Bell,  N. A. Besley,  K. B. Bravaya,  B. R. Brooks,  
 D. Casanova,  Jeng-Da Chai,  S. Coriani,  C. J. Cramer,  
 A. E. DePrince, III,  R. A. DiStasio Jr.,  A. Dreuw,  B. D. Dunietz,  
 T. R. Furlani,  W. A. Goddard III,  S. Grimme,  S. Hammes-Schiffer,  
 T. Head-Gordon,  W. J. Hehre,  Chao-Ping Hsu,  T.-C. Jagau,  Yousung Jung,  
 A. Klamt,  Jing Kong,  D. S. Lambrecht,  WanZhen Liang,  N. J. Mayhall,  
 C. W. McCurdy,  J. B. Neaton,  C. Ochsenfeld,  J. A. Parkhill,  R. Peverati,  
 V. A. Rassolov,  Yihan Shao,  L. V. Slipchenko,  T. Stauch,  R. P. Steele,  
 J. E. Subotnik,  A. J. W. Thom,  A. Tkatchenko,  D. G. Truhlar,  
 T. Van Voorhis,  T. A. Wesolowski,  K. B. Whaley,  H. L. Woodcock III,  
 P. M. Zimmerman,  S. Faraji,  P. M. W. Gill,  M. Head-Gordon,  
 J. M. Herbert,  A. I. Krylov

 Contributors to earlier versions of Q-Chem not listed above: 
 R. D. Adamson,  B. Austin,  R. Baer,  J. Baker,  G. J. O. Beran,  
 K. Brandhorst,  S. T. Brown,  E. F. C. Byrd,  A. K. Chakraborty,  
 G. K. L. Chan,  Chun-Min Chang,  Yunqing Chen,  C.-L. Cheng,  
 Siu Hung Chien,  D. M. Chipman,  D. L. Crittenden,  H. Dachsel,  
 R. J. Doerksen,  A. D. Dutoi,  R. G. Edgar,  J. Fosso-Tande,  
 L. Fusti-Molnar,  D. Ghosh,  A. Ghysels,  A. Golubeva-Zadorozhnaya,  
 J. Gonthier,  M. S. Gordon,  S. R. Gwaltney,  G. Hawkins,  J. E. Herr,  
 A. Heyden,  S. Hirata,  E. G. Hohenstein,  G. Kedziora,  F. J. Keil,  
 C. Kelley,  Jihan Kim,  R. A. King,  R. Z. Khaliullin,  P. P. Korambath,  
 W. Kurlancheek,  A. Laurent,  A. M. Lee,  M. S. Lee,  S. V. Levchenko,  
 Ching Yeh Lin,  D. Liotard,  E. Livshits,  R. C. Lochan,  I. Lotan,  
 L. A. Martinez-Martinez,  P. E. Maslen,  N. Nair,  D. P. O'Neill,  
 D. Neuhauser,  E. Neuscamman,  C. M. Oana,  R. Olivares-Amaya,  R. Olson,  
 T. M. Perrine,  B. Peters,  P. A. Pieniazek,  A. Prociuk,  Y. M. Rhee,  
 J. Ritchie,  M. A. Rohrdanz,  E. Rosta,  N. J. Russ,  H. F. Schaefer III,  
 M. W. Schmidt,  N. E. Schultz,  S. Sharma,  N. Shenvi,  C. D. Sherrill,  
 A. C. Simmonett,  A. Sodt,  T. Stein,  D. Stuck,  K. S. Thanthiriwatte,  
 V. Vanovschi,  L. Vogt,  Tao Wang,  A. Warshel,  M. A. Watson,  
 C. F. Williams,  Q. Wu,  X. Xu,  Jun Yang,  W. Zhang,  Yan Zhao

 Please cite Q-Chem as follows:
 Y. Shao et al., Mol. Phys. 113, 184-215 (2015)
 DOI: 10.1080/00268976.2014.952696

 Q-Chem 5.4.0 for Intel X86 EM64T Linux

 Parts of Q-Chem use Armadillo 9.800.1 (Horizon Scraper).
 http://arma.sourceforge.net/

 Q-Chem begins on Tue Jun 11 17:33:13 2024  

 Host: 
0

     Scratch files written to /expanse/lustre/scratch/selhajj/temp_project/qcscratch/31246140/qchem1759064//
 May1621 |scratch|qcdevops|jenkins|workspace|build_RNUM    
 Processing $rem in /cm/shared/apps/spack/cpu/opt/spack/linux-centos8-zen2/gcc-10.2.0/qchem-5.4-akfmr7b3t57bfs6qan3padb2wnb2i7cl/config/preferences:
 Processing $rem in /home/selhajj/.qchemrc:
 Symmetry turned off for PCM/SM12/SMD calculation

 Checking the input file for inconsistencies... 	...done.

--------------------------------------------------------------
User input:
--------------------------------------------------------------
$molecule
-2 1
C                  0.7901260000      1.7059230000     -0.6366420000
C                 -0.5047370000      1.0407330000     -0.5920940000
C                 -0.6257160000     -0.2751560000     -0.0807200000
C                  0.5543080000     -1.0310760000      0.3156970000
C                  1.8235420000     -0.3609340000      0.2427660000
C                  1.9373100000      0.9473140000     -0.2197310000
C                  3.2831760000      1.6287670000     -0.3174170000
C                  3.0362790000     -1.1363260000      0.7044790000
O                  0.9220930000      2.9300040000     -1.0541190000
O                  0.4767260000     -2.2572530000      0.7405650000
H                  4.0426110000      0.9824700000     -0.7807780000
H                  3.6826840000      1.9214900000      0.6684150000
H                  3.1656160000      2.5406120000     -0.9081000000
H                  2.6937360000     -2.0294870000      1.2328490000
H                  3.6829280000     -0.5403730000      1.3645930000
H                  3.6703480000     -1.4704520000     -0.1342690000
C                 -1.9032790000     -1.0795830000      0.1944790000
C                 -3.0925500000     -0.3577890000      0.8504150000
C                 -2.3459340000     -1.9730120000     -0.9885110000
C                 -1.5937250000      1.9317640000     -1.2046680000
C                 -2.2852650000      2.8657180000     -0.1833620000
C                 -2.5996120000      1.2906510000     -2.1756130000
H                 -1.5524860000     -1.8028070000      0.9391510000
H                 -3.8164820000     -1.0993500000      1.2170030000
H                 -3.6373140000      0.3161610000      0.1876500000
H                 -2.7544310000      0.2303030000      1.7099290000
H                 -3.1665230000     -2.6453320000     -0.6855540000
H                 -1.5000520000     -2.5919460000     -1.2982090000
H                 -2.6894650000     -1.3981380000     -1.8523320000
H                 -0.9978350000      2.6210980000     -1.8132440000
H                 -2.9378500000      3.5921120000     -0.6968290000
H                 -1.5181610000      3.4255030000      0.3576740000
H                 -2.8972560000      2.3253390000      0.5433230000
H                 -3.1372580000      2.0785430000     -2.7220100000
H                 -3.3547520000      0.6632820000     -1.6997670000
H                 -2.0766680000      0.6721460000     -2.9124460000
$end
$rem
MAX_SCF_CYCLES=200
BASIS  =  6-311++G(d,p)
GUI  =  2
JOB_TYPE  =  SP
METHOD  =  B3LYP
SOLVENT_METHOD = PCM
$end
$pcm
theory = CPCM
$end
$solvent
dielectric 37.219
opticaldielectric 1.43
$end





--------------------------------------------------------------
 ----------------------------------------------------------------
             Standard Nuclear Orientation (Angstroms)
    I     Atom           X                Y                Z
 ----------------------------------------------------------------
    1      C       0.7901260000     1.7059230000    -0.6366420000
    2      C      -0.5047370000     1.0407330000    -0.5920940000
    3      C      -0.6257160000    -0.2751560000    -0.0807200000
    4      C       0.5543080000    -1.0310760000     0.3156970000
    5      C       1.8235420000    -0.3609340000     0.2427660000
    6      C       1.9373100000     0.9473140000    -0.2197310000
    7      C       3.2831760000     1.6287670000    -0.3174170000
    8      C       3.0362790000    -1.1363260000     0.7044790000
    9      O       0.9220930000     2.9300040000    -1.0541190000
   10      O       0.4767260000    -2.2572530000     0.7405650000
   11      H       4.0426110000     0.9824700000    -0.7807780000
   12      H       3.6826840000     1.9214900000     0.6684150000
   13      H       3.1656160000     2.5406120000    -0.9081000000
   14      H       2.6937360000    -2.0294870000     1.2328490000
   15      H       3.6829280000    -0.5403730000     1.3645930000
   16      H       3.6703480000    -1.4704520000    -0.1342690000
   17      C      -1.9032790000    -1.0795830000     0.1944790000
   18      C      -3.0925500000    -0.3577890000     0.8504150000
   19      C      -2.3459340000    -1.9730120000    -0.9885110000
   20      C      -1.5937250000     1.9317640000    -1.2046680000
   21      C      -2.2852650000     2.8657180000    -0.1833620000
   22      C      -2.5996120000     1.2906510000    -2.1756130000
   23      H      -1.5524860000    -1.8028070000     0.9391510000
   24      H      -3.8164820000    -1.0993500000     1.2170030000
   25      H      -3.6373140000     0.3161610000     0.1876500000
   26      H      -2.7544310000     0.2303030000     1.7099290000
   27      H      -3.1665230000    -2.6453320000    -0.6855540000
   28      H      -1.5000520000    -2.5919460000    -1.2982090000
   29      H      -2.6894650000    -1.3981380000    -1.8523320000
   30      H      -0.9978350000     2.6210980000    -1.8132440000
   31      H      -2.9378500000     3.5921120000    -0.6968290000
   32      H      -1.5181610000     3.4255030000     0.3576740000
   33      H      -2.8972560000     2.3253390000     0.5433230000
   34      H      -3.1372580000     2.0785430000    -2.7220100000
   35      H      -3.3547520000     0.6632820000    -1.6997670000
   36      H      -2.0766680000     0.6721460000    -2.9124460000
 ----------------------------------------------------------------
 Nuclear Repulsion Energy =        1149.69498025 hartrees
 There are       61 alpha and       61 beta electrons
 Requested basis set is 6-311++G(d,p)
 There are 196 shells and 492 basis functions

 Total QAlloc Memory Limit   8000 MB
 Mega-Array Size       188 MB
 MEM_STATIC part       192 MB
 Discretize the solute cavity surface with Lebedev spheres
	Using 110 Lebedev grid points for each H atom
	Using 194 Lebedev grid points for other atoms
	Atomic van der Waals radii will be scaled by 1.20
 Remove points where switching function is < 1.0e-08
 Keep 2126 surface tesserae and discard 3178 interior tesserae
 Molecular Surface Area = 276.660 Angst**2
 A cutoff of  1.0D-08 yielded  14189 shell pairs
 There are     90689 function pairs (     96243 Cartesian)
 Smallest overlap matrix eigenvalue = 1.13E-07

 Q-Chem warning in module stvman/mkSTV.C, line 323:

 Overlap eigenvalue is smaller than square root of threshold
 Use THRESH >= 12 to get rid of this warning

 Linear dependence detected in AO basis
 Tighter screening thresholds may be required for diffuse basis sets
 Use S2THRESH > 14 and THRESH = 14 in case of SCF convergence issues
 Number of orthogonalized atomic orbitals = 488
 Maximum deviation from orthogonality = 1.739E-10

 Scale SEOQF with 1.000000e-01/1.000000e-01/1.000000e-01

 Standard Electronic Orientation quadrupole field applied
 Nucleus-field energy     =     0.0000000341 hartrees
 Guess from superposition of atomic densities
 Warning:  Energy on first SCF cycle will be non-variational
 SAD guess density has 120.000000 electrons

 -----------------------------------------------------------------------
  General SCF calculation program by
  Eric Jon Sundstrom, Paul Horn, Yuezhi Mao, Dmitri Zuev, Alec White,
  David Stuck, Shaama M.S., Shane Yost, Joonho Lee, David Small,
  Daniel Levine, Susi Lehtola, Hugh Burton, Evgeny Epifanovsky,
  Bang C. Huynh
 -----------------------------------------------------------------------
 Exchange:     0.2000 Hartree-Fock + 0.0800 Slater + 0.7200 B88
 Correlation:  0.1900 VWN1RPA + 0.8100 LYP
 Using SG-1 standard quadrature grid
 using 8 threads for integral computing
 -------------------------------------------------------
 OpenMP Integral computing Module                
 Release: version 1.0, May 2013, Q-Chem Inc. Pittsburgh 
 -------------------------------------------------------
 A restricted SCF calculation will be
 performed using DIIS
 SCF converges when DIIS error is below 1.0e-05
 ---------------------------------------
  Cycle       Energy         DIIS error
 ---------------------------------------
    1    -699.0607807789      2.72e-02  
    2    -695.8536661305      4.22e-03  
    3    -694.6309361780      7.33e-03  
    4    -696.2740977662      2.18e-03  
    5    -696.3878915852      3.82e-04  
    6    -696.3922005796      2.20e-04  
    7    -696.3935327526      6.32e-05  
    8    -696.3936213851      2.83e-05  
    9    -696.3936417120      9.51e-06  Convergence criterion met
 ---------------------------------------
 SCF time:   CPU 508.38s  wall 70.00s 

************** Final PCM Free Energy Summary **************
 G_electrostatic  =      -0.29256504 hartree =    -183.58733287 kcal/mol
 G_cavitation     =       0.00000000 hartree =       0.00000000 kcal/mol
 G_dispersion     =       0.00000000 hartree =       0.00000000 kcal/mol
 G_repulsion      =       0.00000000 hartree =       0.00000000 kcal/mol
 --------------------------------------------------
 Non-electrostatic Free Energy =       0.00000000 hartree =       0.00000000 kcal/mol
 Total                         =      -0.29256504 hartree =    -183.58733287 kcal/mol
 --------------------------------------------------
 SCF Energy (H0 + V/2)                       =    -696.39364171 
 Solute Internal Energy (H0)                 =    -696.10107667 
 Total Free Energy (H0 + V/2 + non-elec)     =    -696.39364171 hartree
                                             = -436993.60571848 kcal/mol
***********************************************************

 SCF   energy in the final basis set =     -696.3936417120
 Total energy in the final basis set =     -696.3936417120
 
 --------------------------------------------------------------
 
                    Orbital Energies (a.u.)
 --------------------------------------------------------------
 
 Alpha MOs
 -- Occupied --
-19.0031 -19.0031 -10.1507 -10.1506 -10.1378 -10.1377 -10.1345 -10.1344
-10.1336 -10.1336 -10.1290 -10.1289 -10.1166 -10.1161 -10.1126 -10.1120
 -0.9207  -0.9173  -0.7842  -0.7653  -0.7554  -0.7024  -0.6877  -0.6636
 -0.6583  -0.6234  -0.6203  -0.5616  -0.5478  -0.4943  -0.4811  -0.4541
 -0.4249  -0.4137  -0.4132  -0.4068  -0.3994  -0.3876  -0.3843  -0.3810
 -0.3673  -0.3669  -0.3588  -0.3565  -0.3533  -0.3530  -0.3323  -0.3263
 -0.3178  -0.3147  -0.3095  -0.3068  -0.2908  -0.2907  -0.2746  -0.2737
 -0.2085  -0.1896  -0.1826  -0.1750  -0.1027
 -- Virtual --
 -0.0010   0.0090   0.0139   0.0201   0.0278   0.0307   0.0334   0.0364
  0.0373   0.0456   0.0512   0.0532   0.0569   0.0585   0.0652   0.0667
  0.0779   0.0798   0.0823   0.0841   0.0859   0.0905   0.0925   0.1044
  0.1061   0.1161   0.1172   0.1209   0.1234   0.1250   0.1272   0.1321
  0.1349   0.1364   0.1384   0.1408   0.1437   0.1443   0.1486   0.1554
  0.1583   0.1605   0.1613   0.1634   0.1675   0.1691   0.1711   0.1735
  0.1750   0.1769   0.1842   0.1874   0.1889   0.1924   0.1940   0.1953
  0.1965   0.2020   0.2059   0.2076   0.2146   0.2149   0.2199   0.2223
  0.2253   0.2291   0.2313   0.2351   0.2514   0.2525   0.2561   0.2590
  0.2591   0.2626   0.2694   0.2741   0.2767   0.2788   0.2842   0.2854
  0.2908   0.2916   0.3012   0.3055   0.3152   0.3188   0.3199   0.3284
  0.3321   0.3332   0.3462   0.3481   0.3512   0.3530   0.3581   0.3661
  0.3696   0.3737   0.3745   0.3756   0.3816   0.3836   0.3853   0.3865
  0.3889   0.3982   0.4071   0.4222   0.4267   0.4407   0.4441   0.4511
  0.4621   0.4667   0.4828   0.4872   0.4976   0.5087   0.5150   0.5181
  0.5187   0.5287   0.5322   0.5462   0.5499   0.5698   0.5747   0.5809
  0.5900   0.6029   0.6081   0.6106   0.6147   0.6276   0.6301   0.6423
  0.6424   0.6626   0.6686   0.6697   0.6774   0.6900   0.6916   0.7010
  0.7014   0.7076   0.7131   0.7156   0.7167   0.7238   0.7259   0.7278
  0.7298   0.7433   0.7486   0.7545   0.7578   0.7617   0.7670   0.7736
  0.7861   0.7941   0.7971   0.8042   0.8050   0.8096   0.8154   0.8231
  0.8311   0.8326   0.8579   0.8607   0.8836   0.8903   0.8996   0.9360
  0.9545   0.9559   0.9657   0.9773   0.9841   0.9919   1.0165   1.0205
  1.0288   1.0499   1.0628   1.0692   1.0770   1.0862   1.1183   1.1202
  1.1288   1.1364   1.1488   1.1788   1.1941   1.2050   1.2139   1.2532
  1.2580   1.2608   1.2862   1.2866   1.3009   1.3084   1.3109   1.3319
  1.3429   1.3597   1.3646   1.3987   1.4061   1.4158   1.4422   1.4423
  1.4766   1.4863   1.4946   1.4993   1.5087   1.5183   1.5191   1.5323
  1.5371   1.5444   1.5527   1.5675   1.5806   1.5891   1.5900   1.6062
  1.6162   1.6176   1.6179   1.6270   1.6300   1.6437   1.6547   1.6634
  1.6659   1.6765   1.6817   1.6861   1.6966   1.7072   1.7085   1.7244
  1.7279   1.7433   1.7455   1.7467   1.7586   1.7600   1.7815   1.7972
  1.8101   1.8154   1.8260   1.8263   1.8583   1.8644   1.8700   1.8776
  1.8922   1.8964   1.9107   1.9131   1.9253   1.9377   1.9484   1.9531
  1.9586   1.9724   1.9954   2.0029   2.0181   2.0618   2.0706   2.0864
  2.1086   2.1205   2.1297   2.1430   2.1598   2.1664   2.1892   2.1958
  2.2002   2.2074   2.2283   2.2288   2.2572   2.2880   2.2985   2.3033
  2.3321   2.3464   2.3687   2.3712   2.3886   2.3937   2.4134   2.4244
  2.4298   2.4671   2.4750   2.4822   2.4976   2.5245   2.5299   2.5338
  2.5495   2.5532   2.5628   2.5668   2.5761   2.5762   2.5851   2.6025
  2.6027   2.6094   2.6127   2.6185   2.6315   2.6459   2.6509   2.6682
  2.6845   2.6901   2.7099   2.7208   2.7265   2.7433   2.7577   2.7638
  2.7675   2.7949   2.8033   2.8114   2.8262   2.8702   2.8717   2.8876
  2.8880   2.9058   2.9333   2.9476   2.9513   2.9642   2.9722   2.9974
  3.0083   3.0177   3.0340   3.0456   3.0555   3.0688   3.0955   3.1126
  3.1277   3.1698   3.2006   3.2070   3.2227   3.2405   3.2501   3.2941
  3.3020   3.3247   3.3421   3.3636   3.3880   3.3947   3.4639   3.5064
  3.5336   3.5660   3.6216   3.6630   3.7875   3.7889   3.7999   3.8097
  3.8165   3.8268   3.8336   3.8631   3.8685   3.8772   3.8839   3.8999
  3.9027   3.9293   4.0033   4.1135   4.1978   4.3019   4.3081   4.3224
  4.3293   4.4145   4.4264   4.5074   4.9111   5.1787   5.2004   5.3746
  5.3922   5.8036   5.8847  23.6410  23.8709  23.8904  23.9211  23.9768
 23.9780  23.9905  24.0043  24.0047  24.0327  24.0415  24.0498  24.0903
 24.1602  50.0996  50.1418
 --------------------------------------------------------------
 
          Ground-State Mulliken Net Atomic Charges

     Atom                 Charge (a.u.)
  ----------------------------------------
      1 C                    -1.311175
      2 C                     0.672188
      3 C                     0.681423
      4 C                    -1.309585
      5 C                     0.666063
      6 C                     0.668208
      7 C                    -0.539068
      8 C                    -0.535455
      9 O                    -0.707787
     10 O                    -0.707878
     11 H                     0.131478
     12 H                     0.141251
     13 H                     0.154383
     14 H                     0.153959
     15 H                     0.131533
     16 H                     0.141070
     17 C                     0.187393
     18 C                    -0.686577
     19 C                    -0.703683
     20 C                     0.186260
     21 C                    -0.701972
     22 C                    -0.683979
     23 H                     0.178127
     24 H                     0.143497
     25 H                     0.121954
     26 H                     0.134509
     27 H                     0.130389
     28 H                     0.164716
     29 H                     0.111794
     30 H                     0.179530
     31 H                     0.130389
     32 H                     0.163590
     33 H                     0.112502
     34 H                     0.143536
     35 H                     0.122137
     36 H                     0.135280
  ----------------------------------------
  Sum of atomic charges =    -2.000000

 -----------------------------------------------------------------
                    Cartesian Multipole Moments
 -----------------------------------------------------------------
    Charge (ESU x 10^10)
                -9.6064
    Dipole Moment (Debye)
         X      -5.5566      Y      -3.2735      Z       1.6829
       Tot       6.6651
    Quadrupole Moments (Debye-Ang)
        XX    -125.2093     XY      -6.0721     YY    -168.3951
        XZ       1.1053     YZ      18.2617     ZZ    -118.5458
    Octopole Moments (Debye-Ang^2)
       XXX      50.3290    XXY     -53.8100    XYY     -19.3398
       YYY    -180.2442    XXZ      35.3874    XYZ      20.0745
       YYZ      52.2132    XZZ      18.7227    YZZ     -47.1913
       ZZZ      99.1008
    Hexadecapole Moments (Debye-Ang^3)
      XXXX   -3261.3294   XXXY       0.3718   XXYY    -945.1942
      XYYY     -56.9592   YYYY   -2579.3777   XXXZ    -192.2572
      XXYZ     101.7988   XYYZ     -36.1907   YYYZ     404.3132
      XXZZ    -663.3197   XYZZ      -8.6319   YYZZ    -527.0093
      XZZZ    -190.2599   YZZZ     289.8411   ZZZZ    -739.1491
 -----------------------------------------------------------------
 Total job time:  71.64s(wall), 515.22s(cpu) 
 Tue Jun 11 17:34:24 2024

        *************************************************************
        *                                                           *
        *  Thank you very much for using Q-Chem.  Have a nice day.  *
        *                                                           *
        *************************************************************


