
Running Job 1 of 1 067-an-CPCM.in
qchem 067-an-CPCM.in_4162434.0 /expanse/lustre/scratch/selhajj/temp_project/qcscratch/31246402/qchem4162434/ 0
/cm/shared/apps/spack/cpu/opt/spack/linux-centos8-zen2/gcc-10.2.0/qchem-5.4-akfmr7b3t57bfs6qan3padb2wnb2i7cl/exe/qcprog.exe_s 067-an-CPCM.in_4162434.0 /expanse/lustre/scratch/selhajj/temp_project/qcscratch/31246402/qchem4162434/
                  Welcome to Q-Chem
     A Quantum Leap Into The Future Of Chemistry


 Q-Chem 5.4, Q-Chem, Inc., Pleasanton, CA (2021)

 License issued to: University of California, San Diego (site)

 E. Epifanovsky,  A. T. B. Gilbert,  Xintian Feng,  Joonho Lee,  Yuezhi Mao,  
 N. Mardirossian,  P. Pokhilko,  A. White,  M. Wormit,  M. P. Coons,  
 A. L. Dempwolff,  Zhengting Gan,  D. Hait,  P. R. Horn,  L. D. Jacobson,  
 I. Kaliman,  J. Kussmann,  A. W. Lange,  Ka Un Lao,  D. S. Levine,  Jie Liu,  
 S. C. McKenzie,  A. F. Morrison,  K. Nanda,  F. Plasser,  D. R. Rehn,  
 M. L. Vidal,  Zhi-Qiang You,  Ying Zhu,  B. Alam,  B. Albrecht,  
 A. Aldossary,  E. Alguire,  J. H. Andersen,  D. Barton,  K. Begam,  A. Behn,  
 Y. A. Bernard,  E. J. Berquist,  H. Burton,  A. Carreras,  K. Carter-Fenk,  
 R. Chakraborty,  A. D. Chien,  K. D. Closser,  V. Cofer-Shabica,  
 S. Dasgupta,  Jia Deng,  M. de Wergifosse,  M. Diedenhofen,  Hainam Do,  
 S. Ehlert,  Po-Tung Fang,  S. Fatehi,  Qingguo Feng,  J. Gayvert,  
 Qinghui Ge,  G. Gidofalvi,  M. Goldey,  J. Gomes,  C. Gonzalez-Espinoza,  
 S. Gulania,  A. Gunina,  M. W. D. Hanson-Heine,  P. H. P. Harbach,  
 A. W. Hauser,  M. F. Herbst,  M. Hernandez Vera,  M. Hodecker,  
 Z. C. Holden,  S. Houck,  Xunkun Huang,  Kerwin Hui,  B. C. Huynh,  
 M. Ivanov,  Hyunjun Ji,  Hanjie Jiang,  B. Kaduk,  S. Kaehler,  
 K. Khistyaev,  Jaehoon Kim,  P. Klunzinger,  Z. Koczor-Benda,  
 Joong Hoon Koh,  D. Kosenkov,  L. Koulias,  T. Kowalczyk,  C. M. Krauter,  
 K. Kue,  A. Kunitsa,  T. Kus,  A. Landau,  K. V. Lawler,  D. Lefrancois,  
 S. Lehtola,  Rain Li,  Yi-Pei Li,  Jiashu Liang,  M. Liebenthal,  
 Hung-Hsuan Lin,  You-Sheng Lin,  Fenglai Liu,  Kuan-Yu Liu,  
 M. Loipersberger,  A. Luenser,  A. Manjanath,  P. Manohar,  E. Mansoor,  
 S. F. Manzer,  Shan-Ping Mao,  A. V. Marenich,  T. Markovich,  S. Mason,  
 S. A. Maurer,  P. F. McLaughlin,  M. F. S. J. Menger,  J.-M. Mewes,  
 S. A. Mewes,  P. Morgante,  J. W. Mullinax,  T. S. Nguyen-Beck,  
 K. J. Oosterbaan,  G. Paran,  Alexander C. Paul,  Suranjan K. Paul,  
 F. Pavosevic,  Zheng Pei,  S. Prager,  E. I. Proynov,  E. Ramos,  B. Rana,  
 A. E. Rask,  A. Rettig,  R. M. Richard,  F. Rob,  E. Rossomme,  T. Scheele,  
 M. Scheurer,  M. Schneider,  N. Sergueev,  S. M. Sharada,  W. Skomorowski,  
 D. W. Small,  C. J. Stein,  Yu-Chuan Su,  E. J. Sundstrom,  Zhen Tao,  
 J. Thirman,  T. Tsuchimochi,  N. M. Tubman,  S. P. Veccham,  O. Vydrov,  
 J. Wenzel,  J. Witte,  A. Yamada,  Kun Yao,  S. Yeganeh,  S. R. Yost,  
 A. Zech,  Igor Ying Zhang,  Xing Zhang,  Yu Zhang,  D. Zuev,  
 A. Aspuru-Guzik,  A. T. Bell,  N. A. Besley,  K. B. Bravaya,  B. R. Brooks,  
 D. Casanova,  Jeng-Da Chai,  S. Coriani,  C. J. Cramer,  
 A. E. DePrince, III,  R. A. DiStasio Jr.,  A. Dreuw,  B. D. Dunietz,  
 T. R. Furlani,  W. A. Goddard III,  S. Grimme,  S. Hammes-Schiffer,  
 T. Head-Gordon,  W. J. Hehre,  Chao-Ping Hsu,  T.-C. Jagau,  Yousung Jung,  
 A. Klamt,  Jing Kong,  D. S. Lambrecht,  WanZhen Liang,  N. J. Mayhall,  
 C. W. McCurdy,  J. B. Neaton,  C. Ochsenfeld,  J. A. Parkhill,  R. Peverati,  
 V. A. Rassolov,  Yihan Shao,  L. V. Slipchenko,  T. Stauch,  R. P. Steele,  
 J. E. Subotnik,  A. J. W. Thom,  A. Tkatchenko,  D. G. Truhlar,  
 T. Van Voorhis,  T. A. Wesolowski,  K. B. Whaley,  H. L. Woodcock III,  
 P. M. Zimmerman,  S. Faraji,  P. M. W. Gill,  M. Head-Gordon,  
 J. M. Herbert,  A. I. Krylov

 Contributors to earlier versions of Q-Chem not listed above: 
 R. D. Adamson,  B. Austin,  R. Baer,  J. Baker,  G. J. O. Beran,  
 K. Brandhorst,  S. T. Brown,  E. F. C. Byrd,  A. K. Chakraborty,  
 G. K. L. Chan,  Chun-Min Chang,  Yunqing Chen,  C.-L. Cheng,  
 Siu Hung Chien,  D. M. Chipman,  D. L. Crittenden,  H. Dachsel,  
 R. J. Doerksen,  A. D. Dutoi,  R. G. Edgar,  J. Fosso-Tande,  
 L. Fusti-Molnar,  D. Ghosh,  A. Ghysels,  A. Golubeva-Zadorozhnaya,  
 J. Gonthier,  M. S. Gordon,  S. R. Gwaltney,  G. Hawkins,  J. E. Herr,  
 A. Heyden,  S. Hirata,  E. G. Hohenstein,  G. Kedziora,  F. J. Keil,  
 C. Kelley,  Jihan Kim,  R. A. King,  R. Z. Khaliullin,  P. P. Korambath,  
 W. Kurlancheek,  A. Laurent,  A. M. Lee,  M. S. Lee,  S. V. Levchenko,  
 Ching Yeh Lin,  D. Liotard,  E. Livshits,  R. C. Lochan,  I. Lotan,  
 L. A. Martinez-Martinez,  P. E. Maslen,  N. Nair,  D. P. O'Neill,  
 D. Neuhauser,  E. Neuscamman,  C. M. Oana,  R. Olivares-Amaya,  R. Olson,  
 T. M. Perrine,  B. Peters,  P. A. Pieniazek,  A. Prociuk,  Y. M. Rhee,  
 J. Ritchie,  M. A. Rohrdanz,  E. Rosta,  N. J. Russ,  H. F. Schaefer III,  
 M. W. Schmidt,  N. E. Schultz,  S. Sharma,  N. Shenvi,  C. D. Sherrill,  
 A. C. Simmonett,  A. Sodt,  T. Stein,  D. Stuck,  K. S. Thanthiriwatte,  
 V. Vanovschi,  L. Vogt,  Tao Wang,  A. Warshel,  M. A. Watson,  
 C. F. Williams,  Q. Wu,  X. Xu,  Jun Yang,  W. Zhang,  Yan Zhao

 Please cite Q-Chem as follows:
 Y. Shao et al., Mol. Phys. 113, 184-215 (2015)
 DOI: 10.1080/00268976.2014.952696

 Q-Chem 5.4.0 for Intel X86 EM64T Linux

 Parts of Q-Chem use Armadillo 9.800.1 (Horizon Scraper).
 http://arma.sourceforge.net/

 Q-Chem begins on Tue Jun 11 17:51:08 2024  

 Host: 
0

     Scratch files written to /expanse/lustre/scratch/selhajj/temp_project/qcscratch/31246402/qchem4162434//
 May1621 |scratch|qcdevops|jenkins|workspace|build_RNUM    
 Processing $rem in /cm/shared/apps/spack/cpu/opt/spack/linux-centos8-zen2/gcc-10.2.0/qchem-5.4-akfmr7b3t57bfs6qan3padb2wnb2i7cl/config/preferences:
 Processing $rem in /home/selhajj/.qchemrc:
 Symmetry turned off for PCM/SM12/SMD calculation

 Checking the input file for inconsistencies... 	...done.

--------------------------------------------------------------
User input:
--------------------------------------------------------------
$molecule
-2 1
C                 -0.6673730000     -1.2246510000      2.5414880000
C                 -0.8005440000     -1.8024090000      1.2045130000
C                 -0.4959440000     -1.1341160000      0.0634660000
C                  0.0673480000      0.2158770000      0.0278810000
C                  0.3013610000      0.8039190000      1.3241940000
C                 -0.2322160000      0.1371270000      2.5174840000
O                 -0.9541490000     -1.9289110000      3.5610520000
O                  0.3748720000      0.7098490000     -1.1100430000
S                 -0.6311540000      1.0883270000      3.9533960000
C                  0.6122910000      0.7017640000      5.2331530000
C                  0.5308060000     -0.5194100000      5.9060420000
C                  1.6202680000      1.6193230000      5.5239800000
C                  2.5427230000      1.3230000000      6.5276280000
C                  1.4628960000     -0.8071680000      6.9025860000
C                  2.4645600000      0.1139230000      7.2235730000
O                 -0.5190170000      2.5411990000      3.6925030000
O                 -1.9135360000      0.6508360000      4.5538260000
H                 -1.1916590000     -2.8186700000      1.1763140000
H                 -0.6303600000     -1.6012460000     -0.9113480000
H                 -0.2358080000     -1.2242670000      5.5984850000
H                  1.6756670000      2.5293440000      4.9407480000
H                  3.3325060000      2.0329640000      6.7587020000
H                  1.4106280000     -1.7571830000      7.4280520000
H                  3.1877710000     -0.1148840000      8.0024740000
C                  1.3082610000      1.8481060000      1.4542370000
C                  1.5989690000      2.7656030000      0.2704010000
O                  1.9969950000      2.0067240000      2.4786230000
H                  0.6807260000      3.1808760000     -0.1528030000
H                  2.0602880000      2.1991120000     -0.5437230000
H                  2.2614150000      3.5619620000      0.6239360000
$end
$rem
MAX_SCF_CYCLES=200
BASIS  =  6-311++G(d,p)
GUI  =  2
JOB_TYPE  =  SP
METHOD  =  B3LYP
SOLVENT_METHOD = PCM
$end
$pcm
theory = CPCM
$end
$solvent
dielectric 37.219
opticaldielectric 1.43
$end





--------------------------------------------------------------
 ----------------------------------------------------------------
             Standard Nuclear Orientation (Angstroms)
    I     Atom           X                Y                Z
 ----------------------------------------------------------------
    1      C      -0.6673730000    -1.2246510000     2.5414880000
    2      C      -0.8005440000    -1.8024090000     1.2045130000
    3      C      -0.4959440000    -1.1341160000     0.0634660000
    4      C       0.0673480000     0.2158770000     0.0278810000
    5      C       0.3013610000     0.8039190000     1.3241940000
    6      C      -0.2322160000     0.1371270000     2.5174840000
    7      O      -0.9541490000    -1.9289110000     3.5610520000
    8      O       0.3748720000     0.7098490000    -1.1100430000
    9      S      -0.6311540000     1.0883270000     3.9533960000
   10      C       0.6122910000     0.7017640000     5.2331530000
   11      C       0.5308060000    -0.5194100000     5.9060420000
   12      C       1.6202680000     1.6193230000     5.5239800000
   13      C       2.5427230000     1.3230000000     6.5276280000
   14      C       1.4628960000    -0.8071680000     6.9025860000
   15      C       2.4645600000     0.1139230000     7.2235730000
   16      O      -0.5190170000     2.5411990000     3.6925030000
   17      O      -1.9135360000     0.6508360000     4.5538260000
   18      H      -1.1916590000    -2.8186700000     1.1763140000
   19      H      -0.6303600000    -1.6012460000    -0.9113480000
   20      H      -0.2358080000    -1.2242670000     5.5984850000
   21      H       1.6756670000     2.5293440000     4.9407480000
   22      H       3.3325060000     2.0329640000     6.7587020000
   23      H       1.4106280000    -1.7571830000     7.4280520000
   24      H       3.1877710000    -0.1148840000     8.0024740000
   25      C       1.3082610000     1.8481060000     1.4542370000
   26      C       1.5989690000     2.7656030000     0.2704010000
   27      O       1.9969950000     2.0067240000     2.4786230000
   28      H       0.6807260000     3.1808760000    -0.1528030000
   29      H       2.0602880000     2.1991120000    -0.5437230000
   30      H       2.2614150000     3.5619620000     0.6239360000
 ----------------------------------------------------------------
 Nuclear Repulsion Energy =        1713.49244818 hartrees
 There are       76 alpha and       76 beta electrons
 Requested basis set is 6-311++G(d,p)
 There are 177 shells and 518 basis functions

 Total QAlloc Memory Limit   8000 MB
 Mega-Array Size       188 MB
 MEM_STATIC part       192 MB
 Discretize the solute cavity surface with Lebedev spheres
	Using 110 Lebedev grid points for each H atom
	Using 194 Lebedev grid points for other atoms
	Atomic van der Waals radii will be scaled by 1.20
 Remove points where switching function is < 1.0e-08
 Keep 2025 surface tesserae and discard 2955 interior tesserae
 Molecular Surface Area = 292.082 Angst**2
 A cutoff of  1.0D-08 yielded  10589 shell pairs
 There are     94522 function pairs (    100999 Cartesian)
 Smallest overlap matrix eigenvalue = 5.35E-07

 Q-Chem warning in module stvman/mkSTV.C, line 323:

 Overlap eigenvalue is smaller than square root of threshold
 Use THRESH >= 12 to get rid of this warning

 Linear dependence detected in AO basis
 Tighter screening thresholds may be required for diffuse basis sets
 Use S2THRESH > 14 and THRESH = 14 in case of SCF convergence issues
 Number of orthogonalized atomic orbitals = 515
 Maximum deviation from orthogonality = 1.316E-10

 Scale SEOQF with 1.000000e-01/1.000000e-01/1.000000e-02

 Standard Electronic Orientation quadrupole field applied
 Nucleus-field energy     =     0.0000000071 hartrees
 Guess from superposition of atomic densities
 Warning:  Energy on first SCF cycle will be non-variational
 SAD guess density has 150.000000 electrons

 -----------------------------------------------------------------------
  General SCF calculation program by
  Eric Jon Sundstrom, Paul Horn, Yuezhi Mao, Dmitri Zuev, Alec White,
  David Stuck, Shaama M.S., Shane Yost, Joonho Lee, David Small,
  Daniel Levine, Susi Lehtola, Hugh Burton, Evgeny Epifanovsky,
  Bang C. Huynh
 -----------------------------------------------------------------------
 Exchange:     0.2000 Hartree-Fock + 0.0800 Slater + 0.7200 B88
 Correlation:  0.1900 VWN1RPA + 0.8100 LYP
 Using SG-1 standard quadrature grid
 using 8 threads for integral computing
 -------------------------------------------------------
 OpenMP Integral computing Module                
 Release: version 1.0, May 2013, Q-Chem Inc. Pittsburgh 
 -------------------------------------------------------
 A restricted SCF calculation will be
 performed using DIIS
 SCF converges when DIIS error is below 1.0e-05
 ---------------------------------------
  Cycle       Energy         DIIS error
 ---------------------------------------
    1   -1318.5357539846      2.90e-02  
    2   -1313.6864055909      4.70e-03  
    3   -1312.5565379090      8.28e-03  
    4   -1314.2005177397      1.71e-03  
    5   -1314.2895140209      5.22e-04  
    6   -1314.2955655011      2.72e-04  
    7   -1314.2976346434      7.38e-05  
    8   -1314.2977740231      2.34e-05  
    9   -1314.2977833374      8.13e-06  Convergence criterion met
 ---------------------------------------
 SCF time:   CPU 489.62s  wall 66.00s 

************** Final PCM Free Energy Summary **************
 G_electrostatic  =      -0.28341201 hartree =    -177.84372236 kcal/mol
 G_cavitation     =       0.00000000 hartree =       0.00000000 kcal/mol
 G_dispersion     =       0.00000000 hartree =       0.00000000 kcal/mol
 G_repulsion      =       0.00000000 hartree =       0.00000000 kcal/mol
 --------------------------------------------------
 Non-electrostatic Free Energy =       0.00000000 hartree =       0.00000000 kcal/mol
 Total                         =      -0.28341201 hartree =    -177.84372236 kcal/mol
 --------------------------------------------------
 SCF Energy (H0 + V/2)                       =   -1314.29778334 
 Solute Internal Energy (H0)                 =   -1314.01437132 
 Total Free Energy (H0 + V/2 + non-elec)     =   -1314.29778334 hartree
                                             = -824734.30675854 kcal/mol
***********************************************************

 SCF   energy in the final basis set =    -1314.2977833374
 Total energy in the final basis set =    -1314.2977833374
 
 --------------------------------------------------------------
 
                    Orbital Energies (a.u.)
 --------------------------------------------------------------
 
 Alpha MOs
 -- Occupied --
-89.0294 -19.0960 -19.0948 -19.0714 -19.0471 -19.0450 -10.2266 -10.2111
-10.2076 -10.1939 -10.1769 -10.1767 -10.1755 -10.1754 -10.1744 -10.1643
-10.1570 -10.1552 -10.1482 -10.1412  -8.0926  -6.0559  -6.0544  -6.0533
 -1.0865  -1.0001  -0.9806  -0.9697  -0.9651  -0.8609  -0.8078  -0.7660
 -0.7489  -0.7448  -0.7197  -0.6821  -0.6503  -0.6098  -0.6067  -0.5864
 -0.5508  -0.5211  -0.5081  -0.4794  -0.4677  -0.4637  -0.4563  -0.4473
 -0.4405  -0.4327  -0.4260  -0.4225  -0.4126  -0.3959  -0.3906  -0.3824
 -0.3748  -0.3722  -0.3659  -0.3587  -0.3562  -0.3442  -0.3374  -0.3353
 -0.3204  -0.3078  -0.2847  -0.2830  -0.2638  -0.2587  -0.2514  -0.2361
 -0.2284  -0.2200  -0.2109  -0.1524
 -- Virtual --
 -0.0451  -0.0237  -0.0126   0.0013   0.0093   0.0141   0.0210   0.0243
  0.0280   0.0322   0.0386   0.0416   0.0458   0.0499   0.0547   0.0555
  0.0600   0.0704   0.0730   0.0744   0.0798   0.0808   0.0876   0.0945
  0.0969   0.1023   0.1052   0.1071   0.1113   0.1127   0.1151   0.1212
  0.1229   0.1249   0.1274   0.1285   0.1321   0.1335   0.1384   0.1390
  0.1475   0.1503   0.1523   0.1532   0.1552   0.1624   0.1663   0.1677
  0.1710   0.1733   0.1771   0.1780   0.1855   0.1868   0.1917   0.1932
  0.1980   0.2010   0.2025   0.2068   0.2090   0.2179   0.2202   0.2250
  0.2294   0.2342   0.2364   0.2393   0.2445   0.2499   0.2522   0.2578
  0.2608   0.2632   0.2653   0.2725   0.2735   0.2770   0.2808   0.2834
  0.2888   0.2920   0.2946   0.2995   0.3000   0.3060   0.3130   0.3181
  0.3229   0.3251   0.3299   0.3346   0.3410   0.3434   0.3471   0.3500
  0.3518   0.3557   0.3575   0.3606   0.3664   0.3717   0.3740   0.3772
  0.3860   0.3931   0.3973   0.4006   0.4060   0.4084   0.4121   0.4200
  0.4257   0.4278   0.4377   0.4568   0.4650   0.4715   0.4771   0.4899
  0.4920   0.5003   0.5074   0.5140   0.5206   0.5299   0.5457   0.5475
  0.5570   0.5620   0.5671   0.5710   0.5828   0.5856   0.5886   0.5899
  0.6008   0.6130   0.6183   0.6205   0.6295   0.6417   0.6457   0.6541
  0.6645   0.6705   0.6722   0.6856   0.6934   0.7026   0.7044   0.7069
  0.7182   0.7272   0.7347   0.7369   0.7429   0.7473   0.7552   0.7582
  0.7662   0.7765   0.7938   0.8006   0.8076   0.8114   0.8179   0.8392
  0.8442   0.8576   0.8662   0.8767   0.8777   0.8826   0.8897   0.8948
  0.9034   0.9105   0.9218   0.9291   0.9328   0.9442   0.9477   0.9523
  0.9610   0.9654   0.9735   0.9785   1.0023   1.0152   1.0222   1.0276
  1.0307   1.0476   1.0665   1.0751   1.0873   1.0930   1.1108   1.1239
  1.1405   1.1411   1.1572   1.1644   1.1752   1.1839   1.2061   1.2173
  1.2244   1.2301   1.2383   1.2422   1.2484   1.2541   1.2575   1.2642
  1.2756   1.2820   1.2962   1.3088   1.3111   1.3165   1.3415   1.3558
  1.3667   1.3840   1.3968   1.4197   1.4242   1.4695   1.4942   1.5092
  1.5139   1.5233   1.5290   1.5426   1.5481   1.5564   1.5722   1.5775
  1.5809   1.5866   1.6040   1.6214   1.6339   1.6374   1.6469   1.6555
  1.6614   1.6737   1.6852   1.7067   1.7189   1.7244   1.7475   1.7493
  1.7518   1.7639   1.7793   1.7851   1.7981   1.8051   1.8134   1.8346
  1.8482   1.8583   1.8616   1.8741   1.8780   1.9091   1.9243   1.9273
  1.9314   1.9481   1.9593   1.9687   1.9809   1.9941   1.9989   2.0041
  2.0083   2.0222   2.0352   2.0504   2.0662   2.0684   2.0836   2.0944
  2.1011   2.1162   2.1322   2.1423   2.1617   2.1838   2.2196   2.2600
  2.2809   2.2894   2.3131   2.3203   2.3449   2.3554   2.3784   2.4298
  2.4410   2.4417   2.4742   2.4770   2.5192   2.5343   2.5450   2.5772
  2.5864   2.6270   2.6337   2.6421   2.6726   2.6849   2.6915   2.6945
  2.7124   2.7323   2.7346   2.7392   2.7473   2.7556   2.7687   2.7747
  2.7840   2.8183   2.8229   2.8288   2.8352   2.8358   2.8403   2.8638
  2.8809   2.8966   2.9034   2.9116   2.9214   2.9251   2.9350   2.9399
  2.9547   2.9616   2.9713   2.9723   2.9911   3.0048   3.0154   3.0185
  3.0349   3.0538   3.0674   3.1062   3.1270   3.1431   3.1618   3.1795
  3.1952   3.2112   3.2297   3.2509   3.2714   3.3052   3.3361   3.3537
  3.3705   3.3799   3.3866   3.3917   3.4510   3.4853   3.4984   3.5206
  3.5274   3.5429   3.5884   3.6140   3.6295   3.6451   3.6575   3.7548
  3.7857   3.8104   3.8226   3.9288   3.9830   4.0117   4.0495   4.0815
  4.1602   4.1730   4.1880   4.2215   4.2871   4.3717   4.7477   4.8480
  5.0960   5.1252   5.1351   5.1409   5.1484   5.1549   5.1796   5.2202
  5.2912   5.3093   5.3191   5.3482   5.7508   5.8102   5.8487   8.2471
 17.4380  17.4932  17.6103  23.5976  23.6658  23.8574  23.8739  23.9112
 23.9584  23.9688  23.9782  23.9922  24.0134  24.0754  24.0990  24.1912
 24.2154  49.9323  49.9737  50.0391  50.0619  50.0889 189.3748
 --------------------------------------------------------------
 
          Ground-State Mulliken Net Atomic Charges

     Atom                 Charge (a.u.)
  ----------------------------------------
      1 C                    -0.132772
      2 C                    -0.429967
      3 C                    -0.242592
      4 C                    -0.602888
      5 C                     0.940208
      6 C                     0.031079
      7 O                    -0.521110
      8 O                    -0.574291
      9 S                     0.762466
     10 C                    -0.223253
     11 C                    -0.040534
     12 C                     0.160723
     13 C                    -0.489184
     14 C                    -0.500659
     15 C                    -0.305604
     16 O                    -0.326905
     17 O                    -0.257483
     18 H                     0.197254
     19 H                     0.189988
     20 H                     0.271030
     21 H                     0.255285
     22 H                     0.219952
     23 H                     0.216037
     24 H                     0.199321
     25 C                    -0.236213
     26 C                    -0.639894
     27 O                    -0.412709
     28 H                     0.173326
     29 H                     0.180333
     30 H                     0.139059
  ----------------------------------------
  Sum of atomic charges =    -2.000000

 -----------------------------------------------------------------
                    Cartesian Multipole Moments
 -----------------------------------------------------------------
    Charge (ESU x 10^10)
                -9.6064
    Dipole Moment (Debye)
         X       3.2065      Y      -5.5145      Z     -21.6098
       Tot      22.5317
    Quadrupole Moments (Debye-Ang)
        XX    -148.0411     XY      -5.6859     YY    -157.0765
        XZ      28.6938     YZ      -9.7963     ZZ    -221.2809
    Octopole Moments (Debye-Ang^2)
       XXX    -135.0292    XXY     -75.9429    XYY     -40.9094
       YYY    -221.3244    XXZ    -460.4252    XYZ      -8.3646
       YYZ    -501.5778    XZZ     118.6886    YZZ    -128.5384
       ZZZ   -1518.1880
    Hexadecapole Moments (Debye-Ang^3)
      XXXX   -1506.4345   XXXY    -360.8394   XXYY    -582.7501
      XYYY    -358.4073   YYYY   -1974.0641   XXXZ    -662.6737
      XXYZ    -192.0946   XYYZ    -187.8483   YYYZ    -631.8232
      XXZZ   -2380.3473   XYZZ    -105.8209   YYZZ   -2676.6648
      XZZZ     264.6410   YZZZ    -924.6225   ZZZZ  -13434.8804
 -----------------------------------------------------------------
 Total job time:  67.74s(wall), 496.84s(cpu) 
 Tue Jun 11 17:52:16 2024

        *************************************************************
        *                                                           *
        *  Thank you very much for using Q-Chem.  Have a nice day.  *
        *                                                           *
        *************************************************************


