
Running Job 1 of 1 179-an-CPCM.in
qchem 179-an-CPCM.in_3498687.0 /expanse/lustre/scratch/selhajj/temp_project/qcscratch/31248514/qchem3498687/ 0
/cm/shared/apps/spack/cpu/opt/spack/linux-centos8-zen2/gcc-10.2.0/qchem-5.4-akfmr7b3t57bfs6qan3padb2wnb2i7cl/exe/qcprog.exe_s 179-an-CPCM.in_3498687.0 /expanse/lustre/scratch/selhajj/temp_project/qcscratch/31248514/qchem3498687/
                  Welcome to Q-Chem
     A Quantum Leap Into The Future Of Chemistry


 Q-Chem 5.4, Q-Chem, Inc., Pleasanton, CA (2021)

 License issued to: University of California, San Diego (site)

 E. Epifanovsky,  A. T. B. Gilbert,  Xintian Feng,  Joonho Lee,  Yuezhi Mao,  
 N. Mardirossian,  P. Pokhilko,  A. White,  M. Wormit,  M. P. Coons,  
 A. L. Dempwolff,  Zhengting Gan,  D. Hait,  P. R. Horn,  L. D. Jacobson,  
 I. Kaliman,  J. Kussmann,  A. W. Lange,  Ka Un Lao,  D. S. Levine,  Jie Liu,  
 S. C. McKenzie,  A. F. Morrison,  K. Nanda,  F. Plasser,  D. R. Rehn,  
 M. L. Vidal,  Zhi-Qiang You,  Ying Zhu,  B. Alam,  B. Albrecht,  
 A. Aldossary,  E. Alguire,  J. H. Andersen,  D. Barton,  K. Begam,  A. Behn,  
 Y. A. Bernard,  E. J. Berquist,  H. Burton,  A. Carreras,  K. Carter-Fenk,  
 R. Chakraborty,  A. D. Chien,  K. D. Closser,  V. Cofer-Shabica,  
 S. Dasgupta,  Jia Deng,  M. de Wergifosse,  M. Diedenhofen,  Hainam Do,  
 S. Ehlert,  Po-Tung Fang,  S. Fatehi,  Qingguo Feng,  J. Gayvert,  
 Qinghui Ge,  G. Gidofalvi,  M. Goldey,  J. Gomes,  C. Gonzalez-Espinoza,  
 S. Gulania,  A. Gunina,  M. W. D. Hanson-Heine,  P. H. P. Harbach,  
 A. W. Hauser,  M. F. Herbst,  M. Hernandez Vera,  M. Hodecker,  
 Z. C. Holden,  S. Houck,  Xunkun Huang,  Kerwin Hui,  B. C. Huynh,  
 M. Ivanov,  Hyunjun Ji,  Hanjie Jiang,  B. Kaduk,  S. Kaehler,  
 K. Khistyaev,  Jaehoon Kim,  P. Klunzinger,  Z. Koczor-Benda,  
 Joong Hoon Koh,  D. Kosenkov,  L. Koulias,  T. Kowalczyk,  C. M. Krauter,  
 K. Kue,  A. Kunitsa,  T. Kus,  A. Landau,  K. V. Lawler,  D. Lefrancois,  
 S. Lehtola,  Rain Li,  Yi-Pei Li,  Jiashu Liang,  M. Liebenthal,  
 Hung-Hsuan Lin,  You-Sheng Lin,  Fenglai Liu,  Kuan-Yu Liu,  
 M. Loipersberger,  A. Luenser,  A. Manjanath,  P. Manohar,  E. Mansoor,  
 S. F. Manzer,  Shan-Ping Mao,  A. V. Marenich,  T. Markovich,  S. Mason,  
 S. A. Maurer,  P. F. McLaughlin,  M. F. S. J. Menger,  J.-M. Mewes,  
 S. A. Mewes,  P. Morgante,  J. W. Mullinax,  T. S. Nguyen-Beck,  
 K. J. Oosterbaan,  G. Paran,  Alexander C. Paul,  Suranjan K. Paul,  
 F. Pavosevic,  Zheng Pei,  S. Prager,  E. I. Proynov,  E. Ramos,  B. Rana,  
 A. E. Rask,  A. Rettig,  R. M. Richard,  F. Rob,  E. Rossomme,  T. Scheele,  
 M. Scheurer,  M. Schneider,  N. Sergueev,  S. M. Sharada,  W. Skomorowski,  
 D. W. Small,  C. J. Stein,  Yu-Chuan Su,  E. J. Sundstrom,  Zhen Tao,  
 J. Thirman,  T. Tsuchimochi,  N. M. Tubman,  S. P. Veccham,  O. Vydrov,  
 J. Wenzel,  J. Witte,  A. Yamada,  Kun Yao,  S. Yeganeh,  S. R. Yost,  
 A. Zech,  Igor Ying Zhang,  Xing Zhang,  Yu Zhang,  D. Zuev,  
 A. Aspuru-Guzik,  A. T. Bell,  N. A. Besley,  K. B. Bravaya,  B. R. Brooks,  
 D. Casanova,  Jeng-Da Chai,  S. Coriani,  C. J. Cramer,  
 A. E. DePrince, III,  R. A. DiStasio Jr.,  A. Dreuw,  B. D. Dunietz,  
 T. R. Furlani,  W. A. Goddard III,  S. Grimme,  S. Hammes-Schiffer,  
 T. Head-Gordon,  W. J. Hehre,  Chao-Ping Hsu,  T.-C. Jagau,  Yousung Jung,  
 A. Klamt,  Jing Kong,  D. S. Lambrecht,  WanZhen Liang,  N. J. Mayhall,  
 C. W. McCurdy,  J. B. Neaton,  C. Ochsenfeld,  J. A. Parkhill,  R. Peverati,  
 V. A. Rassolov,  Yihan Shao,  L. V. Slipchenko,  T. Stauch,  R. P. Steele,  
 J. E. Subotnik,  A. J. W. Thom,  A. Tkatchenko,  D. G. Truhlar,  
 T. Van Voorhis,  T. A. Wesolowski,  K. B. Whaley,  H. L. Woodcock III,  
 P. M. Zimmerman,  S. Faraji,  P. M. W. Gill,  M. Head-Gordon,  
 J. M. Herbert,  A. I. Krylov

 Contributors to earlier versions of Q-Chem not listed above: 
 R. D. Adamson,  B. Austin,  R. Baer,  J. Baker,  G. J. O. Beran,  
 K. Brandhorst,  S. T. Brown,  E. F. C. Byrd,  A. K. Chakraborty,  
 G. K. L. Chan,  Chun-Min Chang,  Yunqing Chen,  C.-L. Cheng,  
 Siu Hung Chien,  D. M. Chipman,  D. L. Crittenden,  H. Dachsel,  
 R. J. Doerksen,  A. D. Dutoi,  R. G. Edgar,  J. Fosso-Tande,  
 L. Fusti-Molnar,  D. Ghosh,  A. Ghysels,  A. Golubeva-Zadorozhnaya,  
 J. Gonthier,  M. S. Gordon,  S. R. Gwaltney,  G. Hawkins,  J. E. Herr,  
 A. Heyden,  S. Hirata,  E. G. Hohenstein,  G. Kedziora,  F. J. Keil,  
 C. Kelley,  Jihan Kim,  R. A. King,  R. Z. Khaliullin,  P. P. Korambath,  
 W. Kurlancheek,  A. Laurent,  A. M. Lee,  M. S. Lee,  S. V. Levchenko,  
 Ching Yeh Lin,  D. Liotard,  E. Livshits,  R. C. Lochan,  I. Lotan,  
 L. A. Martinez-Martinez,  P. E. Maslen,  N. Nair,  D. P. O'Neill,  
 D. Neuhauser,  E. Neuscamman,  C. M. Oana,  R. Olivares-Amaya,  R. Olson,  
 T. M. Perrine,  B. Peters,  P. A. Pieniazek,  A. Prociuk,  Y. M. Rhee,  
 J. Ritchie,  M. A. Rohrdanz,  E. Rosta,  N. J. Russ,  H. F. Schaefer III,  
 M. W. Schmidt,  N. E. Schultz,  S. Sharma,  N. Shenvi,  C. D. Sherrill,  
 A. C. Simmonett,  A. Sodt,  T. Stein,  D. Stuck,  K. S. Thanthiriwatte,  
 V. Vanovschi,  L. Vogt,  Tao Wang,  A. Warshel,  M. A. Watson,  
 C. F. Williams,  Q. Wu,  X. Xu,  Jun Yang,  W. Zhang,  Yan Zhao

 Please cite Q-Chem as follows:
 Y. Shao et al., Mol. Phys. 113, 184-215 (2015)
 DOI: 10.1080/00268976.2014.952696

 Q-Chem 5.4.0 for Intel X86 EM64T Linux

 Parts of Q-Chem use Armadillo 9.800.1 (Horizon Scraper).
 http://arma.sourceforge.net/

 Q-Chem begins on Tue Jun 11 17:55:55 2024  

 Host: 
0

     Scratch files written to /expanse/lustre/scratch/selhajj/temp_project/qcscratch/31248514/qchem3498687//
 May1621 |scratch|qcdevops|jenkins|workspace|build_RNUM    
 Processing $rem in /cm/shared/apps/spack/cpu/opt/spack/linux-centos8-zen2/gcc-10.2.0/qchem-5.4-akfmr7b3t57bfs6qan3padb2wnb2i7cl/config/preferences:
 Processing $rem in /home/selhajj/.qchemrc:
 Symmetry turned off for PCM/SM12/SMD calculation

 Checking the input file for inconsistencies... 	...done.

--------------------------------------------------------------
User input:
--------------------------------------------------------------
$molecule
-2 1
C                 -3.4415970000     -2.7536440000     -0.3532310000
O                 -2.1596400000     -2.2348370000     -0.1924180000
C                 -2.0038290000     -0.8478990000     -0.2019930000
C                 -3.0865460000     -0.0074970000     -0.3614360000
C                 -2.9358910000      1.4015920000     -0.3718990000
C                 -1.6921310000      2.0114230000     -0.2224170000
O                 -1.5451550000      3.3137540000     -0.2309510000
C                 -0.5243780000      1.1243450000     -0.0512740000
C                  0.7495870000      1.7255960000      0.1014750000
O                  0.8926280000      3.0955720000      0.0903750000
C                  1.8936150000      0.9360700000      0.2672110000
C                  3.1946280000      1.5118480000      0.4240900000
C                  4.3136950000      0.7286290000      0.5863430000
C                  4.1999770000     -0.6906770000      0.6018660000
C                  2.9506850000     -1.2674220000      0.4518210000
C                  1.7774990000     -0.5031060000      0.2830160000
C                  0.4959290000     -1.1923210000      0.1313980000
O                  0.4541080000     -2.4605490000      0.1534860000
C                 -0.6718320000     -0.3234480000     -0.0394320000
H                 -3.3349690000     -3.8425980000     -0.3172110000
H                 -4.1343600000     -2.4379660000      0.4467750000
H                 -3.8983690000     -2.4730090000     -1.3186980000
H                 -4.0840830000     -0.4147000000     -0.4829920000
H                 -3.8046100000      2.0430010000     -0.4992760000
H                 -0.0715500000      3.4237020000     -0.0421990000
H                  3.2698280000      2.5937930000      0.4107970000
H                  5.2905250000      1.1963630000      0.7034200000
H                  5.0849870000     -1.3105830000      0.7301990000
H                  2.8212480000     -2.3454300000      0.4580660000
$end
$rem
MAX_SCF_CYCLES=200
BASIS  =  6-311++G(d,p)
GUI  =  2
JOB_TYPE  =  SP
METHOD  =  B3LYP
SOLVENT_METHOD = PCM
$end
$pcm
theory = CPCM
$end
$solvent
dielectric 37.219
opticaldielectric 1.43
$end





--------------------------------------------------------------
 ----------------------------------------------------------------
             Standard Nuclear Orientation (Angstroms)
    I     Atom           X                Y                Z
 ----------------------------------------------------------------
    1      C      -3.4415970000    -2.7536440000    -0.3532310000
    2      O      -2.1596400000    -2.2348370000    -0.1924180000
    3      C      -2.0038290000    -0.8478990000    -0.2019930000
    4      C      -3.0865460000    -0.0074970000    -0.3614360000
    5      C      -2.9358910000     1.4015920000    -0.3718990000
    6      C      -1.6921310000     2.0114230000    -0.2224170000
    7      O      -1.5451550000     3.3137540000    -0.2309510000
    8      C      -0.5243780000     1.1243450000    -0.0512740000
    9      C       0.7495870000     1.7255960000     0.1014750000
   10      O       0.8926280000     3.0955720000     0.0903750000
   11      C       1.8936150000     0.9360700000     0.2672110000
   12      C       3.1946280000     1.5118480000     0.4240900000
   13      C       4.3136950000     0.7286290000     0.5863430000
   14      C       4.1999770000    -0.6906770000     0.6018660000
   15      C       2.9506850000    -1.2674220000     0.4518210000
   16      C       1.7774990000    -0.5031060000     0.2830160000
   17      C       0.4959290000    -1.1923210000     0.1313980000
   18      O       0.4541080000    -2.4605490000     0.1534860000
   19      C      -0.6718320000    -0.3234480000    -0.0394320000
   20      H      -3.3349690000    -3.8425980000    -0.3172110000
   21      H      -4.1343600000    -2.4379660000     0.4467750000
   22      H      -3.8983690000    -2.4730090000    -1.3186980000
   23      H      -4.0840830000    -0.4147000000    -0.4829920000
   24      H      -3.8046100000     2.0430010000    -0.4992760000
   25      H      -0.0715500000     3.4237020000    -0.0421990000
   26      H       3.2698280000     2.5937930000     0.4107970000
   27      H       5.2905250000     1.1963630000     0.7034200000
   28      H       5.0849870000    -1.3105830000     0.7301990000
   29      H       2.8212480000    -2.3454300000     0.4580660000
 ----------------------------------------------------------------
 Nuclear Repulsion Energy =        1354.52291809 hartrees
 There are       67 alpha and       67 beta electrons
 Requested basis set is 6-311++G(d,p)
 There are 164 shells and 488 basis functions

 Total QAlloc Memory Limit   8000 MB
 Mega-Array Size       188 MB
 MEM_STATIC part       192 MB
 Discretize the solute cavity surface with Lebedev spheres
	Using 110 Lebedev grid points for each H atom
	Using 194 Lebedev grid points for other atoms
	Atomic van der Waals radii will be scaled by 1.20
 Remove points where switching function is < 1.0e-08
 Keep 1949 surface tesserae and discard 2837 interior tesserae
 Molecular Surface Area = 268.744 Angst**2
 A cutoff of  1.0D-08 yielded   9175 shell pairs
 There are     85354 function pairs (     91350 Cartesian)
 Smallest overlap matrix eigenvalue = 5.46E-08

 Q-Chem warning in module stvman/mkSTV.C, line 323:

 Overlap eigenvalue is smaller than square root of threshold
 Use THRESH >= 12 to get rid of this warning

 Linear dependence detected in AO basis
 Tighter screening thresholds may be required for diffuse basis sets
 Use S2THRESH > 14 and THRESH = 14 in case of SCF convergence issues
 Number of orthogonalized atomic orbitals = 481
 Maximum deviation from orthogonality = 1.905E-10

 Scale SEOQF with 1.000000e-02/1.000000e-01/1.000000e-01

 Standard Electronic Orientation quadrupole field applied
 Nucleus-field energy     =     0.0000000347 hartrees
 Guess from superposition of atomic densities
 Warning:  Energy on first SCF cycle will be non-variational
 SAD guess density has 132.000000 electrons

 -----------------------------------------------------------------------
  General SCF calculation program by
  Eric Jon Sundstrom, Paul Horn, Yuezhi Mao, Dmitri Zuev, Alec White,
  David Stuck, Shaama M.S., Shane Yost, Joonho Lee, David Small,
  Daniel Levine, Susi Lehtola, Hugh Burton, Evgeny Epifanovsky,
  Bang C. Huynh
 -----------------------------------------------------------------------
 Exchange:     0.2000 Hartree-Fock + 0.0800 Slater + 0.7200 B88
 Correlation:  0.1900 VWN1RPA + 0.8100 LYP
 Using SG-1 standard quadrature grid
 using 8 threads for integral computing
 -------------------------------------------------------
 OpenMP Integral computing Module                
 Release: version 1.0, May 2013, Q-Chem Inc. Pittsburgh 
 -------------------------------------------------------
 A restricted SCF calculation will be
 performed using DIIS
 SCF converges when DIIS error is below 1.0e-05
 ---------------------------------------
  Cycle       Energy         DIIS error
 ---------------------------------------
    1    -883.1209379814      3.00e-02  
    2    -878.6078724134      3.86e-03  
    3    -878.2736552702      5.60e-03  
    4    -878.9604860515      1.42e-03  
    5    -879.0087753208      2.91e-04  
    6    -879.0102954493      1.46e-04  
    7    -879.0108254480      4.44e-05  
    8    -879.0108732812      1.69e-05  
    9    -879.0108779825      3.53e-06  Convergence criterion met
 ---------------------------------------
 SCF time:   CPU 389.89s  wall 170.00s 

************** Final PCM Free Energy Summary **************
 G_electrostatic  =      -0.28371710 hartree =    -178.03516896 kcal/mol
 G_cavitation     =       0.00000000 hartree =       0.00000000 kcal/mol
 G_dispersion     =       0.00000000 hartree =       0.00000000 kcal/mol
 G_repulsion      =       0.00000000 hartree =       0.00000000 kcal/mol
 --------------------------------------------------
 Non-electrostatic Free Energy =       0.00000000 hartree =       0.00000000 kcal/mol
 Total                         =      -0.28371710 hartree =    -178.03516896 kcal/mol
 --------------------------------------------------
 SCF Energy (H0 + V/2)                       =    -879.01087798 
 Solute Internal Energy (H0)                 =    -878.72716088 
 Total Free Energy (H0 + V/2 + non-elec)     =    -879.01087798 hartree
                                             = -551587.65104603 kcal/mol
***********************************************************

 SCF   energy in the final basis set =     -879.0108779825
 Total energy in the final basis set =     -879.0108779825
 
 --------------------------------------------------------------
 
                    Orbital Energies (a.u.)
 --------------------------------------------------------------
 
 Alpha MOs
 -- Occupied --
-19.1253 -19.0920 -19.0466 -19.0302 -10.2013 -10.1994 -10.1954 -10.1924
-10.1861 -10.1569 -10.1534 -10.1529 -10.1520 -10.1514 -10.1511 -10.1499
-10.1430 -10.1403 -10.1273  -1.0414  -1.0095  -0.9563  -0.9529  -0.8364
 -0.8110  -0.7626  -0.7326  -0.7197  -0.7096  -0.6673  -0.6450  -0.6085
 -0.6002  -0.5539  -0.5436  -0.5128  -0.5118  -0.4845  -0.4653  -0.4490
 -0.4480  -0.4385  -0.4234  -0.4179  -0.4069  -0.4028  -0.3976  -0.3860
 -0.3732  -0.3628  -0.3606  -0.3577  -0.3514  -0.3397  -0.3247  -0.3229
 -0.3141  -0.3132  -0.3096  -0.2658  -0.2481  -0.2361  -0.2245  -0.2215
 -0.1995  -0.1764  -0.1192
 -- Virtual --
 -0.0251  -0.0017   0.0020   0.0076   0.0147   0.0244   0.0254   0.0337
  0.0404   0.0426   0.0439   0.0479   0.0570   0.0606   0.0685   0.0685
  0.0724   0.0762   0.0820   0.0837   0.0903   0.0983   0.0991   0.1064
  0.1108   0.1140   0.1183   0.1212   0.1213   0.1240   0.1293   0.1350
  0.1363   0.1389   0.1430   0.1476   0.1478   0.1531   0.1556   0.1564
  0.1614   0.1648   0.1673   0.1761   0.1794   0.1812   0.1815   0.1870
  0.1890   0.1962   0.1966   0.2090   0.2106   0.2152   0.2169   0.2200
  0.2275   0.2285   0.2333   0.2380   0.2433   0.2512   0.2549   0.2607
  0.2630   0.2632   0.2647   0.2691   0.2747   0.2819   0.2870   0.2879
  0.2941   0.2973   0.3017   0.3041   0.3049   0.3086   0.3108   0.3154
  0.3174   0.3196   0.3258   0.3332   0.3361   0.3367   0.3429   0.3474
  0.3531   0.3574   0.3596   0.3607   0.3667   0.3719   0.3742   0.3799
  0.3865   0.3908   0.3966   0.4093   0.4183   0.4227   0.4237   0.4370
  0.4446   0.4484   0.4678   0.4750   0.4953   0.5108   0.5123   0.5239
  0.5342   0.5396   0.5527   0.5590   0.5623   0.5755   0.5822   0.5829
  0.5893   0.5927   0.5999   0.6065   0.6101   0.6211   0.6325   0.6391
  0.6459   0.6463   0.6565   0.6605   0.6650   0.6652   0.6738   0.6835
  0.6872   0.6875   0.6999   0.7091   0.7122   0.7208   0.7255   0.7346
  0.7526   0.7625   0.7660   0.7686   0.7806   0.7898   0.7990   0.8172
  0.8196   0.8290   0.8361   0.8445   0.8596   0.8724   0.8792   0.8954
  0.9035   0.9129   0.9229   0.9302   0.9433   0.9530   0.9625   0.9665
  0.9740   0.9770   0.9830   0.9901   0.9977   1.0150   1.0223   1.0277
  1.0439   1.0580   1.0582   1.0646   1.0655   1.0750   1.0895   1.0930
  1.0988   1.1154   1.1203   1.1353   1.1375   1.1390   1.1473   1.1633
  1.1660   1.1708   1.1971   1.2233   1.2338   1.2364   1.2599   1.2646
  1.2780   1.2789   1.2887   1.2951   1.3055   1.3233   1.3407   1.3596
  1.3644   1.4190   1.4314   1.4550   1.4586   1.4674   1.4837   1.5070
  1.5133   1.5223   1.5333   1.5360   1.5438   1.5490   1.5524   1.5555
  1.5667   1.5791   1.5850   1.6060   1.6090   1.6340   1.6473   1.6486
  1.6565   1.6781   1.6907   1.7004   1.7111   1.7269   1.7462   1.7469
  1.7699   1.7801   1.7873   1.7892   1.8019   1.8219   1.8368   1.8458
  1.8540   1.8716   1.9007   1.9054   1.9194   1.9234   1.9290   1.9332
  1.9350   1.9645   1.9717   1.9865   1.9886   1.9953   2.0026   2.0137
  2.0161   2.0238   2.0462   2.0672   2.0818   2.0999   2.1097   2.1140
  2.1358   2.1599   2.1625   2.1657   2.1953   2.1989   2.2103   2.2307
  2.2640   2.2909   2.3274   2.3419   2.3489   2.3971   2.4085   2.4112
  2.4233   2.4698   2.4749   2.4828   2.4916   2.5047   2.5171   2.5508
  2.5667   2.5931   2.6561   2.6569   2.6676   2.6764   2.6782   2.7240
  2.7300   2.7430   2.7471   2.7561   2.7570   2.7691   2.7818   2.7912
  2.8035   2.8058   2.8116   2.8372   2.8560   2.8573   2.8700   2.8731
  2.8913   2.8986   2.9147   2.9248   2.9369   2.9418   2.9489   2.9804
  3.0062   3.0471   3.0563   3.0914   3.1038   3.1118   3.1382   3.1493
  3.1623   3.1843   3.1932   3.2108   3.2320   3.2369   3.2626   3.2667
  3.2842   3.2995   3.3181   3.3393   3.3670   3.3754   3.4051   3.4183
  3.4296   3.4588   3.4793   3.5391   3.5455   3.5588   3.5758   3.5893
  3.6222   3.6698   3.6831   3.7445   3.7720   3.8372   3.8544   3.8650
  3.9406   3.9693   4.0617   4.0998   4.1259   4.1640   4.2041   4.2326
  4.3030   4.3221   4.3465   4.5384   4.8350   4.8571   4.8815   5.0615
  5.0644   5.1191   5.1382   5.2863   5.3131   5.5033   5.5843   5.7524
  5.8349   5.8377   5.8806  23.5489  23.7379  23.8659  23.9065  23.9420
 23.9471  23.9580  23.9770  23.9989  24.0208  24.0959  24.1023  24.1414
 24.1856  24.2023  50.0094  50.0356  50.1113  50.1429
 --------------------------------------------------------------
 
          Ground-State Mulliken Net Atomic Charges

     Atom                 Charge (a.u.)
  ----------------------------------------
      1 C                    -0.282273
      2 O                    -0.192090
      3 C                    -0.329467
      4 C                    -0.192900
      5 C                    -0.277096
      6 C                    -0.482109
      7 O                    -0.682376
      8 C                     0.705739
      9 C                     0.111702
     10 O                    -0.543821
     11 C                     0.210590
     12 C                    -0.205485
     13 C                    -0.510427
     14 C                    -0.555768
     15 C                    -0.038407
     16 C                    -0.009817
     17 C                    -0.193580
     18 O                    -0.632331
     19 C                     0.189335
     20 H                     0.190517
     21 H                     0.144271
     22 H                     0.144340
     23 H                     0.193109
     24 H                     0.155672
     25 H                     0.417787
     26 H                     0.159693
     27 H                     0.178736
     28 H                     0.179139
     29 H                     0.147316
  ----------------------------------------
  Sum of atomic charges =    -2.000000

 -----------------------------------------------------------------
                    Cartesian Multipole Moments
 -----------------------------------------------------------------
    Charge (ESU x 10^10)
                -9.6064
    Dipole Moment (Debye)
         X      -0.6468      Y      -5.6825      Z      -0.3634
       Tot       5.7307
    Quadrupole Moments (Debye-Ang)
        XX    -135.5991     XY      16.4650     YY    -180.7264
        XZ      -2.0733     YZ       3.1774     ZZ    -122.8271
    Octopole Moments (Debye-Ang^2)
       XXX     -66.1636    XXY     -74.6274    XYY       8.5339
       YYY    -161.3571    XXZ      -7.5089    XYZ      -6.6285
       YYZ      -3.8512    XZZ     -19.4744    YZZ     -24.2615
       ZZZ     -20.9473
    Hexadecapole Moments (Debye-Ang^3)
      XXXX   -4285.9172   XXXY     -29.3845   XXYY   -1192.6927
      XYYY      34.3281   YYYY   -3048.4689   XXXZ    -235.0460
      XXYZ      13.7213   XYYZ     -98.8722   YYYZ      33.9758
      XXZZ    -837.5385   XYZZ     -48.1512   YYZZ    -465.8821
      XZZZ    -303.2389   YZZZ       3.3522   ZZZZ    -238.1712
 -----------------------------------------------------------------
 Total job time:  210.00s(wall), 399.02s(cpu) 
 Tue Jun 11 17:59:25 2024

        *************************************************************
        *                                                           *
        *  Thank you very much for using Q-Chem.  Have a nice day.  *
        *                                                           *
        *************************************************************


