
Running Job 1 of 1 118-an-SM12.in
qchem 118-an-SM12.in_1674957.0 /expanse/lustre/scratch/selhajj/temp_project/qcscratch/28445619/qchem1674957/ 0
/cm/shared/apps/spack/cpu/opt/spack/linux-centos8-zen2/gcc-10.2.0/qchem-5.4-akfmr7b3t57bfs6qan3padb2wnb2i7cl/exe/qcprog.exe_s 118-an-SM12.in_1674957.0 /expanse/lustre/scratch/selhajj/temp_project/qcscratch/28445619/qchem1674957/
                  Welcome to Q-Chem
     A Quantum Leap Into The Future Of Chemistry


 Q-Chem 5.4, Q-Chem, Inc., Pleasanton, CA (2021)

 License issued to: University of California, San Diego (site)

 E. Epifanovsky,  A. T. B. Gilbert,  Xintian Feng,  Joonho Lee,  Yuezhi Mao,  
 N. Mardirossian,  P. Pokhilko,  A. White,  M. Wormit,  M. P. Coons,  
 A. L. Dempwolff,  Zhengting Gan,  D. Hait,  P. R. Horn,  L. D. Jacobson,  
 I. Kaliman,  J. Kussmann,  A. W. Lange,  Ka Un Lao,  D. S. Levine,  Jie Liu,  
 S. C. McKenzie,  A. F. Morrison,  K. Nanda,  F. Plasser,  D. R. Rehn,  
 M. L. Vidal,  Zhi-Qiang You,  Ying Zhu,  B. Alam,  B. Albrecht,  
 A. Aldossary,  E. Alguire,  J. H. Andersen,  D. Barton,  K. Begam,  A. Behn,  
 Y. A. Bernard,  E. J. Berquist,  H. Burton,  A. Carreras,  K. Carter-Fenk,  
 R. Chakraborty,  A. D. Chien,  K. D. Closser,  V. Cofer-Shabica,  
 S. Dasgupta,  Jia Deng,  M. de Wergifosse,  M. Diedenhofen,  Hainam Do,  
 S. Ehlert,  Po-Tung Fang,  S. Fatehi,  Qingguo Feng,  J. Gayvert,  
 Qinghui Ge,  G. Gidofalvi,  M. Goldey,  J. Gomes,  C. Gonzalez-Espinoza,  
 S. Gulania,  A. Gunina,  M. W. D. Hanson-Heine,  P. H. P. Harbach,  
 A. W. Hauser,  M. F. Herbst,  M. Hernandez Vera,  M. Hodecker,  
 Z. C. Holden,  S. Houck,  Xunkun Huang,  Kerwin Hui,  B. C. Huynh,  
 M. Ivanov,  Hyunjun Ji,  Hanjie Jiang,  B. Kaduk,  S. Kaehler,  
 K. Khistyaev,  Jaehoon Kim,  P. Klunzinger,  Z. Koczor-Benda,  
 Joong Hoon Koh,  D. Kosenkov,  L. Koulias,  T. Kowalczyk,  C. M. Krauter,  
 K. Kue,  A. Kunitsa,  T. Kus,  A. Landau,  K. V. Lawler,  D. Lefrancois,  
 S. Lehtola,  Rain Li,  Yi-Pei Li,  Jiashu Liang,  M. Liebenthal,  
 Hung-Hsuan Lin,  You-Sheng Lin,  Fenglai Liu,  Kuan-Yu Liu,  
 M. Loipersberger,  A. Luenser,  A. Manjanath,  P. Manohar,  E. Mansoor,  
 S. F. Manzer,  Shan-Ping Mao,  A. V. Marenich,  T. Markovich,  S. Mason,  
 S. A. Maurer,  P. F. McLaughlin,  M. F. S. J. Menger,  J.-M. Mewes,  
 S. A. Mewes,  P. Morgante,  J. W. Mullinax,  T. S. Nguyen-Beck,  
 K. J. Oosterbaan,  G. Paran,  Alexander C. Paul,  Suranjan K. Paul,  
 F. Pavosevic,  Zheng Pei,  S. Prager,  E. I. Proynov,  E. Ramos,  B. Rana,  
 A. E. Rask,  A. Rettig,  R. M. Richard,  F. Rob,  E. Rossomme,  T. Scheele,  
 M. Scheurer,  M. Schneider,  N. Sergueev,  S. M. Sharada,  W. Skomorowski,  
 D. W. Small,  C. J. Stein,  Yu-Chuan Su,  E. J. Sundstrom,  Zhen Tao,  
 J. Thirman,  T. Tsuchimochi,  N. M. Tubman,  S. P. Veccham,  O. Vydrov,  
 J. Wenzel,  J. Witte,  A. Yamada,  Kun Yao,  S. Yeganeh,  S. R. Yost,  
 A. Zech,  Igor Ying Zhang,  Xing Zhang,  Yu Zhang,  D. Zuev,  
 A. Aspuru-Guzik,  A. T. Bell,  N. A. Besley,  K. B. Bravaya,  B. R. Brooks,  
 D. Casanova,  Jeng-Da Chai,  S. Coriani,  C. J. Cramer,  
 A. E. DePrince, III,  R. A. DiStasio Jr.,  A. Dreuw,  B. D. Dunietz,  
 T. R. Furlani,  W. A. Goddard III,  S. Grimme,  S. Hammes-Schiffer,  
 T. Head-Gordon,  W. J. Hehre,  Chao-Ping Hsu,  T.-C. Jagau,  Yousung Jung,  
 A. Klamt,  Jing Kong,  D. S. Lambrecht,  WanZhen Liang,  N. J. Mayhall,  
 C. W. McCurdy,  J. B. Neaton,  C. Ochsenfeld,  J. A. Parkhill,  R. Peverati,  
 V. A. Rassolov,  Yihan Shao,  L. V. Slipchenko,  T. Stauch,  R. P. Steele,  
 J. E. Subotnik,  A. J. W. Thom,  A. Tkatchenko,  D. G. Truhlar,  
 T. Van Voorhis,  T. A. Wesolowski,  K. B. Whaley,  H. L. Woodcock III,  
 P. M. Zimmerman,  S. Faraji,  P. M. W. Gill,  M. Head-Gordon,  
 J. M. Herbert,  A. I. Krylov

 Contributors to earlier versions of Q-Chem not listed above: 
 R. D. Adamson,  B. Austin,  R. Baer,  J. Baker,  G. J. O. Beran,  
 K. Brandhorst,  S. T. Brown,  E. F. C. Byrd,  A. K. Chakraborty,  
 G. K. L. Chan,  Chun-Min Chang,  Yunqing Chen,  C.-L. Cheng,  
 Siu Hung Chien,  D. M. Chipman,  D. L. Crittenden,  H. Dachsel,  
 R. J. Doerksen,  A. D. Dutoi,  R. G. Edgar,  J. Fosso-Tande,  
 L. Fusti-Molnar,  D. Ghosh,  A. Ghysels,  A. Golubeva-Zadorozhnaya,  
 J. Gonthier,  M. S. Gordon,  S. R. Gwaltney,  G. Hawkins,  J. E. Herr,  
 A. Heyden,  S. Hirata,  E. G. Hohenstein,  G. Kedziora,  F. J. Keil,  
 C. Kelley,  Jihan Kim,  R. A. King,  R. Z. Khaliullin,  P. P. Korambath,  
 W. Kurlancheek,  A. Laurent,  A. M. Lee,  M. S. Lee,  S. V. Levchenko,  
 Ching Yeh Lin,  D. Liotard,  E. Livshits,  R. C. Lochan,  I. Lotan,  
 L. A. Martinez-Martinez,  P. E. Maslen,  N. Nair,  D. P. O'Neill,  
 D. Neuhauser,  E. Neuscamman,  C. M. Oana,  R. Olivares-Amaya,  R. Olson,  
 T. M. Perrine,  B. Peters,  P. A. Pieniazek,  A. Prociuk,  Y. M. Rhee,  
 J. Ritchie,  M. A. Rohrdanz,  E. Rosta,  N. J. Russ,  H. F. Schaefer III,  
 M. W. Schmidt,  N. E. Schultz,  S. Sharma,  N. Shenvi,  C. D. Sherrill,  
 A. C. Simmonett,  A. Sodt,  T. Stein,  D. Stuck,  K. S. Thanthiriwatte,  
 V. Vanovschi,  L. Vogt,  Tao Wang,  A. Warshel,  M. A. Watson,  
 C. F. Williams,  Q. Wu,  X. Xu,  Jun Yang,  W. Zhang,  Yan Zhao

 Please cite Q-Chem as follows:
 Y. Shao et al., Mol. Phys. 113, 184-215 (2015)
 DOI: 10.1080/00268976.2014.952696

 Q-Chem 5.4.0 for Intel X86 EM64T Linux

 Parts of Q-Chem use Armadillo 9.800.1 (Horizon Scraper).
 http://arma.sourceforge.net/

 Q-Chem begins on Sat Feb  3 11:23:27 2024  

 Host: 
0

     Scratch files written to /expanse/lustre/scratch/selhajj/temp_project/qcscratch/28445619/qchem1674957//
 May1621 |scratch|qcdevops|jenkins|workspace|build_RNUM    
 Processing $rem in /cm/shared/apps/spack/cpu/opt/spack/linux-centos8-zen2/gcc-10.2.0/qchem-5.4-akfmr7b3t57bfs6qan3padb2wnb2i7cl/config/preferences:
 Processing $rem in /home/selhajj/.qchemrc:
 Symmetry turned off for PCM/SM12/SMD calculation
 Method-specific promolecule density matrix will be built for SM12 calculation

 Checking the input file for inconsistencies... 	...done.

--------------------------------------------------------------
User input:
--------------------------------------------------------------
$molecule
-2 1
Cl                 5.2114690000     -1.4937050000     -0.0034660000
C                  3.6144340000     -0.6473760000     -0.1482370000
C                  3.6348560000      0.7326830000     -0.4826670000
C                  2.4193130000      1.3776100000     -0.5930320000
C                  1.1774270000      0.7275400000     -0.3893350000
C                 -0.0447410000      1.4850550000     -0.5266860000
O                 -0.0631020000      2.7370110000     -0.8286050000
C                 -1.2484390000      0.7143720000     -0.2954380000
C                 -2.5100540000      1.3551020000     -0.4031390000
C                 -3.6997950000      0.6877210000     -0.1974880000
C                 -3.6785380000     -0.6974830000      0.1365030000
C                 -2.4701920000     -1.3524510000      0.2497070000
C                 -1.2263780000     -0.6982240000      0.0451350000
C                 -0.0021370000     -1.4584250000      0.1831550000
O                  0.0143130000     -2.7116330000      0.4854670000
C                  1.1944540000     -0.6890610000     -0.0475500000
C                  2.4563400000     -1.3400040000      0.0625520000
H                  4.5748420000      1.2491480000     -0.6428090000
H                  2.3736100000      2.4326780000     -0.8464850000
H                 -2.4903310000      2.4104190000     -0.6588790000
H                 -4.6490810000      1.2136010000     -0.2891190000
H                 -4.6120600000     -1.2339180000      0.3010400000
H                 -2.4192590000     -2.4072750000      0.5028360000
H                  2.4430500000     -2.3933840000      0.3176770000
$end

$rem
BASIS  =  6-311++G(d,p)
GUI  =  2
JOB_TYPE  =  SP
METHOD  =  B3LYP
SCF_CONVERGENCE  = 8
SOLVENT_METHOD = sm12
$end

$smx
solvent dimethylformamide
charges CM5
$end





--------------------------------------------------------------
 ----------------------------------------------------------------
             Standard Nuclear Orientation (Angstroms)
    I     Atom           X                Y                Z
 ----------------------------------------------------------------
    1      Cl      5.2114690000    -1.4937050000    -0.0034660000
    2      C       3.6144340000    -0.6473760000    -0.1482370000
    3      C       3.6348560000     0.7326830000    -0.4826670000
    4      C       2.4193130000     1.3776100000    -0.5930320000
    5      C       1.1774270000     0.7275400000    -0.3893350000
    6      C      -0.0447410000     1.4850550000    -0.5266860000
    7      O      -0.0631020000     2.7370110000    -0.8286050000
    8      C      -1.2484390000     0.7143720000    -0.2954380000
    9      C      -2.5100540000     1.3551020000    -0.4031390000
   10      C      -3.6997950000     0.6877210000    -0.1974880000
   11      C      -3.6785380000    -0.6974830000     0.1365030000
   12      C      -2.4701920000    -1.3524510000     0.2497070000
   13      C      -1.2263780000    -0.6982240000     0.0451350000
   14      C      -0.0021370000    -1.4584250000     0.1831550000
   15      O       0.0143130000    -2.7116330000     0.4854670000
   16      C       1.1944540000    -0.6890610000    -0.0475500000
   17      C       2.4563400000    -1.3400040000     0.0625520000
   18      H       4.5748420000     1.2491480000    -0.6428090000
   19      H       2.3736100000     2.4326780000    -0.8464850000
   20      H      -2.4903310000     2.4104190000    -0.6588790000
   21      H      -4.6490810000     1.2136010000    -0.2891190000
   22      H      -4.6120600000    -1.2339180000     0.3010400000
   23      H      -2.4192590000    -2.4072750000     0.5028360000
   24      H       2.4430500000    -2.3933840000     0.3176770000
 ----------------------------------------------------------------
 Nuclear Repulsion Energy =        1162.63110635 hartrees
 There are       63 alpha and       63 beta electrons
 Requested basis set is 6-311++G(d,p)
 There are 144 shells and 431 basis functions

 Total QAlloc Memory Limit   8000 MB
 Mega-Array Size       188 MB
 MEM_STATIC part       192 MB
 A cutoff of  1.0D-11 yielded   7972 shell pairs
 There are     75569 function pairs (     81217 Cartesian)
 Smallest overlap matrix eigenvalue = 7.14E-08

 Q-Chem warning in module stvman/mkSTV.C, line 323:

 Overlap eigenvalue is smaller than square root of threshold
 Use THRESH >= 12 to get rid of this warning

 Linear dependence detected in AO basis
 Tighter screening thresholds may be required for diffuse basis sets
 Use S2THRESH > 14 and THRESH = 14 in case of SCF convergence issues
 Number of orthogonalized atomic orbitals = 425
 Maximum deviation from orthogonality = 2.043E-10

 Scale SEOQF with 1.000000e-02/1.000000e-01/1.000000e-01

 Standard Electronic Orientation quadrupole field applied
 Nucleus-field energy     =     0.0000000217 hartrees
 ================ Generating on-the-fly Promolecule Density  ================
Attempting to make child job directory: /expanse/lustre/scratch/selhajj/temp_project/qcscratch/28445619/qchem1674957//Frg1/
Attempting to make child job directory: /expanse/lustre/scratch/selhajj/temp_project/qcscratch/28445619/qchem1674957//Frg2/
Attempting to make child job directory: /expanse/lustre/scratch/selhajj/temp_project/qcscratch/28445619/qchem1674957//Frg3/
Attempting to make child job directory: /expanse/lustre/scratch/selhajj/temp_project/qcscratch/28445619/qchem1674957//Frg4/
Creating input file /expanse/lustre/scratch/selhajj/temp_project/qcscratch/28445619/qchem1674957/Frg1.input
using default PutDataFrgm: nothing
calling putenv with: QCSCRATCH=/expanse/lustre/scratch/selhajj/temp_project/qcscratch/28445619/qchem1674957/ 
Spawning Job For Fragment 0
Done Job For Fragment 0
calling putenv with: QCSCRATCH=/expanse/lustre/scratch/selhajj/temp_project/qcscratch/28445619 
calling putenv with: QCTHREADS=8 
Creating input file /expanse/lustre/scratch/selhajj/temp_project/qcscratch/28445619/qchem1674957/Frg2.input
using default PutDataFrgm: nothing
calling putenv with: QCSCRATCH=/expanse/lustre/scratch/selhajj/temp_project/qcscratch/28445619/qchem1674957/ 
Spawning Job For Fragment 1
Done Job For Fragment 1
calling putenv with: QCSCRATCH=/expanse/lustre/scratch/selhajj/temp_project/qcscratch/28445619 
calling putenv with: QCTHREADS=8 
Creating input file /expanse/lustre/scratch/selhajj/temp_project/qcscratch/28445619/qchem1674957/Frg3.input
using default PutDataFrgm: nothing
calling putenv with: QCSCRATCH=/expanse/lustre/scratch/selhajj/temp_project/qcscratch/28445619/qchem1674957/ 
Spawning Job For Fragment 2
Done Job For Fragment 2
calling putenv with: QCSCRATCH=/expanse/lustre/scratch/selhajj/temp_project/qcscratch/28445619 
calling putenv with: QCTHREADS=8 
Creating input file /expanse/lustre/scratch/selhajj/temp_project/qcscratch/28445619/qchem1674957/Frg4.input
using default PutDataFrgm: nothing
calling putenv with: QCSCRATCH=/expanse/lustre/scratch/selhajj/temp_project/qcscratch/28445619/qchem1674957/ 
Spawning Job For Fragment 3
Done Job For Fragment 3
calling putenv with: QCSCRATCH=/expanse/lustre/scratch/selhajj/temp_project/qcscratch/28445619 
calling putenv with: QCTHREADS=8 
 Time for running child jobs:  CPU 0.01 s  wall 28.65 s
 ============= Method Specific Promolecule Density Constructed =============
 Guess from superposition of atomic densities
 Warning:  Energy on first SCF cycle will be non-variational
 SAD guess density has 124.000000 electrons

 -----------------------------------------------------------------------
  General SCF calculation program by
  Eric Jon Sundstrom, Paul Horn, Yuezhi Mao, Dmitri Zuev, Alec White,
  David Stuck, Shaama M.S., Shane Yost, Joonho Lee, David Small,
  Daniel Levine, Susi Lehtola, Hugh Burton, Evgeny Epifanovsky,
  Bang C. Huynh
 -----------------------------------------------------------------------
 Exchange:     0.2000 Hartree-Fock + 0.0800 Slater + 0.7200 B88
 Correlation:  0.1900 VWN1RPA + 0.8100 LYP
 Using SG-1 standard quadrature grid
 using 8 threads for integral computing
 -------------------------------------------------------
 OpenMP Integral computing Module                
 Release: version 1.0, May 2013, Q-Chem Inc. Pittsburgh 
 -------------------------------------------------------
 
 SM12 calculation using CM5 charges
 Citation of the SM12 model:
 Marenich, A.V.; Cramer, C.J.; Truhlar, D.G.
 J. Chem. Theory Comput. 2013, 9, 609-612.
 iSolventCode=          91
 Solvent: dimethylformamide                                               
 
Hirshfeld: reading atomic densities from disk.
warning:  vdwdata pointer should have been initialzed before dftman
 Inaccurate integrated density:
   Number of electrons =   126
   Numerical integral  =   124.002268061790
   Relative error      =    -1.5855015383 %

 Charges (in A.U.) from CM5PAC (Nov. 11, 2011)
 -----------------------------------------------
 Center     Atomic      CM5         Hirshfeld
 Number     Number      Charge      Charge
 -----------------------------------------------
    1         17        0.013915    0.015683
    2          6       -0.012993   -0.006047
    3          6       -0.057541   -0.005476
    4          6       -0.051952   -0.000920
    5          6       -0.002314   -0.000355
    6          6        0.034911    0.006988
    7          8       -0.060787   -0.017054
    8          6       -0.002328   -0.000316
    9          6       -0.051981   -0.000679
   10          6       -0.057599   -0.002976
   11          6       -0.057652   -0.003043
   12          6       -0.051992   -0.000673
   13          6       -0.002311   -0.000300
   14          6        0.034791    0.006950
   15          8       -0.060740   -0.017071
   16          6       -0.002265   -0.000507
   17          6       -0.051180   -0.003125
   18          1        0.057316    0.000901
   19          1        0.066410    0.005421
   20          1        0.066339    0.005428
   21          1        0.057939    0.003016
   22          1        0.057939    0.003015
   23          1        0.066372    0.005427
   24          1        0.065434    0.003443
 -----------------------------------------------

 Dipole moment (in Debye)
 -----------------------------------------------
                 X        Y        Z     Total
 -----------------------------------------------
 CM5         -0.1534   0.0851  -0.0131   0.1759
 Hirshfeld    0.1283  -0.0700   0.0139   0.1468
 -----------------------------------------------

 A restricted SCF calculation will be
 performed using DIIS
 SCF converges when DIIS error is below 1.0e-08
 ---------------------------------------
  Cycle       Energy         DIIS error
 ---------------------------------------
Hirshfeld: reading atomic densities from disk.

 Charges (in A.U.) from CM5PAC (Nov. 11, 2011)
 -----------------------------------------------
 Center     Atomic      CM5         Hirshfeld
 Number     Number      Charge      Charge
 -----------------------------------------------
    1         17       -0.013139   -0.011371
    2          6        0.061882    0.068828
    3          6       -0.213629   -0.161564
    4          6       -0.186415   -0.135383
    5          6       -0.120263   -0.118304
    6          6        0.125187    0.097264
    7          8       -0.741533   -0.697800
    8          6       -0.121154   -0.119143
    9          6       -0.202234   -0.150931
   10          6       -0.213967   -0.159344
   11          6       -0.206808   -0.152199
   12          6       -0.207344   -0.156025
   13          6       -0.117191   -0.115180
   14          6        0.097897    0.070056
   15          8       -0.755716   -0.712047
   16          6       -0.110414   -0.108655
   17          6       -0.247344   -0.199288
   18          1        0.171917    0.115502
   19          1        0.164227    0.103238
   20          1        0.163149    0.102238
   21          1        0.174846    0.119922
   22          1        0.175525    0.120600
   23          1        0.162408    0.101463
   24          1        0.159020    0.097029
 -----------------------------------------------

 Dipole moment (in Debye)
 -----------------------------------------------
                 X        Y        Z     Total
 -----------------------------------------------
 CM5          0.4186   0.8615   1.4046   1.7001
 Hirshfeld    0.7003   0.7064   1.4316   1.7433
 -----------------------------------------------

    1   -1152.4456250560      3.14e-02  
Hirshfeld: reading atomic densities from disk.

 Charges (in A.U.) from CM5PAC (Nov. 11, 2011)
 -----------------------------------------------
 Center     Atomic      CM5         Hirshfeld
 Number     Number      Charge      Charge
 -----------------------------------------------
    1         17       -0.743127   -0.741359
    2          6       -0.276025   -0.269078
    3          6       -0.264966   -0.212901
    4          6       -0.147110   -0.096078
    5          6        0.119236    0.121195
    6          6       -0.010708   -0.038631
    7          8        1.620978    1.664711
    8          6        0.094441    0.096453
    9          6       -0.317148   -0.265846
   10          6       -0.325223   -0.270600
   11          6       -0.332886   -0.278278
   12          6       -0.313804   -0.262484
   13          6        0.103327    0.105338
   14          6        0.027314   -0.000526
   15          8        1.724241    1.767910
   16          6        0.141792    0.143551
   17          6       -0.069125   -0.021070
   18          1       -0.311710   -0.368124
   19          1       -0.272201   -0.333189
   20          1       -0.651615   -0.712526
   21          1       -0.468393   -0.523317
   22          1       -0.463563   -0.518488
   23          1       -0.662370   -0.723315
   24          1       -0.209871   -0.271862
 -----------------------------------------------

 Dipole moment (in Debye)
 -----------------------------------------------
                 X        Y        Z     Total
 -----------------------------------------------
 CM5         12.4097   0.7474   0.9942  12.4718
 Hirshfeld   12.6914   0.5923   1.0212  12.7462
 -----------------------------------------------

    2   -1148.1167573895      4.23e-03  
Hirshfeld: reading atomic densities from disk.

 Charges (in A.U.) from CM5PAC (Nov. 11, 2011)
 -----------------------------------------------
 Center     Atomic      CM5         Hirshfeld
 Number     Number      Charge      Charge
 -----------------------------------------------
    1         17       -0.100210   -0.098443
    2          6        0.015308    0.022255
    3          6        0.004270    0.056335
    4          6       -0.050837    0.000195
    5          6       -0.048184   -0.046225
    6          6       -0.076670   -0.104593
    7          8       -0.786875   -0.743142
    8          6       -0.065232   -0.063221
    9          6       -0.066766   -0.015463
   10          6       -0.046294    0.008329
   11          6       -0.048280    0.006328
   12          6       -0.069163   -0.017844
   13          6       -0.068559   -0.066548
   14          6       -0.074360   -0.102200
   15          8       -0.804864   -0.761195
   16          6       -0.051607   -0.049848
   17          6       -0.032278    0.015777
   18          1        0.065772    0.009357
   19          1        0.055769   -0.005220
   20          1        0.047741   -0.013170
   21          1        0.044123   -0.010801
   22          1        0.044796   -0.010129
   23          1        0.047365   -0.013579
   24          1        0.062635    0.000644
 -----------------------------------------------

 Dipole moment (in Debye)
 -----------------------------------------------
                 X        Y        Z     Total
 -----------------------------------------------
 CM5          0.3054   1.0252   1.3702   1.7383
 Hirshfeld    0.5871   0.8701   1.3973   1.7476
 -----------------------------------------------

    3   -1142.8811696085      1.17e-02  
Hirshfeld: reading atomic densities from disk.

 Charges (in A.U.) from CM5PAC (Nov. 11, 2011)
 -----------------------------------------------
 Center     Atomic      CM5         Hirshfeld
 Number     Number      Charge      Charge
 -----------------------------------------------
    1         17       -0.062545   -0.060778
    2          6       -0.014346   -0.007400
    3          6       -0.144170   -0.092105
    4          6       -0.117225   -0.066193
    5          6       -0.091742   -0.089783
    6          6        0.054763    0.026840
    7          8       -0.612640   -0.568907
    8          6       -0.101077   -0.099066
    9          6       -0.132930   -0.081627
   10          6       -0.174207   -0.119584
   11          6       -0.169849   -0.115241
   12          6       -0.135723   -0.084404
   13          6       -0.100768   -0.098757
   14          6        0.038918    0.011078
   15          8       -0.627954   -0.584285
   16          6       -0.092006   -0.090247
   17          6       -0.134140   -0.086085
   18          1        0.100043    0.043628
   19          1        0.088855    0.027866
   20          1        0.081945    0.021034
   21          1        0.085783    0.030859
   22          1        0.086476    0.031551
   23          1        0.081056    0.020111
   24          1        0.091361    0.029370
 -----------------------------------------------

 Dipole moment (in Debye)
 -----------------------------------------------
                 X        Y        Z     Total
 -----------------------------------------------
 CM5          0.8467   0.8888   1.3831   1.8493
 Hirshfeld    1.1284   0.7337   1.4101   1.9494
 -----------------------------------------------

    4   -1148.2917432631      3.31e-03  
Hirshfeld: reading atomic densities from disk.

 Charges (in A.U.) from CM5PAC (Nov. 11, 2011)
 -----------------------------------------------
 Center     Atomic      CM5         Hirshfeld
 Number     Number      Charge      Charge
 -----------------------------------------------
    1         17       -0.159750   -0.157983
    2          6        0.015195    0.022142
    3          6       -0.131399   -0.079334
    4          6       -0.131523   -0.080492
    5          6       -0.072742   -0.070783
    6          6       -0.020007   -0.047930
    7          8       -0.543139   -0.499406
    8          6       -0.070099   -0.068088
    9          6       -0.145618   -0.094315
   10          6       -0.129522   -0.074899
   11          6       -0.132026   -0.077417
   12          6       -0.144684   -0.093365
   13          6       -0.065785   -0.063773
   14          6       -0.007959   -0.035799
   15          8       -0.536253   -0.492584
   16          6       -0.057550   -0.055791
   17          6       -0.128390   -0.080335
   18          1        0.075517    0.019102
   19          1        0.070695    0.009706
   20          1        0.060578   -0.000333
   21          1        0.057780    0.002856
   22          1        0.058100    0.003175
   23          1        0.059768   -0.001177
   24          1        0.076265    0.014274
 -----------------------------------------------

 Dipole moment (in Debye)
 -----------------------------------------------
                 X        Y        Z     Total
 -----------------------------------------------
 CM5         -1.4032   0.6778   1.5187   2.1760
 Hirshfeld   -1.1215   0.5227   1.5457   1.9800
 -----------------------------------------------

    5   -1148.5126525903      1.11e-03  
Hirshfeld: reading atomic densities from disk.

 Charges (in A.U.) from CM5PAC (Nov. 11, 2011)
 -----------------------------------------------
 Center     Atomic      CM5         Hirshfeld
 Number     Number      Charge      Charge
 -----------------------------------------------
    1         17       -0.128579   -0.126812
    2          6       -0.048869   -0.041922
    3          6       -0.154071   -0.102006
    4          6       -0.109402   -0.058370
    5          6       -0.073286   -0.071327
    6          6        0.041600    0.013677
    7          8       -0.519948   -0.476215
    8          6       -0.079110   -0.077099
    9          6       -0.122238   -0.070936
   10          6       -0.169270   -0.114647
   11          6       -0.163916   -0.109308
   12          6       -0.125430   -0.074111
   13          6       -0.081232   -0.079221
   14          6        0.021915   -0.005925
   15          8       -0.541846   -0.498177
   16          6       -0.078015   -0.076256
   17          6       -0.121393   -0.073338
   18          1        0.070916    0.014501
   19          1        0.066088    0.005100
   20          1        0.059207   -0.001704
   21          1        0.059999    0.005075
   22          1        0.060950    0.006025
   23          1        0.059400   -0.001544
   24          1        0.073921    0.011930
 -----------------------------------------------

 Dipole moment (in Debye)
 -----------------------------------------------
                 X        Y        Z     Total
 -----------------------------------------------
 CM5         -1.3014   1.3021   1.3641   2.2913
 Hirshfeld   -1.0197   1.1470   1.3912   2.0714
 -----------------------------------------------

    6   -1148.5465716224      5.21e-04  
Hirshfeld: reading atomic densities from disk.

 Charges (in A.U.) from CM5PAC (Nov. 11, 2011)
 -----------------------------------------------
 Center     Atomic      CM5         Hirshfeld
 Number     Number      Charge      Charge
 -----------------------------------------------
    1         17       -0.137727   -0.135960
    2          6       -0.016389   -0.009443
    3          6       -0.145910   -0.093845
    4          6       -0.125653   -0.074621
    5          6       -0.083908   -0.081948
    6          6        0.020520   -0.007403
    7          8       -0.522446   -0.478713
    8          6       -0.085549   -0.083538
    9          6       -0.134980   -0.083678
   10          6       -0.157107   -0.102484
   11          6       -0.157468   -0.102859
   12          6       -0.134396   -0.083077
   13          6       -0.082113   -0.080102
   14          6        0.023274   -0.004567
   15          8       -0.515914   -0.472245
   16          6       -0.077173   -0.075414
   17          6       -0.126122   -0.078067
   18          1        0.071141    0.014726
   19          1        0.067169    0.006180
   20          1        0.061457    0.000546
   21          1        0.061824    0.006901
   22          1        0.062142    0.007217
   23          1        0.060421   -0.000524
   24          1        0.072308    0.010317
 -----------------------------------------------

 Dipole moment (in Debye)
 -----------------------------------------------
                 X        Y        Z     Total
 -----------------------------------------------
 CM5         -1.2508   0.6730   1.5143   2.0762
 Hirshfeld   -0.9691   0.5180   1.5413   1.8929
 -----------------------------------------------

    7   -1148.5539021852      2.20e-04  
Hirshfeld: reading atomic densities from disk.

 Charges (in A.U.) from CM5PAC (Nov. 11, 2011)
 -----------------------------------------------
 Center     Atomic      CM5         Hirshfeld
 Number     Number      Charge      Charge
 -----------------------------------------------
    1         17       -0.138191   -0.136423
    2          6       -0.023594   -0.016648
    3          6       -0.154248   -0.102183
    4          6       -0.122842   -0.071811
    5          6       -0.078206   -0.076247
    6          6        0.025573   -0.002350
    7          8       -0.515003   -0.471269
    8          6       -0.078331   -0.076319
    9          6       -0.134453   -0.083151
   10          6       -0.159112   -0.104489
   11          6       -0.156404   -0.101795
   12          6       -0.136038   -0.084719
   13          6       -0.077307   -0.075296
   14          6        0.017802   -0.010039
   15          8       -0.526959   -0.483290
   16          6       -0.074456   -0.072697
   17          6       -0.128786   -0.080731
   18          1        0.071652    0.015237
   19          1        0.067215    0.006226
   20          1        0.060922    0.000012
   21          1        0.061729    0.006805
   22          1        0.062410    0.007486
   23          1        0.060563   -0.000382
   24          1        0.073462    0.011471
 -----------------------------------------------

 Dipole moment (in Debye)
 -----------------------------------------------
                 X        Y        Z     Total
 -----------------------------------------------
 CM5         -1.5034   1.0251   1.4386   2.3197
 Hirshfeld   -1.2217   0.8700   1.4656   2.0971
 -----------------------------------------------

    8   -1148.5531925928      9.93e-05  
Hirshfeld: reading atomic densities from disk.

 Charges (in A.U.) from CM5PAC (Nov. 11, 2011)
 -----------------------------------------------
 Center     Atomic      CM5         Hirshfeld
 Number     Number      Charge      Charge
 -----------------------------------------------
    1         17       -0.138599   -0.136832
    2          6       -0.025970   -0.019024
    3          6       -0.152365   -0.100300
    4          6       -0.122016   -0.070984
    5          6       -0.078653   -0.076694
    6          6        0.024902   -0.003021
    7          8       -0.518922   -0.475189
    8          6       -0.080147   -0.078136
    9          6       -0.133124   -0.081821
   10          6       -0.159500   -0.104877
   11          6       -0.157892   -0.103284
   12          6       -0.134015   -0.082696
   13          6       -0.078828   -0.076817
   14          6        0.019859   -0.007982
   15          8       -0.523038   -0.479369
   16          6       -0.075144   -0.073386
   17          6       -0.127485   -0.079430
   18          1        0.071346    0.014932
   19          1        0.067087    0.006098
   20          1        0.061185    0.000275
   21          1        0.062080    0.007156
   22          1        0.062632    0.007707
   23          1        0.060600   -0.000345
   24          1        0.073411    0.011419
 -----------------------------------------------

 Dipole moment (in Debye)
 -----------------------------------------------
                 X        Y        Z     Total
 -----------------------------------------------
 CM5         -1.5141   0.9168   1.4652   2.2978
 Hirshfeld   -1.2324   0.7617   1.4922   2.0798
 -----------------------------------------------

    9   -1148.5542771735      3.75e-05  
Hirshfeld: reading atomic densities from disk.

 Charges (in A.U.) from CM5PAC (Nov. 11, 2011)
 -----------------------------------------------
 Center     Atomic      CM5         Hirshfeld
 Number     Number      Charge      Charge
 -----------------------------------------------
    1         17       -0.138627   -0.136860
    2          6       -0.024062   -0.017116
    3          6       -0.151927   -0.099862
    4          6       -0.122786   -0.071754
    5          6       -0.079569   -0.077609
    6          6        0.025162   -0.002761
    7          8       -0.517237   -0.473504
    8          6       -0.080534   -0.078523
    9          6       -0.133322   -0.082019
   10          6       -0.159137   -0.104514
   11          6       -0.157185   -0.102576
   12          6       -0.134326   -0.083007
   13          6       -0.079086   -0.077075
   14          6        0.019583   -0.008257
   15          8       -0.524202   -0.480533
   16          6       -0.075756   -0.073997
   17          6       -0.127601   -0.079546
   18          1        0.071117    0.014703
   19          1        0.066959    0.005970
   20          1        0.061192    0.000282
   21          1        0.062112    0.007188
   22          1        0.062692    0.007768
   23          1        0.060680   -0.000264
   24          1        0.073261    0.011270
 -----------------------------------------------

 Dipole moment (in Debye)
 -----------------------------------------------
                 X        Y        Z     Total
 -----------------------------------------------
 CM5         -1.5140   0.9451   1.4583   2.3048
 Hirshfeld   -1.2323   0.7900   1.4854   2.0854
 -----------------------------------------------

   10   -1148.5543121375      1.45e-05  
Hirshfeld: reading atomic densities from disk.

 Charges (in A.U.) from CM5PAC (Nov. 11, 2011)
 -----------------------------------------------
 Center     Atomic      CM5         Hirshfeld
 Number     Number      Charge      Charge
 -----------------------------------------------
    1         17       -0.138459   -0.136692
    2          6       -0.024588   -0.017642
    3          6       -0.152566   -0.100501
    4          6       -0.122753   -0.071721
    5          6       -0.079211   -0.077252
    6          6        0.025102   -0.002821
    7          8       -0.517887   -0.474153
    8          6       -0.080046   -0.078035
    9          6       -0.133537   -0.082234
   10          6       -0.159001   -0.104378
   11          6       -0.157160   -0.102551
   12          6       -0.134544   -0.083225
   13          6       -0.078604   -0.076593
   14          6        0.019735   -0.008106
   15          8       -0.523936   -0.480267
   16          6       -0.075414   -0.073655
   17          6       -0.127737   -0.079682
   18          1        0.071106    0.014692
   19          1        0.066953    0.005964
   20          1        0.061200    0.000289
   21          1        0.062148    0.007224
   22          1        0.062719    0.007794
   23          1        0.060661   -0.000284
   24          1        0.073222    0.011231
 -----------------------------------------------

 Dipole moment (in Debye)
 -----------------------------------------------
                 X        Y        Z     Total
 -----------------------------------------------
 CM5         -1.5326   0.9321   1.4622   2.3142
 Hirshfeld   -1.2509   0.7770   1.4892   2.0943
 -----------------------------------------------

   11   -1148.5541991821      5.98e-06  
Hirshfeld: reading atomic densities from disk.

 Charges (in A.U.) from CM5PAC (Nov. 11, 2011)
 -----------------------------------------------
 Center     Atomic      CM5         Hirshfeld
 Number     Number      Charge      Charge
 -----------------------------------------------
    1         17       -0.138581   -0.136813
    2          6       -0.024533   -0.017586
    3          6       -0.152407   -0.100342
    4          6       -0.122678   -0.071647
    5          6       -0.079272   -0.077313
    6          6        0.025023   -0.002900
    7          8       -0.517693   -0.473960
    8          6       -0.080205   -0.078194
    9          6       -0.133415   -0.082113
   10          6       -0.159036   -0.104413
   11          6       -0.157180   -0.102571
   12          6       -0.134414   -0.083095
   13          6       -0.078795   -0.076784
   14          6        0.019584   -0.008257
   15          8       -0.523887   -0.480218
   16          6       -0.075510   -0.073751
   17          6       -0.127727   -0.079672
   18          1        0.071072    0.014658
   19          1        0.066930    0.005941
   20          1        0.061230    0.000319
   21          1        0.062204    0.007281
   22          1        0.062777    0.007852
   23          1        0.060694   -0.000251
   24          1        0.073221    0.011230
 -----------------------------------------------

 Dipole moment (in Debye)
 -----------------------------------------------
                 X        Y        Z     Total
 -----------------------------------------------
 CM5         -1.5361   0.9358   1.4614   2.3175
 Hirshfeld   -1.2544   0.7807   1.4884   2.0972
 -----------------------------------------------

   12   -1148.5542488032      2.45e-06  
Hirshfeld: reading atomic densities from disk.

 Charges (in A.U.) from CM5PAC (Nov. 11, 2011)
 -----------------------------------------------
 Center     Atomic      CM5         Hirshfeld
 Number     Number      Charge      Charge
 -----------------------------------------------
    1         17       -0.138608   -0.136840
    2          6       -0.024530   -0.017584
    3          6       -0.152409   -0.100344
    4          6       -0.122757   -0.071725
    5          6       -0.079334   -0.077375
    6          6        0.025062   -0.002861
    7          8       -0.517734   -0.474001
    8          6       -0.080174   -0.078163
    9          6       -0.133418   -0.082115
   10          6       -0.159012   -0.104389
   11          6       -0.157162   -0.102554
   12          6       -0.134407   -0.083087
   13          6       -0.078735   -0.076724
   14          6        0.019676   -0.008164
   15          8       -0.523921   -0.480252
   16          6       -0.075541   -0.073782
   17          6       -0.127696   -0.079641
   18          1        0.071067    0.014652
   19          1        0.066929    0.005940
   20          1        0.061224    0.000313
   21          1        0.062204    0.007280
   22          1        0.062775    0.007850
   23          1        0.060686   -0.000258
   24          1        0.073218    0.011227
 -----------------------------------------------

 Dipole moment (in Debye)
 -----------------------------------------------
                 X        Y        Z     Total
 -----------------------------------------------
 CM5         -1.5391   0.9345   1.4618   2.3193
 Hirshfeld   -1.2574   0.7794   1.4889   2.0989
 -----------------------------------------------

   13   -1148.5542353158      5.82e-07  
Hirshfeld: reading atomic densities from disk.

 Charges (in A.U.) from CM5PAC (Nov. 11, 2011)
 -----------------------------------------------
 Center     Atomic      CM5         Hirshfeld
 Number     Number      Charge      Charge
 -----------------------------------------------
    1         17       -0.138598   -0.136830
    2          6       -0.024526   -0.017580
    3          6       -0.152418   -0.100353
    4          6       -0.122727   -0.071695
    5          6       -0.079303   -0.077344
    6          6        0.025062   -0.002861
    7          8       -0.517732   -0.473999
    8          6       -0.080193   -0.078182
    9          6       -0.133420   -0.082117
   10          6       -0.159006   -0.104383
   11          6       -0.157152   -0.102543
   12          6       -0.134418   -0.083099
   13          6       -0.078766   -0.076755
   14          6        0.019645   -0.008195
   15          8       -0.523912   -0.480243
   16          6       -0.075532   -0.073773
   17          6       -0.127715   -0.079660
   18          1        0.071060    0.014645
   19          1        0.066922    0.005934
   20          1        0.061229    0.000319
   21          1        0.062212    0.007288
   22          1        0.062783    0.007858
   23          1        0.060692   -0.000252
   24          1        0.073215    0.011223
 -----------------------------------------------

 Dipole moment (in Debye)
 -----------------------------------------------
                 X        Y        Z     Total
 -----------------------------------------------
 CM5         -1.5392   0.9349   1.4617   2.3195
 Hirshfeld   -1.2575   0.7799   1.4888   2.0990
 -----------------------------------------------

   14   -1148.5542395339      3.43e-07  
Hirshfeld: reading atomic densities from disk.

 Charges (in A.U.) from CM5PAC (Nov. 11, 2011)
 -----------------------------------------------
 Center     Atomic      CM5         Hirshfeld
 Number     Number      Charge      Charge
 -----------------------------------------------
    1         17       -0.138595   -0.136827
    2          6       -0.024534   -0.017588
    3          6       -0.152417   -0.100352
    4          6       -0.122731   -0.071699
    5          6       -0.079316   -0.077357
    6          6        0.025050   -0.002873
    7          8       -0.517728   -0.473995
    8          6       -0.080185   -0.078174
    9          6       -0.133417   -0.082114
   10          6       -0.159009   -0.104386
   11          6       -0.157157   -0.102548
   12          6       -0.134410   -0.083091
   13          6       -0.078755   -0.076744
   14          6        0.019646   -0.008195
   15          8       -0.523911   -0.480242
   16          6       -0.075536   -0.073777
   17          6       -0.127712   -0.079657
   18          1        0.071060    0.014646
   19          1        0.066923    0.005935
   20          1        0.061230    0.000319
   21          1        0.062213    0.007289
   22          1        0.062784    0.007859
   23          1        0.060692   -0.000252
   24          1        0.073215    0.011224
 -----------------------------------------------

 Dipole moment (in Debye)
 -----------------------------------------------
                 X        Y        Z     Total
 -----------------------------------------------
 CM5         -1.5395   0.9348   1.4618   2.3196
 Hirshfeld   -1.2578   0.7797   1.4888   2.0992
 -----------------------------------------------

   15   -1148.5542373853      9.63e-08  
Hirshfeld: reading atomic densities from disk.

 Charges (in A.U.) from CM5PAC (Nov. 11, 2011)
 -----------------------------------------------
 Center     Atomic      CM5         Hirshfeld
 Number     Number      Charge      Charge
 -----------------------------------------------
    1         17       -0.138598   -0.136830
    2          6       -0.024532   -0.017586
    3          6       -0.152418   -0.100353
    4          6       -0.122731   -0.071700
    5          6       -0.079312   -0.077353
    6          6        0.025055   -0.002868
    7          8       -0.517729   -0.473996
    8          6       -0.080187   -0.078176
    9          6       -0.133417   -0.082114
   10          6       -0.159008   -0.104385
   11          6       -0.157155   -0.102547
   12          6       -0.134412   -0.083093
   13          6       -0.078758   -0.076747
   14          6        0.019646   -0.008194
   15          8       -0.523911   -0.480242
   16          6       -0.075535   -0.073776
   17          6       -0.127711   -0.079656
   18          1        0.071059    0.014645
   19          1        0.066923    0.005934
   20          1        0.061230    0.000319
   21          1        0.062213    0.007289
   22          1        0.062784    0.007860
   23          1        0.060693   -0.000252
   24          1        0.073214    0.011223
 -----------------------------------------------

 Dipole moment (in Debye)
 -----------------------------------------------
                 X        Y        Z     Total
 -----------------------------------------------
 CM5         -1.5396   0.9348   1.4618   2.3197
 Hirshfeld   -1.2578   0.7798   1.4888   2.0992
 -----------------------------------------------

   16   -1148.5542373515      4.73e-08  
Hirshfeld: reading atomic densities from disk.

 Charges (in A.U.) from CM5PAC (Nov. 11, 2011)
 -----------------------------------------------
 Center     Atomic      CM5         Hirshfeld
 Number     Number      Charge      Charge
 -----------------------------------------------
    1         17       -0.138598   -0.136830
    2          6       -0.024533   -0.017587
    3          6       -0.152418   -0.100353
    4          6       -0.122730   -0.071698
    5          6       -0.079313   -0.077354
    6          6        0.025055   -0.002868
    7          8       -0.517729   -0.473996
    8          6       -0.080187   -0.078176
    9          6       -0.133417   -0.082114
   10          6       -0.159007   -0.104384
   11          6       -0.157155   -0.102546
   12          6       -0.134412   -0.083093
   13          6       -0.078758   -0.076747
   14          6        0.019646   -0.008194
   15          8       -0.523910   -0.480241
   16          6       -0.075536   -0.073777
   17          6       -0.127713   -0.079658
   18          1        0.071059    0.014645
   19          1        0.066923    0.005934
   20          1        0.061230    0.000319
   21          1        0.062213    0.007289
   22          1        0.062784    0.007859
   23          1        0.060692   -0.000252
   24          1        0.073214    0.011223
 -----------------------------------------------

 Dipole moment (in Debye)
 -----------------------------------------------
                 X        Y        Z     Total
 -----------------------------------------------
 CM5         -1.5396   0.9348   1.4618   2.3197
 Hirshfeld   -1.2579   0.7798   1.4888   2.0992
 -----------------------------------------------

   17   -1148.5542375497      1.26e-08  
   18   -1148.5542375346      7.29e-09  Convergence criterion met
 ---------------------------------------
 SCF time:   CPU 4356.20s  wall 550.00s 
(1)  E-EN(liq) elect-nuc energy of solute              -1148.554237535 a.u.
(2)  G-P(liq) polarization free energy of solvation          -163.9873 kcal/mol
(3)  G-ENP(liq) elect-nuc-pol free energy of system    -1148.815567936 a.u.
(4)  G-CDS(liq) cavity-dispersion-solvent structure 
     free energy                                               -9.1683 kcal/mol
(5)  G-P-CDS(liq) = G-P(liq) + G-CDS(liq) = (2) + (4)        -173.1556 kcal/mol
(6)  G-S(liq) free energy of system = (1) + (5)        -1148.830178615 a.u.
 SCF   energy in the final basis set =    -1148.8301786147
 Total energy in the final basis set =    -1148.8301786147
 
 --------------------------------------------------------------
 
                    Orbital Energies (a.u.)
 --------------------------------------------------------------
 
 Alpha MOs
 -- Occupied --
******** -19.0333 -19.0301 -10.2266 -10.1927 -10.1900 -10.1800 -10.1762
-10.1755 -10.1755 -10.1738 -10.1716 -10.1710 -10.1601 -10.1582 -10.1581
-10.1576  -9.4648  -7.2291  -7.2200  -7.2197  -0.9498  -0.9453  -0.8785
 -0.8459  -0.8237  -0.7696  -0.7472  -0.7456  -0.7209  -0.6567  -0.6324
 -0.6065  -0.5845  -0.5489  -0.5295  -0.5145  -0.4667  -0.4607  -0.4535
 -0.4451  -0.4276  -0.4225  -0.4028  -0.3979  -0.3894  -0.3856  -0.3759
 -0.3688  -0.3463  -0.3416  -0.3397  -0.3364  -0.3194  -0.3120  -0.3054
 -0.2580  -0.2451  -0.2380  -0.2332  -0.2117  -0.2053  -0.1219
 -- Virtual --
 -0.0661  -0.0602  -0.0566  -0.0509  -0.0489  -0.0453  -0.0280  -0.0258
 -0.0254  -0.0158  -0.0091   0.0000   0.0096   0.0144   0.0181   0.0187
  0.0248   0.0336   0.0347   0.0411   0.0437   0.0446   0.0508   0.0529
  0.0539   0.0570   0.0571   0.0715   0.0728   0.0745   0.0777   0.0813
  0.0854   0.0890   0.0896   0.0904   0.0922   0.0950   0.0979   0.1057
  0.1118   0.1195   0.1218   0.1319   0.1323   0.1423   0.1464   0.1469
  0.1606   0.1625   0.1638   0.1662   0.1745   0.1783   0.1869   0.1973
  0.1977   0.2032   0.2128   0.2146   0.2237   0.2256   0.2316   0.2349
  0.2398   0.2432   0.2456   0.2508   0.2625   0.2695   0.2705   0.2739
  0.2761   0.2827   0.2922   0.2939   0.3012   0.3021   0.3041   0.3087
  0.3102   0.3180   0.3236   0.3287   0.3323   0.3455   0.3495   0.3535
  0.3651   0.3833   0.3996   0.4040   0.4087   0.4178   0.4390   0.4549
  0.4571   0.4602   0.4894   0.4970   0.5052   0.5169   0.5336   0.5354
  0.5454   0.5495   0.5547   0.5636   0.5665   0.5741   0.5753   0.5815
  0.5883   0.5948   0.6041   0.6194   0.6280   0.6380   0.6416   0.6442
  0.6504   0.6526   0.6649   0.6668   0.6744   0.6756   0.6845   0.6900
  0.7206   0.7265   0.7319   0.7406   0.7551   0.7724   0.7770   0.7891
  0.7906   0.7917   0.8073   0.8130   0.8320   0.8454   0.8562   0.8606
  0.8635   0.8652   0.8753   0.8899   0.9017   0.9233   0.9274   0.9353
  0.9428   0.9487   0.9542   0.9666   0.9674   0.9697   0.9822   0.9953
  0.9975   0.9995   1.0180   1.0215   1.0275   1.0507   1.0507   1.0668
  1.0739   1.0875   1.0982   1.1221   1.1336   1.1378   1.1512   1.1590
  1.1725   1.1854   1.2034   1.2356   1.2536   1.2612   1.2786   1.2807
  1.2825   1.2911   1.3153   1.3253   1.3449   1.3582   1.3667   1.3955
  1.4430   1.4862   1.4946   1.4950   1.5056   1.5127   1.5268   1.5324
  1.5462   1.5463   1.5660   1.5700   1.5901   1.6169   1.6269   1.6398
  1.6526   1.6777   1.6891   1.7089   1.7116   1.7173   1.7387   1.7457
  1.7508   1.7884   1.7922   1.8212   1.8250   1.8399   1.8637   1.8935
  1.9024   1.9109   1.9160   1.9345   1.9361   1.9597   1.9601   1.9634
  1.9772   1.9807   1.9823   1.9978   2.0009   2.0430   2.0582   2.0606
  2.0804   2.0836   2.1092   2.1567   2.1731   2.1797   2.2259   2.2314
  2.2797   2.2838   2.2928   2.3136   2.3389   2.3437   2.3745   2.4079
  2.4179   2.4324   2.4531   2.4741   2.4812   2.5332   2.5392   2.5778
  2.6060   2.6340   2.6446   2.6591   2.6757   2.7060   2.7108   2.7254
  2.7342   2.7498   2.7580   2.7645   2.7807   2.7819   2.7826   2.7952
  2.7975   2.8078   2.8172   2.8387   2.8537   2.8816   2.8822   2.8831
  2.9091   2.9114   2.9224   2.9712   2.9891   2.9894   3.0134   3.0476
  3.0964   3.1119   3.1138   3.1609   3.1809   3.2061   3.2287   3.2765
  3.2958   3.3275   3.3438   3.3481   3.3620   3.3699   3.4322   3.4494
  3.5091   3.5204   3.5368   3.5462   3.5709   3.5778   3.5939   3.6711
  3.7728   3.7892   3.8738   3.8907   4.0354   4.0556   4.0952   4.1884
  4.2110   4.3097   4.3563   4.4893   4.8150   4.8385   4.8403   5.1278
  5.1431   5.3080   5.3351   5.7820   5.8518   9.7774  23.5048  23.6906
 23.8730  23.9065  23.9261  23.9583  23.9825  23.9858  23.9949  24.0423
 24.1211  24.1236  24.1727  24.1825  25.8289  26.1544  26.6019  50.0877
 50.1501 215.7685
 --------------------------------------------------------------
 
          Ground-State Mulliken Net Atomic Charges

     Atom                 Charge (a.u.)
  ----------------------------------------
      1 Cl                    1.400589
      2 C                     3.460426
      3 C                     1.887309
      4 C                     0.262359
      5 C                    -0.988148
      6 C                    -2.683603
      7 O                    -0.327756
      8 C                    -1.618889
      9 C                    -0.233158
     10 C                     1.523941
     11 C                     1.565229
     12 C                    -0.353605
     13 C                    -1.702002
     14 C                    -3.086590
     15 O                    -0.334728
     16 C                    -2.535663
     17 C                    -0.040048
     18 H                     0.424548
     19 H                     0.124179
     20 H                     0.122033
     21 H                     0.404484
     22 H                     0.402203
     23 H                     0.112156
     24 H                     0.214733
  ----------------------------------------
  Sum of atomic charges =    -2.000000

 -----------------------------------------------------------------
                    Cartesian Multipole Moments
 -----------------------------------------------------------------
    Charge (ESU x 10^10)
                -9.6064
    Dipole Moment (Debye)
         X      -1.9036      Y       1.0701      Z       1.4416
       Tot       2.6167
    Quadrupole Moments (Debye-Ang)
        XX    -161.1084     XY       7.1198     YY    -163.5635
        XZ       0.1812     YZ      10.3312     ZZ    -121.8001
    Octopole Moments (Debye-Ang^2)
       XXX    -292.0960    XXY      53.1761    XYY     -66.7418
       YYY      53.9222    XXZ      20.9705    XYZ      -0.7744
       YYZ      25.4258    XZZ     -59.2386    YZZ      13.5815
       ZZZ      56.1539
    Hexadecapole Moments (Debye-Ang^3)
      XXXX   -6483.3687   XXXY     478.6138   XXYY   -1250.4764
      XYYY     314.9241   YYYY   -2021.9169   XXXZ      59.5041
      XXYZ      30.9141   XYYZ      17.4523   YYYZ     239.0449
      XXZZ   -1053.5178   XYZZ     100.3461   YYZZ    -351.0084
      XZZZ      69.2099   YZZZ     174.6808   ZZZZ    -270.5075
 -----------------------------------------------------------------
 Total job time:  582.60s(wall), 4362.95s(cpu) 
 Sat Feb  3 11:33:10 2024

        *************************************************************
        *                                                           *
        *  Thank you very much for using Q-Chem.  Have a nice day.  *
        *                                                           *
        *************************************************************


