
Running Job 1 of 1 227-rad-CPCM.in
qchem 227-rad-CPCM.in_2510748.0 /expanse/lustre/scratch/selhajj/temp_project/qcscratch/31257874/qchem2510748/ 0
/cm/shared/apps/spack/cpu/opt/spack/linux-centos8-zen2/gcc-10.2.0/qchem-5.4-akfmr7b3t57bfs6qan3padb2wnb2i7cl/exe/qcprog.exe_s 227-rad-CPCM.in_2510748.0 /expanse/lustre/scratch/selhajj/temp_project/qcscratch/31257874/qchem2510748/
                  Welcome to Q-Chem
     A Quantum Leap Into The Future Of Chemistry


 Q-Chem 5.4, Q-Chem, Inc., Pleasanton, CA (2021)

 License issued to: University of California, San Diego (site)

 E. Epifanovsky,  A. T. B. Gilbert,  Xintian Feng,  Joonho Lee,  Yuezhi Mao,  
 N. Mardirossian,  P. Pokhilko,  A. White,  M. Wormit,  M. P. Coons,  
 A. L. Dempwolff,  Zhengting Gan,  D. Hait,  P. R. Horn,  L. D. Jacobson,  
 I. Kaliman,  J. Kussmann,  A. W. Lange,  Ka Un Lao,  D. S. Levine,  Jie Liu,  
 S. C. McKenzie,  A. F. Morrison,  K. Nanda,  F. Plasser,  D. R. Rehn,  
 M. L. Vidal,  Zhi-Qiang You,  Ying Zhu,  B. Alam,  B. Albrecht,  
 A. Aldossary,  E. Alguire,  J. H. Andersen,  D. Barton,  K. Begam,  A. Behn,  
 Y. A. Bernard,  E. J. Berquist,  H. Burton,  A. Carreras,  K. Carter-Fenk,  
 R. Chakraborty,  A. D. Chien,  K. D. Closser,  V. Cofer-Shabica,  
 S. Dasgupta,  Jia Deng,  M. de Wergifosse,  M. Diedenhofen,  Hainam Do,  
 S. Ehlert,  Po-Tung Fang,  S. Fatehi,  Qingguo Feng,  J. Gayvert,  
 Qinghui Ge,  G. Gidofalvi,  M. Goldey,  J. Gomes,  C. Gonzalez-Espinoza,  
 S. Gulania,  A. Gunina,  M. W. D. Hanson-Heine,  P. H. P. Harbach,  
 A. W. Hauser,  M. F. Herbst,  M. Hernandez Vera,  M. Hodecker,  
 Z. C. Holden,  S. Houck,  Xunkun Huang,  Kerwin Hui,  B. C. Huynh,  
 M. Ivanov,  Hyunjun Ji,  Hanjie Jiang,  B. Kaduk,  S. Kaehler,  
 K. Khistyaev,  Jaehoon Kim,  P. Klunzinger,  Z. Koczor-Benda,  
 Joong Hoon Koh,  D. Kosenkov,  L. Koulias,  T. Kowalczyk,  C. M. Krauter,  
 K. Kue,  A. Kunitsa,  T. Kus,  A. Landau,  K. V. Lawler,  D. Lefrancois,  
 S. Lehtola,  Rain Li,  Yi-Pei Li,  Jiashu Liang,  M. Liebenthal,  
 Hung-Hsuan Lin,  You-Sheng Lin,  Fenglai Liu,  Kuan-Yu Liu,  
 M. Loipersberger,  A. Luenser,  A. Manjanath,  P. Manohar,  E. Mansoor,  
 S. F. Manzer,  Shan-Ping Mao,  A. V. Marenich,  T. Markovich,  S. Mason,  
 S. A. Maurer,  P. F. McLaughlin,  M. F. S. J. Menger,  J.-M. Mewes,  
 S. A. Mewes,  P. Morgante,  J. W. Mullinax,  T. S. Nguyen-Beck,  
 K. J. Oosterbaan,  G. Paran,  Alexander C. Paul,  Suranjan K. Paul,  
 F. Pavosevic,  Zheng Pei,  S. Prager,  E. I. Proynov,  E. Ramos,  B. Rana,  
 A. E. Rask,  A. Rettig,  R. M. Richard,  F. Rob,  E. Rossomme,  T. Scheele,  
 M. Scheurer,  M. Schneider,  N. Sergueev,  S. M. Sharada,  W. Skomorowski,  
 D. W. Small,  C. J. Stein,  Yu-Chuan Su,  E. J. Sundstrom,  Zhen Tao,  
 J. Thirman,  T. Tsuchimochi,  N. M. Tubman,  S. P. Veccham,  O. Vydrov,  
 J. Wenzel,  J. Witte,  A. Yamada,  Kun Yao,  S. Yeganeh,  S. R. Yost,  
 A. Zech,  Igor Ying Zhang,  Xing Zhang,  Yu Zhang,  D. Zuev,  
 A. Aspuru-Guzik,  A. T. Bell,  N. A. Besley,  K. B. Bravaya,  B. R. Brooks,  
 D. Casanova,  Jeng-Da Chai,  S. Coriani,  C. J. Cramer,  
 A. E. DePrince, III,  R. A. DiStasio Jr.,  A. Dreuw,  B. D. Dunietz,  
 T. R. Furlani,  W. A. Goddard III,  S. Grimme,  S. Hammes-Schiffer,  
 T. Head-Gordon,  W. J. Hehre,  Chao-Ping Hsu,  T.-C. Jagau,  Yousung Jung,  
 A. Klamt,  Jing Kong,  D. S. Lambrecht,  WanZhen Liang,  N. J. Mayhall,  
 C. W. McCurdy,  J. B. Neaton,  C. Ochsenfeld,  J. A. Parkhill,  R. Peverati,  
 V. A. Rassolov,  Yihan Shao,  L. V. Slipchenko,  T. Stauch,  R. P. Steele,  
 J. E. Subotnik,  A. J. W. Thom,  A. Tkatchenko,  D. G. Truhlar,  
 T. Van Voorhis,  T. A. Wesolowski,  K. B. Whaley,  H. L. Woodcock III,  
 P. M. Zimmerman,  S. Faraji,  P. M. W. Gill,  M. Head-Gordon,  
 J. M. Herbert,  A. I. Krylov

 Contributors to earlier versions of Q-Chem not listed above: 
 R. D. Adamson,  B. Austin,  R. Baer,  J. Baker,  G. J. O. Beran,  
 K. Brandhorst,  S. T. Brown,  E. F. C. Byrd,  A. K. Chakraborty,  
 G. K. L. Chan,  Chun-Min Chang,  Yunqing Chen,  C.-L. Cheng,  
 Siu Hung Chien,  D. M. Chipman,  D. L. Crittenden,  H. Dachsel,  
 R. J. Doerksen,  A. D. Dutoi,  R. G. Edgar,  J. Fosso-Tande,  
 L. Fusti-Molnar,  D. Ghosh,  A. Ghysels,  A. Golubeva-Zadorozhnaya,  
 J. Gonthier,  M. S. Gordon,  S. R. Gwaltney,  G. Hawkins,  J. E. Herr,  
 A. Heyden,  S. Hirata,  E. G. Hohenstein,  G. Kedziora,  F. J. Keil,  
 C. Kelley,  Jihan Kim,  R. A. King,  R. Z. Khaliullin,  P. P. Korambath,  
 W. Kurlancheek,  A. Laurent,  A. M. Lee,  M. S. Lee,  S. V. Levchenko,  
 Ching Yeh Lin,  D. Liotard,  E. Livshits,  R. C. Lochan,  I. Lotan,  
 L. A. Martinez-Martinez,  P. E. Maslen,  N. Nair,  D. P. O'Neill,  
 D. Neuhauser,  E. Neuscamman,  C. M. Oana,  R. Olivares-Amaya,  R. Olson,  
 T. M. Perrine,  B. Peters,  P. A. Pieniazek,  A. Prociuk,  Y. M. Rhee,  
 J. Ritchie,  M. A. Rohrdanz,  E. Rosta,  N. J. Russ,  H. F. Schaefer III,  
 M. W. Schmidt,  N. E. Schultz,  S. Sharma,  N. Shenvi,  C. D. Sherrill,  
 A. C. Simmonett,  A. Sodt,  T. Stein,  D. Stuck,  K. S. Thanthiriwatte,  
 V. Vanovschi,  L. Vogt,  Tao Wang,  A. Warshel,  M. A. Watson,  
 C. F. Williams,  Q. Wu,  X. Xu,  Jun Yang,  W. Zhang,  Yan Zhao

 Please cite Q-Chem as follows:
 Y. Shao et al., Mol. Phys. 113, 184-215 (2015)
 DOI: 10.1080/00268976.2014.952696

 Q-Chem 5.4.0 for Intel X86 EM64T Linux

 Parts of Q-Chem use Armadillo 9.800.1 (Horizon Scraper).
 http://arma.sourceforge.net/

 Q-Chem begins on Wed Jun 12 02:35:37 2024  

 Host: 
0

     Scratch files written to /expanse/lustre/scratch/selhajj/temp_project/qcscratch/31257874/qchem2510748//
 May1621 |scratch|qcdevops|jenkins|workspace|build_RNUM    
 Processing $rem in /cm/shared/apps/spack/cpu/opt/spack/linux-centos8-zen2/gcc-10.2.0/qchem-5.4-akfmr7b3t57bfs6qan3padb2wnb2i7cl/config/preferences:
 Processing $rem in /home/selhajj/.qchemrc:
 Symmetry turned off for PCM/SM12/SMD calculation

 Checking the input file for inconsistencies... 	...done.

--------------------------------------------------------------
User input:
--------------------------------------------------------------
$molecule
-1 2
C                  5.6730680000     -5.1030470000      1.2822580000
C                  6.6816350000     -5.0195950000      0.3482890000
C                  6.5914370000     -4.0630490000     -0.6985630000
C                  4.5454710000     -4.2570650000      1.2250450000
C                  4.4553180000     -3.2977820000      0.1750560000
C                  5.4854130000     -3.2188030000     -0.7715260000
C                  3.4904840000     -4.3782800000      2.2415790000
C                  2.3825520000     -3.4684100000      2.0920660000
C                  2.2918970000     -2.5422720000      1.0814630000
C                  3.2991840000     -2.3845040000      0.0627130000
O                  3.5576080000     -5.2221840000      3.1744410000
O                  3.2103740000     -1.5364410000     -0.8588220000
C                  7.6353260000     -3.9743200000     -1.6681400000
N                  8.4925410000     -3.9168470000     -2.4463100000
H                  5.7151030000     -5.8229430000      2.0915080000
H                  7.5446420000     -5.6736020000      0.3997200000
H                  5.3941670000     -2.4815060000     -1.5603560000
H                  1.5967130000     -3.5496870000      2.8379170000
H                  1.4347960000     -1.8785540000      1.0129520000
$end
$rem
MAX_SCF_CYCLES=200
BASIS  =  6-311++G(d,p)
GUI  =  2
JOB_TYPE  =  SP
METHOD  =  B3LYP
SOLVENT_METHOD = PCM
$end
$pcm
theory = CPCM
$end
$solvent
dielectric 37.219
opticaldielectric 1.43
$end






--------------------------------------------------------------
 ----------------------------------------------------------------
             Standard Nuclear Orientation (Angstroms)
    I     Atom           X                Y                Z
 ----------------------------------------------------------------
    1      C       5.6730680000    -5.1030470000     1.2822580000
    2      C       6.6816350000    -5.0195950000     0.3482890000
    3      C       6.5914370000    -4.0630490000    -0.6985630000
    4      C       4.5454710000    -4.2570650000     1.2250450000
    5      C       4.4553180000    -3.2977820000     0.1750560000
    6      C       5.4854130000    -3.2188030000    -0.7715260000
    7      C       3.4904840000    -4.3782800000     2.2415790000
    8      C       2.3825520000    -3.4684100000     2.0920660000
    9      C       2.2918970000    -2.5422720000     1.0814630000
   10      C       3.2991840000    -2.3845040000     0.0627130000
   11      O       3.5576080000    -5.2221840000     3.1744410000
   12      O       3.2103740000    -1.5364410000    -0.8588220000
   13      C       7.6353260000    -3.9743200000    -1.6681400000
   14      N       8.4925410000    -3.9168470000    -2.4463100000
   15      H       5.7151030000    -5.8229430000     2.0915080000
   16      H       7.5446420000    -5.6736020000     0.3997200000
   17      H       5.3941670000    -2.4815060000    -1.5603560000
   18      H       1.5967130000    -3.5496870000     2.8379170000
   19      H       1.4347960000    -1.8785540000     1.0129520000
 ----------------------------------------------------------------
 Nuclear Repulsion Energy =         756.95060867 hartrees
 There are       48 alpha and       47 beta electrons
 Requested basis set is 6-311++G(d,p)
 There are 109 shells and 343 basis functions

 Total QAlloc Memory Limit   8000 MB
 Mega-Array Size       188 MB
 MEM_STATIC part       192 MB
 Discretize the solute cavity surface with Lebedev spheres
	Using 110 Lebedev grid points for each H atom
	Using 194 Lebedev grid points for other atoms
	Atomic van der Waals radii will be scaled by 1.20
 Remove points where switching function is < 1.0e-08
 Keep 1384 surface tesserae and discard 1882 interior tesserae
 Molecular Surface Area = 213.772 Angst**2
 A cutoff of  1.0D-08 yielded   4594 shell pairs
 There are     47167 function pairs (     50770 Cartesian)
 Smallest overlap matrix eigenvalue = 3.55E-07

 Q-Chem warning in module stvman/mkSTV.C, line 323:

 Overlap eigenvalue is smaller than square root of threshold
 Use THRESH >= 12 to get rid of this warning

 Linear dependence detected in AO basis
 Tighter screening thresholds may be required for diffuse basis sets
 Use S2THRESH > 14 and THRESH = 14 in case of SCF convergence issues
 Number of orthogonalized atomic orbitals = 341
 Maximum deviation from orthogonality = 1.289E-10

 Scale SEOQF with 1.000000e-02/1.000000e-02/1.000000e-01

 Standard Electronic Orientation quadrupole field applied
 Nucleus-field energy     =    -0.0000000077 hartrees
 Guess from superposition of atomic densities
 Warning:  Energy on first SCF cycle will be non-variational
 SAD guess density has 94.000000 electrons

 -----------------------------------------------------------------------
  General SCF calculation program by
  Eric Jon Sundstrom, Paul Horn, Yuezhi Mao, Dmitri Zuev, Alec White,
  David Stuck, Shaama M.S., Shane Yost, Joonho Lee, David Small,
  Daniel Levine, Susi Lehtola, Hugh Burton, Evgeny Epifanovsky,
  Bang C. Huynh
 -----------------------------------------------------------------------
 Exchange:     0.2000 Hartree-Fock + 0.0800 Slater + 0.7200 B88
 Correlation:  0.1900 VWN1RPA + 0.8100 LYP
 Using SG-1 standard quadrature grid
 using 8 threads for integral computing
 -------------------------------------------------------
 OpenMP Integral computing Module                
 Release: version 1.0, May 2013, Q-Chem Inc. Pittsburgh 
 -------------------------------------------------------
 A unrestricted SCF calculation will be
 performed using DIIS
 SCF converges when DIIS error is below 1.0e-05
 ---------------------------------------
  Cycle       Energy         DIIS error
 ---------------------------------------
    1    -630.6896321215      1.80e-02  
    2    -627.4369524542      2.21e-03  
    3    -627.1185818234      3.56e-03  
    4    -627.6580714981      7.69e-04  
    5    -627.6891054310      1.61e-04  
    6    -627.6902807614      8.51e-05  
    7    -627.6905874124      3.47e-05  
    8    -627.6906498788      1.34e-05  
    9    -627.6906632186      5.04e-06  Convergence criterion met
 ---------------------------------------
 SCF time:   CPU 215.67s  wall 29.00s 
<S^2> =          0.759027572

************** Final PCM Free Energy Summary **************
 G_electrostatic  =      -0.08044491 hartree =     -50.47994285 kcal/mol
 G_cavitation     =       0.00000000 hartree =       0.00000000 kcal/mol
 G_dispersion     =       0.00000000 hartree =       0.00000000 kcal/mol
 G_repulsion      =       0.00000000 hartree =       0.00000000 kcal/mol
 --------------------------------------------------
 Non-electrostatic Free Energy =       0.00000000 hartree =       0.00000000 kcal/mol
 Total                         =      -0.08044491 hartree =     -50.47994285 kcal/mol
 --------------------------------------------------
 SCF Energy (H0 + V/2)                       =    -627.69066322 
 Solute Internal Energy (H0)                 =    -627.61021831 
 Total Free Energy (H0 + V/2 + non-elec)     =    -627.69066322 hartree
                                             = -393881.83602795 kcal/mol
***********************************************************

 SCF   energy in the final basis set =     -627.6906632186
 Total energy in the final basis set =     -627.6906632186
 
 --------------------------------------------------------------
 
                    Orbital Energies (a.u.)
 --------------------------------------------------------------
 
 Alpha MOs
 -- Occupied --
-19.0876 -19.0858 -14.3238 -10.2337 -10.2303 -10.2265 -10.2186 -10.1951
-10.1929 -10.1884 -10.1872 -10.1828 -10.1719 -10.1705  -1.0131  -1.0090
 -0.9255  -0.8771  -0.8189  -0.7745  -0.7611  -0.6909  -0.6542  -0.6299
 -0.5769  -0.5543  -0.5171  -0.4876  -0.4748  -0.4412  -0.4384  -0.4318
 -0.4290  -0.4150  -0.4001  -0.3983  -0.3888  -0.3875  -0.3665  -0.3624
 -0.3477  -0.3453  -0.2864  -0.2721  -0.2641  -0.2549  -0.2481  -0.1640
 -- Virtual --
 -0.0629  -0.0374  -0.0017   0.0106   0.0155   0.0162   0.0296   0.0329
  0.0332   0.0413   0.0484   0.0491   0.0569   0.0654   0.0680   0.0750
  0.0778   0.0902   0.0956   0.0994   0.1048   0.1075   0.1081   0.1202
  0.1239   0.1304   0.1316   0.1338   0.1401   0.1446   0.1469   0.1480
  0.1505   0.1584   0.1598   0.1806   0.1815   0.1841   0.1879   0.1978
  0.2007   0.2075   0.2119   0.2177   0.2180   0.2282   0.2339   0.2374
  0.2422   0.2451   0.2470   0.2491   0.2620   0.2658   0.2682   0.2734
  0.2760   0.2837   0.2907   0.2907   0.2987   0.3073   0.3078   0.3102
  0.3163   0.3178   0.3220   0.3250   0.3346   0.3370   0.3423   0.3510
  0.3732   0.3795   0.3865   0.3943   0.4061   0.4220   0.4247   0.4295
  0.4749   0.5070   0.5194   0.5269   0.5477   0.5499   0.5508   0.5597
  0.5629   0.5915   0.5965   0.6060   0.6132   0.6150   0.6258   0.6274
  0.6361   0.6387   0.6491   0.6597   0.6678   0.6711   0.7041   0.7063
  0.7159   0.7322   0.7361   0.7416   0.7636   0.7766   0.7888   0.8031
  0.8118   0.8352   0.8497   0.8567   0.8820   0.8921   0.8935   0.8980
  0.9081   0.9149   0.9271   0.9359   0.9459   0.9584   0.9642   0.9710
  0.9859   0.9901   1.0001   1.0251   1.0420   1.0478   1.0519   1.0687
  1.0774   1.1028   1.1115   1.1267   1.1274   1.1338   1.1355   1.1457
  1.1707   1.2265   1.2372   1.2407   1.2462   1.2792   1.3083   1.3149
  1.3179   1.3274   1.3800   1.4098   1.4750   1.4883   1.4913   1.5088
  1.5184   1.5231   1.5415   1.5715   1.5891   1.5999   1.6179   1.6573
  1.6606   1.6662   1.6907   1.7218   1.7329   1.7352   1.7559   1.7586
  1.7685   1.7983   1.8246   1.8318   1.8411   1.8829   1.8938   1.9185
  1.9377   1.9444   1.9542   1.9801   1.9877   2.0154   2.0347   2.0459
  2.0483   2.0784   2.0839   2.0983   2.1153   2.1167   2.1487   2.1696
  2.2268   2.2550   2.2728   2.3570   2.3645   2.3680   2.3930   2.4779
  2.5022   2.5466   2.6019   2.6023   2.6250   2.6465   2.6499   2.6953
  2.7097   2.7263   2.7364   2.7480   2.7515   2.7717   2.7803   2.7873
  2.8109   2.8165   2.8211   2.8468   2.8621   2.8729   2.8808   2.9329
  2.9398   2.9512   2.9771   2.9885   2.9896   3.0400   3.0632   3.0714
  3.0881   3.1351   3.1966   3.2045   3.2141   3.2388   3.2495   3.3202
  3.3440   3.3453   3.3868   3.4475   3.4536   3.5155   3.5264   3.5770
  3.6177   3.6307   3.6407   3.7803   3.8109   3.9738   4.0310   4.0593
  4.0689   4.0802   4.1558   4.1987   4.2659   4.4019   4.6037   4.7596
  4.8341   5.0584   5.0763   5.2356   5.2597   5.7303   5.8143  23.5528
 23.7830  23.9050  23.9226  23.9456  23.9492  24.0022  24.0899  24.1636
 24.1722  24.4524  35.8820  50.0333  50.0759
 
 Beta MOs
 -- Occupied --
-19.0816 -19.0793 -14.3235 -10.2323 -10.2287 -10.2266 -10.2182 -10.1954
-10.1922 -10.1875 -10.1867 -10.1828 -10.1707 -10.1690  -1.0026  -0.9975
 -0.9250  -0.8754  -0.8137  -0.7726  -0.7589  -0.6824  -0.6512  -0.6272
 -0.5752  -0.5513  -0.5148  -0.4851  -0.4723  -0.4405  -0.4365  -0.4286
 -0.4184  -0.4102  -0.3976  -0.3900  -0.3879  -0.3646  -0.3615  -0.3610
 -0.3446  -0.3405  -0.2661  -0.2580  -0.2575  -0.2491  -0.2424
 -- Virtual --
 -0.0989  -0.0550  -0.0273  -0.0015   0.0108   0.0157   0.0164   0.0298
  0.0331   0.0421   0.0477   0.0495   0.0571   0.0573   0.0657   0.0705
  0.0767   0.0781   0.0908   0.0975   0.0996   0.1050   0.1077   0.1096
  0.1205   0.1241   0.1318   0.1339   0.1353   0.1403   0.1451   0.1481
  0.1498   0.1508   0.1588   0.1603   0.1806   0.1818   0.1868   0.1883
  0.2006   0.2011   0.2074   0.2132   0.2189   0.2237   0.2283   0.2348
  0.2384   0.2432   0.2456   0.2478   0.2495   0.2630   0.2673   0.2690
  0.2738   0.2764   0.2850   0.2916   0.2949   0.2994   0.3086   0.3112
  0.3125   0.3175   0.3188   0.3228   0.3268   0.3356   0.3385   0.3429
  0.3516   0.3742   0.3804   0.3875   0.3952   0.4076   0.4256   0.4261
  0.4310   0.4767   0.5089   0.5209   0.5302   0.5488   0.5513   0.5538
  0.5608   0.5641   0.5932   0.5983   0.6090   0.6159   0.6209   0.6272
  0.6299   0.6382   0.6417   0.6503   0.6602   0.6690   0.6738   0.7069
  0.7073   0.7166   0.7326   0.7369   0.7449   0.7647   0.7769   0.7902
  0.8040   0.8122   0.8366   0.8513   0.8580   0.8828   0.8932   0.8954
  0.8995   0.9095   0.9161   0.9287   0.9373   0.9471   0.9593   0.9682
  0.9734   0.9903   0.9913   1.0009   1.0261   1.0435   1.0527   1.0546
  1.0701   1.0803   1.1078   1.1133   1.1293   1.1349   1.1372   1.1449
  1.1546   1.1721   1.2293   1.2438   1.2473   1.2531   1.2799   1.3106
  1.3177   1.3205   1.3279   1.3817   1.4127   1.4758   1.4922   1.4925
  1.5094   1.5202   1.5242   1.5434   1.5723   1.5934   1.6025   1.6185
  1.6597   1.6653   1.6689   1.6919   1.7231   1.7339   1.7372   1.7576
  1.7612   1.7703   1.8031   1.8283   1.8335   1.8447   1.8876   1.8973
  1.9202   1.9400   1.9478   1.9588   1.9817   1.9896   2.0167   2.0362
  2.0477   2.0496   2.0797   2.0856   2.0996   2.1179   2.1221   2.1527
  2.1709   2.2301   2.2576   2.2771   2.3580   2.3680   2.3695   2.3959
  2.4784   2.5029   2.5474   2.6040   2.6044   2.6325   2.6470   2.6510
  2.6991   2.7110   2.7270   2.7375   2.7520   2.7558   2.7721   2.7878
  2.7886   2.8120   2.8218   2.8220   2.8512   2.8679   2.8797   2.8827
  2.9453   2.9510   2.9645   2.9834   2.9947   2.9991   3.0468   3.0636
  3.0720   3.0916   3.1368   3.1974   3.2056   3.2181   3.2410   3.2515
  3.3367   3.3448   3.3614   3.3888   3.4489   3.4561   3.5171   3.5288
  3.5781   3.6183   3.6328   3.6441   3.7857   3.8133   3.9751   4.0317
  4.0606   4.0711   4.0814   4.1599   4.2001   4.2694   4.4047   4.6040
  4.7647   4.8351   5.0843   5.1023   5.2407   5.2649   5.7355   5.8195
 23.5534  23.7844  23.9055  23.9239  23.9473  23.9505  24.0030  24.0900
 24.1642  24.1734  24.4524  35.8823  50.0396  50.0822
 --------------------------------------------------------------
 
          Ground-State Mulliken Net Atomic Charges

     Atom                 Charge (a.u.)    Spin (a.u.)
  --------------------------------------------------------
      1 C                     0.420278       0.035821
      2 C                    -0.889895       0.042900
      3 C                     1.936958       0.031037
      4 C                     0.166065       0.048511
      5 C                    -0.105754       0.026661
      6 C                     0.251740       0.001661
      7 C                    -0.562276       0.085065
      8 C                     0.078919       0.097765
      9 C                     0.049327       0.119975
     10 C                    -0.445366       0.077465
     11 O                    -0.494574       0.237458
     12 O                    -0.485597       0.215546
     13 C                    -1.644882      -0.011190
     14 N                    -0.288358       0.015435
     15 H                     0.182286      -0.001987
     16 H                     0.228147      -0.003261
     17 H                     0.192915      -0.001028
     18 H                     0.203795      -0.008216
     19 H                     0.206270      -0.009617
  --------------------------------------------------------
  Sum of atomic charges =    -1.000000
  Sum of spin   charges =     1.000000

 -----------------------------------------------------------------
                    Cartesian Multipole Moments
 -----------------------------------------------------------------
    Charge (ESU x 10^10)
                -4.8032
    Dipole Moment (Debye)
         X     -21.9675      Y      16.3294      Z      -0.9412
       Tot      27.3881
    Quadrupole Moments (Debye-Ang)
        XX    -208.8518     XY      74.8981     YY    -153.0721
        XZ      15.4519     YZ      18.6032     ZZ    -118.8725
    Octopole Moments (Debye-Ang^2)
       XXX   -2114.7222    XXY     742.2653    XYY    -691.0497
       YYY    1258.9646    XXZ     210.8852    XYZ     -18.4146
       YYZ    -163.2015    XZZ    -586.7648    YZZ     481.9388
       ZZZ    -147.5221
    Hexadecapole Moments (Debye-Ang^3)
      XXXX  -21189.0273   XXXY    7872.3436   XXYY   -5031.4346
      XYYY    5888.7904   YYYY   -9229.7177   XXXZ    2613.8349
      XXYZ    -674.5706   XYYZ     -79.7692   YYYZ    1312.8461
      XXZZ   -3664.0661   XYZZ    2407.6017   YYZZ   -2363.0037
      XZZZ      19.0727   YZZZ     844.8588   ZZZZ   -1757.8592
 -----------------------------------------------------------------
 Total job time:  45.66s(wall), 223.31s(cpu) 
 Wed Jun 12 02:36:23 2024

        *************************************************************
        *                                                           *
        *  Thank you very much for using Q-Chem.  Have a nice day.  *
        *                                                           *
        *************************************************************


