
Running Job 1 of 1 284-an-SM12.in
qchem 284-an-SM12.in_3641063.0 /expanse/lustre/scratch/selhajj/temp_project/qcscratch/28446917/qchem3641063/ 0
/cm/shared/apps/spack/cpu/opt/spack/linux-centos8-zen2/gcc-10.2.0/qchem-5.4-akfmr7b3t57bfs6qan3padb2wnb2i7cl/exe/qcprog.exe_s 284-an-SM12.in_3641063.0 /expanse/lustre/scratch/selhajj/temp_project/qcscratch/28446917/qchem3641063/
                  Welcome to Q-Chem
     A Quantum Leap Into The Future Of Chemistry


 Q-Chem 5.4, Q-Chem, Inc., Pleasanton, CA (2021)

 License issued to: University of California, San Diego (site)

 E. Epifanovsky,  A. T. B. Gilbert,  Xintian Feng,  Joonho Lee,  Yuezhi Mao,  
 N. Mardirossian,  P. Pokhilko,  A. White,  M. Wormit,  M. P. Coons,  
 A. L. Dempwolff,  Zhengting Gan,  D. Hait,  P. R. Horn,  L. D. Jacobson,  
 I. Kaliman,  J. Kussmann,  A. W. Lange,  Ka Un Lao,  D. S. Levine,  Jie Liu,  
 S. C. McKenzie,  A. F. Morrison,  K. Nanda,  F. Plasser,  D. R. Rehn,  
 M. L. Vidal,  Zhi-Qiang You,  Ying Zhu,  B. Alam,  B. Albrecht,  
 A. Aldossary,  E. Alguire,  J. H. Andersen,  D. Barton,  K. Begam,  A. Behn,  
 Y. A. Bernard,  E. J. Berquist,  H. Burton,  A. Carreras,  K. Carter-Fenk,  
 R. Chakraborty,  A. D. Chien,  K. D. Closser,  V. Cofer-Shabica,  
 S. Dasgupta,  Jia Deng,  M. de Wergifosse,  M. Diedenhofen,  Hainam Do,  
 S. Ehlert,  Po-Tung Fang,  S. Fatehi,  Qingguo Feng,  J. Gayvert,  
 Qinghui Ge,  G. Gidofalvi,  M. Goldey,  J. Gomes,  C. Gonzalez-Espinoza,  
 S. Gulania,  A. Gunina,  M. W. D. Hanson-Heine,  P. H. P. Harbach,  
 A. W. Hauser,  M. F. Herbst,  M. Hernandez Vera,  M. Hodecker,  
 Z. C. Holden,  S. Houck,  Xunkun Huang,  Kerwin Hui,  B. C. Huynh,  
 M. Ivanov,  Hyunjun Ji,  Hanjie Jiang,  B. Kaduk,  S. Kaehler,  
 K. Khistyaev,  Jaehoon Kim,  P. Klunzinger,  Z. Koczor-Benda,  
 Joong Hoon Koh,  D. Kosenkov,  L. Koulias,  T. Kowalczyk,  C. M. Krauter,  
 K. Kue,  A. Kunitsa,  T. Kus,  A. Landau,  K. V. Lawler,  D. Lefrancois,  
 S. Lehtola,  Rain Li,  Yi-Pei Li,  Jiashu Liang,  M. Liebenthal,  
 Hung-Hsuan Lin,  You-Sheng Lin,  Fenglai Liu,  Kuan-Yu Liu,  
 M. Loipersberger,  A. Luenser,  A. Manjanath,  P. Manohar,  E. Mansoor,  
 S. F. Manzer,  Shan-Ping Mao,  A. V. Marenich,  T. Markovich,  S. Mason,  
 S. A. Maurer,  P. F. McLaughlin,  M. F. S. J. Menger,  J.-M. Mewes,  
 S. A. Mewes,  P. Morgante,  J. W. Mullinax,  T. S. Nguyen-Beck,  
 K. J. Oosterbaan,  G. Paran,  Alexander C. Paul,  Suranjan K. Paul,  
 F. Pavosevic,  Zheng Pei,  S. Prager,  E. I. Proynov,  E. Ramos,  B. Rana,  
 A. E. Rask,  A. Rettig,  R. M. Richard,  F. Rob,  E. Rossomme,  T. Scheele,  
 M. Scheurer,  M. Schneider,  N. Sergueev,  S. M. Sharada,  W. Skomorowski,  
 D. W. Small,  C. J. Stein,  Yu-Chuan Su,  E. J. Sundstrom,  Zhen Tao,  
 J. Thirman,  T. Tsuchimochi,  N. M. Tubman,  S. P. Veccham,  O. Vydrov,  
 J. Wenzel,  J. Witte,  A. Yamada,  Kun Yao,  S. Yeganeh,  S. R. Yost,  
 A. Zech,  Igor Ying Zhang,  Xing Zhang,  Yu Zhang,  D. Zuev,  
 A. Aspuru-Guzik,  A. T. Bell,  N. A. Besley,  K. B. Bravaya,  B. R. Brooks,  
 D. Casanova,  Jeng-Da Chai,  S. Coriani,  C. J. Cramer,  
 A. E. DePrince, III,  R. A. DiStasio Jr.,  A. Dreuw,  B. D. Dunietz,  
 T. R. Furlani,  W. A. Goddard III,  S. Grimme,  S. Hammes-Schiffer,  
 T. Head-Gordon,  W. J. Hehre,  Chao-Ping Hsu,  T.-C. Jagau,  Yousung Jung,  
 A. Klamt,  Jing Kong,  D. S. Lambrecht,  WanZhen Liang,  N. J. Mayhall,  
 C. W. McCurdy,  J. B. Neaton,  C. Ochsenfeld,  J. A. Parkhill,  R. Peverati,  
 V. A. Rassolov,  Yihan Shao,  L. V. Slipchenko,  T. Stauch,  R. P. Steele,  
 J. E. Subotnik,  A. J. W. Thom,  A. Tkatchenko,  D. G. Truhlar,  
 T. Van Voorhis,  T. A. Wesolowski,  K. B. Whaley,  H. L. Woodcock III,  
 P. M. Zimmerman,  S. Faraji,  P. M. W. Gill,  M. Head-Gordon,  
 J. M. Herbert,  A. I. Krylov

 Contributors to earlier versions of Q-Chem not listed above: 
 R. D. Adamson,  B. Austin,  R. Baer,  J. Baker,  G. J. O. Beran,  
 K. Brandhorst,  S. T. Brown,  E. F. C. Byrd,  A. K. Chakraborty,  
 G. K. L. Chan,  Chun-Min Chang,  Yunqing Chen,  C.-L. Cheng,  
 Siu Hung Chien,  D. M. Chipman,  D. L. Crittenden,  H. Dachsel,  
 R. J. Doerksen,  A. D. Dutoi,  R. G. Edgar,  J. Fosso-Tande,  
 L. Fusti-Molnar,  D. Ghosh,  A. Ghysels,  A. Golubeva-Zadorozhnaya,  
 J. Gonthier,  M. S. Gordon,  S. R. Gwaltney,  G. Hawkins,  J. E. Herr,  
 A. Heyden,  S. Hirata,  E. G. Hohenstein,  G. Kedziora,  F. J. Keil,  
 C. Kelley,  Jihan Kim,  R. A. King,  R. Z. Khaliullin,  P. P. Korambath,  
 W. Kurlancheek,  A. Laurent,  A. M. Lee,  M. S. Lee,  S. V. Levchenko,  
 Ching Yeh Lin,  D. Liotard,  E. Livshits,  R. C. Lochan,  I. Lotan,  
 L. A. Martinez-Martinez,  P. E. Maslen,  N. Nair,  D. P. O'Neill,  
 D. Neuhauser,  E. Neuscamman,  C. M. Oana,  R. Olivares-Amaya,  R. Olson,  
 T. M. Perrine,  B. Peters,  P. A. Pieniazek,  A. Prociuk,  Y. M. Rhee,  
 J. Ritchie,  M. A. Rohrdanz,  E. Rosta,  N. J. Russ,  H. F. Schaefer III,  
 M. W. Schmidt,  N. E. Schultz,  S. Sharma,  N. Shenvi,  C. D. Sherrill,  
 A. C. Simmonett,  A. Sodt,  T. Stein,  D. Stuck,  K. S. Thanthiriwatte,  
 V. Vanovschi,  L. Vogt,  Tao Wang,  A. Warshel,  M. A. Watson,  
 C. F. Williams,  Q. Wu,  X. Xu,  Jun Yang,  W. Zhang,  Yan Zhao

 Please cite Q-Chem as follows:
 Y. Shao et al., Mol. Phys. 113, 184-215 (2015)
 DOI: 10.1080/00268976.2014.952696

 Q-Chem 5.4.0 for Intel X86 EM64T Linux

 Parts of Q-Chem use Armadillo 9.800.1 (Horizon Scraper).
 http://arma.sourceforge.net/

 Q-Chem begins on Sat Feb  3 13:15:25 2024  

 Host: 
0

     Scratch files written to /expanse/lustre/scratch/selhajj/temp_project/qcscratch/28446917/qchem3641063//
 May1621 |scratch|qcdevops|jenkins|workspace|build_RNUM    
 Processing $rem in /cm/shared/apps/spack/cpu/opt/spack/linux-centos8-zen2/gcc-10.2.0/qchem-5.4-akfmr7b3t57bfs6qan3padb2wnb2i7cl/config/preferences:
 Processing $rem in /home/selhajj/.qchemrc:
 Symmetry turned off for PCM/SM12/SMD calculation
 Method-specific promolecule density matrix will be built for SM12 calculation

 Checking the input file for inconsistencies... 	...done.

--------------------------------------------------------------
User input:
--------------------------------------------------------------
$molecule
-2 1
C                 -0.0511530000      3.8828000000      0.1922980000
C                 -0.5180940000      3.4691480000      1.4243550000
C                 -0.1215370000      2.2119470000      1.9472410000
C                  0.8267040000      3.0776640000     -0.5793270000
C                  1.2331600000      1.7971870000     -0.0463070000
C                  0.7372500000      1.4085060000      1.2122150000
C                  1.3002570000      3.5163410000     -1.8566290000
C                  2.1770350000      2.6168020000     -2.5366420000
C                  2.5897360000      1.3737130000     -2.0625580000
C                  2.1388080000      0.9041240000     -0.7784390000
O                  1.0042510000      4.6404160000     -2.4426960000
O                  2.4956010000     -0.2262490000     -0.3027440000
H                 -0.3421490000      4.8408920000     -0.2270950000
H                 -1.1903300000      4.1076830000      1.9947200000
H                 -0.4871350000      1.8829400000      2.9174210000
H                  1.0616370000      0.4417960000      1.5850000000
O                  2.5906440000      3.0971650000     -3.7594490000
C                  3.5007460000      0.4924010000     -2.8794140000
C                  5.0029330000      0.6748220000     -2.5730970000
C                  5.9039390000     -0.2521730000     -3.3994320000
C                  7.4064040000     -0.0873930000     -3.1293930000
C                  8.2949980000     -1.0167560000     -3.9672220000
C                  9.7957470000     -0.8546230000     -3.7024780000
H                  2.1130310000      3.9635860000     -3.7673520000
H                  3.3369710000      0.6830070000     -3.9470260000
H                  3.2366990000     -0.5502880000     -2.6678630000
H                  5.1604810000      0.4887240000     -1.5050190000
H                  5.2806310000      1.7189730000     -2.7622570000
H                  5.7138000000     -0.0796940000     -4.4686360000
H                  5.6177300000     -1.2952630000     -3.2057660000
H                  7.6034960000     -0.2647230000     -2.0638990000
H                  7.6960070000      0.9546350000     -3.3199570000
H                  8.0949410000     -0.8405360000     -5.0323590000
H                  8.0044730000     -2.0582080000     -3.7766770000
H                 10.1323120000      0.1650360000     -3.9230610000
H                 10.3998350000     -1.5328480000     -4.3156910000
H                 10.0417430000     -1.0616030000     -2.6545640000
$end

$rem
BASIS  =  6-311++G(d,p)
GUI  =  2
JOB_TYPE  =  SP
METHOD  =  B3LYP
SCF_CONVERGENCE  = 8
SOLVENT_METHOD = sm12
$end

$smx
solvent dimethylformamide
charges CM5
$end





--------------------------------------------------------------
 ----------------------------------------------------------------
             Standard Nuclear Orientation (Angstroms)
    I     Atom           X                Y                Z
 ----------------------------------------------------------------
    1      C      -0.0511530000     3.8828000000     0.1922980000
    2      C      -0.5180940000     3.4691480000     1.4243550000
    3      C      -0.1215370000     2.2119470000     1.9472410000
    4      C       0.8267040000     3.0776640000    -0.5793270000
    5      C       1.2331600000     1.7971870000    -0.0463070000
    6      C       0.7372500000     1.4085060000     1.2122150000
    7      C       1.3002570000     3.5163410000    -1.8566290000
    8      C       2.1770350000     2.6168020000    -2.5366420000
    9      C       2.5897360000     1.3737130000    -2.0625580000
   10      C       2.1388080000     0.9041240000    -0.7784390000
   11      O       1.0042510000     4.6404160000    -2.4426960000
   12      O       2.4956010000    -0.2262490000    -0.3027440000
   13      H      -0.3421490000     4.8408920000    -0.2270950000
   14      H      -1.1903300000     4.1076830000     1.9947200000
   15      H      -0.4871350000     1.8829400000     2.9174210000
   16      H       1.0616370000     0.4417960000     1.5850000000
   17      O       2.5906440000     3.0971650000    -3.7594490000
   18      C       3.5007460000     0.4924010000    -2.8794140000
   19      C       5.0029330000     0.6748220000    -2.5730970000
   20      C       5.9039390000    -0.2521730000    -3.3994320000
   21      C       7.4064040000    -0.0873930000    -3.1293930000
   22      C       8.2949980000    -1.0167560000    -3.9672220000
   23      C       9.7957470000    -0.8546230000    -3.7024780000
   24      H       2.1130310000     3.9635860000    -3.7673520000
   25      H       3.3369710000     0.6830070000    -3.9470260000
   26      H       3.2366990000    -0.5502880000    -2.6678630000
   27      H       5.1604810000     0.4887240000    -1.5050190000
   28      H       5.2806310000     1.7189730000    -2.7622570000
   29      H       5.7138000000    -0.0796940000    -4.4686360000
   30      H       5.6177300000    -1.2952630000    -3.2057660000
   31      H       7.6034960000    -0.2647230000    -2.0638990000
   32      H       7.6960070000     0.9546350000    -3.3199570000
   33      H       8.0949410000    -0.8405360000    -5.0323590000
   34      H       8.0044730000    -2.0582080000    -3.7766770000
   35      H      10.1323120000     0.1650360000    -3.9230610000
   36      H      10.3998350000    -1.5328480000    -4.3156910000
   37      H      10.0417430000    -1.0616030000    -2.6545640000
 ----------------------------------------------------------------
 Nuclear Repulsion Energy =        1336.09205868 hartrees
 There are       70 alpha and       70 beta electrons
 Requested basis set is 6-311++G(d,p)
 There are 204 shells and 544 basis functions

 Total QAlloc Memory Limit   8000 MB
 Mega-Array Size       188 MB
 MEM_STATIC part       192 MB
 A cutoff of  1.0D-11 yielded  14678 shell pairs
 There are    105304 function pairs (    112016 Cartesian)
 Smallest overlap matrix eigenvalue = 2.38E-07

 Q-Chem warning in module stvman/mkSTV.C, line 323:

 Overlap eigenvalue is smaller than square root of threshold
 Use THRESH >= 12 to get rid of this warning

 Linear dependence detected in AO basis
 Tighter screening thresholds may be required for diffuse basis sets
 Use S2THRESH > 14 and THRESH = 14 in case of SCF convergence issues
 Number of orthogonalized atomic orbitals = 540
 Maximum deviation from orthogonality = 1.809E-10

 Scale SEOQF with 1.000000e-02/1.000000e-01/1.000000e-01

 Standard Electronic Orientation quadrupole field applied
 Nucleus-field energy     =    -0.0000000308 hartrees
 ================ Generating on-the-fly Promolecule Density  ================
Attempting to make child job directory: /expanse/lustre/scratch/selhajj/temp_project/qcscratch/28446917/qchem3641063//Frg1/
Attempting to make child job directory: /expanse/lustre/scratch/selhajj/temp_project/qcscratch/28446917/qchem3641063//Frg2/
Attempting to make child job directory: /expanse/lustre/scratch/selhajj/temp_project/qcscratch/28446917/qchem3641063//Frg3/
Creating input file /expanse/lustre/scratch/selhajj/temp_project/qcscratch/28446917/qchem3641063/Frg1.input
using default PutDataFrgm: nothing
calling putenv with: QCSCRATCH=/expanse/lustre/scratch/selhajj/temp_project/qcscratch/28446917/qchem3641063/ 
Spawning Job For Fragment 0
Done Job For Fragment 0
calling putenv with: QCSCRATCH=/expanse/lustre/scratch/selhajj/temp_project/qcscratch/28446917 
calling putenv with: QCTHREADS=8 
Creating input file /expanse/lustre/scratch/selhajj/temp_project/qcscratch/28446917/qchem3641063/Frg2.input
using default PutDataFrgm: nothing
calling putenv with: QCSCRATCH=/expanse/lustre/scratch/selhajj/temp_project/qcscratch/28446917/qchem3641063/ 
Spawning Job For Fragment 1
Done Job For Fragment 1
calling putenv with: QCSCRATCH=/expanse/lustre/scratch/selhajj/temp_project/qcscratch/28446917 
calling putenv with: QCTHREADS=8 
Creating input file /expanse/lustre/scratch/selhajj/temp_project/qcscratch/28446917/qchem3641063/Frg3.input
using default PutDataFrgm: nothing
calling putenv with: QCSCRATCH=/expanse/lustre/scratch/selhajj/temp_project/qcscratch/28446917/qchem3641063/ 
Spawning Job For Fragment 2
Done Job For Fragment 2
calling putenv with: QCSCRATCH=/expanse/lustre/scratch/selhajj/temp_project/qcscratch/28446917 
calling putenv with: QCTHREADS=8 
 Time for running child jobs:  CPU 0.01 s  wall 57.96 s
 ============= Method Specific Promolecule Density Constructed =============
 Guess from superposition of atomic densities
 Warning:  Energy on first SCF cycle will be non-variational
 SAD guess density has 138.000000 electrons

 -----------------------------------------------------------------------
  General SCF calculation program by
  Eric Jon Sundstrom, Paul Horn, Yuezhi Mao, Dmitri Zuev, Alec White,
  David Stuck, Shaama M.S., Shane Yost, Joonho Lee, David Small,
  Daniel Levine, Susi Lehtola, Hugh Burton, Evgeny Epifanovsky,
  Bang C. Huynh
 -----------------------------------------------------------------------
 Exchange:     0.2000 Hartree-Fock + 0.0800 Slater + 0.7200 B88
 Correlation:  0.1900 VWN1RPA + 0.8100 LYP
 Using SG-1 standard quadrature grid
 using 8 threads for integral computing
 -------------------------------------------------------
 OpenMP Integral computing Module                
 Release: version 1.0, May 2013, Q-Chem Inc. Pittsburgh 
 -------------------------------------------------------
 
 SM12 calculation using CM5 charges
 Citation of the SM12 model:
 Marenich, A.V.; Cramer, C.J.; Truhlar, D.G.
 J. Chem. Theory Comput. 2013, 9, 609-612.
 iSolventCode=          91
 Solvent: dimethylformamide                                               
 
Hirshfeld: reading atomic densities from disk.
warning:  vdwdata pointer should have been initialzed before dftman
 Inaccurate integrated density:
   Number of electrons =   140
   Numerical integral  =   138.002515390195
   Relative error      =    -1.4267747213 %

 Charges (in A.U.) from CM5PAC (Nov. 11, 2011)
 -----------------------------------------------
 Center     Atomic      CM5         Hirshfeld
 Number     Number      Charge      Charge
 -----------------------------------------------
    1          6       -0.052314   -0.000796
    2          6       -0.057724   -0.002976
    3          6       -0.057569   -0.002762
    4          6       -0.002418   -0.000353
    5          6       -0.002151   -0.000105
    6          6       -0.052082   -0.000788
    7          6        0.035403    0.008766
    8          6        0.025193    0.007972
    9          6       -0.005023    0.000144
   10          6        0.034614    0.006262
   11          8       -0.072171   -0.017218
   12          8       -0.062784   -0.017232
   13          1        0.064668    0.005165
   14          1        0.058100    0.003021
   15          1        0.058122    0.003028
   16          1        0.066223    0.005391
   17          8       -0.211772   -0.023001
   18          6       -0.105679   -0.004532
   19          6       -0.114658   -0.005753
   20          6       -0.116723   -0.007011
   21          6       -0.117078   -0.007146
   22          6       -0.119102   -0.007721
   23          6       -0.156116   -0.006699
   24          1        0.199597    0.014009
   25          1        0.064548    0.005161
   26          1        0.065253    0.005111
   27          1        0.061645    0.004880
   28          1        0.060830    0.004718
   29          1        0.058379    0.003433
   30          1        0.058493    0.003467
   31          1        0.058418    0.003425
   32          1        0.058401    0.003423
   33          1        0.057544    0.003194
   34          1        0.057582    0.003219
   35          1        0.053524    0.002659
   36          1        0.052805    0.002494
   37          1        0.053505    0.002634
 -----------------------------------------------

 Dipole moment (in Debye)
 -----------------------------------------------
                 X        Y        Z     Total
 -----------------------------------------------
 CM5         -0.4165   0.3654   0.3677   0.6650
 Hirshfeld   -0.0495  -0.0356   0.1192   0.1339
 -----------------------------------------------

 A restricted SCF calculation will be
 performed using DIIS
 SCF converges when DIIS error is below 1.0e-08
 ---------------------------------------
  Cycle       Energy         DIIS error
 ---------------------------------------
Hirshfeld: reading atomic densities from disk.

 Charges (in A.U.) from CM5PAC (Nov. 11, 2011)
 -----------------------------------------------
 Center     Atomic      CM5         Hirshfeld
 Number     Number      Charge      Charge
 -----------------------------------------------
    1          6       -0.211686   -0.160168
    2          6       -0.210124   -0.155377
    3          6       -0.233558   -0.178751
    4          6       -0.123494   -0.121429
    5          6       -0.133875   -0.131828
    6          6       -0.205739   -0.154445
    7          6        0.035460    0.008823
    8          6        0.097183    0.079962
    9          6       -0.176839   -0.171672
   10          6        0.121650    0.093298
   11          8       -0.749160   -0.694207
   12          8       -0.743320   -0.697768
   13          1        0.165445    0.105942
   14          1        0.175507    0.120428
   15          1        0.172671    0.117577
   16          1        0.163389    0.102557
   17          8       -0.514987   -0.326215
   18          6       -0.298000   -0.196853
   19          6       -0.305322   -0.196417
   20          6       -0.299825   -0.190112
   21          6       -0.304904   -0.194972
   22          6       -0.304663   -0.193281
   23          6       -0.439256   -0.289839
   24          1        0.392179    0.206591
   25          1        0.150239    0.090852
   26          1        0.146427    0.086285
   27          1        0.143653    0.086887
   28          1        0.145005    0.088892
   29          1        0.149369    0.094422
   30          1        0.149498    0.094473
   31          1        0.148529    0.093537
   32          1        0.148473    0.093496
   33          1        0.149168    0.094818
   34          1        0.149192    0.094828
   35          1        0.148342    0.097477
   36          1        0.154257    0.103946
   37          1        0.148361    0.097490
 -----------------------------------------------

 Dipole moment (in Debye)
 -----------------------------------------------
                 X        Y        Z     Total
 -----------------------------------------------
 CM5        -16.7278 -20.6081  12.1519  29.1922
 Hirshfeld  -16.3608 -21.0092  11.9034  29.1677
 -----------------------------------------------

    1    -850.4099431389      2.71e-02  
Hirshfeld: reading atomic densities from disk.

 Charges (in A.U.) from CM5PAC (Nov. 11, 2011)
 -----------------------------------------------
 Center     Atomic      CM5         Hirshfeld
 Number     Number      Charge      Charge
 -----------------------------------------------
    1          6       -0.345249   -0.293732
    2          6       -0.337792   -0.283044
    3          6       -0.326543   -0.271735
    4          6        0.068291    0.070356
    5          6        0.130692    0.132739
    6          6       -0.333246   -0.281952
    7          6       -0.044516   -0.071153
    8          6       -0.129757   -0.146977
    9          6        0.169101    0.174268
   10          6        0.064279    0.035927
   11          8        0.895142    0.950096
   12          8        1.726962    1.772514
   13          1       -0.730862   -0.790365
   14          1       -0.491563   -0.546642
   15          1       -0.501211   -0.556305
   16          1       -0.685264   -0.746096
   17          8       -0.427773   -0.239001
   18          6       -0.007426    0.093721
   19          6        0.021717    0.130622
   20          6        0.005384    0.115096
   21          6        0.025125    0.135057
   22          6        0.029853    0.141235
   23          6        0.004157    0.153573
   24          1       -0.320692   -0.506280
   25          1       -0.140075   -0.199462
   26          1       -0.052315   -0.112457
   27          1       -0.020450   -0.077216
   28          1       -0.054356   -0.110468
   29          1       -0.056138   -0.111085
   30          1       -0.025405   -0.080430
   31          1       -0.009661   -0.064654
   32          1       -0.018761   -0.073739
   33          1       -0.016051   -0.070401
   34          1       -0.011894   -0.066257
   35          1       -0.010991   -0.061856
   36          1       -0.023364   -0.073675
   37          1       -0.009496   -0.060367
 -----------------------------------------------

 Dipole moment (in Debye)
 -----------------------------------------------
                 X        Y        Z     Total
 -----------------------------------------------
 CM5         11.6117 -44.1607 -17.0922  48.7560
 Hirshfeld   11.9787 -44.5618 -17.3407  49.2944
 -----------------------------------------------

    2    -845.8736590425      3.88e-03  
Hirshfeld: reading atomic densities from disk.

 Charges (in A.U.) from CM5PAC (Nov. 11, 2011)
 -----------------------------------------------
 Center     Atomic      CM5         Hirshfeld
 Number     Number      Charge      Charge
 -----------------------------------------------
    1          6       -0.073782   -0.022265
    2          6       -0.081791   -0.027043
    3          6       -0.076723   -0.021916
    4          6       -0.059530   -0.057464
    5          6       -0.097239   -0.095192
    6          6       -0.095804   -0.044510
    7          6       -0.028974   -0.055611
    8          6        0.028794    0.011573
    9          6       -0.008016   -0.002849
   10          6       -0.124211   -0.152563
   11          8       -0.706231   -0.651278
   12          8       -0.909524   -0.863972
   13          1        0.051506   -0.007997
   14          1        0.044109   -0.010970
   15          1        0.043072   -0.012022
   16          1        0.050806   -0.010025
   17          8       -0.289692   -0.100920
   18          6       -0.087073    0.014073
   19          6       -0.081205    0.027700
   20          6       -0.074896    0.034816
   21          6       -0.080173    0.029758
   22          6       -0.082098    0.029283
   23          6       -0.128014    0.021403
   24          1        0.274288    0.088700
   25          1        0.065121    0.005734
   26          1        0.045976   -0.014166
   27          1        0.038218   -0.018548
   28          1        0.048610   -0.007502
   29          1        0.048172   -0.006775
   30          1        0.042700   -0.012325
   31          1        0.043289   -0.011704
   32          1        0.045901   -0.009077
   33          1        0.045310   -0.009040
   34          1        0.043709   -0.010655
   35          1        0.042310   -0.008555
   36          1        0.041204   -0.009107
   37          1        0.041528   -0.009343
 -----------------------------------------------

 Dipole moment (in Debye)
 -----------------------------------------------
                 X        Y        Z     Total
 -----------------------------------------------
 CM5        -15.8817 -17.9771   8.7792  25.5436
 Hirshfeld  -15.5147 -18.3781   8.5307  25.5193
 -----------------------------------------------

    3    -841.7243551737      9.20e-03  
Hirshfeld: reading atomic densities from disk.

 Charges (in A.U.) from CM5PAC (Nov. 11, 2011)
 -----------------------------------------------
 Center     Atomic      CM5         Hirshfeld
 Number     Number      Charge      Charge
 -----------------------------------------------
    1          6       -0.143520   -0.092003
    2          6       -0.168391   -0.113643
    3          6       -0.190405   -0.135598
    4          6       -0.106482   -0.104417
    5          6       -0.106682   -0.104635
    6          6       -0.131663   -0.080369
    7          6       -0.014178   -0.040815
    8          6        0.024123    0.006903
    9          6       -0.112750   -0.107583
   10          6        0.048094    0.019742
   11          8       -0.591817   -0.536864
   12          8       -0.611701   -0.566149
   13          1        0.071325    0.011823
   14          1        0.072236    0.017157
   15          1        0.067405    0.012310
   16          1        0.068266    0.007435
   17          8       -0.437907   -0.249136
   18          6       -0.166625   -0.065478
   19          6       -0.163320   -0.054416
   20          6       -0.153042   -0.043330
   21          6       -0.155867   -0.045936
   22          6       -0.157512   -0.046130
   23          6       -0.227226   -0.077810
   24          1        0.299127    0.113539
   25          1        0.074884    0.015497
   26          1        0.068375    0.008233
   27          1        0.072017    0.015251
   28          1        0.072489    0.016377
   29          1        0.076903    0.021957
   30          1        0.077940    0.022915
   31          1        0.078530    0.023538
   32          1        0.077696    0.022718
   33          1        0.078669    0.024319
   34          1        0.079020    0.024657
   35          1        0.076194    0.025330
   36          1        0.078862    0.028551
   37          1        0.076511    0.025640
 -----------------------------------------------

 Dipole moment (in Debye)
 -----------------------------------------------
                 X        Y        Z     Total
 -----------------------------------------------
 CM5        -14.9431 -21.2757   9.8438  27.8002
 Hirshfeld  -14.5761 -21.6768   9.5952  27.8283
 -----------------------------------------------

    4    -846.1154118252      3.03e-03  
Hirshfeld: reading atomic densities from disk.

 Charges (in A.U.) from CM5PAC (Nov. 11, 2011)
 -----------------------------------------------
 Center     Atomic      CM5         Hirshfeld
 Number     Number      Charge      Charge
 -----------------------------------------------
    1          6       -0.146062   -0.094545
    2          6       -0.164186   -0.109439
    3          6       -0.163069   -0.108262
    4          6       -0.063854   -0.061789
    5          6       -0.088202   -0.086156
    6          6       -0.162562   -0.111268
    7          6       -0.005433   -0.032070
    8          6        0.020358    0.003137
    9          6       -0.069491   -0.064324
   10          6       -0.023900   -0.052252
   11          8       -0.534033   -0.479080
   12          8       -0.558229   -0.512677
   13          1        0.049679   -0.009824
   14          1        0.049687   -0.005392
   15          1        0.045144   -0.009950
   16          1        0.054157   -0.006675
   17          8       -0.410766   -0.221994
   18          6       -0.165748   -0.064601
   19          6       -0.164712   -0.055807
   20          6       -0.166412   -0.056700
   21          6       -0.165433   -0.055502
   22          6       -0.163946   -0.052565
   23          6       -0.250001   -0.100584
   24          1        0.265090    0.079502
   25          1        0.059297   -0.000090
   26          1        0.059114   -0.001028
   27          1        0.071863    0.015097
   28          1        0.068337    0.012225
   29          1        0.075206    0.020259
   30          1        0.077548    0.022522
   31          1        0.081481    0.026488
   32          1        0.080213    0.025235
   33          1        0.080954    0.026604
   34          1        0.081535    0.027172
   35          1        0.081869    0.031004
   36          1        0.082016    0.031704
   37          1        0.082261    0.031390
 -----------------------------------------------

 Dipole moment (in Debye)
 -----------------------------------------------
                 X        Y        Z     Total
 -----------------------------------------------
 CM5        -15.4580 -20.4926   9.3818  27.3298
 Hirshfeld  -15.0910 -20.8936   9.1333  27.3441
 -----------------------------------------------

    5    -846.4154280180      6.78e-04  
Hirshfeld: reading atomic densities from disk.

 Charges (in A.U.) from CM5PAC (Nov. 11, 2011)
 -----------------------------------------------
 Center     Atomic      CM5         Hirshfeld
 Number     Number      Charge      Charge
 -----------------------------------------------
    1          6       -0.147258   -0.095740
    2          6       -0.165395   -0.110648
    3          6       -0.187766   -0.132959
    4          6       -0.091551   -0.089486
    5          6       -0.083825   -0.081778
    6          6       -0.131228   -0.079934
    7          6       -0.023721   -0.050358
    8          6        0.009928   -0.007293
    9          6       -0.097551   -0.092384
   10          6        0.043678    0.015326
   11          8       -0.553380   -0.498427
   12          8       -0.514151   -0.468599
   13          1        0.052769   -0.006734
   14          1        0.053599   -0.001480
   15          1        0.046604   -0.008491
   16          1        0.053001   -0.007830
   17          8       -0.444444   -0.255672
   18          6       -0.164432   -0.063286
   19          6       -0.157062   -0.048157
   20          6       -0.149640   -0.039928
   21          6       -0.150839   -0.040908
   22          6       -0.151318   -0.039936
   23          6       -0.225620   -0.076203
   24          1        0.277842    0.092254
   25          1        0.056626   -0.002761
   26          1        0.056438   -0.003704
   27          1        0.066912    0.010146
   28          1        0.063003    0.006891
   29          1        0.068717    0.013770
   30          1        0.071453    0.016427
   31          1        0.074744    0.019752
   32          1        0.073213    0.018236
   33          1        0.074130    0.019780
   34          1        0.074876    0.020513
   35          1        0.073683    0.022818
   36          1        0.073518    0.023207
   37          1        0.074179    0.023308
 -----------------------------------------------

 Dipole moment (in Debye)
 -----------------------------------------------
                 X        Y        Z     Total
 -----------------------------------------------
 CM5        -15.2556 -21.8764  10.3436  28.6060
 Hirshfeld  -14.8886 -22.2775  10.0950  28.6333
 -----------------------------------------------

    6    -846.4330400750      4.23e-04  
Hirshfeld: reading atomic densities from disk.

 Charges (in A.U.) from CM5PAC (Nov. 11, 2011)
 -----------------------------------------------
 Center     Atomic      CM5         Hirshfeld
 Number     Number      Charge      Charge
 -----------------------------------------------
    1          6       -0.144774   -0.093257
    2          6       -0.171597   -0.116850
    3          6       -0.185942   -0.131134
    4          6       -0.088694   -0.086629
    5          6       -0.096296   -0.094249
    6          6       -0.143430   -0.092136
    7          6       -0.008610   -0.035247
    8          6        0.016826   -0.000395
    9          6       -0.097935   -0.092768
   10          6        0.027402   -0.000950
   11          8       -0.526668   -0.471715
   12          8       -0.524990   -0.479438
   13          1        0.052871   -0.006632
   14          1        0.055183    0.000104
   15          1        0.049168   -0.005926
   16          1        0.055470   -0.005362
   17          8       -0.442204   -0.253433
   18          6       -0.165634   -0.064487
   19          6       -0.161054   -0.052150
   20          6       -0.154611   -0.044899
   21          6       -0.155442   -0.045510
   22          6       -0.155957   -0.044576
   23          6       -0.230228   -0.080812
   24          1        0.273699    0.088111
   25          1        0.058366   -0.001021
   26          1        0.056824   -0.003318
   27          1        0.067760    0.010994
   28          1        0.064773    0.008660
   29          1        0.070974    0.016027
   30          1        0.073206    0.018180
   31          1        0.076372    0.021380
   32          1        0.075091    0.020113
   33          1        0.076238    0.021889
   34          1        0.076867    0.022504
   35          1        0.075283    0.024419
   36          1        0.075724    0.025413
   37          1        0.075700    0.024829
 -----------------------------------------------

 Dipole moment (in Debye)
 -----------------------------------------------
                 X        Y        Z     Total
 -----------------------------------------------
 CM5        -15.4356 -21.1708   9.9121  28.0127
 Hirshfeld  -15.0686 -21.5718   9.6635  28.0320
 -----------------------------------------------

    7    -846.4389753615      1.61e-04  
Hirshfeld: reading atomic densities from disk.

 Charges (in A.U.) from CM5PAC (Nov. 11, 2011)
 -----------------------------------------------
 Center     Atomic      CM5         Hirshfeld
 Number     Number      Charge      Charge
 -----------------------------------------------
    1          6       -0.147500   -0.095983
    2          6       -0.168009   -0.113262
    3          6       -0.183825   -0.129017
    4          6       -0.084838   -0.082773
    5          6       -0.089130   -0.087083
    6          6       -0.142699   -0.091405
    7          6       -0.015289   -0.041926
    8          6        0.014279   -0.002941
    9          6       -0.095897   -0.090730
   10          6        0.027962   -0.000390
   11          8       -0.539469   -0.484515
   12          8       -0.517453   -0.471901
   13          1        0.052490   -0.007013
   14          1        0.054592   -0.000487
   15          1        0.048052   -0.007042
   16          1        0.054185   -0.006647
   17          8       -0.438430   -0.249658
   18          6       -0.166215   -0.065068
   19          6       -0.161782   -0.052877
   20          6       -0.156393   -0.046681
   21          6       -0.156718   -0.046787
   22          6       -0.156932   -0.045550
   23          6       -0.233090   -0.083673
   24          1        0.273904    0.088316
   25          1        0.057818   -0.001569
   26          1        0.056324   -0.003818
   27          1        0.068044    0.011278
   28          1        0.064837    0.008725
   29          1        0.071262    0.016315
   30          1        0.073675    0.018650
   31          1        0.076988    0.021995
   32          1        0.075587    0.020609
   33          1        0.076755    0.022406
   34          1        0.077454    0.023091
   35          1        0.076097    0.025232
   36          1        0.076538    0.026227
   37          1        0.076553    0.025682
 -----------------------------------------------

 Dipole moment (in Debye)
 -----------------------------------------------
                 X        Y        Z     Total
 -----------------------------------------------
 CM5        -15.4233 -21.4142  10.1058  28.2590
 Hirshfeld  -15.0563 -21.8152   9.8573  28.2801
 -----------------------------------------------

    8    -846.4394244166      8.66e-05  
Hirshfeld: reading atomic densities from disk.

 Charges (in A.U.) from CM5PAC (Nov. 11, 2011)
 -----------------------------------------------
 Center     Atomic      CM5         Hirshfeld
 Number     Number      Charge      Charge
 -----------------------------------------------
    1          6       -0.147443   -0.095925
    2          6       -0.167981   -0.113234
    3          6       -0.184095   -0.129288
    4          6       -0.086393   -0.084328
    5          6       -0.088887   -0.086840
    6          6       -0.141236   -0.089942
    7          6       -0.015181   -0.041818
    8          6        0.013959   -0.003262
    9          6       -0.094686   -0.089519
   10          6        0.028999    0.000647
   11          8       -0.537443   -0.482489
   12          8       -0.519933   -0.474381
   13          1        0.052412   -0.007091
   14          1        0.054670   -0.000409
   15          1        0.048083   -0.007011
   16          1        0.054298   -0.006533
   17          8       -0.440365   -0.251593
   18          6       -0.166318   -0.065171
   19          6       -0.161330   -0.052425
   20          6       -0.155965   -0.046253
   21          6       -0.156357   -0.046426
   22          6       -0.156468   -0.045086
   23          6       -0.233191   -0.083774
   24          1        0.274154    0.088566
   25          1        0.057622   -0.001765
   26          1        0.056375   -0.003767
   27          1        0.068079    0.011313
   28          1        0.064670    0.008558
   29          1        0.070990    0.016043
   30          1        0.073489    0.018463
   31          1        0.076884    0.021892
   32          1        0.075445    0.020467
   33          1        0.076564    0.022214
   34          1        0.077283    0.022919
   35          1        0.076084    0.025219
   36          1        0.076391    0.026080
   37          1        0.076550    0.025679
 -----------------------------------------------

 Dipole moment (in Debye)
 -----------------------------------------------
                 X        Y        Z     Total
 -----------------------------------------------
 CM5        -15.4426 -21.3912  10.1202  28.2574
 Hirshfeld  -15.0756 -21.7923   9.8717  28.2777
 -----------------------------------------------

    9    -846.4399823770      2.00e-05  
Hirshfeld: reading atomic densities from disk.

 Charges (in A.U.) from CM5PAC (Nov. 11, 2011)
 -----------------------------------------------
 Center     Atomic      CM5         Hirshfeld
 Number     Number      Charge      Charge
 -----------------------------------------------
    1          6       -0.147037   -0.095520
    2          6       -0.168177   -0.113430
    3          6       -0.184271   -0.129463
    4          6       -0.086111   -0.084046
    5          6       -0.089836   -0.087789
    6          6       -0.141907   -0.090613
    7          6       -0.014572   -0.041209
    8          6        0.014497   -0.002724
    9          6       -0.095837   -0.090670
   10          6        0.028586    0.000234
   11          8       -0.537936   -0.482982
   12          8       -0.518893   -0.473341
   13          1        0.052497   -0.007006
   14          1        0.054820   -0.000258
   15          1        0.048273   -0.006821
   16          1        0.054481   -0.006351
   17          8       -0.439640   -0.250868
   18          6       -0.166344   -0.065197
   19          6       -0.161397   -0.052493
   20          6       -0.155803   -0.046091
   21          6       -0.156278   -0.046347
   22          6       -0.156442   -0.045060
   23          6       -0.232736   -0.083319
   24          1        0.274060    0.088472
   25          1        0.057673   -0.001714
   26          1        0.056334   -0.003808
   27          1        0.068014    0.011248
   28          1        0.064661    0.008549
   29          1        0.070973    0.016027
   30          1        0.073432    0.018406
   31          1        0.076819    0.021826
   32          1        0.075404    0.020426
   33          1        0.076522    0.022172
   34          1        0.077227    0.022864
   35          1        0.075969    0.025104
   36          1        0.076273    0.025962
   37          1        0.076427    0.025556
 -----------------------------------------------

 Dipole moment (in Debye)
 -----------------------------------------------
                 X        Y        Z     Total
 -----------------------------------------------
 CM5        -15.4415 -21.3858  10.1121  28.2497
 Hirshfeld  -15.0745 -21.7869   9.8635  28.2701
 -----------------------------------------------

   10    -846.4400350685      8.48e-06  
Hirshfeld: reading atomic densities from disk.

 Charges (in A.U.) from CM5PAC (Nov. 11, 2011)
 -----------------------------------------------
 Center     Atomic      CM5         Hirshfeld
 Number     Number      Charge      Charge
 -----------------------------------------------
    1          6       -0.147304   -0.095786
    2          6       -0.168104   -0.113356
    3          6       -0.184146   -0.129339
    4          6       -0.085960   -0.083895
    5          6       -0.089432   -0.087386
    6          6       -0.141845   -0.090551
    7          6       -0.014879   -0.041516
    8          6        0.014269   -0.002952
    9          6       -0.095671   -0.090504
   10          6        0.028762    0.000410
   11          8       -0.537787   -0.482833
   12          8       -0.519059   -0.473507
   13          1        0.052477   -0.007026
   14          1        0.054846   -0.000233
   15          1        0.048258   -0.006836
   16          1        0.054454   -0.006377
   17          8       -0.439795   -0.251024
   18          6       -0.166284   -0.065137
   19          6       -0.161465   -0.052560
   20          6       -0.155909   -0.046197
   21          6       -0.156348   -0.046417
   22          6       -0.156533   -0.045151
   23          6       -0.232753   -0.083336
   24          1        0.274054    0.088466
   25          1        0.057666   -0.001721
   26          1        0.056278   -0.003864
   27          1        0.068001    0.011235
   28          1        0.064672    0.008559
   29          1        0.071011    0.016064
   30          1        0.073452    0.018427
   31          1        0.076834    0.021841
   32          1        0.075425    0.020447
   33          1        0.076559    0.022209
   34          1        0.077262    0.022899
   35          1        0.075979    0.025114
   36          1        0.076305    0.025993
   37          1        0.076435    0.025564
 -----------------------------------------------

 Dipole moment (in Debye)
 -----------------------------------------------
                 X        Y        Z     Total
 -----------------------------------------------
 CM5        -15.4458 -21.3875  10.1193  28.2559
 Hirshfeld  -15.0788 -21.7885   9.8708  28.2762
 -----------------------------------------------

   11    -846.4399963468      2.78e-06  
Hirshfeld: reading atomic densities from disk.

 Charges (in A.U.) from CM5PAC (Nov. 11, 2011)
 -----------------------------------------------
 Center     Atomic      CM5         Hirshfeld
 Number     Number      Charge      Charge
 -----------------------------------------------
    1          6       -0.147227   -0.095709
    2          6       -0.168081   -0.113334
    3          6       -0.184170   -0.129363
    4          6       -0.086087   -0.084022
    5          6       -0.089552   -0.087505
    6          6       -0.141794   -0.090500
    7          6       -0.014799   -0.041436
    8          6        0.014351   -0.002869
    9          6       -0.095594   -0.090427
   10          6        0.028685    0.000333
   11          8       -0.537800   -0.482847
   12          8       -0.519030   -0.473478
   13          1        0.052467   -0.007036
   14          1        0.054850   -0.000229
   15          1        0.048264   -0.006830
   16          1        0.054454   -0.006378
   17          8       -0.439802   -0.251030
   18          6       -0.166316   -0.065169
   19          6       -0.161437   -0.052532
   20          6       -0.155907   -0.046195
   21          6       -0.156337   -0.046406
   22          6       -0.156510   -0.045128
   23          6       -0.232830   -0.083413
   24          1        0.274052    0.088464
   25          1        0.057659   -0.001729
   26          1        0.056265   -0.003877
   27          1        0.068000    0.011234
   28          1        0.064665    0.008552
   29          1        0.071001    0.016054
   30          1        0.073448    0.018422
   31          1        0.076834    0.021841
   32          1        0.075421    0.020443
   33          1        0.076557    0.022207
   34          1        0.077262    0.022899
   35          1        0.075994    0.025129
   36          1        0.076319    0.026008
   37          1        0.076452    0.025581
 -----------------------------------------------

 Dipole moment (in Debye)
 -----------------------------------------------
                 X        Y        Z     Total
 -----------------------------------------------
 CM5        -15.4462 -21.3865  10.1191  28.2553
 Hirshfeld  -15.0792 -21.7875   9.8705  28.2755
 -----------------------------------------------

   12    -846.4400113254      9.45e-07  
Hirshfeld: reading atomic densities from disk.

 Charges (in A.U.) from CM5PAC (Nov. 11, 2011)
 -----------------------------------------------
 Center     Atomic      CM5         Hirshfeld
 Number     Number      Charge      Charge
 -----------------------------------------------
    1          6       -0.147225   -0.095708
    2          6       -0.168085   -0.113337
    3          6       -0.184167   -0.129359
    4          6       -0.086038   -0.083973
    5          6       -0.089511   -0.087464
    6          6       -0.141808   -0.090514
    7          6       -0.014796   -0.041433
    8          6        0.014319   -0.002902
    9          6       -0.095653   -0.090486
   10          6        0.028694    0.000342
   11          8       -0.537789   -0.482836
   12          8       -0.519054   -0.473502
   13          1        0.052463   -0.007039
   14          1        0.054856   -0.000223
   15          1        0.048269   -0.006825
   16          1        0.054457   -0.006374
   17          8       -0.439790   -0.251019
   18          6       -0.166327   -0.065180
   19          6       -0.161441   -0.052536
   20          6       -0.155902   -0.046190
   21          6       -0.156338   -0.046407
   22          6       -0.156506   -0.045124
   23          6       -0.232818   -0.083402
   24          1        0.274049    0.088461
   25          1        0.057658   -0.001729
   26          1        0.056265   -0.003877
   27          1        0.068004    0.011238
   28          1        0.064664    0.008552
   29          1        0.070998    0.016051
   30          1        0.073447    0.018421
   31          1        0.076834    0.021842
   32          1        0.075421    0.020443
   33          1        0.076554    0.022204
   34          1        0.077260    0.022897
   35          1        0.075992    0.025127
   36          1        0.076315    0.026004
   37          1        0.076450    0.025579
 -----------------------------------------------

 Dipole moment (in Debye)
 -----------------------------------------------
                 X        Y        Z     Total
 -----------------------------------------------
 CM5        -15.4469 -21.3857  10.1198  28.2554
 Hirshfeld  -15.0799 -21.7868   9.8713  28.2756
 -----------------------------------------------

   13    -846.4400084145      3.29e-07  
Hirshfeld: reading atomic densities from disk.

 Charges (in A.U.) from CM5PAC (Nov. 11, 2011)
 -----------------------------------------------
 Center     Atomic      CM5         Hirshfeld
 Number     Number      Charge      Charge
 -----------------------------------------------
    1          6       -0.147240   -0.095723
    2          6       -0.168079   -0.113332
    3          6       -0.184160   -0.129353
    4          6       -0.086053   -0.083988
    5          6       -0.089529   -0.087482
    6          6       -0.141813   -0.090518
    7          6       -0.014804   -0.041441
    8          6        0.014338   -0.002882
    9          6       -0.095627   -0.090460
   10          6        0.028691    0.000339
   11          8       -0.537789   -0.482836
   12          8       -0.519055   -0.473503
   13          1        0.052465   -0.007037
   14          1        0.054861   -0.000218
   15          1        0.048272   -0.006822
   16          1        0.054461   -0.006371
   17          8       -0.439790   -0.251018
   18          6       -0.166316   -0.065169
   19          6       -0.161442   -0.052537
   20          6       -0.155904   -0.046192
   21          6       -0.156339   -0.046408
   22          6       -0.156509   -0.045127
   23          6       -0.232811   -0.083394
   24          1        0.274048    0.088460
   25          1        0.057656   -0.001732
   26          1        0.056260   -0.003882
   27          1        0.068002    0.011236
   28          1        0.064664    0.008551
   29          1        0.070999    0.016052
   30          1        0.073446    0.018420
   31          1        0.076834    0.021841
   32          1        0.075421    0.020443
   33          1        0.076555    0.022205
   34          1        0.077260    0.022897
   35          1        0.075991    0.025126
   36          1        0.076314    0.026003
   37          1        0.076449    0.025578
 -----------------------------------------------

 Dipole moment (in Debye)
 -----------------------------------------------
                 X        Y        Z     Total
 -----------------------------------------------
 CM5        -15.4468 -21.3858  10.1197  28.2554
 Hirshfeld  -15.0798 -21.7868   9.8712  28.2756
 -----------------------------------------------

   14    -846.4400092465      1.63e-07  
Hirshfeld: reading atomic densities from disk.

 Charges (in A.U.) from CM5PAC (Nov. 11, 2011)
 -----------------------------------------------
 Center     Atomic      CM5         Hirshfeld
 Number     Number      Charge      Charge
 -----------------------------------------------
    1          6       -0.147233   -0.095715
    2          6       -0.168078   -0.113330
    3          6       -0.184160   -0.129353
    4          6       -0.086049   -0.083984
    5          6       -0.089527   -0.087480
    6          6       -0.141808   -0.090514
    7          6       -0.014800   -0.041437
    8          6        0.014334   -0.002887
    9          6       -0.095633   -0.090466
   10          6        0.028685    0.000333
   11          8       -0.537789   -0.482836
   12          8       -0.519056   -0.473504
   13          1        0.052464   -0.007039
   14          1        0.054861   -0.000218
   15          1        0.048272   -0.006823
   16          1        0.054461   -0.006371
   17          8       -0.439792   -0.251020
   18          6       -0.166319   -0.065172
   19          6       -0.161441   -0.052537
   20          6       -0.155903   -0.046191
   21          6       -0.156338   -0.046407
   22          6       -0.156509   -0.045128
   23          6       -0.232814   -0.083397
   24          1        0.274048    0.088460
   25          1        0.057657   -0.001730
   26          1        0.056259   -0.003883
   27          1        0.068001    0.011236
   28          1        0.064664    0.008551
   29          1        0.070999    0.016052
   30          1        0.073446    0.018420
   31          1        0.076833    0.021841
   32          1        0.075421    0.020443
   33          1        0.076555    0.022205
   34          1        0.077261    0.022897
   35          1        0.075991    0.025127
   36          1        0.076315    0.026004
   37          1        0.076449    0.025578
 -----------------------------------------------

 Dipole moment (in Debye)
 -----------------------------------------------
                 X        Y        Z     Total
 -----------------------------------------------
 CM5        -15.4470 -21.3857  10.1198  28.2554
 Hirshfeld  -15.0800 -21.7867   9.8713  28.2756
 -----------------------------------------------

   15    -846.4400082420      5.61e-08  
Hirshfeld: reading atomic densities from disk.

 Charges (in A.U.) from CM5PAC (Nov. 11, 2011)
 -----------------------------------------------
 Center     Atomic      CM5         Hirshfeld
 Number     Number      Charge      Charge
 -----------------------------------------------
    1          6       -0.147234   -0.095717
    2          6       -0.168078   -0.113331
    3          6       -0.184162   -0.129354
    4          6       -0.086052   -0.083987
    5          6       -0.089526   -0.087480
    6          6       -0.141809   -0.090515
    7          6       -0.014800   -0.041437
    8          6        0.014335   -0.002886
    9          6       -0.095632   -0.090465
   10          6        0.028689    0.000337
   11          8       -0.537789   -0.482836
   12          8       -0.519057   -0.473505
   13          1        0.052464   -0.007039
   14          1        0.054861   -0.000218
   15          1        0.048272   -0.006822
   16          1        0.054461   -0.006371
   17          8       -0.439790   -0.251018
   18          6       -0.166320   -0.065173
   19          6       -0.161441   -0.052536
   20          6       -0.155904   -0.046191
   21          6       -0.156338   -0.046407
   22          6       -0.156508   -0.045127
   23          6       -0.232814   -0.083398
   24          1        0.274048    0.088460
   25          1        0.057656   -0.001731
   26          1        0.056259   -0.003883
   27          1        0.068002    0.011236
   28          1        0.064664    0.008551
   29          1        0.070999    0.016052
   30          1        0.073446    0.018420
   31          1        0.076833    0.021841
   32          1        0.075421    0.020443
   33          1        0.076555    0.022205
   34          1        0.077261    0.022897
   35          1        0.075991    0.025127
   36          1        0.076315    0.026004
   37          1        0.076449    0.025578
 -----------------------------------------------

 Dipole moment (in Debye)
 -----------------------------------------------
                 X        Y        Z     Total
 -----------------------------------------------
 CM5        -15.4469 -21.3857  10.1198  28.2554
 Hirshfeld  -15.0799 -21.7867   9.8713  28.2756
 -----------------------------------------------

   16    -846.4400083599      1.97e-08  
   17    -846.4400083288      9.68e-09  Convergence criterion met
 ---------------------------------------
 SCF time:   CPU 9404.91s  wall 1190.00s 
(1)  E-EN(liq) elect-nuc energy of solute               -846.440008329 a.u.
(2)  G-P(liq) polarization free energy of solvation          -167.7799 kcal/mol
(3)  G-ENP(liq) elect-nuc-pol free energy of system     -846.707382662 a.u.
(4)  G-CDS(liq) cavity-dispersion-solvent structure 
     free energy                                              -11.2822 kcal/mol
(5)  G-P-CDS(liq) = G-P(liq) + G-CDS(liq) = (2) + (4)        -179.0621 kcal/mol
(6)  G-S(liq) free energy of system = (1) + (5)         -846.725361918 a.u.
 SCF   energy in the final basis set =     -846.7253619177
 Total energy in the final basis set =     -846.7253619177
 
 --------------------------------------------------------------
 
                    Orbital Energies (a.u.)
 --------------------------------------------------------------
 
 Alpha MOs
 -- Occupied --
-19.1188 -19.0295 -19.0237 -10.1877 -10.1836 -10.1715 -10.1708 -10.1679
-10.1663 -10.1663 -10.1658 -10.1658 -10.1657 -10.1617 -10.1604 -10.1581
-10.1486 -10.1457 -10.1355  -1.0317  -0.9449  -0.9336  -0.8402  -0.8110
 -0.7868  -0.7638  -0.7393  -0.7309  -0.6948  -0.6535  -0.6336  -0.6018
 -0.5908  -0.5792  -0.5694  -0.5483  -0.5170  -0.4852  -0.4821  -0.4596
 -0.4495  -0.4412  -0.4351  -0.4296  -0.4211  -0.4171  -0.3999  -0.3973
 -0.3850  -0.3784  -0.3715  -0.3679  -0.3604  -0.3585  -0.3490  -0.3463
 -0.3356  -0.3303  -0.3281  -0.3253  -0.3233  -0.3153  -0.3057  -0.3033
 -0.2459  -0.2334  -0.2156  -0.2018  -0.1991  -0.1145
 -- Virtual --
 -0.0733  -0.0669  -0.0575  -0.0441  -0.0405  -0.0300  -0.0271  -0.0202
 -0.0168  -0.0093  -0.0035  -0.0030  -0.0018   0.0024   0.0116   0.0156
  0.0206   0.0243   0.0274   0.0287   0.0325   0.0367   0.0380   0.0398
  0.0455   0.0480   0.0503   0.0550   0.0596   0.0626   0.0634   0.0673
  0.0727   0.0731   0.0763   0.0770   0.0824   0.0846   0.0901   0.0937
  0.0975   0.0993   0.1006   0.1028   0.1055   0.1081   0.1095   0.1183
  0.1196   0.1253   0.1264   0.1307   0.1326   0.1340   0.1391   0.1414
  0.1436   0.1465   0.1498   0.1514   0.1590   0.1632   0.1660   0.1687
  0.1720   0.1741   0.1781   0.1802   0.1836   0.1863   0.1930   0.1957
  0.2017   0.2028   0.2073   0.2091   0.2117   0.2179   0.2218   0.2243
  0.2293   0.2326   0.2357   0.2422   0.2444   0.2483   0.2519   0.2539
  0.2584   0.2624   0.2680   0.2692   0.2738   0.2757   0.2770   0.2818
  0.2874   0.2917   0.2951   0.2965   0.3061   0.3065   0.3079   0.3130
  0.3163   0.3210   0.3228   0.3267   0.3274   0.3343   0.3410   0.3458
  0.3478   0.3561   0.3566   0.3636   0.3682   0.3829   0.3857   0.3893
  0.3998   0.4116   0.4174   0.4263   0.4291   0.4364   0.4415   0.4471
  0.4547   0.4650   0.4664   0.4913   0.4983   0.5167   0.5184   0.5284
  0.5388   0.5420   0.5470   0.5498   0.5534   0.5577   0.5680   0.5758
  0.5880   0.5955   0.6074   0.6128   0.6179   0.6335   0.6351   0.6416
  0.6431   0.6465   0.6553   0.6593   0.6618   0.6666   0.6700   0.6734
  0.6764   0.6824   0.6865   0.6931   0.6951   0.7012   0.7078   0.7139
  0.7223   0.7243   0.7349   0.7370   0.7427   0.7455   0.7503   0.7537
  0.7591   0.7687   0.7722   0.7765   0.7854   0.7873   0.7985   0.8014
  0.8095   0.8290   0.8343   0.8391   0.8477   0.8495   0.8565   0.8887
  0.9018   0.9103   0.9343   0.9432   0.9439   0.9523   0.9656   0.9764
  0.9819   0.9880   0.9981   1.0012   1.0121   1.0184   1.0355   1.0399
  1.0522   1.0650   1.0691   1.0733   1.0823   1.0988   1.1025   1.1201
  1.1276   1.1311   1.1443   1.1554   1.1729   1.1918   1.2038   1.2176
  1.2338   1.2455   1.2484   1.2645   1.2675   1.2736   1.2823   1.2891
  1.3066   1.3092   1.3143   1.3152   1.3249   1.3429   1.3540   1.3887
  1.4179   1.4523   1.4625   1.4657   1.4672   1.4818   1.4875   1.5044
  1.5192   1.5247   1.5319   1.5412   1.5483   1.5598   1.5621   1.5691
  1.5721   1.5940   1.6040   1.6113   1.6172   1.6222   1.6250   1.6369
  1.6395   1.6577   1.6595   1.6698   1.6708   1.6785   1.6879   1.6999
  1.7126   1.7302   1.7323   1.7377   1.7394   1.7446   1.7494   1.7699
  1.7747   1.7788   1.7801   1.7832   1.8137   1.8198   1.8352   1.8435
  1.8513   1.8568   1.8738   1.8782   1.8926   1.8960   1.9149   1.9239
  1.9385   1.9412   1.9510   1.9625   1.9705   1.9776   1.9879   1.9957
  2.0149   2.0207   2.0363   2.0539   2.0752   2.0860   2.0935   2.1065
  2.1216   2.1271   2.1466   2.1789   2.1849   2.1931   2.2057   2.2259
  2.2342   2.2476   2.2755   2.2796   2.2935   2.3068   2.3133   2.3170
  2.3343   2.3499   2.3846   2.3852   2.3941   2.4066   2.4221   2.4391
  2.4631   2.4682   2.4761   2.4818   2.4925   2.5263   2.5307   2.5452
  2.5501   2.5709   2.5838   2.6037   2.6093   2.6188   2.6413   2.6523
  2.6619   2.6668   2.6832   2.6914   2.7003   2.7091   2.7173   2.7343
  2.7433   2.7445   2.7551   2.7667   2.7681   2.7687   2.7839   2.7924
  2.8073   2.8148   2.8201   2.8338   2.8476   2.8525   2.8703   2.8858
  2.8960   2.9084   2.9178   2.9254   2.9388   2.9525   2.9563   2.9728
  2.9791   2.9870   3.0180   3.0211   3.0307   3.0781   3.0890   3.0962
  3.1045   3.1307   3.1502   3.1810   3.1917   3.1936   3.2184   3.2326
  3.2814   3.2997   3.3274   3.3519   3.3563   3.3845   3.3995   3.4379
  3.4819   3.4837   3.5032   3.5291   3.5383   3.5614   3.5809   3.6213
  3.6692   3.7738   3.7900   3.8006   3.8138   3.8228   3.8450   3.8512
  3.8713   3.8983   3.9254   3.9601   4.0423   4.0558   4.0815   4.1089
  4.1846   4.2120   4.2408   4.2858   4.3463   4.3502   4.3944   4.4620
  4.8433   4.8714   5.0500   5.1485   5.1766   5.3355   5.3576   5.5584
  5.7085   5.8193   5.8716  23.5773  23.8096  23.8693  23.8900  23.9070
 23.9135  23.9336  23.9571  23.9713  23.9768  23.9862  24.0094  24.0436
 24.1186  24.1322  24.1865  49.9790  50.0917  50.1487
 --------------------------------------------------------------
 
          Ground-State Mulliken Net Atomic Charges

     Atom                 Charge (a.u.)
  ----------------------------------------
      1 C                    -0.211680
      2 C                     1.114018
      3 C                     1.079180
      4 C                    -1.975489
      5 C                    -1.859590
      6 C                    -0.450855
      7 C                    -1.950868
      8 C                    -0.136639
      9 C                     1.338266
     10 C                    -2.572518
     11 O                    -0.421114
     12 O                    -0.274524
     13 H                     0.106258
     14 H                     0.381622
     15 H                     0.356058
     16 H                     0.069027
     17 O                    -0.052175
     18 C                    -0.247745
     19 C                    -2.218108
     20 C                     0.531597
     21 C                     1.600023
     22 C                     1.160526
     23 C                     0.556793
     24 H                     0.314120
     25 H                     0.175744
     26 H                     0.071941
     27 H                     0.039179
     28 H                     0.019554
     29 H                     0.223532
     30 H                     0.215351
     31 H                     0.111837
     32 H                     0.129625
     33 H                     0.093949
     34 H                     0.092591
     35 H                     0.132208
     36 H                     0.324087
     37 H                     0.134220
  ----------------------------------------
  Sum of atomic charges =    -2.000000

 -----------------------------------------------------------------
                    Cartesian Multipole Moments
 -----------------------------------------------------------------
    Charge (ESU x 10^10)
                -9.6064
    Dipole Moment (Debye)
         X     -15.1911      Y     -21.4830      Z      10.2069
       Tot      28.2218
    Quadrupole Moments (Debye-Ang)
        XX    -170.5602     XY     -18.8283     YY    -214.9685
        XZ      25.5578     YZ      33.4577     ZZ    -165.9707
    Octopole Moments (Debye-Ang^2)
       XXX   -1343.0643    XXY    -227.4866    XYY    -471.0520
       YYY    -964.8441    XXZ     287.1183    XYZ      47.7965
       YYZ     348.0596    XZZ    -475.3404    YZZ    -315.5897
       ZZZ     697.3912
    Hexadecapole Moments (Debye-Ang^3)
      XXXX  -15464.2517   XXXY    -268.8918   XXYY   -3209.4758
      XYYY    -601.8419   YYYY   -5980.8137   XXXZ    3974.0812
      XXYZ     218.1141   XYYZ    1338.1782   YYYZ    1115.8736
      XXZZ   -3472.1150   XYZZ    -245.3688   YYZZ   -1975.0069
      XZZZ    3744.0618   YZZZ     700.1395   ZZZZ   -5141.6192
 -----------------------------------------------------------------
 Total job time:  1257.36s(wall), 9412.21s(cpu) 
 Sat Feb  3 13:36:22 2024

        *************************************************************
        *                                                           *
        *  Thank you very much for using Q-Chem.  Have a nice day.  *
        *                                                           *
        *************************************************************


