
Running Job 1 of 1 069-rad-CPCM.in
qchem 069-rad-CPCM.in_2454257.0 /expanse/lustre/scratch/selhajj/temp_project/qcscratch/31246349/qchem2454257/ 0
/cm/shared/apps/spack/cpu/opt/spack/linux-centos8-zen2/gcc-10.2.0/qchem-5.4-akfmr7b3t57bfs6qan3padb2wnb2i7cl/exe/qcprog.exe_s 069-rad-CPCM.in_2454257.0 /expanse/lustre/scratch/selhajj/temp_project/qcscratch/31246349/qchem2454257/
                  Welcome to Q-Chem
     A Quantum Leap Into The Future Of Chemistry


 Q-Chem 5.4, Q-Chem, Inc., Pleasanton, CA (2021)

 License issued to: University of California, San Diego (site)

 E. Epifanovsky,  A. T. B. Gilbert,  Xintian Feng,  Joonho Lee,  Yuezhi Mao,  
 N. Mardirossian,  P. Pokhilko,  A. White,  M. Wormit,  M. P. Coons,  
 A. L. Dempwolff,  Zhengting Gan,  D. Hait,  P. R. Horn,  L. D. Jacobson,  
 I. Kaliman,  J. Kussmann,  A. W. Lange,  Ka Un Lao,  D. S. Levine,  Jie Liu,  
 S. C. McKenzie,  A. F. Morrison,  K. Nanda,  F. Plasser,  D. R. Rehn,  
 M. L. Vidal,  Zhi-Qiang You,  Ying Zhu,  B. Alam,  B. Albrecht,  
 A. Aldossary,  E. Alguire,  J. H. Andersen,  D. Barton,  K. Begam,  A. Behn,  
 Y. A. Bernard,  E. J. Berquist,  H. Burton,  A. Carreras,  K. Carter-Fenk,  
 R. Chakraborty,  A. D. Chien,  K. D. Closser,  V. Cofer-Shabica,  
 S. Dasgupta,  Jia Deng,  M. de Wergifosse,  M. Diedenhofen,  Hainam Do,  
 S. Ehlert,  Po-Tung Fang,  S. Fatehi,  Qingguo Feng,  J. Gayvert,  
 Qinghui Ge,  G. Gidofalvi,  M. Goldey,  J. Gomes,  C. Gonzalez-Espinoza,  
 S. Gulania,  A. Gunina,  M. W. D. Hanson-Heine,  P. H. P. Harbach,  
 A. W. Hauser,  M. F. Herbst,  M. Hernandez Vera,  M. Hodecker,  
 Z. C. Holden,  S. Houck,  Xunkun Huang,  Kerwin Hui,  B. C. Huynh,  
 M. Ivanov,  Hyunjun Ji,  Hanjie Jiang,  B. Kaduk,  S. Kaehler,  
 K. Khistyaev,  Jaehoon Kim,  P. Klunzinger,  Z. Koczor-Benda,  
 Joong Hoon Koh,  D. Kosenkov,  L. Koulias,  T. Kowalczyk,  C. M. Krauter,  
 K. Kue,  A. Kunitsa,  T. Kus,  A. Landau,  K. V. Lawler,  D. Lefrancois,  
 S. Lehtola,  Rain Li,  Yi-Pei Li,  Jiashu Liang,  M. Liebenthal,  
 Hung-Hsuan Lin,  You-Sheng Lin,  Fenglai Liu,  Kuan-Yu Liu,  
 M. Loipersberger,  A. Luenser,  A. Manjanath,  P. Manohar,  E. Mansoor,  
 S. F. Manzer,  Shan-Ping Mao,  A. V. Marenich,  T. Markovich,  S. Mason,  
 S. A. Maurer,  P. F. McLaughlin,  M. F. S. J. Menger,  J.-M. Mewes,  
 S. A. Mewes,  P. Morgante,  J. W. Mullinax,  T. S. Nguyen-Beck,  
 K. J. Oosterbaan,  G. Paran,  Alexander C. Paul,  Suranjan K. Paul,  
 F. Pavosevic,  Zheng Pei,  S. Prager,  E. I. Proynov,  E. Ramos,  B. Rana,  
 A. E. Rask,  A. Rettig,  R. M. Richard,  F. Rob,  E. Rossomme,  T. Scheele,  
 M. Scheurer,  M. Schneider,  N. Sergueev,  S. M. Sharada,  W. Skomorowski,  
 D. W. Small,  C. J. Stein,  Yu-Chuan Su,  E. J. Sundstrom,  Zhen Tao,  
 J. Thirman,  T. Tsuchimochi,  N. M. Tubman,  S. P. Veccham,  O. Vydrov,  
 J. Wenzel,  J. Witte,  A. Yamada,  Kun Yao,  S. Yeganeh,  S. R. Yost,  
 A. Zech,  Igor Ying Zhang,  Xing Zhang,  Yu Zhang,  D. Zuev,  
 A. Aspuru-Guzik,  A. T. Bell,  N. A. Besley,  K. B. Bravaya,  B. R. Brooks,  
 D. Casanova,  Jeng-Da Chai,  S. Coriani,  C. J. Cramer,  
 A. E. DePrince, III,  R. A. DiStasio Jr.,  A. Dreuw,  B. D. Dunietz,  
 T. R. Furlani,  W. A. Goddard III,  S. Grimme,  S. Hammes-Schiffer,  
 T. Head-Gordon,  W. J. Hehre,  Chao-Ping Hsu,  T.-C. Jagau,  Yousung Jung,  
 A. Klamt,  Jing Kong,  D. S. Lambrecht,  WanZhen Liang,  N. J. Mayhall,  
 C. W. McCurdy,  J. B. Neaton,  C. Ochsenfeld,  J. A. Parkhill,  R. Peverati,  
 V. A. Rassolov,  Yihan Shao,  L. V. Slipchenko,  T. Stauch,  R. P. Steele,  
 J. E. Subotnik,  A. J. W. Thom,  A. Tkatchenko,  D. G. Truhlar,  
 T. Van Voorhis,  T. A. Wesolowski,  K. B. Whaley,  H. L. Woodcock III,  
 P. M. Zimmerman,  S. Faraji,  P. M. W. Gill,  M. Head-Gordon,  
 J. M. Herbert,  A. I. Krylov

 Contributors to earlier versions of Q-Chem not listed above: 
 R. D. Adamson,  B. Austin,  R. Baer,  J. Baker,  G. J. O. Beran,  
 K. Brandhorst,  S. T. Brown,  E. F. C. Byrd,  A. K. Chakraborty,  
 G. K. L. Chan,  Chun-Min Chang,  Yunqing Chen,  C.-L. Cheng,  
 Siu Hung Chien,  D. M. Chipman,  D. L. Crittenden,  H. Dachsel,  
 R. J. Doerksen,  A. D. Dutoi,  R. G. Edgar,  J. Fosso-Tande,  
 L. Fusti-Molnar,  D. Ghosh,  A. Ghysels,  A. Golubeva-Zadorozhnaya,  
 J. Gonthier,  M. S. Gordon,  S. R. Gwaltney,  G. Hawkins,  J. E. Herr,  
 A. Heyden,  S. Hirata,  E. G. Hohenstein,  G. Kedziora,  F. J. Keil,  
 C. Kelley,  Jihan Kim,  R. A. King,  R. Z. Khaliullin,  P. P. Korambath,  
 W. Kurlancheek,  A. Laurent,  A. M. Lee,  M. S. Lee,  S. V. Levchenko,  
 Ching Yeh Lin,  D. Liotard,  E. Livshits,  R. C. Lochan,  I. Lotan,  
 L. A. Martinez-Martinez,  P. E. Maslen,  N. Nair,  D. P. O'Neill,  
 D. Neuhauser,  E. Neuscamman,  C. M. Oana,  R. Olivares-Amaya,  R. Olson,  
 T. M. Perrine,  B. Peters,  P. A. Pieniazek,  A. Prociuk,  Y. M. Rhee,  
 J. Ritchie,  M. A. Rohrdanz,  E. Rosta,  N. J. Russ,  H. F. Schaefer III,  
 M. W. Schmidt,  N. E. Schultz,  S. Sharma,  N. Shenvi,  C. D. Sherrill,  
 A. C. Simmonett,  A. Sodt,  T. Stein,  D. Stuck,  K. S. Thanthiriwatte,  
 V. Vanovschi,  L. Vogt,  Tao Wang,  A. Warshel,  M. A. Watson,  
 C. F. Williams,  Q. Wu,  X. Xu,  Jun Yang,  W. Zhang,  Yan Zhao

 Please cite Q-Chem as follows:
 Y. Shao et al., Mol. Phys. 113, 184-215 (2015)
 DOI: 10.1080/00268976.2014.952696

 Q-Chem 5.4.0 for Intel X86 EM64T Linux

 Parts of Q-Chem use Armadillo 9.800.1 (Horizon Scraper).
 http://arma.sourceforge.net/

 Q-Chem begins on Tue Jun 11 17:41:39 2024  

 Host: 
0

     Scratch files written to /expanse/lustre/scratch/selhajj/temp_project/qcscratch/31246349/qchem2454257//
 May1621 |scratch|qcdevops|jenkins|workspace|build_RNUM    
 Processing $rem in /cm/shared/apps/spack/cpu/opt/spack/linux-centos8-zen2/gcc-10.2.0/qchem-5.4-akfmr7b3t57bfs6qan3padb2wnb2i7cl/config/preferences:
 Processing $rem in /home/selhajj/.qchemrc:
 Symmetry turned off for PCM/SM12/SMD calculation

 Checking the input file for inconsistencies... 	...done.

--------------------------------------------------------------
User input:
--------------------------------------------------------------
$molecule
-1 2
C                  1.1413500000      1.5576690000     -0.2807800000
C                 -0.0081400000      1.0749360000      0.4661510000
C                 -0.1816360000     -0.2354430000      0.7803110000
C                  0.7744080000     -1.2601300000      0.4068210000
C                  1.9315070000     -0.8138550000     -0.3610340000
C                  2.0645040000      0.5168410000     -0.7217070000
O                  1.3218300000      2.7777870000     -0.4979360000
O                  0.6216690000     -2.4680540000      0.7256150000
S                  3.4063640000      1.0343810000     -1.8054260000
C                  4.5009270000      2.0401140000     -0.7707030000
C                  4.3150900000      3.4186270000     -0.7098430000
C                  5.5185460000      1.4041010000     -0.0625990000
C                  6.3739280000      2.1740330000      0.7233110000
C                  5.1809510000      4.1770700000      0.0759530000
C                  6.2078810000      3.5579280000      0.7893000000
O                  2.9018960000      1.8849720000     -2.8904480000
O                  4.1677380000     -0.1785410000     -2.1618880000
H                 -0.7201080000      1.8342360000      0.7750240000
H                 -1.0442230000     -0.5732340000      1.3470950000
H                  3.4932620000      3.8652130000     -1.2526840000
H                  5.6270890000      0.3283260000     -0.1296020000
H                  7.1694420000      1.6924330000      1.2815000000
H                  5.0484010000      5.2519900000      0.1354060000
H                  6.8760660000      4.1538020000      1.4026480000
C                  2.9560730000     -1.9117680000     -0.5936240000
C                  2.7346870000     -2.8826650000     -1.7144090000
C                  1.7284040000     -2.6958040000     -2.6648920000
C                  3.5671750000     -4.0028160000     -1.8094980000
C                  1.5566550000     -3.6141490000     -3.6978670000
C                  2.3882530000     -4.7293930000     -3.7862350000
C                  3.3951160000     -4.9223680000     -2.8378270000
O                  3.8778680000     -2.0458730000      0.1877190000
H                  1.0841860000     -1.8274920000     -2.5971060000
H                  4.3427920000     -4.1305330000     -1.0640500000
H                  0.7754440000     -3.4582570000     -4.4340920000
H                  2.2540660000     -5.4454890000     -4.5906930000
H                  4.0438270000     -5.7898260000     -2.9040890000
$end
$rem
MAX_SCF_CYCLES=200
BASIS  =  6-311++G(d,p)
GUI  =  2
JOB_TYPE  =  SP
METHOD  =  B3LYP
SOLVENT_METHOD = PCM
$end
$pcm
theory = CPCM
$end
$solvent
dielectric 37.219
opticaldielectric 1.43
$end





--------------------------------------------------------------
 ----------------------------------------------------------------
             Standard Nuclear Orientation (Angstroms)
    I     Atom           X                Y                Z
 ----------------------------------------------------------------
    1      C       1.1413500000     1.5576690000    -0.2807800000
    2      C      -0.0081400000     1.0749360000     0.4661510000
    3      C      -0.1816360000    -0.2354430000     0.7803110000
    4      C       0.7744080000    -1.2601300000     0.4068210000
    5      C       1.9315070000    -0.8138550000    -0.3610340000
    6      C       2.0645040000     0.5168410000    -0.7217070000
    7      O       1.3218300000     2.7777870000    -0.4979360000
    8      O       0.6216690000    -2.4680540000     0.7256150000
    9      S       3.4063640000     1.0343810000    -1.8054260000
   10      C       4.5009270000     2.0401140000    -0.7707030000
   11      C       4.3150900000     3.4186270000    -0.7098430000
   12      C       5.5185460000     1.4041010000    -0.0625990000
   13      C       6.3739280000     2.1740330000     0.7233110000
   14      C       5.1809510000     4.1770700000     0.0759530000
   15      C       6.2078810000     3.5579280000     0.7893000000
   16      O       2.9018960000     1.8849720000    -2.8904480000
   17      O       4.1677380000    -0.1785410000    -2.1618880000
   18      H      -0.7201080000     1.8342360000     0.7750240000
   19      H      -1.0442230000    -0.5732340000     1.3470950000
   20      H       3.4932620000     3.8652130000    -1.2526840000
   21      H       5.6270890000     0.3283260000    -0.1296020000
   22      H       7.1694420000     1.6924330000     1.2815000000
   23      H       5.0484010000     5.2519900000     0.1354060000
   24      H       6.8760660000     4.1538020000     1.4026480000
   25      C       2.9560730000    -1.9117680000    -0.5936240000
   26      C       2.7346870000    -2.8826650000    -1.7144090000
   27      C       1.7284040000    -2.6958040000    -2.6648920000
   28      C       3.5671750000    -4.0028160000    -1.8094980000
   29      C       1.5566550000    -3.6141490000    -3.6978670000
   30      C       2.3882530000    -4.7293930000    -3.7862350000
   31      C       3.3951160000    -4.9223680000    -2.8378270000
   32      O       3.8778680000    -2.0458730000     0.1877190000
   33      H       1.0841860000    -1.8274920000    -2.5971060000
   34      H       4.3427920000    -4.1305330000    -1.0640500000
   35      H       0.7754440000    -3.4582570000    -4.4340920000
   36      H       2.2540660000    -5.4454890000    -4.5906930000
   37      H       4.0438270000    -5.7898260000    -2.9040890000
 ----------------------------------------------------------------
 Nuclear Repulsion Energy =        2316.05396631 hartrees
 There are       92 alpha and       91 beta electrons
 Requested basis set is 6-311++G(d,p)
 There are 217 shells and 642 basis functions

 Total QAlloc Memory Limit   8000 MB
 Mega-Array Size       188 MB
 MEM_STATIC part       192 MB
 Discretize the solute cavity surface with Lebedev spheres
	Using 110 Lebedev grid points for each H atom
	Using 194 Lebedev grid points for other atoms
	Atomic van der Waals radii will be scaled by 1.20
 Remove points where switching function is < 1.0e-08
 Keep 2526 surface tesserae and discard 3644 interior tesserae
 Molecular Surface Area = 358.336 Angst**2
 A cutoff of  1.0D-08 yielded  14622 shell pairs
 There are    133512 function pairs (    142363 Cartesian)
 Smallest overlap matrix eigenvalue = 2.98E-07

 Q-Chem warning in module stvman/mkSTV.C, line 323:

 Overlap eigenvalue is smaller than square root of threshold
 Use THRESH >= 12 to get rid of this warning

 Linear dependence detected in AO basis
 Tighter screening thresholds may be required for diffuse basis sets
 Use S2THRESH > 14 and THRESH = 14 in case of SCF convergence issues
 Number of orthogonalized atomic orbitals = 637
 Maximum deviation from orthogonality = 1.381E-10

 Scale SEOQF with 1.000000e-02/1.000000e-02/1.000000e-01

 Standard Electronic Orientation quadrupole field applied
 Nucleus-field energy     =    -0.0000000421 hartrees
 Guess from superposition of atomic densities
 Warning:  Energy on first SCF cycle will be non-variational
 SAD guess density has 182.000000 electrons

 -----------------------------------------------------------------------
  General SCF calculation program by
  Eric Jon Sundstrom, Paul Horn, Yuezhi Mao, Dmitri Zuev, Alec White,
  David Stuck, Shaama M.S., Shane Yost, Joonho Lee, David Small,
  Daniel Levine, Susi Lehtola, Hugh Burton, Evgeny Epifanovsky,
  Bang C. Huynh
 -----------------------------------------------------------------------
 Exchange:     0.2000 Hartree-Fock + 0.0800 Slater + 0.7200 B88
 Correlation:  0.1900 VWN1RPA + 0.8100 LYP
 Using SG-1 standard quadrature grid
 using 8 threads for integral computing
 -------------------------------------------------------
 OpenMP Integral computing Module                
 Release: version 1.0, May 2013, Q-Chem Inc. Pittsburgh 
 -------------------------------------------------------
 A unrestricted SCF calculation will be
 performed using DIIS
 SCF converges when DIIS error is below 1.0e-05
 ---------------------------------------
  Cycle       Energy         DIIS error
 ---------------------------------------
    1   -1511.8513549381      1.33e-02  
    2   -1505.3606749246      1.88e-03  
    3   -1504.2281785391      3.36e-03  
    4   -1505.8846545536      5.95e-04  
    5   -1505.9525470468      1.75e-04  
    6   -1505.9573019164      7.15e-05  
    7   -1505.9580211713      2.86e-05  
    8   -1505.9581380545      7.74e-06  Convergence criterion met
 ---------------------------------------
 SCF time:   CPU 883.42s  wall 121.00s 
<S^2> =          0.758889187

************** Final PCM Free Energy Summary **************
 G_electrostatic  =      -0.10026573 hartree =     -62.91769347 kcal/mol
 G_cavitation     =       0.00000000 hartree =       0.00000000 kcal/mol
 G_dispersion     =       0.00000000 hartree =       0.00000000 kcal/mol
 G_repulsion      =       0.00000000 hartree =       0.00000000 kcal/mol
 --------------------------------------------------
 Non-electrostatic Free Energy =       0.00000000 hartree =       0.00000000 kcal/mol
 Total                         =      -0.10026573 hartree =     -62.91769347 kcal/mol
 --------------------------------------------------
 SCF Energy (H0 + V/2)                       =   -1505.95813805 
 Solute Internal Energy (H0)                 =   -1505.85787233 
 Total Free Energy (H0 + V/2 + non-elec)     =   -1505.95813805 hartree
                                             = -945002.99455871 kcal/mol
***********************************************************

 SCF   energy in the final basis set =    -1505.9581380545
 Total energy in the final basis set =    -1505.9581380545
 
 --------------------------------------------------------------
 
                    Orbital Energies (a.u.)
 --------------------------------------------------------------
 
 Alpha MOs
 -- Occupied --
-89.0574 -19.1249 -19.1241 -19.1226 -19.0976 -19.0963 -10.2815 -10.2485
-10.2439 -10.2150 -10.2133 -10.2078 -10.1938 -10.1917 -10.1902 -10.1887
-10.1869 -10.1864 -10.1854 -10.1852 -10.1833 -10.1820 -10.1817 -10.1815
-10.1808  -8.1212  -6.0841  -6.0829  -6.0821  -1.1178  -1.0618  -1.0252
 -1.0214  -1.0127  -0.8776  -0.8697  -0.8524  -0.7913  -0.7807  -0.7658
 -0.7637  -0.7569  -0.7257  -0.6798  -0.6564  -0.6272  -0.6227  -0.6177
 -0.6053  -0.5794  -0.5592  -0.5425  -0.5267  -0.5075  -0.5025  -0.4884
 -0.4850  -0.4783  -0.4678  -0.4643  -0.4564  -0.4549  -0.4476  -0.4436
 -0.4369  -0.4314  -0.4283  -0.4235  -0.4175  -0.3978  -0.3972  -0.3921
 -0.3853  -0.3803  -0.3712  -0.3678  -0.3601  -0.3510  -0.3484  -0.3355
 -0.3182  -0.3100  -0.3060  -0.2874  -0.2821  -0.2716  -0.2713  -0.2671
 -0.2660  -0.2614  -0.2498  -0.1842
 -- Virtual --
 -0.0696  -0.0553  -0.0302  -0.0256  -0.0213  -0.0033   0.0021   0.0041
  0.0091   0.0157   0.0203   0.0218   0.0239   0.0286   0.0327   0.0356
  0.0381   0.0408   0.0492   0.0521   0.0529   0.0580   0.0616   0.0692
  0.0701   0.0742   0.0769   0.0822   0.0835   0.0857   0.0905   0.0906
  0.0969   0.0986   0.1062   0.1082   0.1107   0.1149   0.1163   0.1173
  0.1181   0.1214   0.1235   0.1239   0.1278   0.1294   0.1305   0.1350
  0.1355   0.1370   0.1412   0.1417   0.1443   0.1448   0.1487   0.1523
  0.1537   0.1559   0.1569   0.1612   0.1619   0.1652   0.1669   0.1719
  0.1784   0.1801   0.1875   0.1880   0.1910   0.1929   0.1955   0.1982
  0.2027   0.2081   0.2122   0.2133   0.2148   0.2176   0.2180   0.2189
  0.2229   0.2292   0.2317   0.2335   0.2347   0.2380   0.2393   0.2432
  0.2490   0.2510   0.2522   0.2572   0.2594   0.2614   0.2618   0.2676
  0.2712   0.2735   0.2757   0.2808   0.2830   0.2847   0.2865   0.2922
  0.2958   0.2967   0.3009   0.3054   0.3066   0.3093   0.3108   0.3137
  0.3192   0.3247   0.3251   0.3286   0.3349   0.3353   0.3388   0.3426
  0.3474   0.3489   0.3552   0.3586   0.3592   0.3612   0.3649   0.3696
  0.3737   0.3768   0.3791   0.3847   0.3879   0.3976   0.4023   0.4045
  0.4062   0.4082   0.4121   0.4204   0.4298   0.4390   0.4442   0.4566
  0.4655   0.4706   0.4778   0.4814   0.4845   0.4902   0.4955   0.5016
  0.5130   0.5210   0.5253   0.5325   0.5406   0.5434   0.5465   0.5522
  0.5557   0.5592   0.5613   0.5651   0.5672   0.5710   0.5800   0.5825
  0.5860   0.5887   0.5941   0.5965   0.6015   0.6120   0.6195   0.6215
  0.6332   0.6414   0.6466   0.6566   0.6612   0.6684   0.6724   0.6797
  0.6846   0.6880   0.6973   0.7055   0.7102   0.7124   0.7170   0.7244
  0.7257   0.7296   0.7368   0.7390   0.7441   0.7447   0.7528   0.7547
  0.7658   0.7688   0.7785   0.7844   0.7941   0.8117   0.8149   0.8216
  0.8246   0.8342   0.8386   0.8453   0.8544   0.8604   0.8622   0.8641
  0.8680   0.8727   0.8820   0.8839   0.8852   0.8916   0.8983   0.9018
  0.9070   0.9141   0.9208   0.9321   0.9443   0.9464   0.9508   0.9577
  0.9598   0.9688   0.9861   0.9960   1.0004   1.0027   1.0152   1.0169
  1.0216   1.0263   1.0310   1.0340   1.0416   1.0507   1.0552   1.0682
  1.0726   1.0822   1.0846   1.0891   1.0979   1.1062   1.1147   1.1190
  1.1356   1.1397   1.1490   1.1536   1.1595   1.1736   1.1899   1.1919
  1.2028   1.2260   1.2295   1.2335   1.2437   1.2447   1.2535   1.2611
  1.2738   1.2787   1.2883   1.2973   1.3037   1.3168   1.3246   1.3394
  1.3502   1.3610   1.3678   1.3863   1.4093   1.4243   1.4328   1.4720
  1.4931   1.5001   1.5047   1.5199   1.5240   1.5273   1.5280   1.5303
  1.5420   1.5566   1.5601   1.5660   1.5692   1.5709   1.5791   1.5848
  1.5908   1.5984   1.6150   1.6361   1.6411   1.6472   1.6510   1.6576
  1.6581   1.6763   1.6956   1.7044   1.7157   1.7262   1.7319   1.7417
  1.7444   1.7629   1.7640   1.7728   1.7761   1.7871   1.7926   1.7945
  1.8104   1.8146   1.8237   1.8369   1.8399   1.8552   1.8637   1.8819
  1.8933   1.9018   1.9173   1.9218   1.9293   1.9332   1.9359   1.9410
  1.9490   1.9522   1.9555   1.9617   1.9686   1.9724   1.9767   1.9838
  1.9968   2.0078   2.0197   2.0341   2.0527   2.0567   2.0709   2.0787
  2.0815   2.0896   2.0946   2.0982   2.1215   2.1296   2.1411   2.1513
  2.1858   2.1992   2.2291   2.2511   2.2602   2.2813   2.3040   2.3187
  2.3256   2.3353   2.3533   2.3618   2.4252   2.4304   2.4433   2.4540
  2.4574   2.4671   2.4753   2.4780   2.4937   2.5262   2.5835   2.6033
  2.6240   2.6345   2.6448   2.6603   2.6717   2.6787   2.6916   2.6970
  2.7080   2.7148   2.7183   2.7267   2.7318   2.7338   2.7403   2.7545
  2.7548   2.7652   2.7684   2.7767   2.7852   2.7927   2.8011   2.8122
  2.8146   2.8168   2.8216   2.8297   2.8375   2.8449   2.8557   2.8571
  2.8652   2.8721   2.8755   2.8817   2.8908   2.8978   2.9053   2.9257
  2.9286   2.9311   2.9412   2.9463   2.9554   2.9598   2.9686   2.9734
  3.0035   3.0092   3.0241   3.0517   3.0534   3.0939   3.1001   3.1174
  3.1276   3.1565   3.1823   3.1928   3.2091   3.2147   3.2262   3.2438
  3.2676   3.2929   3.3182   3.3320   3.3467   3.3614   3.3677   3.3782
  3.3828   3.3898   3.4516   3.4953   3.5042   3.5066   3.5096   3.5389
  3.5430   3.5638   3.5876   3.6081   3.6217   3.6390   3.6476   3.6596
  3.6657   3.7667   3.8010   3.8469   3.9810   4.0032   4.0172   4.0398
  4.0422   4.0690   4.1484   4.1539   4.1638   4.1660   4.1713   4.2087
  4.2443   4.4123   4.7627   4.8380   4.8484   5.0847   5.0988   5.1065
  5.1362   5.1403   5.1479   5.1973   5.2222   5.2571   5.2716   5.3007
  5.3614   5.7389   5.7875   5.8366   8.2559  17.4372  17.4796  17.6141
 23.5859  23.6219  23.6606  23.8115  23.8693  23.9161  23.9341  23.9546
 23.9674  23.9715  23.9883  24.0670  24.0690  24.0872  24.0899  24.1043
 24.1848  24.1905  24.1944  49.9192  49.9568  50.0037  50.0467  50.0789
189.3886
 
 Beta MOs
 -- Occupied --
-89.0574 -19.1246 -19.1240 -19.1226 -19.0906 -19.0904 -10.2816 -10.2475
-10.2427 -10.2138 -10.2133 -10.2052 -10.1938 -10.1916 -10.1901 -10.1887
-10.1869 -10.1864 -10.1854 -10.1852 -10.1833 -10.1817 -10.1815 -10.1815
-10.1799  -8.1212  -6.0841  -6.0829  -6.0821  -1.1176  -1.0611  -1.0161
 -1.0114  -1.0089  -0.8775  -0.8695  -0.8461  -0.7896  -0.7797  -0.7649
 -0.7636  -0.7568  -0.7191  -0.6754  -0.6547  -0.6257  -0.6226  -0.6170
 -0.6036  -0.5777  -0.5580  -0.5416  -0.5253  -0.5058  -0.5001  -0.4872
 -0.4843  -0.4781  -0.4670  -0.4625  -0.4562  -0.4546  -0.4459  -0.4419
 -0.4367  -0.4302  -0.4227  -0.4153  -0.4086  -0.3947  -0.3910  -0.3865
 -0.3803  -0.3726  -0.3678  -0.3652  -0.3600  -0.3509  -0.3473  -0.3352
 -0.3172  -0.3080  -0.2889  -0.2803  -0.2722  -0.2693  -0.2669  -0.2655
 -0.2644  -0.2563  -0.2452
 -- Virtual --
 -0.1129  -0.0694  -0.0485  -0.0256  -0.0223  -0.0193  -0.0031   0.0032
  0.0089   0.0146   0.0194   0.0209   0.0242   0.0250   0.0292   0.0338
  0.0359   0.0386   0.0417   0.0494   0.0524   0.0533   0.0587   0.0620
  0.0695   0.0707   0.0746   0.0774   0.0829   0.0845   0.0883   0.0908
  0.0910   0.0974   0.0991   0.1065   0.1085   0.1123   0.1149   0.1165
  0.1176   0.1185   0.1218   0.1236   0.1244   0.1281   0.1299   0.1308
  0.1354   0.1360   0.1373   0.1415   0.1422   0.1450   0.1454   0.1489
  0.1529   0.1543   0.1569   0.1572   0.1614   0.1627   0.1656   0.1688
  0.1736   0.1801   0.1817   0.1879   0.1882   0.1914   0.1939   0.1961
  0.1984   0.2036   0.2090   0.2126   0.2135   0.2151   0.2184   0.2186
  0.2194   0.2233   0.2296   0.2322   0.2339   0.2350   0.2382   0.2400
  0.2440   0.2502   0.2514   0.2527   0.2578   0.2601   0.2619   0.2633
  0.2681   0.2716   0.2740   0.2767   0.2812   0.2839   0.2853   0.2872
  0.2927   0.2965   0.2971   0.3012   0.3058   0.3071   0.3097   0.3114
  0.3143   0.3197   0.3254   0.3262   0.3300   0.3352   0.3359   0.3402
  0.3435   0.3483   0.3495   0.3559   0.3595   0.3598   0.3616   0.3658
  0.3703   0.3746   0.3778   0.3809   0.3858   0.3887   0.3984   0.4034
  0.4067   0.4073   0.4092   0.4132   0.4209   0.4308   0.4399   0.4449
  0.4585   0.4661   0.4716   0.4784   0.4820   0.4858   0.4913   0.4964
  0.5024   0.5135   0.5216   0.5258   0.5331   0.5410   0.5439   0.5468
  0.5524   0.5560   0.5595   0.5616   0.5658   0.5674   0.5722   0.5808
  0.5835   0.5869   0.5892   0.5956   0.5973   0.6025   0.6128   0.6199
  0.6224   0.6352   0.6417   0.6492   0.6575   0.6628   0.6698   0.6737
  0.6803   0.6856   0.6896   0.6995   0.7066   0.7108   0.7132   0.7184
  0.7245   0.7270   0.7304   0.7370   0.7395   0.7444   0.7456   0.7535
  0.7555   0.7668   0.7693   0.7797   0.7855   0.7954   0.8128   0.8153
  0.8220   0.8258   0.8360   0.8392   0.8464   0.8548   0.8610   0.8627
  0.8644   0.8683   0.8732   0.8833   0.8845   0.8859   0.8923   0.8992
  0.9029   0.9079   0.9147   0.9217   0.9332   0.9449   0.9475   0.9525
  0.9589   0.9605   0.9696   0.9869   0.9969   1.0021   1.0057   1.0161
  1.0174   1.0230   1.0280   1.0330   1.0352   1.0420   1.0519   1.0556
  1.0696   1.0732   1.0838   1.0851   1.0899   1.0994   1.1074   1.1168
  1.1214   1.1373   1.1406   1.1511   1.1561   1.1607   1.1793   1.1927
  1.1955   1.2060   1.2278   1.2315   1.2358   1.2460   1.2496   1.2563
  1.2646   1.2767   1.2809   1.2901   1.2988   1.3066   1.3181   1.3268
  1.3422   1.3525   1.3626   1.3708   1.3884   1.4105   1.4252   1.4343
  1.4736   1.4941   1.5009   1.5064   1.5205   1.5243   1.5277   1.5283
  1.5307   1.5422   1.5575   1.5610   1.5667   1.5696   1.5717   1.5798
  1.5862   1.5915   1.6005   1.6170   1.6368   1.6420   1.6487   1.6519
  1.6581   1.6587   1.6802   1.6962   1.7059   1.7167   1.7270   1.7341
  1.7421   1.7445   1.7636   1.7659   1.7741   1.7766   1.7879   1.7937
  1.7960   1.8118   1.8176   1.8270   1.8385   1.8416   1.8565   1.8657
  1.8849   1.8955   1.9028   1.9182   1.9238   1.9296   1.9340   1.9370
  1.9440   1.9496   1.9531   1.9568   1.9625   1.9691   1.9734   1.9772
  1.9847   1.9972   2.0084   2.0208   2.0351   2.0536   2.0581   2.0717
  2.0795   2.0818   2.0897   2.0952   2.0993   2.1233   2.1323   2.1438
  2.1524   2.1875   2.2013   2.2311   2.2551   2.2650   2.2841   2.3046
  2.3194   2.3267   2.3357   2.3555   2.3623   2.4257   2.4307   2.4438
  2.4544   2.4582   2.4672   2.4754   2.4786   2.4945   2.5263   2.5856
  2.6050   2.6252   2.6367   2.6451   2.6607   2.6721   2.6796   2.6940
  2.6981   2.7081   2.7154   2.7189   2.7281   2.7323   2.7342   2.7407
  2.7548   2.7559   2.7654   2.7705   2.7784   2.7879   2.7978   2.8016
  2.8134   2.8153   2.8200   2.8223   2.8298   2.8381   2.8466   2.8563
  2.8602   2.8657   2.8740   2.8824   2.8840   2.8928   2.8990   2.9066
  2.9282   2.9314   2.9368   2.9486   2.9509   2.9596   2.9642   2.9701
  2.9823   3.0066   3.0176   3.0294   3.0525   3.0583   3.0948   3.1005
  3.1180   3.1297   3.1605   3.1852   3.1951   3.2098   3.2163   3.2284
  3.2462   3.2693   3.2942   3.3294   3.3377   3.3562   3.3648   3.3683
  3.3822   3.3834   3.3904   3.4538   3.4960   3.5045   3.5068   3.5129
  3.5390   3.5436   3.5640   3.5895   3.6099   3.6222   3.6422   3.6479
  3.6604   3.6668   3.7725   3.8011   3.8485   3.9828   4.0032   4.0181
  4.0399   4.0422   4.0712   4.1497   4.1547   4.1657   4.1667   4.1717
  4.2110   4.2475   4.4135   4.7680   4.8380   4.8485   5.0966   5.1141
  5.1244   5.1397   5.1457   5.1482   5.1978   5.2231   5.2594   5.2751
  5.3053   5.3619   5.7441   5.7882   5.8418   8.2559  17.4372  17.4796
 17.6141  23.5863  23.6227  23.6611  23.8128  23.8699  23.9172  23.9355
 23.9546  23.9674  23.9716  23.9883  24.0675  24.0690  24.0883  24.0900
 24.1045  24.1848  24.1905  24.1953  49.9193  49.9571  50.0069  50.0515
 50.0839 189.3886
 --------------------------------------------------------------
 
          Ground-State Mulliken Net Atomic Charges

     Atom                 Charge (a.u.)    Spin (a.u.)
  --------------------------------------------------------
      1 C                    -0.131425       0.044310
      2 C                     0.101976       0.057874
      3 C                    -0.343129       0.038568
      4 C                    -0.182309       0.092259
      5 C                     0.977468       0.183964
      6 C                    -0.612485       0.126207
      7 O                    -0.401989       0.224825
      8 O                    -0.437028       0.268157
      9 S                     0.208194      -0.038549
     10 C                     0.406357       0.002735
     11 C                    -0.046815       0.013448
     12 C                    -0.063833       0.009444
     13 C                    -0.545861      -0.001116
     14 C                    -0.523354      -0.003268
     15 C                    -0.285638       0.003631
     16 O                    -0.153838       0.007370
     17 O                    -0.164253      -0.002917
     18 H                     0.235336      -0.005832
     19 H                     0.225951      -0.004542
     20 H                     0.280887      -0.000452
     21 H                     0.253881       0.001109
     22 H                     0.230791       0.000039
     23 H                     0.229178       0.000117
     24 H                     0.209900      -0.000225
     25 C                    -0.294815      -0.025017
     26 C                     0.551225       0.002733
     27 C                    -1.002540      -0.000221
     28 C                     0.540283       0.005146
     29 C                    -0.160269      -0.006394
     30 C                    -0.391504      -0.000003
     31 C                    -0.474496       0.002074
     32 O                    -0.290960       0.004073
     33 H                     0.180639       0.000724
     34 H                     0.222822      -0.000191
     35 H                     0.234557      -0.000115
     36 H                     0.198263       0.000023
     37 H                     0.218834       0.000009
  --------------------------------------------------------
  Sum of atomic charges =    -1.000001
  Sum of spin   charges =     1.000000

 -----------------------------------------------------------------
                    Cartesian Multipole Moments
 -----------------------------------------------------------------
    Charge (ESU x 10^10)
                -4.8032
    Dipole Moment (Debye)
         X      -9.8229      Y       0.9042      Z       3.9680
       Tot      10.6326
    Quadrupole Moments (Debye-Ang)
        XX    -171.2397     XY       6.9166     YY    -168.3924
        XZ      23.1028     YZ      27.8396     ZZ    -167.0983
    Octopole Moments (Debye-Ang^2)
       XXX   -1339.9413    XXY      99.8560    XYY    -388.4630
       YYY      71.7002    XXZ     274.0952    XYZ      68.8638
       YYZ     108.0225    XZZ    -515.5346    YZZ     -42.1082
       ZZZ     467.4614
    Hexadecapole Moments (Debye-Ang^3)
      XXXX  -10536.4129   XXXY     -54.8704   XXYY   -2489.5931
      XYYY    -538.4742   YYYY   -6083.7679   XXXZ    1942.3264
      XXYZ     -26.9656   XYYZ     364.0104   YYYZ    -487.4893
      XXZZ   -2558.6713   XYZZ    -305.8348   YYZZ   -1384.9768
      XZZZ    1443.0199   YZZZ    -652.0528   ZZZZ   -2911.2612
 -----------------------------------------------------------------
 Total job time:  125.38s(wall), 892.56s(cpu) 
 Tue Jun 11 17:43:45 2024

        *************************************************************
        *                                                           *
        *  Thank you very much for using Q-Chem.  Have a nice day.  *
        *                                                           *
        *************************************************************


