
Running Job 1 of 1 034-CPCM.in
qchem 034-CPCM.in_2136416.0 /expanse/lustre/scratch/selhajj/temp_project/qcscratch/31246009/qchem2136416/ 0
/cm/shared/apps/spack/cpu/opt/spack/linux-centos8-zen2/gcc-10.2.0/qchem-5.4-akfmr7b3t57bfs6qan3padb2wnb2i7cl/exe/qcprog.exe_s 034-CPCM.in_2136416.0 /expanse/lustre/scratch/selhajj/temp_project/qcscratch/31246009/qchem2136416/
                  Welcome to Q-Chem
     A Quantum Leap Into The Future Of Chemistry


 Q-Chem 5.4, Q-Chem, Inc., Pleasanton, CA (2021)

 License issued to: University of California, San Diego (site)

 E. Epifanovsky,  A. T. B. Gilbert,  Xintian Feng,  Joonho Lee,  Yuezhi Mao,  
 N. Mardirossian,  P. Pokhilko,  A. White,  M. Wormit,  M. P. Coons,  
 A. L. Dempwolff,  Zhengting Gan,  D. Hait,  P. R. Horn,  L. D. Jacobson,  
 I. Kaliman,  J. Kussmann,  A. W. Lange,  Ka Un Lao,  D. S. Levine,  Jie Liu,  
 S. C. McKenzie,  A. F. Morrison,  K. Nanda,  F. Plasser,  D. R. Rehn,  
 M. L. Vidal,  Zhi-Qiang You,  Ying Zhu,  B. Alam,  B. Albrecht,  
 A. Aldossary,  E. Alguire,  J. H. Andersen,  D. Barton,  K. Begam,  A. Behn,  
 Y. A. Bernard,  E. J. Berquist,  H. Burton,  A. Carreras,  K. Carter-Fenk,  
 R. Chakraborty,  A. D. Chien,  K. D. Closser,  V. Cofer-Shabica,  
 S. Dasgupta,  Jia Deng,  M. de Wergifosse,  M. Diedenhofen,  Hainam Do,  
 S. Ehlert,  Po-Tung Fang,  S. Fatehi,  Qingguo Feng,  J. Gayvert,  
 Qinghui Ge,  G. Gidofalvi,  M. Goldey,  J. Gomes,  C. Gonzalez-Espinoza,  
 S. Gulania,  A. Gunina,  M. W. D. Hanson-Heine,  P. H. P. Harbach,  
 A. W. Hauser,  M. F. Herbst,  M. Hernandez Vera,  M. Hodecker,  
 Z. C. Holden,  S. Houck,  Xunkun Huang,  Kerwin Hui,  B. C. Huynh,  
 M. Ivanov,  Hyunjun Ji,  Hanjie Jiang,  B. Kaduk,  S. Kaehler,  
 K. Khistyaev,  Jaehoon Kim,  P. Klunzinger,  Z. Koczor-Benda,  
 Joong Hoon Koh,  D. Kosenkov,  L. Koulias,  T. Kowalczyk,  C. M. Krauter,  
 K. Kue,  A. Kunitsa,  T. Kus,  A. Landau,  K. V. Lawler,  D. Lefrancois,  
 S. Lehtola,  Rain Li,  Yi-Pei Li,  Jiashu Liang,  M. Liebenthal,  
 Hung-Hsuan Lin,  You-Sheng Lin,  Fenglai Liu,  Kuan-Yu Liu,  
 M. Loipersberger,  A. Luenser,  A. Manjanath,  P. Manohar,  E. Mansoor,  
 S. F. Manzer,  Shan-Ping Mao,  A. V. Marenich,  T. Markovich,  S. Mason,  
 S. A. Maurer,  P. F. McLaughlin,  M. F. S. J. Menger,  J.-M. Mewes,  
 S. A. Mewes,  P. Morgante,  J. W. Mullinax,  T. S. Nguyen-Beck,  
 K. J. Oosterbaan,  G. Paran,  Alexander C. Paul,  Suranjan K. Paul,  
 F. Pavosevic,  Zheng Pei,  S. Prager,  E. I. Proynov,  E. Ramos,  B. Rana,  
 A. E. Rask,  A. Rettig,  R. M. Richard,  F. Rob,  E. Rossomme,  T. Scheele,  
 M. Scheurer,  M. Schneider,  N. Sergueev,  S. M. Sharada,  W. Skomorowski,  
 D. W. Small,  C. J. Stein,  Yu-Chuan Su,  E. J. Sundstrom,  Zhen Tao,  
 J. Thirman,  T. Tsuchimochi,  N. M. Tubman,  S. P. Veccham,  O. Vydrov,  
 J. Wenzel,  J. Witte,  A. Yamada,  Kun Yao,  S. Yeganeh,  S. R. Yost,  
 A. Zech,  Igor Ying Zhang,  Xing Zhang,  Yu Zhang,  D. Zuev,  
 A. Aspuru-Guzik,  A. T. Bell,  N. A. Besley,  K. B. Bravaya,  B. R. Brooks,  
 D. Casanova,  Jeng-Da Chai,  S. Coriani,  C. J. Cramer,  
 A. E. DePrince, III,  R. A. DiStasio Jr.,  A. Dreuw,  B. D. Dunietz,  
 T. R. Furlani,  W. A. Goddard III,  S. Grimme,  S. Hammes-Schiffer,  
 T. Head-Gordon,  W. J. Hehre,  Chao-Ping Hsu,  T.-C. Jagau,  Yousung Jung,  
 A. Klamt,  Jing Kong,  D. S. Lambrecht,  WanZhen Liang,  N. J. Mayhall,  
 C. W. McCurdy,  J. B. Neaton,  C. Ochsenfeld,  J. A. Parkhill,  R. Peverati,  
 V. A. Rassolov,  Yihan Shao,  L. V. Slipchenko,  T. Stauch,  R. P. Steele,  
 J. E. Subotnik,  A. J. W. Thom,  A. Tkatchenko,  D. G. Truhlar,  
 T. Van Voorhis,  T. A. Wesolowski,  K. B. Whaley,  H. L. Woodcock III,  
 P. M. Zimmerman,  S. Faraji,  P. M. W. Gill,  M. Head-Gordon,  
 J. M. Herbert,  A. I. Krylov

 Contributors to earlier versions of Q-Chem not listed above: 
 R. D. Adamson,  B. Austin,  R. Baer,  J. Baker,  G. J. O. Beran,  
 K. Brandhorst,  S. T. Brown,  E. F. C. Byrd,  A. K. Chakraborty,  
 G. K. L. Chan,  Chun-Min Chang,  Yunqing Chen,  C.-L. Cheng,  
 Siu Hung Chien,  D. M. Chipman,  D. L. Crittenden,  H. Dachsel,  
 R. J. Doerksen,  A. D. Dutoi,  R. G. Edgar,  J. Fosso-Tande,  
 L. Fusti-Molnar,  D. Ghosh,  A. Ghysels,  A. Golubeva-Zadorozhnaya,  
 J. Gonthier,  M. S. Gordon,  S. R. Gwaltney,  G. Hawkins,  J. E. Herr,  
 A. Heyden,  S. Hirata,  E. G. Hohenstein,  G. Kedziora,  F. J. Keil,  
 C. Kelley,  Jihan Kim,  R. A. King,  R. Z. Khaliullin,  P. P. Korambath,  
 W. Kurlancheek,  A. Laurent,  A. M. Lee,  M. S. Lee,  S. V. Levchenko,  
 Ching Yeh Lin,  D. Liotard,  E. Livshits,  R. C. Lochan,  I. Lotan,  
 L. A. Martinez-Martinez,  P. E. Maslen,  N. Nair,  D. P. O'Neill,  
 D. Neuhauser,  E. Neuscamman,  C. M. Oana,  R. Olivares-Amaya,  R. Olson,  
 T. M. Perrine,  B. Peters,  P. A. Pieniazek,  A. Prociuk,  Y. M. Rhee,  
 J. Ritchie,  M. A. Rohrdanz,  E. Rosta,  N. J. Russ,  H. F. Schaefer III,  
 M. W. Schmidt,  N. E. Schultz,  S. Sharma,  N. Shenvi,  C. D. Sherrill,  
 A. C. Simmonett,  A. Sodt,  T. Stein,  D. Stuck,  K. S. Thanthiriwatte,  
 V. Vanovschi,  L. Vogt,  Tao Wang,  A. Warshel,  M. A. Watson,  
 C. F. Williams,  Q. Wu,  X. Xu,  Jun Yang,  W. Zhang,  Yan Zhao

 Please cite Q-Chem as follows:
 Y. Shao et al., Mol. Phys. 113, 184-215 (2015)
 DOI: 10.1080/00268976.2014.952696

 Q-Chem 5.4.0 for Intel X86 EM64T Linux

 Parts of Q-Chem use Armadillo 9.800.1 (Horizon Scraper).
 http://arma.sourceforge.net/

 Q-Chem begins on Tue Jun 11 17:26:54 2024  

 Host: 
0

     Scratch files written to /expanse/lustre/scratch/selhajj/temp_project/qcscratch/31246009/qchem2136416//
 May1621 |scratch|qcdevops|jenkins|workspace|build_RNUM    
 Processing $rem in /cm/shared/apps/spack/cpu/opt/spack/linux-centos8-zen2/gcc-10.2.0/qchem-5.4-akfmr7b3t57bfs6qan3padb2wnb2i7cl/config/preferences:
 Processing $rem in /home/selhajj/.qchemrc:
 Symmetry turned off for PCM/SM12/SMD calculation

 Checking the input file for inconsistencies... 	...done.

--------------------------------------------------------------
User input:
--------------------------------------------------------------
$molecule
0 1
C                 -2.4881650000      1.4032700000      0.3575710000
C                 -2.0058200000     -0.0592030000      0.4343500000
C                 -2.7728100000     -0.9600880000     -0.5543030000
C                 -0.5036300000     -0.1773190000      0.2722420000
C                  0.2831110000     -0.6506490000      1.2559590000
C                  1.7507610000     -0.7830430000      1.1420390000
O                  2.4139140000     -1.2203150000      2.0702960000
C                  2.4035650000     -0.3674300000     -0.1402180000
C                  1.6246280000      0.1060850000     -1.1270920000
C                  0.1546610000      0.2388630000     -1.0130900000
O                 -0.4908670000      0.6789670000     -1.9529360000
C                  3.8908920000     -0.5097980000     -0.2335560000
H                 -2.3377400000      1.8158360000     -0.6406000000
H                 -3.5552650000      1.4504900000      0.5923340000
H                 -1.9590290000      2.0331580000      1.0779210000
H                 -2.2228150000     -0.4230430000      1.4451090000
H                 -2.6323220000     -0.6255490000     -1.5826680000
H                 -2.4444410000     -2.0003460000     -0.4788220000
H                 -3.8417580000     -0.9292350000     -0.3253200000
H                 -0.1284830000     -0.9684110000      2.2090550000
H                  2.0351690000      0.4239840000     -2.0802590000
H                  4.3820420000      0.0723640000      0.5511160000
H                  4.2567670000     -0.1795280000     -1.2063900000
H                  4.1876350000     -1.5499540000     -0.0727370000
$end
$rem
MAX_SCF_CYCLES=200
BASIS  =  6-311++G(d,p)
GUI  =  2
JOB_TYPE  =  SP
METHOD  =  B3LYP
SOLVENT_METHOD = PCM
$end
$pcm
theory = CPCM
$end
$solvent
dielectric 37.219
opticaldielectric 1.43
$end





--------------------------------------------------------------
 ----------------------------------------------------------------
             Standard Nuclear Orientation (Angstroms)
    I     Atom           X                Y                Z
 ----------------------------------------------------------------
    1      C      -2.4881650000     1.4032700000     0.3575710000
    2      C      -2.0058200000    -0.0592030000     0.4343500000
    3      C      -2.7728100000    -0.9600880000    -0.5543030000
    4      C      -0.5036300000    -0.1773190000     0.2722420000
    5      C       0.2831110000    -0.6506490000     1.2559590000
    6      C       1.7507610000    -0.7830430000     1.1420390000
    7      O       2.4139140000    -1.2203150000     2.0702960000
    8      C       2.4035650000    -0.3674300000    -0.1402180000
    9      C       1.6246280000     0.1060850000    -1.1270920000
   10      C       0.1546610000     0.2388630000    -1.0130900000
   11      O      -0.4908670000     0.6789670000    -1.9529360000
   12      C       3.8908920000    -0.5097980000    -0.2335560000
   13      H      -2.3377400000     1.8158360000    -0.6406000000
   14      H      -3.5552650000     1.4504900000     0.5923340000
   15      H      -1.9590290000     2.0331580000     1.0779210000
   16      H      -2.2228150000    -0.4230430000     1.4451090000
   17      H      -2.6323220000    -0.6255490000    -1.5826680000
   18      H      -2.4444410000    -2.0003460000    -0.4788220000
   19      H      -3.8417580000    -0.9292350000    -0.3253200000
   20      H      -0.1284830000    -0.9684110000     2.2090550000
   21      H       2.0351690000     0.4239840000    -2.0802590000
   22      H       4.3820420000     0.0723640000     0.5511160000
   23      H       4.2567670000    -0.1795280000    -1.2063900000
   24      H       4.1876350000    -1.5499540000    -0.0727370000
 ----------------------------------------------------------------
 Nuclear Repulsion Energy =         679.22437270 hartrees
 There are       44 alpha and       44 beta electrons
 Requested basis set is 6-311++G(d,p)
 There are 132 shells and 348 basis functions

 Total QAlloc Memory Limit   8000 MB
 Mega-Array Size       188 MB
 MEM_STATIC part       192 MB
 Discretize the solute cavity surface with Lebedev spheres
	Using 110 Lebedev grid points for each H atom
	Using 194 Lebedev grid points for other atoms
	Atomic van der Waals radii will be scaled by 1.20
 Remove points where switching function is < 1.0e-08
 Keep 1596 surface tesserae and discard 2052 interior tesserae
 Molecular Surface Area = 216.937 Angst**2
 A cutoff of  1.0D-08 yielded   6804 shell pairs
 There are     48572 function pairs (     51813 Cartesian)
 Smallest overlap matrix eigenvalue = 8.57E-07

 Q-Chem warning in module stvman/mkSTV.C, line 323:

 Overlap eigenvalue is smaller than square root of threshold
 Use THRESH >= 12 to get rid of this warning

 Linear dependence detected in AO basis
 Tighter screening thresholds may be required for diffuse basis sets
 Use S2THRESH > 14 and THRESH = 14 in case of SCF convergence issues
 Number of orthogonalized atomic orbitals = 347
 Maximum deviation from orthogonality = 7.882E-11

 Scale SEOQF with 1.000000e-01/1.000000e-01/1.000000e-01

 Standard Electronic Orientation quadrupole field applied
 Nucleus-field energy     =     0.0000000071 hartrees
 Guess from superposition of atomic densities
 Warning:  Energy on first SCF cycle will be non-variational
 SAD guess density has 88.000000 electrons

 -----------------------------------------------------------------------
  General SCF calculation program by
  Eric Jon Sundstrom, Paul Horn, Yuezhi Mao, Dmitri Zuev, Alec White,
  David Stuck, Shaama M.S., Shane Yost, Joonho Lee, David Small,
  Daniel Levine, Susi Lehtola, Hugh Burton, Evgeny Epifanovsky,
  Bang C. Huynh
 -----------------------------------------------------------------------
 Exchange:     0.2000 Hartree-Fock + 0.0800 Slater + 0.7200 B88
 Correlation:  0.1900 VWN1RPA + 0.8100 LYP
 Using SG-1 standard quadrature grid
 using 8 threads for integral computing
 -------------------------------------------------------
 OpenMP Integral computing Module                
 Release: version 1.0, May 2013, Q-Chem Inc. Pittsburgh 
 -------------------------------------------------------
 A restricted SCF calculation will be
 performed using DIIS
 SCF converges when DIIS error is below 1.0e-05
 ---------------------------------------
  Cycle       Energy         DIIS error
 ---------------------------------------
    1    -541.2360547207      3.35e-02  
    2    -538.6263519125      4.36e-03  
    3    -538.3713375919      6.51e-03  
    4    -538.8513780052      1.57e-03  
    5    -538.8825097561      2.74e-04  
    6    -538.8833305534      9.57e-05  
    7    -538.8834549995      2.80e-05  
    8    -538.8834626380      1.22e-05  
    9    -538.8834613306      2.67e-06  Convergence criterion met
 ---------------------------------------
 SCF time:   CPU 181.26s  wall 23.00s 

************** Final PCM Free Energy Summary **************
 G_electrostatic  =      -0.01337772 hartree =      -8.39464711 kcal/mol
 G_cavitation     =       0.00000000 hartree =       0.00000000 kcal/mol
 G_dispersion     =       0.00000000 hartree =       0.00000000 kcal/mol
 G_repulsion      =       0.00000000 hartree =       0.00000000 kcal/mol
 --------------------------------------------------
 Non-electrostatic Free Energy =       0.00000000 hartree =       0.00000000 kcal/mol
 Total                         =      -0.01337772 hartree =      -8.39464711 kcal/mol
 --------------------------------------------------
 SCF Energy (H0 + V/2)                       =    -538.88346133 
 Solute Internal Energy (H0)                 =    -538.87008361 
 Total Free Energy (H0 + V/2 + non-elec)     =    -538.88346133 hartree
                                             = -338154.47575019 kcal/mol
***********************************************************

 SCF   energy in the final basis set =     -538.8834613306
 Total energy in the final basis set =     -538.8834613306
 
 --------------------------------------------------------------
 
                    Orbital Energies (a.u.)
 --------------------------------------------------------------
 
 Alpha MOs
 -- Occupied --
-19.1400 -19.1388 -10.2840 -10.2829 -10.2167 -10.2141 -10.1995 -10.1991
-10.1892 -10.1743 -10.1585 -10.1585  -1.0711  -1.0692  -0.8660  -0.8255
 -0.7745  -0.7259  -0.6870  -0.6860  -0.6258  -0.6131  -0.5609  -0.5287
 -0.4931  -0.4830  -0.4579  -0.4564  -0.4459  -0.4402  -0.4296  -0.4199
 -0.4114  -0.4057  -0.4043  -0.3875  -0.3823  -0.3580  -0.3491  -0.3428
 -0.3022  -0.2865  -0.2819  -0.2738
 -- Virtual --
 -0.1311  -0.0222  -0.0047  -0.0030   0.0041   0.0124   0.0206   0.0262
  0.0291   0.0407   0.0415   0.0499   0.0522   0.0534   0.0632   0.0642
  0.0781   0.0841   0.0856   0.0891   0.0999   0.1065   0.1101   0.1134
  0.1161   0.1188   0.1197   0.1299   0.1319   0.1333   0.1359   0.1431
  0.1452   0.1478   0.1511   0.1531   0.1552   0.1584   0.1625   0.1652
  0.1688   0.1758   0.1776   0.1822   0.1852   0.1965   0.1981   0.1993
  0.2035   0.2069   0.2143   0.2207   0.2321   0.2372   0.2396   0.2401
  0.2481   0.2490   0.2580   0.2589   0.2731   0.2733   0.2739   0.2817
  0.2939   0.3047   0.3076   0.3090   0.3116   0.3158   0.3205   0.3321
  0.3387   0.3454   0.3538   0.3648   0.3704   0.3754   0.3803   0.3927
  0.3999   0.4159   0.4282   0.4387   0.4459   0.4586   0.4601   0.4918
  0.5205   0.5307   0.5363   0.5387   0.5496   0.5583   0.5615   0.5670
  0.5794   0.5852   0.5881   0.6172   0.6203   0.6248   0.6365   0.6433
  0.6484   0.6501   0.6632   0.6715   0.6767   0.6825   0.6934   0.7028
  0.7091   0.7142   0.7182   0.7325   0.7509   0.7694   0.7746   0.7819
  0.7869   0.8014   0.8187   0.8515   0.8777   0.8952   0.9067   0.9098
  0.9180   0.9283   0.9484   0.9619   0.9658   0.9700   0.9783   0.9925
  1.0285   1.0382   1.0404   1.0772   1.0849   1.1104   1.1233   1.1549
  1.1972   1.2008   1.2088   1.2233   1.2235   1.2537   1.2568   1.2802
  1.3068   1.3214   1.3595   1.4042   1.4357   1.4533   1.4541   1.4579
  1.4802   1.4824   1.5007   1.5126   1.5254   1.5485   1.5550   1.5578
  1.5653   1.5861   1.5872   1.6174   1.6197   1.6285   1.6427   1.6492
  1.6572   1.6792   1.6905   1.6949   1.7098   1.7397   1.7428   1.7586
  1.7825   1.8037   1.8085   1.8159   1.8190   1.8391   1.8486   1.8814
  1.9022   1.9222   1.9397   1.9464   1.9746   2.0173   2.0240   2.0418
  2.0502   2.0889   2.1190   2.1208   2.1229   2.1606   2.1679   2.1829
  2.1942   2.2357   2.2682   2.3001   2.3312   2.3378   2.3503   2.3873
  2.4270   2.4790   2.4933   2.5091   2.5151   2.5245   2.5292   2.5385
  2.5447   2.5482   2.5794   2.5933   2.6236   2.6283   2.6398   2.6657
  2.6731   2.6950   2.7162   2.7218   2.7442   2.7457   2.7559   2.7907
  2.8043   2.8370   2.8438   2.8598   2.8847   2.8983   2.9022   2.9214
  2.9409   2.9514   2.9757   2.9812   3.0171   3.0531   3.0577   3.1115
  3.1376   3.1595   3.2071   3.2223   3.3016   3.3190   3.3417   3.4093
  3.4636   3.5213   3.5649   3.6006   3.6676   3.7136   3.7699   3.7836
  3.7898   3.7961   3.8405   3.8656   3.8688   4.0808   4.0962   4.1392
  4.1833   4.2814   4.2835   4.3788   4.6946   5.0443   5.0519   5.2103
  5.2553   5.7041   5.7904  23.6241  23.7398  23.8213  23.8708  23.9052
 23.9730  23.9741  24.0075  24.1718  24.2199  49.9930  50.0295
 --------------------------------------------------------------
 
          Ground-State Mulliken Net Atomic Charges

     Atom                 Charge (a.u.)
  ----------------------------------------
      1 C                    -0.705706
      2 C                     0.119082
      3 C                    -0.705048
      4 C                     1.258890
      5 C                    -0.153054
      6 C                    -0.846892
      7 O                    -0.296671
      8 C                     1.180651
      9 C                    -0.767616
     10 C                    -0.687684
     11 O                    -0.268683
     12 C                    -0.368551
     13 H                     0.179926
     14 H                     0.168990
     15 H                     0.143383
     16 H                     0.213601
     17 H                     0.179819
     18 H                     0.143221
     19 H                     0.168882
     20 H                     0.242540
     21 H                     0.227639
     22 H                     0.197933
     23 H                     0.177513
     24 H                     0.197835
  ----------------------------------------
  Sum of atomic charges =     0.000000

 -----------------------------------------------------------------
                    Cartesian Multipole Moments
 -----------------------------------------------------------------
    Charge (ESU x 10^10)
                 0.0000
    Dipole Moment (Debye)
         X      -0.2003      Y       0.0307      Z      -0.0207
       Tot       0.2037
    Quadrupole Moments (Debye-Ang)
        XX     -66.6443     XY       4.5886     YY     -74.7527
        XZ     -13.4940     YZ       5.7921     ZZ     -82.7725
    Octopole Moments (Debye-Ang^2)
       XXX     -49.2814    XXY      20.6321    XYY     -23.0169
       YYY      38.6456    XXZ     -26.0453    XYZ      10.4194
       YYZ      -5.1910    XZZ     -31.9170    YZZ      17.8262
       ZZZ      -9.6790
    Hexadecapole Moments (Debye-Ang^3)
      XXXX   -2056.5458   XXXY     166.9642   XXYY    -439.4901
      XYYY     154.2745   YYYY    -372.0693   XXXZ    -155.1935
      XXYZ      56.7078   XYYZ     -39.5921   YYYZ      87.3901
      XXZZ    -507.9895   XYZZ      88.2530   YYZZ    -184.0732
      XZZZ    -143.7798   YZZZ     110.8172   ZZZZ    -684.2172
 -----------------------------------------------------------------
 Total job time:  50.15s(wall), 189.29s(cpu) 
 Tue Jun 11 17:27:45 2024

        *************************************************************
        *                                                           *
        *  Thank you very much for using Q-Chem.  Have a nice day.  *
        *                                                           *
        *************************************************************


