
Running Job 1 of 1 057-CPCM.in
qchem 057-CPCM.in_4137112.0 /expanse/lustre/scratch/selhajj/temp_project/qcscratch/31246032/qchem4137112/ 0
/cm/shared/apps/spack/cpu/opt/spack/linux-centos8-zen2/gcc-10.2.0/qchem-5.4-akfmr7b3t57bfs6qan3padb2wnb2i7cl/exe/qcprog.exe_s 057-CPCM.in_4137112.0 /expanse/lustre/scratch/selhajj/temp_project/qcscratch/31246032/qchem4137112/
                  Welcome to Q-Chem
     A Quantum Leap Into The Future Of Chemistry


 Q-Chem 5.4, Q-Chem, Inc., Pleasanton, CA (2021)

 License issued to: University of California, San Diego (site)

 E. Epifanovsky,  A. T. B. Gilbert,  Xintian Feng,  Joonho Lee,  Yuezhi Mao,  
 N. Mardirossian,  P. Pokhilko,  A. White,  M. Wormit,  M. P. Coons,  
 A. L. Dempwolff,  Zhengting Gan,  D. Hait,  P. R. Horn,  L. D. Jacobson,  
 I. Kaliman,  J. Kussmann,  A. W. Lange,  Ka Un Lao,  D. S. Levine,  Jie Liu,  
 S. C. McKenzie,  A. F. Morrison,  K. Nanda,  F. Plasser,  D. R. Rehn,  
 M. L. Vidal,  Zhi-Qiang You,  Ying Zhu,  B. Alam,  B. Albrecht,  
 A. Aldossary,  E. Alguire,  J. H. Andersen,  D. Barton,  K. Begam,  A. Behn,  
 Y. A. Bernard,  E. J. Berquist,  H. Burton,  A. Carreras,  K. Carter-Fenk,  
 R. Chakraborty,  A. D. Chien,  K. D. Closser,  V. Cofer-Shabica,  
 S. Dasgupta,  Jia Deng,  M. de Wergifosse,  M. Diedenhofen,  Hainam Do,  
 S. Ehlert,  Po-Tung Fang,  S. Fatehi,  Qingguo Feng,  J. Gayvert,  
 Qinghui Ge,  G. Gidofalvi,  M. Goldey,  J. Gomes,  C. Gonzalez-Espinoza,  
 S. Gulania,  A. Gunina,  M. W. D. Hanson-Heine,  P. H. P. Harbach,  
 A. W. Hauser,  M. F. Herbst,  M. Hernandez Vera,  M. Hodecker,  
 Z. C. Holden,  S. Houck,  Xunkun Huang,  Kerwin Hui,  B. C. Huynh,  
 M. Ivanov,  Hyunjun Ji,  Hanjie Jiang,  B. Kaduk,  S. Kaehler,  
 K. Khistyaev,  Jaehoon Kim,  P. Klunzinger,  Z. Koczor-Benda,  
 Joong Hoon Koh,  D. Kosenkov,  L. Koulias,  T. Kowalczyk,  C. M. Krauter,  
 K. Kue,  A. Kunitsa,  T. Kus,  A. Landau,  K. V. Lawler,  D. Lefrancois,  
 S. Lehtola,  Rain Li,  Yi-Pei Li,  Jiashu Liang,  M. Liebenthal,  
 Hung-Hsuan Lin,  You-Sheng Lin,  Fenglai Liu,  Kuan-Yu Liu,  
 M. Loipersberger,  A. Luenser,  A. Manjanath,  P. Manohar,  E. Mansoor,  
 S. F. Manzer,  Shan-Ping Mao,  A. V. Marenich,  T. Markovich,  S. Mason,  
 S. A. Maurer,  P. F. McLaughlin,  M. F. S. J. Menger,  J.-M. Mewes,  
 S. A. Mewes,  P. Morgante,  J. W. Mullinax,  T. S. Nguyen-Beck,  
 K. J. Oosterbaan,  G. Paran,  Alexander C. Paul,  Suranjan K. Paul,  
 F. Pavosevic,  Zheng Pei,  S. Prager,  E. I. Proynov,  E. Ramos,  B. Rana,  
 A. E. Rask,  A. Rettig,  R. M. Richard,  F. Rob,  E. Rossomme,  T. Scheele,  
 M. Scheurer,  M. Schneider,  N. Sergueev,  S. M. Sharada,  W. Skomorowski,  
 D. W. Small,  C. J. Stein,  Yu-Chuan Su,  E. J. Sundstrom,  Zhen Tao,  
 J. Thirman,  T. Tsuchimochi,  N. M. Tubman,  S. P. Veccham,  O. Vydrov,  
 J. Wenzel,  J. Witte,  A. Yamada,  Kun Yao,  S. Yeganeh,  S. R. Yost,  
 A. Zech,  Igor Ying Zhang,  Xing Zhang,  Yu Zhang,  D. Zuev,  
 A. Aspuru-Guzik,  A. T. Bell,  N. A. Besley,  K. B. Bravaya,  B. R. Brooks,  
 D. Casanova,  Jeng-Da Chai,  S. Coriani,  C. J. Cramer,  
 A. E. DePrince, III,  R. A. DiStasio Jr.,  A. Dreuw,  B. D. Dunietz,  
 T. R. Furlani,  W. A. Goddard III,  S. Grimme,  S. Hammes-Schiffer,  
 T. Head-Gordon,  W. J. Hehre,  Chao-Ping Hsu,  T.-C. Jagau,  Yousung Jung,  
 A. Klamt,  Jing Kong,  D. S. Lambrecht,  WanZhen Liang,  N. J. Mayhall,  
 C. W. McCurdy,  J. B. Neaton,  C. Ochsenfeld,  J. A. Parkhill,  R. Peverati,  
 V. A. Rassolov,  Yihan Shao,  L. V. Slipchenko,  T. Stauch,  R. P. Steele,  
 J. E. Subotnik,  A. J. W. Thom,  A. Tkatchenko,  D. G. Truhlar,  
 T. Van Voorhis,  T. A. Wesolowski,  K. B. Whaley,  H. L. Woodcock III,  
 P. M. Zimmerman,  S. Faraji,  P. M. W. Gill,  M. Head-Gordon,  
 J. M. Herbert,  A. I. Krylov

 Contributors to earlier versions of Q-Chem not listed above: 
 R. D. Adamson,  B. Austin,  R. Baer,  J. Baker,  G. J. O. Beran,  
 K. Brandhorst,  S. T. Brown,  E. F. C. Byrd,  A. K. Chakraborty,  
 G. K. L. Chan,  Chun-Min Chang,  Yunqing Chen,  C.-L. Cheng,  
 Siu Hung Chien,  D. M. Chipman,  D. L. Crittenden,  H. Dachsel,  
 R. J. Doerksen,  A. D. Dutoi,  R. G. Edgar,  J. Fosso-Tande,  
 L. Fusti-Molnar,  D. Ghosh,  A. Ghysels,  A. Golubeva-Zadorozhnaya,  
 J. Gonthier,  M. S. Gordon,  S. R. Gwaltney,  G. Hawkins,  J. E. Herr,  
 A. Heyden,  S. Hirata,  E. G. Hohenstein,  G. Kedziora,  F. J. Keil,  
 C. Kelley,  Jihan Kim,  R. A. King,  R. Z. Khaliullin,  P. P. Korambath,  
 W. Kurlancheek,  A. Laurent,  A. M. Lee,  M. S. Lee,  S. V. Levchenko,  
 Ching Yeh Lin,  D. Liotard,  E. Livshits,  R. C. Lochan,  I. Lotan,  
 L. A. Martinez-Martinez,  P. E. Maslen,  N. Nair,  D. P. O'Neill,  
 D. Neuhauser,  E. Neuscamman,  C. M. Oana,  R. Olivares-Amaya,  R. Olson,  
 T. M. Perrine,  B. Peters,  P. A. Pieniazek,  A. Prociuk,  Y. M. Rhee,  
 J. Ritchie,  M. A. Rohrdanz,  E. Rosta,  N. J. Russ,  H. F. Schaefer III,  
 M. W. Schmidt,  N. E. Schultz,  S. Sharma,  N. Shenvi,  C. D. Sherrill,  
 A. C. Simmonett,  A. Sodt,  T. Stein,  D. Stuck,  K. S. Thanthiriwatte,  
 V. Vanovschi,  L. Vogt,  Tao Wang,  A. Warshel,  M. A. Watson,  
 C. F. Williams,  Q. Wu,  X. Xu,  Jun Yang,  W. Zhang,  Yan Zhao

 Please cite Q-Chem as follows:
 Y. Shao et al., Mol. Phys. 113, 184-215 (2015)
 DOI: 10.1080/00268976.2014.952696

 Q-Chem 5.4.0 for Intel X86 EM64T Linux

 Parts of Q-Chem use Armadillo 9.800.1 (Horizon Scraper).
 http://arma.sourceforge.net/

 Q-Chem begins on Tue Jun 11 17:27:57 2024  

 Host: 
0

     Scratch files written to /expanse/lustre/scratch/selhajj/temp_project/qcscratch/31246032/qchem4137112//
 May1621 |scratch|qcdevops|jenkins|workspace|build_RNUM    
 Processing $rem in /cm/shared/apps/spack/cpu/opt/spack/linux-centos8-zen2/gcc-10.2.0/qchem-5.4-akfmr7b3t57bfs6qan3padb2wnb2i7cl/config/preferences:
 Processing $rem in /home/selhajj/.qchemrc:
 Symmetry turned off for PCM/SM12/SMD calculation

 Checking the input file for inconsistencies... 	...done.

--------------------------------------------------------------
User input:
--------------------------------------------------------------
$molecule
0 1
C                 -0.2269580000      1.0002560000      0.1305530000
C                 -1.4150690000      0.2049460000     -0.2602820000
C                 -1.3484960000     -1.1246070000     -0.3770770000
C                 -0.0836980000     -1.8523140000     -0.1236040000
C                  1.1447600000     -1.0646710000      0.2437410000
C                  1.0566850000      0.2798670000      0.3743530000
O                 -0.3071500000      2.2156150000      0.2281700000
O                 -0.0408030000     -3.0673540000     -0.2142460000
C                  2.2649830000      1.1307490000      0.7307730000
C                  2.1935240000      1.9484820000      1.9963720000
O                  3.2437490000      1.1100790000      0.0175540000
H                 -2.3215270000      0.7714050000     -0.4425550000
H                 -2.1981180000     -1.7367770000     -0.6582270000
H                  1.9093390000      1.3145180000      2.8426760000
H                  1.4221240000      2.7147020000      1.8896090000
H                  3.1610390000      2.4129620000      2.1840840000
C                  2.3868310000     -1.8789240000      0.4448860000
H                  2.7090780000     -2.3009510000     -0.5121400000
H                  2.1748640000     -2.7285270000      1.0977360000
H                  3.2082310000     -1.2912150000      0.8467040000
$end
$rem
MAX_SCF_CYCLES=200
BASIS  =  6-311++G(d,p)
GUI  =  2
JOB_TYPE  =  SP
METHOD  =  B3LYP
SOLVENT_METHOD = PCM
$end
$pcm
theory = CPCM
$end
$solvent
dielectric 37.219
opticaldielectric 1.43
$end





--------------------------------------------------------------
 ----------------------------------------------------------------
             Standard Nuclear Orientation (Angstroms)
    I     Atom           X                Y                Z
 ----------------------------------------------------------------
    1      C      -0.2269580000     1.0002560000     0.1305530000
    2      C      -1.4150690000     0.2049460000    -0.2602820000
    3      C      -1.3484960000    -1.1246070000    -0.3770770000
    4      C      -0.0836980000    -1.8523140000    -0.1236040000
    5      C       1.1447600000    -1.0646710000     0.2437410000
    6      C       1.0566850000     0.2798670000     0.3743530000
    7      O      -0.3071500000     2.2156150000     0.2281700000
    8      O      -0.0408030000    -3.0673540000    -0.2142460000
    9      C       2.2649830000     1.1307490000     0.7307730000
   10      C       2.1935240000     1.9484820000     1.9963720000
   11      O       3.2437490000     1.1100790000     0.0175540000
   12      H      -2.3215270000     0.7714050000    -0.4425550000
   13      H      -2.1981180000    -1.7367770000    -0.6582270000
   14      H       1.9093390000     1.3145180000     2.8426760000
   15      H       1.4221240000     2.7147020000     1.8896090000
   16      H       3.1610390000     2.4129620000     2.1840840000
   17      C       2.3868310000    -1.8789240000     0.4448860000
   18      H       2.7090780000    -2.3009510000    -0.5121400000
   19      H       2.1748640000    -2.7285270000     1.0977360000
   20      H       3.2082310000    -1.2912150000     0.8467040000
 ----------------------------------------------------------------
 Nuclear Repulsion Energy =         665.01847560 hartrees
 There are       43 alpha and       43 beta electrons
 Requested basis set is 6-311++G(d,p)
 There are 112 shells and 320 basis functions

 Total QAlloc Memory Limit   8000 MB
 Mega-Array Size       188 MB
 MEM_STATIC part       192 MB
 Discretize the solute cavity surface with Lebedev spheres
	Using 110 Lebedev grid points for each H atom
	Using 194 Lebedev grid points for other atoms
	Atomic van der Waals radii will be scaled by 1.20
 Remove points where switching function is < 1.0e-08
 Keep 1432 surface tesserae and discard 1776 interior tesserae
 Molecular Surface Area = 201.982 Angst**2
 A cutoff of  1.0D-08 yielded   5008 shell pairs
 There are     42409 function pairs (     45496 Cartesian)
 Smallest overlap matrix eigenvalue = 8.90E-07

 Q-Chem warning in module stvman/mkSTV.C, line 323:

 Overlap eigenvalue is smaller than square root of threshold
 Use THRESH >= 12 to get rid of this warning

 Linear dependence detected in AO basis
 Tighter screening thresholds may be required for diffuse basis sets
 Use S2THRESH > 14 and THRESH = 14 in case of SCF convergence issues
 Number of orthogonalized atomic orbitals = 319
 Maximum deviation from orthogonality = 1.279E-10

 Scale SEOQF with 1.000000e-01/1.000000e-01/1.000000e-01

 Standard Electronic Orientation quadrupole field applied
 Nucleus-field energy     =     0.0000000219 hartrees
 Guess from superposition of atomic densities
 Warning:  Energy on first SCF cycle will be non-variational
 SAD guess density has 86.000000 electrons

 -----------------------------------------------------------------------
  General SCF calculation program by
  Eric Jon Sundstrom, Paul Horn, Yuezhi Mao, Dmitri Zuev, Alec White,
  David Stuck, Shaama M.S., Shane Yost, Joonho Lee, David Small,
  Daniel Levine, Susi Lehtola, Hugh Burton, Evgeny Epifanovsky,
  Bang C. Huynh
 -----------------------------------------------------------------------
 Exchange:     0.2000 Hartree-Fock + 0.0800 Slater + 0.7200 B88
 Correlation:  0.1900 VWN1RPA + 0.8100 LYP
 Using SG-1 standard quadrature grid
 using 8 threads for integral computing
 -------------------------------------------------------
 OpenMP Integral computing Module                
 Release: version 1.0, May 2013, Q-Chem Inc. Pittsburgh 
 -------------------------------------------------------
 A restricted SCF calculation will be
 performed using DIIS
 SCF converges when DIIS error is below 1.0e-05
 ---------------------------------------
  Cycle       Energy         DIIS error
 ---------------------------------------
    1    -576.0120484211      3.59e-02  
    2    -573.3466640019      4.85e-03  
    3    -572.9509991925      8.20e-03  
    4    -573.5583073485      1.66e-03  
    5    -573.5896652005      2.75e-04  
    6    -573.5903863199      9.20e-05  
    7    -573.5904773966      3.01e-05  
    8    -573.5904841660      1.43e-05  
    9    -573.5904852069      2.35e-06  Convergence criterion met
 ---------------------------------------
 SCF time:   CPU 130.54s  wall 17.00s 

************** Final PCM Free Energy Summary **************
 G_electrostatic  =      -0.01876119 hartree =     -11.77282402 kcal/mol
 G_cavitation     =       0.00000000 hartree =       0.00000000 kcal/mol
 G_dispersion     =       0.00000000 hartree =       0.00000000 kcal/mol
 G_repulsion      =       0.00000000 hartree =       0.00000000 kcal/mol
 --------------------------------------------------
 Non-electrostatic Free Energy =       0.00000000 hartree =       0.00000000 kcal/mol
 Total                         =      -0.01876119 hartree =     -11.77282402 kcal/mol
 --------------------------------------------------
 SCF Energy (H0 + V/2)                       =    -573.59048521 
 Solute Internal Energy (H0)                 =    -573.57172402 
 Total Free Energy (H0 + V/2 + non-elec)     =    -573.59048521 hartree
                                             = -359933.46194279 kcal/mol
***********************************************************

 SCF   energy in the final basis set =     -573.5904852069
 Total energy in the final basis set =     -573.5904852069
 
 --------------------------------------------------------------
 
                    Orbital Energies (a.u.)
 --------------------------------------------------------------
 
 Alpha MOs
 -- Occupied --
-19.1492 -19.1477 -19.1400 -10.2955 -10.2925 -10.2898 -10.2323 -10.2204
-10.2145 -10.2135 -10.1776 -10.1751  -1.0818  -1.0796  -1.0738  -0.8739
 -0.8173  -0.7673  -0.7310  -0.6976  -0.6497  -0.6041  -0.5616  -0.5385
 -0.5083  -0.4941  -0.4732  -0.4725  -0.4569  -0.4530  -0.4429  -0.4383
 -0.4332  -0.4113  -0.4097  -0.4037  -0.3958  -0.3764  -0.3166  -0.3017
 -0.2990  -0.2932  -0.2702
 -- Virtual --
 -0.1409  -0.0593  -0.0238  -0.0049  -0.0040   0.0094   0.0116   0.0267
  0.0309   0.0353   0.0437   0.0496   0.0573   0.0658   0.0682   0.0759
  0.0851   0.0881   0.0887   0.0987   0.1038   0.1058   0.1132   0.1212
  0.1257   0.1286   0.1318   0.1351   0.1413   0.1437   0.1473   0.1510
  0.1536   0.1575   0.1648   0.1663   0.1708   0.1718   0.1766   0.1840
  0.1846   0.1921   0.1954   0.2050   0.2130   0.2194   0.2225   0.2331
  0.2427   0.2452   0.2470   0.2579   0.2635   0.2688   0.2704   0.2779
  0.2878   0.2924   0.3016   0.3033   0.3137   0.3152   0.3215   0.3285
  0.3386   0.3409   0.3456   0.3524   0.3594   0.3681   0.3762   0.3824
  0.3862   0.3895   0.4125   0.4204   0.4345   0.4494   0.4849   0.4942
  0.5086   0.5142   0.5290   0.5326   0.5455   0.5586   0.5649   0.5819
  0.5928   0.5962   0.6057   0.6233   0.6303   0.6412   0.6429   0.6563
  0.6596   0.6763   0.6824   0.6855   0.6950   0.7063   0.7210   0.7266
  0.7355   0.7429   0.7712   0.7879   0.7901   0.8165   0.8397   0.8517
  0.8568   0.8716   0.8947   0.9048   0.9192   0.9396   0.9479   0.9883
  1.0036   1.0167   1.0232   1.0315   1.0363   1.0621   1.1005   1.1069
  1.1396   1.1693   1.1939   1.1976   1.2031   1.2085   1.2204   1.2391
  1.2452   1.2791   1.2916   1.3118   1.3425   1.3635   1.3954   1.4279
  1.4453   1.4598   1.4674   1.4766   1.5002   1.5104   1.5117   1.5460
  1.5605   1.5685   1.5798   1.5941   1.6024   1.6244   1.6273   1.6322
  1.6640   1.6771   1.7123   1.7137   1.7330   1.7599   1.7734   1.7963
  1.8145   1.8496   1.8577   1.8730   1.8971   1.9031   1.9057   1.9257
  1.9464   1.9577   1.9919   2.0188   2.0745   2.0817   2.0982   2.1230
  2.1417   2.1588   2.1911   2.2243   2.2585   2.2805   2.3226   2.3604
  2.3867   2.4499   2.4785   2.4873   2.5052   2.5367   2.5452   2.5527
  2.5668   2.5753   2.5936   2.6297   2.6319   2.6633   2.6903   2.6950
  2.7153   2.7291   2.7454   2.7550   2.7655   2.8087   2.8352   2.8718
  2.8783   2.9023   2.9098   2.9246   2.9311   2.9449   2.9573   3.0112
  3.0317   3.0567   3.1143   3.1455   3.1794   3.2125   3.2396   3.2471
  3.3118   3.3368   3.3539   3.4290   3.4448   3.4873   3.5231   3.5943
  3.5999   3.6974   3.7172   3.7879   3.7955   3.8561   3.8647   3.8889
  4.0335   4.0858   4.1240   4.1634   4.2022   4.3311   4.6871   5.0239
  5.0458   5.0847   5.1928   5.1959   5.2315   5.6799   5.7165   5.7726
 23.5916  23.7273  23.7993  23.8438  23.8762  23.9622  23.9762  24.1371
 24.2304  49.9559  49.9850  50.0255
 --------------------------------------------------------------
 
          Ground-State Mulliken Net Atomic Charges

     Atom                 Charge (a.u.)
  ----------------------------------------
      1 C                    -0.539808
      2 C                    -0.050552
      3 C                     0.135577
      4 C                    -0.497792
      5 C                     0.231253
      6 C                     1.093118
      7 O                    -0.288478
      8 O                    -0.276922
      9 C                    -0.062728
     10 C                    -0.646985
     11 O                    -0.299714
     12 H                     0.264528
     13 H                     0.262466
     14 H                     0.180023
     15 H                     0.216539
     16 H                     0.189077
     17 C                    -0.499935
     18 H                     0.219327
     19 H                     0.190841
     20 H                     0.180164
  ----------------------------------------
  Sum of atomic charges =     0.000000

 -----------------------------------------------------------------
                    Cartesian Multipole Moments
 -----------------------------------------------------------------
    Charge (ESU x 10^10)
                 0.0000
    Dipole Moment (Debye)
         X      -2.4044      Y      -0.7547      Z       2.3417
       Tot       3.4401
    Quadrupole Moments (Debye-Ang)
        XX     -72.8772     XY      -3.2336     YY     -85.9231
        XZ       7.8098     YZ       1.7732     ZZ     -64.4325
    Octopole Moments (Debye-Ang^2)
       XXX    -218.1608    XXY     -16.9529    XYY     -45.7460
       YYY      47.4190    XXZ      -9.3697    XYZ       7.0837
       YYZ     -12.1005    XZZ     -44.5545    YZZ      10.7622
       ZZZ     -55.2936
    Hexadecapole Moments (Debye-Ang^3)
      XXXX   -1458.9252   XXXY    -160.0281   XXYY    -407.0386
      XYYY     -86.5641   YYYY   -1438.3923   XXXZ    -124.9214
      XXYZ     -14.9388   XYYZ     -39.5824   YYYZ    -122.3126
      XXZZ    -249.8483   XYZZ     -19.0424   YYZZ    -238.8168
      XZZZ    -161.4927   YZZZ    -103.4152   ZZZZ    -298.0137
 -----------------------------------------------------------------
 Total job time:  18.33s(wall), 135.72s(cpu) 
 Tue Jun 11 17:28:15 2024

        *************************************************************
        *                                                           *
        *  Thank you very much for using Q-Chem.  Have a nice day.  *
        *                                                           *
        *************************************************************


