
Running Job 1 of 1 011-CPCM.in
qchem 011-CPCM.in_4132634.0 /expanse/lustre/scratch/selhajj/temp_project/qcscratch/31245986/qchem4132634/ 0
/cm/shared/apps/spack/cpu/opt/spack/linux-centos8-zen2/gcc-10.2.0/qchem-5.4-akfmr7b3t57bfs6qan3padb2wnb2i7cl/exe/qcprog.exe_s 011-CPCM.in_4132634.0 /expanse/lustre/scratch/selhajj/temp_project/qcscratch/31245986/qchem4132634/
                  Welcome to Q-Chem
     A Quantum Leap Into The Future Of Chemistry


 Q-Chem 5.4, Q-Chem, Inc., Pleasanton, CA (2021)

 License issued to: University of California, San Diego (site)

 E. Epifanovsky,  A. T. B. Gilbert,  Xintian Feng,  Joonho Lee,  Yuezhi Mao,  
 N. Mardirossian,  P. Pokhilko,  A. White,  M. Wormit,  M. P. Coons,  
 A. L. Dempwolff,  Zhengting Gan,  D. Hait,  P. R. Horn,  L. D. Jacobson,  
 I. Kaliman,  J. Kussmann,  A. W. Lange,  Ka Un Lao,  D. S. Levine,  Jie Liu,  
 S. C. McKenzie,  A. F. Morrison,  K. Nanda,  F. Plasser,  D. R. Rehn,  
 M. L. Vidal,  Zhi-Qiang You,  Ying Zhu,  B. Alam,  B. Albrecht,  
 A. Aldossary,  E. Alguire,  J. H. Andersen,  D. Barton,  K. Begam,  A. Behn,  
 Y. A. Bernard,  E. J. Berquist,  H. Burton,  A. Carreras,  K. Carter-Fenk,  
 R. Chakraborty,  A. D. Chien,  K. D. Closser,  V. Cofer-Shabica,  
 S. Dasgupta,  Jia Deng,  M. de Wergifosse,  M. Diedenhofen,  Hainam Do,  
 S. Ehlert,  Po-Tung Fang,  S. Fatehi,  Qingguo Feng,  J. Gayvert,  
 Qinghui Ge,  G. Gidofalvi,  M. Goldey,  J. Gomes,  C. Gonzalez-Espinoza,  
 S. Gulania,  A. Gunina,  M. W. D. Hanson-Heine,  P. H. P. Harbach,  
 A. W. Hauser,  M. F. Herbst,  M. Hernandez Vera,  M. Hodecker,  
 Z. C. Holden,  S. Houck,  Xunkun Huang,  Kerwin Hui,  B. C. Huynh,  
 M. Ivanov,  Hyunjun Ji,  Hanjie Jiang,  B. Kaduk,  S. Kaehler,  
 K. Khistyaev,  Jaehoon Kim,  P. Klunzinger,  Z. Koczor-Benda,  
 Joong Hoon Koh,  D. Kosenkov,  L. Koulias,  T. Kowalczyk,  C. M. Krauter,  
 K. Kue,  A. Kunitsa,  T. Kus,  A. Landau,  K. V. Lawler,  D. Lefrancois,  
 S. Lehtola,  Rain Li,  Yi-Pei Li,  Jiashu Liang,  M. Liebenthal,  
 Hung-Hsuan Lin,  You-Sheng Lin,  Fenglai Liu,  Kuan-Yu Liu,  
 M. Loipersberger,  A. Luenser,  A. Manjanath,  P. Manohar,  E. Mansoor,  
 S. F. Manzer,  Shan-Ping Mao,  A. V. Marenich,  T. Markovich,  S. Mason,  
 S. A. Maurer,  P. F. McLaughlin,  M. F. S. J. Menger,  J.-M. Mewes,  
 S. A. Mewes,  P. Morgante,  J. W. Mullinax,  T. S. Nguyen-Beck,  
 K. J. Oosterbaan,  G. Paran,  Alexander C. Paul,  Suranjan K. Paul,  
 F. Pavosevic,  Zheng Pei,  S. Prager,  E. I. Proynov,  E. Ramos,  B. Rana,  
 A. E. Rask,  A. Rettig,  R. M. Richard,  F. Rob,  E. Rossomme,  T. Scheele,  
 M. Scheurer,  M. Schneider,  N. Sergueev,  S. M. Sharada,  W. Skomorowski,  
 D. W. Small,  C. J. Stein,  Yu-Chuan Su,  E. J. Sundstrom,  Zhen Tao,  
 J. Thirman,  T. Tsuchimochi,  N. M. Tubman,  S. P. Veccham,  O. Vydrov,  
 J. Wenzel,  J. Witte,  A. Yamada,  Kun Yao,  S. Yeganeh,  S. R. Yost,  
 A. Zech,  Igor Ying Zhang,  Xing Zhang,  Yu Zhang,  D. Zuev,  
 A. Aspuru-Guzik,  A. T. Bell,  N. A. Besley,  K. B. Bravaya,  B. R. Brooks,  
 D. Casanova,  Jeng-Da Chai,  S. Coriani,  C. J. Cramer,  
 A. E. DePrince, III,  R. A. DiStasio Jr.,  A. Dreuw,  B. D. Dunietz,  
 T. R. Furlani,  W. A. Goddard III,  S. Grimme,  S. Hammes-Schiffer,  
 T. Head-Gordon,  W. J. Hehre,  Chao-Ping Hsu,  T.-C. Jagau,  Yousung Jung,  
 A. Klamt,  Jing Kong,  D. S. Lambrecht,  WanZhen Liang,  N. J. Mayhall,  
 C. W. McCurdy,  J. B. Neaton,  C. Ochsenfeld,  J. A. Parkhill,  R. Peverati,  
 V. A. Rassolov,  Yihan Shao,  L. V. Slipchenko,  T. Stauch,  R. P. Steele,  
 J. E. Subotnik,  A. J. W. Thom,  A. Tkatchenko,  D. G. Truhlar,  
 T. Van Voorhis,  T. A. Wesolowski,  K. B. Whaley,  H. L. Woodcock III,  
 P. M. Zimmerman,  S. Faraji,  P. M. W. Gill,  M. Head-Gordon,  
 J. M. Herbert,  A. I. Krylov

 Contributors to earlier versions of Q-Chem not listed above: 
 R. D. Adamson,  B. Austin,  R. Baer,  J. Baker,  G. J. O. Beran,  
 K. Brandhorst,  S. T. Brown,  E. F. C. Byrd,  A. K. Chakraborty,  
 G. K. L. Chan,  Chun-Min Chang,  Yunqing Chen,  C.-L. Cheng,  
 Siu Hung Chien,  D. M. Chipman,  D. L. Crittenden,  H. Dachsel,  
 R. J. Doerksen,  A. D. Dutoi,  R. G. Edgar,  J. Fosso-Tande,  
 L. Fusti-Molnar,  D. Ghosh,  A. Ghysels,  A. Golubeva-Zadorozhnaya,  
 J. Gonthier,  M. S. Gordon,  S. R. Gwaltney,  G. Hawkins,  J. E. Herr,  
 A. Heyden,  S. Hirata,  E. G. Hohenstein,  G. Kedziora,  F. J. Keil,  
 C. Kelley,  Jihan Kim,  R. A. King,  R. Z. Khaliullin,  P. P. Korambath,  
 W. Kurlancheek,  A. Laurent,  A. M. Lee,  M. S. Lee,  S. V. Levchenko,  
 Ching Yeh Lin,  D. Liotard,  E. Livshits,  R. C. Lochan,  I. Lotan,  
 L. A. Martinez-Martinez,  P. E. Maslen,  N. Nair,  D. P. O'Neill,  
 D. Neuhauser,  E. Neuscamman,  C. M. Oana,  R. Olivares-Amaya,  R. Olson,  
 T. M. Perrine,  B. Peters,  P. A. Pieniazek,  A. Prociuk,  Y. M. Rhee,  
 J. Ritchie,  M. A. Rohrdanz,  E. Rosta,  N. J. Russ,  H. F. Schaefer III,  
 M. W. Schmidt,  N. E. Schultz,  S. Sharma,  N. Shenvi,  C. D. Sherrill,  
 A. C. Simmonett,  A. Sodt,  T. Stein,  D. Stuck,  K. S. Thanthiriwatte,  
 V. Vanovschi,  L. Vogt,  Tao Wang,  A. Warshel,  M. A. Watson,  
 C. F. Williams,  Q. Wu,  X. Xu,  Jun Yang,  W. Zhang,  Yan Zhao

 Please cite Q-Chem as follows:
 Y. Shao et al., Mol. Phys. 113, 184-215 (2015)
 DOI: 10.1080/00268976.2014.952696

 Q-Chem 5.4.0 for Intel X86 EM64T Linux

 Parts of Q-Chem use Armadillo 9.800.1 (Horizon Scraper).
 http://arma.sourceforge.net/

 Q-Chem begins on Tue Jun 11 17:24:49 2024  

 Host: 
0

     Scratch files written to /expanse/lustre/scratch/selhajj/temp_project/qcscratch/31245986/qchem4132634//
 May1621 |scratch|qcdevops|jenkins|workspace|build_RNUM    
 Processing $rem in /cm/shared/apps/spack/cpu/opt/spack/linux-centos8-zen2/gcc-10.2.0/qchem-5.4-akfmr7b3t57bfs6qan3padb2wnb2i7cl/config/preferences:
 Processing $rem in /home/selhajj/.qchemrc:
 Symmetry turned off for PCM/SM12/SMD calculation

 Checking the input file for inconsistencies... 	...done.

--------------------------------------------------------------
User input:
--------------------------------------------------------------
$molecule
0 1
Cl                 3.0042660000     -0.8768930000     -0.1896520000
C                  1.3718010000     -0.3098590000     -0.0839020000
C                  1.0746500000      0.9950780000     -0.0286450000
C                 -0.3295850000      1.4556890000      0.0615850000
O                 -0.5979970000      2.6438570000      0.1118130000
C                 -1.3974890000      0.4310240000      0.0889560000
C                 -1.1036080000     -0.8746800000      0.0338100000
Cl                -2.3315660000     -2.0948570000      0.0639220000
C                  0.3116570000     -1.3767940000     -0.0581600000
O                  0.5773270000     -2.5520730000     -0.1079180000
H                  1.8358650000      1.7649570000     -0.0469740000
H                 -2.4153210000      0.7945510000      0.1551650000
$end
$rem
MAX_SCF_CYCLES=200
BASIS  =  6-311++G(d,p)
GUI  =  2
JOB_TYPE  =  SP
METHOD  =  B3LYP
SOLVENT_METHOD = PCM
$end
$pcm
theory = CPCM
$end
$solvent
dielectric 37.219
opticaldielectric 1.43
$end





--------------------------------------------------------------
 ----------------------------------------------------------------
             Standard Nuclear Orientation (Angstroms)
    I     Atom           X                Y                Z
 ----------------------------------------------------------------
    1      Cl      3.0042660000    -0.8768930000    -0.1896520000
    2      C       1.3718010000    -0.3098590000    -0.0839020000
    3      C       1.0746500000     0.9950780000    -0.0286450000
    4      C      -0.3295850000     1.4556890000     0.0615850000
    5      O      -0.5979970000     2.6438570000     0.1118130000
    6      C      -1.3974890000     0.4310240000     0.0889560000
    7      C      -1.1036080000    -0.8746800000     0.0338100000
    8      Cl     -2.3315660000    -2.0948570000     0.0639220000
    9      C       0.3116570000    -1.3767940000    -0.0581600000
   10      O       0.5773270000    -2.5520730000    -0.1079180000
   11      H       1.8358650000     1.7649570000    -0.0469740000
   12      H      -2.4153210000     0.7945510000     0.1551650000
 ----------------------------------------------------------------
 Nuclear Repulsion Energy =         632.00211632 hartrees
 There are       44 alpha and       44 beta electrons
 Requested basis set is 6-311++G(d,p)
 There are 84 shells and 250 basis functions

 Total QAlloc Memory Limit   8000 MB
 Mega-Array Size       188 MB
 MEM_STATIC part       192 MB
 Discretize the solute cavity surface with Lebedev spheres
	Using 110 Lebedev grid points for each H atom
	Using 194 Lebedev grid points for other atoms
	Atomic van der Waals radii will be scaled by 1.20
 Remove points where switching function is < 1.0e-08
 Keep 1040 surface tesserae and discard 1120 interior tesserae
 Molecular Surface Area = 182.510 Angst**2

                       Distance Matrix (Angstroms)
             Cl(  1)   C (  2)   C (  3)   C (  4)   O (  5)   C (  6)
   C (  2)  1.731373
   C (  3)  2.693254  1.339482
   C (  4)  4.076594  2.456225  1.480601
   O (  5)  5.046074  3.555678  2.352860  1.219144
   C (  6)  4.600404  2.871890  2.538397  1.480239  2.352943
   C (  7)  4.113948  2.541757  2.871359  2.455708  3.555535  1.339504
   Cl(  8)  5.478945  4.113757  4.599845  4.076066  5.046084  2.693177
   C (  9)  2.741776  1.504300  2.491748  2.906629  4.125772  2.492194
   O ( 10)  2.950075  2.378926  3.582722  4.112588  5.331731  3.582949
   H ( 11)  2.892212  2.126401  1.082819  2.190115  2.592559  3.500347
   H ( 12)  5.681949  3.952109  3.500556  2.190013  2.593160  1.082828
             C (  7)   Cl(  8)   C (  9)   O ( 10)   H ( 11)
   Cl(  8)  1.731363
   C (  9)  1.504511  2.741741
   O ( 10)  2.378923  2.949616  1.205959
   H ( 11)  3.951545  5.681368  3.491981  4.497152
   H ( 12)  2.126417  2.892061  3.492371  4.497227  4.365218
 
 A cutoff of  1.0D-08 yielded   2758 shell pairs
 There are     26444 function pairs (     28519 Cartesian)
 Smallest overlap matrix eigenvalue = 2.04E-06

 Q-Chem warning in module stvman/mkSTV.C, line 323:

 Overlap eigenvalue is smaller than square root of threshold
 Use THRESH >= 12 to get rid of this warning


 Scale SEOQF with 1.000000e-01/1.000000e-01/1.000000e-01

 Standard Electronic Orientation quadrupole field applied
 Nucleus-field energy     =     0.0000000274 hartrees
 Guess from superposition of atomic densities
 Warning:  Energy on first SCF cycle will be non-variational
 SAD guess density has 88.000000 electrons

 -----------------------------------------------------------------------
  General SCF calculation program by
  Eric Jon Sundstrom, Paul Horn, Yuezhi Mao, Dmitri Zuev, Alec White,
  David Stuck, Shaama M.S., Shane Yost, Joonho Lee, David Small,
  Daniel Levine, Susi Lehtola, Hugh Burton, Evgeny Epifanovsky,
  Bang C. Huynh
 -----------------------------------------------------------------------
 Exchange:     0.2000 Hartree-Fock + 0.0800 Slater + 0.7200 B88
 Correlation:  0.1900 VWN1RPA + 0.8100 LYP
 Using SG-1 standard quadrature grid
 using 8 threads for integral computing
 -------------------------------------------------------
 OpenMP Integral computing Module                
 Release: version 1.0, May 2013, Q-Chem Inc. Pittsburgh 
 -------------------------------------------------------
 A restricted SCF calculation will be
 performed using DIIS
 SCF converges when DIIS error is below 1.0e-05
 ---------------------------------------
  Cycle       Energy         DIIS error
 ---------------------------------------
    1   -1302.9294358681      3.95e-02  
    2   -1300.6611067314      4.86e-03  
    3   -1300.2593729861      9.46e-03  
    4   -1300.7975207047      1.34e-03  
    5   -1300.8096271318      4.87e-04  
    6   -1300.8110290064      2.04e-04  
    7   -1300.8112778674      6.93e-05  
    8   -1300.8113063606      1.27e-05  
    9   -1300.8113066154      8.89e-06  Convergence criterion met
 ---------------------------------------
 SCF time:   CPU 63.55s  wall 8.00s 

************** Final PCM Free Energy Summary **************
 G_electrostatic  =      -0.01417801 hartree =      -8.89683747 kcal/mol
 G_cavitation     =       0.00000000 hartree =       0.00000000 kcal/mol
 G_dispersion     =       0.00000000 hartree =       0.00000000 kcal/mol
 G_repulsion      =       0.00000000 hartree =       0.00000000 kcal/mol
 --------------------------------------------------
 Non-electrostatic Free Energy =       0.00000000 hartree =       0.00000000 kcal/mol
 Total                         =      -0.01417801 hartree =      -8.89683747 kcal/mol
 --------------------------------------------------
 SCF Energy (H0 + V/2)                       =   -1300.81130662 
 Solute Internal Energy (H0)                 =   -1300.79712860 
 Total Free Energy (H0 + V/2 + non-elec)     =   -1300.81130662 hartree
                                             = -816271.41488504 kcal/mol
***********************************************************

 SCF   energy in the final basis set =    -1300.8113066154
 Total energy in the final basis set =    -1300.8113066154
 
 --------------------------------------------------------------
 
                    Orbital Energies (a.u.)
 --------------------------------------------------------------
 
 Alpha MOs
 -- Occupied --
********-101.5832 -19.1666 -19.1547 -10.3187 -10.3032 -10.2830 -10.2830
-10.2261 -10.2261  -9.4977  -9.4976  -7.2626  -7.2624  -7.2528  -7.2527
 -7.2517  -7.2516  -1.1046  -1.0855  -0.9237  -0.9103  -0.8427  -0.7809
 -0.7243  -0.6425  -0.6233  -0.5563  -0.5284  -0.5016  -0.4800  -0.4795
 -0.4706  -0.4565  -0.4399  -0.4333  -0.3983  -0.3784  -0.3482  -0.3416
 -0.3155  -0.3102  -0.2994  -0.2910
 -- Virtual --
 -0.1518  -0.0479  -0.0176  -0.0165   0.0004   0.0113   0.0154   0.0240
  0.0447   0.0453   0.0545   0.0607   0.0751   0.0758   0.0864   0.0871
  0.0983   0.0984   0.1010   0.1165   0.1203   0.1239   0.1268   0.1285
  0.1329   0.1331   0.1360   0.1665   0.1686   0.1714   0.1746   0.1792
  0.1857   0.1977   0.2000   0.2020   0.2252   0.2333   0.2477   0.2563
  0.2571   0.2625   0.2700   0.2748   0.2865   0.2904   0.2987   0.3026
  0.3081   0.3260   0.3427   0.3446   0.3606   0.3692   0.3867   0.3916
  0.4268   0.4386   0.4529   0.4549   0.4587   0.4961   0.5001   0.5014
  0.5059   0.5620   0.5651   0.5676   0.5684   0.5851   0.5860   0.5936
  0.6086   0.6371   0.6767   0.6809   0.7425   0.7509   0.7596   0.7911
  0.8085   0.8205   0.8221   0.8339   0.8376   0.8424   0.8510   0.8681
  0.8885   0.8910   0.8998   0.9180   0.9296   0.9354   0.9435   0.9701
  0.9847   1.0307   1.0482   1.0716   1.0975   1.0992   1.1394   1.1727
  1.1775   1.1864   1.1959   1.2089   1.2426   1.2561   1.2645   1.2718
  1.2744   1.2912   1.3914   1.4264   1.5267   1.5278   1.5663   1.5709
  1.5710   1.6797   1.6887   1.7054   1.7218   1.7335   1.7455   1.7735
  1.7786   1.8717   1.9051   1.9115   1.9407   2.0326   2.0339   2.0683
  2.1299   2.1383   2.1647   2.1858   2.2506   2.2603   2.2854   2.3328
  2.4093   2.4888   2.5142   2.5315   2.5371   2.5413   2.5560   2.6640
  2.6872   2.7014   2.7108   2.7279   2.7661   2.7849   2.8636   2.8772
  2.9091   2.9227   2.9593   2.9787   3.0785   3.0884   3.1633   3.1760
  3.2407   3.3045   3.3281   3.4309   3.4780   3.5507   3.5627   3.6807
  3.6958   3.8670   4.0367   4.0417   4.1322   4.6432   5.0084   5.0203
  5.1611   5.1904   5.6610   5.7370   9.7489   9.7812  23.5054  23.6510
 23.7951  23.8718  24.1194  24.1653  25.8031  25.8221  26.0914  26.1815
 26.5853  26.6247  49.9546  50.0039 215.7374 215.7754
 --------------------------------------------------------------
 
          Ground-State Mulliken Net Atomic Charges

     Atom                 Charge (a.u.)
  ----------------------------------------
      1 Cl                    0.324400
      2 C                     1.036181
      3 C                    -0.275421
      4 C                    -0.602869
      5 O                    -0.285932
      6 C                    -0.273626
      7 C                     1.036500
      8 Cl                    0.324616
      9 C                    -1.659717
     10 O                    -0.175325
     11 H                     0.275565
     12 H                     0.275629
  ----------------------------------------
  Sum of atomic charges =     0.000000

 -----------------------------------------------------------------
                    Cartesian Multipole Moments
 -----------------------------------------------------------------
    Charge (ESU x 10^10)
                 0.0000
    Dipole Moment (Debye)
         X      -0.2787      Y       1.2268      Z       0.0511
       Tot       1.2591
    Quadrupole Moments (Debye-Ang)
        XX     -66.4310     XY       5.3519     YY     -88.8576
        XZ       0.0200     YZ      -0.8861     ZZ     -69.0341
    Octopole Moments (Debye-Ang^2)
       XXX     -26.7194    XXY      38.5908    XYY      -4.0675
       YYY      97.4502    XXZ       1.7767    XYZ      -0.1654
       YYZ       1.1242    XZZ      -7.6354    YZZ      33.6184
       ZZZ       4.2655
    Hexadecapole Moments (Debye-Ang^3)
      XXXX   -1360.4338   XXXY     -36.5884   XXYY    -413.6396
      XYYY      23.5284   YYYY   -1316.2959   XXXZ      30.9941
      XXYZ      -4.2894   XYYZ      13.3063   YYYZ     -22.9414
      XXZZ    -257.2316   XYZZ     -14.4776   YYZZ    -199.1005
      XZZZ      36.5284   YZZZ     -13.2305   ZZZZ     -78.9089
 -----------------------------------------------------------------
 Total job time:  44.04s(wall), 70.16s(cpu) 
 Tue Jun 11 17:25:33 2024

        *************************************************************
        *                                                           *
        *  Thank you very much for using Q-Chem.  Have a nice day.  *
        *                                                           *
        *************************************************************


