
Running Job 1 of 1 011-rad-SM12.in
qchem 011-rad-SM12.in_3652528.0 /expanse/lustre/scratch/selhajj/temp_project/qcscratch/28444843/qchem3652528/ 0
/cm/shared/apps/spack/cpu/opt/spack/linux-centos8-zen2/gcc-10.2.0/qchem-5.4-akfmr7b3t57bfs6qan3padb2wnb2i7cl/exe/qcprog.exe_s 011-rad-SM12.in_3652528.0 /expanse/lustre/scratch/selhajj/temp_project/qcscratch/28444843/qchem3652528/
                  Welcome to Q-Chem
     A Quantum Leap Into The Future Of Chemistry


 Q-Chem 5.4, Q-Chem, Inc., Pleasanton, CA (2021)

 License issued to: University of California, San Diego (site)

 E. Epifanovsky,  A. T. B. Gilbert,  Xintian Feng,  Joonho Lee,  Yuezhi Mao,  
 N. Mardirossian,  P. Pokhilko,  A. White,  M. Wormit,  M. P. Coons,  
 A. L. Dempwolff,  Zhengting Gan,  D. Hait,  P. R. Horn,  L. D. Jacobson,  
 I. Kaliman,  J. Kussmann,  A. W. Lange,  Ka Un Lao,  D. S. Levine,  Jie Liu,  
 S. C. McKenzie,  A. F. Morrison,  K. Nanda,  F. Plasser,  D. R. Rehn,  
 M. L. Vidal,  Zhi-Qiang You,  Ying Zhu,  B. Alam,  B. Albrecht,  
 A. Aldossary,  E. Alguire,  J. H. Andersen,  D. Barton,  K. Begam,  A. Behn,  
 Y. A. Bernard,  E. J. Berquist,  H. Burton,  A. Carreras,  K. Carter-Fenk,  
 R. Chakraborty,  A. D. Chien,  K. D. Closser,  V. Cofer-Shabica,  
 S. Dasgupta,  Jia Deng,  M. de Wergifosse,  M. Diedenhofen,  Hainam Do,  
 S. Ehlert,  Po-Tung Fang,  S. Fatehi,  Qingguo Feng,  J. Gayvert,  
 Qinghui Ge,  G. Gidofalvi,  M. Goldey,  J. Gomes,  C. Gonzalez-Espinoza,  
 S. Gulania,  A. Gunina,  M. W. D. Hanson-Heine,  P. H. P. Harbach,  
 A. W. Hauser,  M. F. Herbst,  M. Hernandez Vera,  M. Hodecker,  
 Z. C. Holden,  S. Houck,  Xunkun Huang,  Kerwin Hui,  B. C. Huynh,  
 M. Ivanov,  Hyunjun Ji,  Hanjie Jiang,  B. Kaduk,  S. Kaehler,  
 K. Khistyaev,  Jaehoon Kim,  P. Klunzinger,  Z. Koczor-Benda,  
 Joong Hoon Koh,  D. Kosenkov,  L. Koulias,  T. Kowalczyk,  C. M. Krauter,  
 K. Kue,  A. Kunitsa,  T. Kus,  A. Landau,  K. V. Lawler,  D. Lefrancois,  
 S. Lehtola,  Rain Li,  Yi-Pei Li,  Jiashu Liang,  M. Liebenthal,  
 Hung-Hsuan Lin,  You-Sheng Lin,  Fenglai Liu,  Kuan-Yu Liu,  
 M. Loipersberger,  A. Luenser,  A. Manjanath,  P. Manohar,  E. Mansoor,  
 S. F. Manzer,  Shan-Ping Mao,  A. V. Marenich,  T. Markovich,  S. Mason,  
 S. A. Maurer,  P. F. McLaughlin,  M. F. S. J. Menger,  J.-M. Mewes,  
 S. A. Mewes,  P. Morgante,  J. W. Mullinax,  T. S. Nguyen-Beck,  
 K. J. Oosterbaan,  G. Paran,  Alexander C. Paul,  Suranjan K. Paul,  
 F. Pavosevic,  Zheng Pei,  S. Prager,  E. I. Proynov,  E. Ramos,  B. Rana,  
 A. E. Rask,  A. Rettig,  R. M. Richard,  F. Rob,  E. Rossomme,  T. Scheele,  
 M. Scheurer,  M. Schneider,  N. Sergueev,  S. M. Sharada,  W. Skomorowski,  
 D. W. Small,  C. J. Stein,  Yu-Chuan Su,  E. J. Sundstrom,  Zhen Tao,  
 J. Thirman,  T. Tsuchimochi,  N. M. Tubman,  S. P. Veccham,  O. Vydrov,  
 J. Wenzel,  J. Witte,  A. Yamada,  Kun Yao,  S. Yeganeh,  S. R. Yost,  
 A. Zech,  Igor Ying Zhang,  Xing Zhang,  Yu Zhang,  D. Zuev,  
 A. Aspuru-Guzik,  A. T. Bell,  N. A. Besley,  K. B. Bravaya,  B. R. Brooks,  
 D. Casanova,  Jeng-Da Chai,  S. Coriani,  C. J. Cramer,  
 A. E. DePrince, III,  R. A. DiStasio Jr.,  A. Dreuw,  B. D. Dunietz,  
 T. R. Furlani,  W. A. Goddard III,  S. Grimme,  S. Hammes-Schiffer,  
 T. Head-Gordon,  W. J. Hehre,  Chao-Ping Hsu,  T.-C. Jagau,  Yousung Jung,  
 A. Klamt,  Jing Kong,  D. S. Lambrecht,  WanZhen Liang,  N. J. Mayhall,  
 C. W. McCurdy,  J. B. Neaton,  C. Ochsenfeld,  J. A. Parkhill,  R. Peverati,  
 V. A. Rassolov,  Yihan Shao,  L. V. Slipchenko,  T. Stauch,  R. P. Steele,  
 J. E. Subotnik,  A. J. W. Thom,  A. Tkatchenko,  D. G. Truhlar,  
 T. Van Voorhis,  T. A. Wesolowski,  K. B. Whaley,  H. L. Woodcock III,  
 P. M. Zimmerman,  S. Faraji,  P. M. W. Gill,  M. Head-Gordon,  
 J. M. Herbert,  A. I. Krylov

 Contributors to earlier versions of Q-Chem not listed above: 
 R. D. Adamson,  B. Austin,  R. Baer,  J. Baker,  G. J. O. Beran,  
 K. Brandhorst,  S. T. Brown,  E. F. C. Byrd,  A. K. Chakraborty,  
 G. K. L. Chan,  Chun-Min Chang,  Yunqing Chen,  C.-L. Cheng,  
 Siu Hung Chien,  D. M. Chipman,  D. L. Crittenden,  H. Dachsel,  
 R. J. Doerksen,  A. D. Dutoi,  R. G. Edgar,  J. Fosso-Tande,  
 L. Fusti-Molnar,  D. Ghosh,  A. Ghysels,  A. Golubeva-Zadorozhnaya,  
 J. Gonthier,  M. S. Gordon,  S. R. Gwaltney,  G. Hawkins,  J. E. Herr,  
 A. Heyden,  S. Hirata,  E. G. Hohenstein,  G. Kedziora,  F. J. Keil,  
 C. Kelley,  Jihan Kim,  R. A. King,  R. Z. Khaliullin,  P. P. Korambath,  
 W. Kurlancheek,  A. Laurent,  A. M. Lee,  M. S. Lee,  S. V. Levchenko,  
 Ching Yeh Lin,  D. Liotard,  E. Livshits,  R. C. Lochan,  I. Lotan,  
 L. A. Martinez-Martinez,  P. E. Maslen,  N. Nair,  D. P. O'Neill,  
 D. Neuhauser,  E. Neuscamman,  C. M. Oana,  R. Olivares-Amaya,  R. Olson,  
 T. M. Perrine,  B. Peters,  P. A. Pieniazek,  A. Prociuk,  Y. M. Rhee,  
 J. Ritchie,  M. A. Rohrdanz,  E. Rosta,  N. J. Russ,  H. F. Schaefer III,  
 M. W. Schmidt,  N. E. Schultz,  S. Sharma,  N. Shenvi,  C. D. Sherrill,  
 A. C. Simmonett,  A. Sodt,  T. Stein,  D. Stuck,  K. S. Thanthiriwatte,  
 V. Vanovschi,  L. Vogt,  Tao Wang,  A. Warshel,  M. A. Watson,  
 C. F. Williams,  Q. Wu,  X. Xu,  Jun Yang,  W. Zhang,  Yan Zhao

 Please cite Q-Chem as follows:
 Y. Shao et al., Mol. Phys. 113, 184-215 (2015)
 DOI: 10.1080/00268976.2014.952696

 Q-Chem 5.4.0 for Intel X86 EM64T Linux

 Parts of Q-Chem use Armadillo 9.800.1 (Horizon Scraper).
 http://arma.sourceforge.net/

 Q-Chem begins on Sat Feb  3 10:27:25 2024  

 Host: 
0

     Scratch files written to /expanse/lustre/scratch/selhajj/temp_project/qcscratch/28444843/qchem3652528//
 May1621 |scratch|qcdevops|jenkins|workspace|build_RNUM    
 Processing $rem in /cm/shared/apps/spack/cpu/opt/spack/linux-centos8-zen2/gcc-10.2.0/qchem-5.4-akfmr7b3t57bfs6qan3padb2wnb2i7cl/config/preferences:
 Processing $rem in /home/selhajj/.qchemrc:
 Symmetry turned off for PCM/SM12/SMD calculation
 Method-specific promolecule density matrix will be built for SM12 calculation

 Checking the input file for inconsistencies... 	...done.

--------------------------------------------------------------
User input:
--------------------------------------------------------------
$molecule
-1 2
Cl                 3.0043150000     -0.8511890000     -0.1888820000
C                  1.3132820000     -0.3365110000     -0.0815040000
C                  1.0288330000      0.9974100000     -0.0260450000
C                 -0.3351400000      1.4787530000      0.0625630000
O                 -0.6120430000      2.7073470000      0.1144470000
C                 -1.3575070000      0.4531190000      0.0874050000
C                 -1.0394580000     -0.8733070000      0.0303460000
Cl                -2.3427650000     -2.0711040000      0.0653450000
C                  0.3171630000     -1.4033500000     -0.0593610000
O                  0.5926080000     -2.6188390000     -0.1107650000
H                  1.8190580000      1.7379970000     -0.0468030000
H                 -2.3883470000      0.7796740000      0.1532530000
$end

$rem
BASIS  =  6-311++G(d,p)
GUI  =  2
JOB_TYPE  =  SP
METHOD  =  B3LYP
SCF_CONVERGENCE  = 8
SOLVENT_METHOD = sm12
$end

$smx
solvent dimethylformamide
charges CM5
$end





--------------------------------------------------------------
 ----------------------------------------------------------------
             Standard Nuclear Orientation (Angstroms)
    I     Atom           X                Y                Z
 ----------------------------------------------------------------
    1      Cl      3.0043150000    -0.8511890000    -0.1888820000
    2      C       1.3132820000    -0.3365110000    -0.0815040000
    3      C       1.0288330000     0.9974100000    -0.0260450000
    4      C      -0.3351400000     1.4787530000     0.0625630000
    5      O      -0.6120430000     2.7073470000     0.1144470000
    6      C      -1.3575070000     0.4531190000     0.0874050000
    7      C      -1.0394580000    -0.8733070000     0.0303460000
    8      Cl     -2.3427650000    -2.0711040000     0.0653450000
    9      C       0.3171630000    -1.4033500000    -0.0593610000
   10      O       0.5926080000    -2.6188390000    -0.1107650000
   11      H       1.8190580000     1.7379970000    -0.0468030000
   12      H      -2.3883470000     0.7796740000     0.1532530000
 ----------------------------------------------------------------
 Nuclear Repulsion Energy =         629.21775255 hartrees
 There are       45 alpha and       44 beta electrons
 Requested basis set is 6-311++G(d,p)
 There are 84 shells and 250 basis functions

 Total QAlloc Memory Limit   8000 MB
 Mega-Array Size       188 MB
 MEM_STATIC part       192 MB

                       Distance Matrix (Angstroms)
             Cl(  1)   C (  2)   C (  3)   C (  4)   O (  5)   C (  6)
   C (  2)  1.770880
   C (  3)  2.710418  1.365039
   C (  4)  4.079683  2.456264  1.449126
   O (  5)  5.082640  3.606986  2.374046  1.260480
   C (  6)  4.561036  2.790190  2.450253  1.448370  2.374446
   C (  7)  4.049772  2.415791  2.789371  2.455461  3.607054  1.365217
   Cl(  8)  5.490363  4.049328  4.559803  4.078241  5.082460  2.709783
   C (  9)  2.746351  1.459756  2.504243  2.957513  4.217993  2.504503
   O ( 10)  2.991157  2.393585  3.643450  4.204880  5.465360  3.644056
   H ( 11)  2.851123  2.135555  1.083215  2.172496  2.622192  3.429211
   H ( 12)  5.644251  3.873375  3.428801  2.170851  2.621581  1.083331
             C (  7)   Cl(  8)   C (  9)   O ( 10)   H ( 11)
   Cl(  8)  1.770467
   C (  9)  1.459251  2.745299
   O ( 10)  2.393832  2.991228  1.247368
   H ( 11)  3.872464  5.642925  3.481940  4.526620
   H ( 12)  2.137043  2.852497  3.482899  4.528321  4.319799
 
 A cutoff of  1.0D-11 yielded   2952 shell pairs
 There are     28042 function pairs (     30277 Cartesian)
 Smallest overlap matrix eigenvalue = 1.96E-06

 Q-Chem warning in module stvman/mkSTV.C, line 323:

 Overlap eigenvalue is smaller than square root of threshold
 Use THRESH >= 12 to get rid of this warning


 Scale SEOQF with 1.000000e-01/1.000000e-01/1.000000e-01

 Standard Electronic Orientation quadrupole field applied
 Nucleus-field energy     =     0.0000000276 hartrees
 ================ Generating on-the-fly Promolecule Density  ================
Attempting to make child job directory: /expanse/lustre/scratch/selhajj/temp_project/qcscratch/28444843/qchem3652528//Frg1/
Attempting to make child job directory: /expanse/lustre/scratch/selhajj/temp_project/qcscratch/28444843/qchem3652528//Frg2/
Attempting to make child job directory: /expanse/lustre/scratch/selhajj/temp_project/qcscratch/28444843/qchem3652528//Frg3/
Attempting to make child job directory: /expanse/lustre/scratch/selhajj/temp_project/qcscratch/28444843/qchem3652528//Frg4/
Creating input file /expanse/lustre/scratch/selhajj/temp_project/qcscratch/28444843/qchem3652528/Frg1.input
using default PutDataFrgm: nothing
calling putenv with: QCSCRATCH=/expanse/lustre/scratch/selhajj/temp_project/qcscratch/28444843/qchem3652528/ 
Spawning Job For Fragment 0
Done Job For Fragment 0
calling putenv with: QCSCRATCH=/expanse/lustre/scratch/selhajj/temp_project/qcscratch/28444843 
calling putenv with: QCTHREADS=8 
Creating input file /expanse/lustre/scratch/selhajj/temp_project/qcscratch/28444843/qchem3652528/Frg2.input
using default PutDataFrgm: nothing
calling putenv with: QCSCRATCH=/expanse/lustre/scratch/selhajj/temp_project/qcscratch/28444843/qchem3652528/ 
Spawning Job For Fragment 1
Done Job For Fragment 1
calling putenv with: QCSCRATCH=/expanse/lustre/scratch/selhajj/temp_project/qcscratch/28444843 
calling putenv with: QCTHREADS=8 
Creating input file /expanse/lustre/scratch/selhajj/temp_project/qcscratch/28444843/qchem3652528/Frg3.input
using default PutDataFrgm: nothing
calling putenv with: QCSCRATCH=/expanse/lustre/scratch/selhajj/temp_project/qcscratch/28444843/qchem3652528/ 
Spawning Job For Fragment 2
Done Job For Fragment 2
calling putenv with: QCSCRATCH=/expanse/lustre/scratch/selhajj/temp_project/qcscratch/28444843 
calling putenv with: QCTHREADS=8 
Creating input file /expanse/lustre/scratch/selhajj/temp_project/qcscratch/28444843/qchem3652528/Frg4.input
using default PutDataFrgm: nothing
calling putenv with: QCSCRATCH=/expanse/lustre/scratch/selhajj/temp_project/qcscratch/28444843/qchem3652528/ 
Spawning Job For Fragment 3
Done Job For Fragment 3
calling putenv with: QCSCRATCH=/expanse/lustre/scratch/selhajj/temp_project/qcscratch/28444843 
calling putenv with: QCTHREADS=8 
 Time for running child jobs:  CPU 0.16 s  wall 19.29 s
 ============= Method Specific Promolecule Density Constructed =============
 Guess from superposition of atomic densities
 Warning:  Energy on first SCF cycle will be non-variational
 SAD guess density has 88.000000 electrons

 -----------------------------------------------------------------------
  General SCF calculation program by
  Eric Jon Sundstrom, Paul Horn, Yuezhi Mao, Dmitri Zuev, Alec White,
  David Stuck, Shaama M.S., Shane Yost, Joonho Lee, David Small,
  Daniel Levine, Susi Lehtola, Hugh Burton, Evgeny Epifanovsky,
  Bang C. Huynh
 -----------------------------------------------------------------------
 Exchange:     0.2000 Hartree-Fock + 0.0800 Slater + 0.7200 B88
 Correlation:  0.1900 VWN1RPA + 0.8100 LYP
 Using SG-1 standard quadrature grid
 using 8 threads for integral computing
 -------------------------------------------------------
 OpenMP Integral computing Module                
 Release: version 1.0, May 2013, Q-Chem Inc. Pittsburgh 
 -------------------------------------------------------
 
 SM12 calculation using CM5 charges
 Citation of the SM12 model:
 Marenich, A.V.; Cramer, C.J.; Truhlar, D.G.
 J. Chem. Theory Comput. 2013, 9, 609-612.
 iSolventCode=          91
 Solvent: dimethylformamide                                               
 
Hirshfeld: reading atomic densities from disk.
warning:  vdwdata pointer should have been initialzed before dftman
 Inaccurate integrated density:
   Number of electrons =    89
   Numerical integral  =    87.999773667211
   Relative error      =    -1.1238498121 %

 Charges (in A.U.) from CM5PAC (Nov. 11, 2011)
 -----------------------------------------------
 Center     Atomic      CM5         Hirshfeld
 Number     Number      Charge      Charge
 -----------------------------------------------
    1         17        0.019290    0.018923
    2          6       -0.005514   -0.003729
    3          6       -0.049177   -0.002566
    4          6        0.031616    0.005934
    5          8       -0.057278   -0.015235
    6          6       -0.049197   -0.002597
    7          6       -0.005509   -0.003737
    8         17        0.019311    0.018941
    9          6        0.034357    0.001325
   10          8       -0.061411   -0.021424
   11          1        0.061873    0.002193
   12          1        0.061865    0.002198
 -----------------------------------------------

 Dipole moment (in Debye)
 -----------------------------------------------
                 X        Y        Z     Total
 -----------------------------------------------
 CM5         -0.0425   0.1872   0.0079   0.1921
 Hirshfeld    0.0295  -0.1309  -0.0055   0.1343
 -----------------------------------------------

 A unrestricted SCF calculation will be
 performed using DIIS
 SCF converges when DIIS error is below 1.0e-08
 ---------------------------------------
  Cycle       Energy         DIIS error
 ---------------------------------------
Hirshfeld: reading atomic densities from disk.

 Charges (in A.U.) from CM5PAC (Nov. 11, 2011)
 -----------------------------------------------
 Center     Atomic      CM5         Hirshfeld
 Number     Number      Charge      Charge
 -----------------------------------------------
    1         17        0.002410    0.002044
    2          6        0.062231    0.064015
    3          6       -0.279461   -0.232850
    4          6        0.200247    0.174565
    5          8       -0.671097   -0.629053
    6          6       -0.279399   -0.232799
    7          6        0.062439    0.064211
    8         17        0.002704    0.002334
    9          6        0.218513    0.185481
   10          8       -0.642159   -0.602172
   11          1        0.161867    0.102187
   12          1        0.162019    0.102352
 -----------------------------------------------

 Dipole moment (in Debye)
 -----------------------------------------------
                 X        Y        Z     Total
 -----------------------------------------------
 CM5          0.2371  -1.0881  -0.0455   1.1145
 Hirshfeld    0.3092  -1.4062  -0.0589   1.4410
 -----------------------------------------------

    1   -1302.8116075250      1.93e-02  
Hirshfeld: reading atomic densities from disk.

 Charges (in A.U.) from CM5PAC (Nov. 11, 2011)
 -----------------------------------------------
 Center     Atomic      CM5         Hirshfeld
 Number     Number      Charge      Charge
 -----------------------------------------------
    1         17       -0.232935   -0.233301
    2          6       -0.232657   -0.230872
    3          6        0.028477    0.075088
    4          6       -0.142205   -0.167888
    5          8        0.157332    0.199375
    6          6        0.027645    0.074244
    7          6       -0.233162   -0.231389
    8         17       -0.232897   -0.233267
    9          6       -0.264603   -0.297635
   10          8        0.115162    0.155149
   11          1        0.005217   -0.054464
   12          1        0.005069   -0.054598
 -----------------------------------------------

 Dipole moment (in Debye)
 -----------------------------------------------
                 X        Y        Z     Total
 -----------------------------------------------
 CM5         -1.4051   6.2533   0.2639   6.4146
 Hirshfeld   -1.3330   5.9352   0.2504   6.0882
 -----------------------------------------------

    2   -1300.6862340203      2.73e-03  
Hirshfeld: reading atomic densities from disk.

 Charges (in A.U.) from CM5PAC (Nov. 11, 2011)
 -----------------------------------------------
 Center     Atomic      CM5         Hirshfeld
 Number     Number      Charge      Charge
 -----------------------------------------------
    1         17       -0.137423   -0.137789
    2          6        0.049430    0.051214
    3          6       -0.077667   -0.031055
    4          6        0.072943    0.047261
    5          8       -0.542460   -0.500416
    6          6       -0.077410   -0.030811
    7          6        0.049683    0.051456
    8         17       -0.137429   -0.137799
    9          6        0.122820    0.089788
   10          8       -0.446656   -0.406669
   11          1        0.062232    0.002552
   12          1        0.062287    0.002620
 -----------------------------------------------

 Dipole moment (in Debye)
 -----------------------------------------------
                 X        Y        Z     Total
 -----------------------------------------------
 CM5         -0.0297   0.1074   0.0048   0.1115
 Hirshfeld    0.0424  -0.2107  -0.0086   0.2151
 -----------------------------------------------

    3   -1300.2310407542      5.10e-03  
Hirshfeld: reading atomic densities from disk.

 Charges (in A.U.) from CM5PAC (Nov. 11, 2011)
 -----------------------------------------------
 Center     Atomic      CM5         Hirshfeld
 Number     Number      Charge      Charge
 -----------------------------------------------
    1         17       -0.078477   -0.078843
    2          6       -0.034366   -0.032582
    3          6       -0.156332   -0.109721
    4          6        0.073393    0.047710
    5          8       -0.395804   -0.353761
    6          6       -0.156470   -0.109871
    7          6       -0.034421   -0.032648
    8         17       -0.078387   -0.078757
    9          6        0.070463    0.037431
   10          8       -0.397357   -0.357370
   11          1        0.093995    0.034315
   12          1        0.094087    0.034420
 -----------------------------------------------

 Dipole moment (in Debye)
 -----------------------------------------------
                 X        Y        Z     Total
 -----------------------------------------------
 CM5         -0.2840   1.2457   0.0528   1.2787
 Hirshfeld   -0.2119   0.9276   0.0394   0.9523
 -----------------------------------------------

    4   -1300.8743125147      8.90e-04  
Hirshfeld: reading atomic densities from disk.

 Charges (in A.U.) from CM5PAC (Nov. 11, 2011)
 -----------------------------------------------
 Center     Atomic      CM5         Hirshfeld
 Number     Number      Charge      Charge
 -----------------------------------------------
    1         17       -0.108461   -0.108828
    2          6       -0.012684   -0.010900
    3          6       -0.134867   -0.088255
    4          6        0.080622    0.054940
    5          8       -0.436091   -0.394048
    6          6       -0.134912   -0.088313
    7          6       -0.012585   -0.010812
    8         17       -0.108407   -0.108777
    9          6        0.066174    0.033142
   10          8       -0.377314   -0.337327
   11          1        0.089389    0.029709
   12          1        0.089466    0.029799
 -----------------------------------------------

 Dipole moment (in Debye)
 -----------------------------------------------
                 X        Y        Z     Total
 -----------------------------------------------
 CM5         -0.2155   0.9385   0.0399   0.9638
 Hirshfeld   -0.1434   0.6204   0.0264   0.6373
 -----------------------------------------------

    5   -1300.8951413918      3.04e-04  
Hirshfeld: reading atomic densities from disk.

 Charges (in A.U.) from CM5PAC (Nov. 11, 2011)
 -----------------------------------------------
 Center     Atomic      CM5         Hirshfeld
 Number     Number      Charge      Charge
 -----------------------------------------------
    1         17       -0.104945   -0.105311
    2          6       -0.013364   -0.011580
    3          6       -0.133072   -0.086461
    4          6        0.072708    0.047026
    5          8       -0.420992   -0.378949
    6          6       -0.133110   -0.086510
    7          6       -0.013319   -0.011547
    8         17       -0.104884   -0.105254
    9          6        0.075763    0.042731
   10          8       -0.400274   -0.360286
   11          1        0.087869    0.028189
   12          1        0.087949    0.028282
 -----------------------------------------------

 Dipole moment (in Debye)
 -----------------------------------------------
                 X        Y        Z     Total
 -----------------------------------------------
 CM5         -0.2862   1.2517   0.0531   1.2851
 Hirshfeld   -0.2141   0.9336   0.0397   0.9587
 -----------------------------------------------

    6   -1300.8986421871      1.28e-04  
Hirshfeld: reading atomic densities from disk.

 Charges (in A.U.) from CM5PAC (Nov. 11, 2011)
 -----------------------------------------------
 Center     Atomic      CM5         Hirshfeld
 Number     Number      Charge      Charge
 -----------------------------------------------
    1         17       -0.102070   -0.102436
    2          6       -0.014929   -0.013145
    3          6       -0.135513   -0.088902
    4          6        0.074293    0.048610
    5          8       -0.427052   -0.385009
    6          6       -0.135552   -0.088953
    7          6       -0.014885   -0.013113
    8         17       -0.102010   -0.102380
    9          6        0.073904    0.040871
   10          8       -0.392211   -0.352224
   11          1        0.088137    0.028457
   12          1        0.088219    0.028552
 -----------------------------------------------

 Dipole moment (in Debye)
 -----------------------------------------------
                 X        Y        Z     Total
 -----------------------------------------------
 CM5         -0.2406   1.0503   0.0446   1.0784
 Hirshfeld   -0.1685   0.7322   0.0311   0.7520
 -----------------------------------------------

    7   -1300.8989376644      5.64e-05  
Hirshfeld: reading atomic densities from disk.

 Charges (in A.U.) from CM5PAC (Nov. 11, 2011)
 -----------------------------------------------
 Center     Atomic      CM5         Hirshfeld
 Number     Number      Charge      Charge
 -----------------------------------------------
    1         17       -0.103314   -0.103680
    2          6       -0.014067   -0.012283
    3          6       -0.135235   -0.088624
    4          6        0.075733    0.050051
    5          8       -0.425960   -0.383917
    6          6       -0.135276   -0.088676
    7          6       -0.014004   -0.012231
    8         17       -0.103257   -0.103627
    9          6        0.073380    0.040348
   10          8       -0.393917   -0.353930
   11          1        0.088082    0.028401
   12          1        0.088163    0.028496
 -----------------------------------------------

 Dipole moment (in Debye)
 -----------------------------------------------
                 X        Y        Z     Total
 -----------------------------------------------
 CM5         -0.2549   1.1134   0.0473   1.1432
 Hirshfeld   -0.1829   0.7953   0.0338   0.8167
 -----------------------------------------------

    8   -1300.8988980855      1.96e-05  
Hirshfeld: reading atomic densities from disk.

 Charges (in A.U.) from CM5PAC (Nov. 11, 2011)
 -----------------------------------------------
 Center     Atomic      CM5         Hirshfeld
 Number     Number      Charge      Charge
 -----------------------------------------------
    1         17       -0.103291   -0.103657
    2          6       -0.013893   -0.012108
    3          6       -0.135465   -0.088853
    4          6        0.073754    0.048072
    5          8       -0.425771   -0.383727
    6          6       -0.135498   -0.088898
    7          6       -0.013854   -0.012081
    8         17       -0.103231   -0.103601
    9          6        0.074425    0.041393
   10          8       -0.393295   -0.353308
   11          1        0.088182    0.028501
   12          1        0.088264    0.028598
 -----------------------------------------------

 Dipole moment (in Debye)
 -----------------------------------------------
                 X        Y        Z     Total
 -----------------------------------------------
 CM5         -0.2485   1.0853   0.0461   1.1143
 Hirshfeld   -0.1765   0.7672   0.0326   0.7879
 -----------------------------------------------

    9   -1300.8989790870      8.25e-06  
Hirshfeld: reading atomic densities from disk.

 Charges (in A.U.) from CM5PAC (Nov. 11, 2011)
 -----------------------------------------------
 Center     Atomic      CM5         Hirshfeld
 Number     Number      Charge      Charge
 -----------------------------------------------
    1         17       -0.103258   -0.103625
    2          6       -0.014333   -0.012548
    3          6       -0.135025   -0.088414
    4          6        0.074719    0.049037
    5          8       -0.425845   -0.383802
    6          6       -0.135061   -0.088462
    7          6       -0.014276   -0.012504
    8         17       -0.103201   -0.103571
    9          6        0.073865    0.040833
   10          8       -0.393563   -0.353576
   11          1        0.088113    0.028433
   12          1        0.088195    0.028528
 -----------------------------------------------

 Dipole moment (in Debye)
 -----------------------------------------------
                 X        Y        Z     Total
 -----------------------------------------------
 CM5         -0.2525   1.1026   0.0468   1.1321
 Hirshfeld   -0.1804   0.7845   0.0333   0.8057
 -----------------------------------------------

   10   -1300.8989734832      5.34e-06  
Hirshfeld: reading atomic densities from disk.

 Charges (in A.U.) from CM5PAC (Nov. 11, 2011)
 -----------------------------------------------
 Center     Atomic      CM5         Hirshfeld
 Number     Number      Charge      Charge
 -----------------------------------------------
    1         17       -0.103332   -0.103698
    2          6       -0.014021   -0.012237
    3          6       -0.135294   -0.088682
    4          6        0.074654    0.048972
    5          8       -0.425741   -0.383698
    6          6       -0.135329   -0.088730
    7          6       -0.013969   -0.012197
    8         17       -0.103274   -0.103644
    9          6        0.073907    0.040875
   10          8       -0.393549   -0.353562
   11          1        0.088097    0.028417
   12          1        0.088179    0.028513
 -----------------------------------------------

 Dipole moment (in Debye)
 -----------------------------------------------
                 X        Y        Z     Total
 -----------------------------------------------
 CM5         -0.2519   1.1002   0.0467   1.1296
 Hirshfeld   -0.1799   0.7821   0.0332   0.8032
 -----------------------------------------------

   11   -1300.8989793254      1.74e-06  
Hirshfeld: reading atomic densities from disk.

 Charges (in A.U.) from CM5PAC (Nov. 11, 2011)
 -----------------------------------------------
 Center     Atomic      CM5         Hirshfeld
 Number     Number      Charge      Charge
 -----------------------------------------------
    1         17       -0.103325   -0.103691
    2          6       -0.014114   -0.012330
    3          6       -0.135202   -0.088591
    4          6        0.074627    0.048945
    5          8       -0.425713   -0.383670
    6          6       -0.135238   -0.088638
    7          6       -0.014062   -0.012290
    8         17       -0.103267   -0.103637
    9          6        0.073898    0.040866
   10          8       -0.393562   -0.353575
   11          1        0.088103    0.028422
   12          1        0.088185    0.028518
 -----------------------------------------------

 Dipole moment (in Debye)
 -----------------------------------------------
                 X        Y        Z     Total
 -----------------------------------------------
 CM5         -0.2523   1.1018   0.0468   1.1312
 Hirshfeld   -0.1802   0.7837   0.0333   0.8048
 -----------------------------------------------

   12   -1300.8989809490      7.15e-07  
Hirshfeld: reading atomic densities from disk.

 Charges (in A.U.) from CM5PAC (Nov. 11, 2011)
 -----------------------------------------------
 Center     Atomic      CM5         Hirshfeld
 Number     Number      Charge      Charge
 -----------------------------------------------
    1         17       -0.103328   -0.103695
    2          6       -0.014112   -0.012327
    3          6       -0.135210   -0.088598
    4          6        0.074644    0.048962
    5          8       -0.425706   -0.383663
    6          6       -0.135245   -0.088646
    7          6       -0.014058   -0.012285
    8         17       -0.103271   -0.103641
    9          6        0.073896    0.040864
   10          8       -0.393568   -0.353581
   11          1        0.088103    0.028422
   12          1        0.088185    0.028518
 -----------------------------------------------

 Dipole moment (in Debye)
 -----------------------------------------------
                 X        Y        Z     Total
 -----------------------------------------------
 CM5         -0.2523   1.1020   0.0468   1.1315
 Hirshfeld   -0.1803   0.7839   0.0333   0.8051
 -----------------------------------------------

   13   -1300.8989809597      2.59e-07  
Hirshfeld: reading atomic densities from disk.

 Charges (in A.U.) from CM5PAC (Nov. 11, 2011)
 -----------------------------------------------
 Center     Atomic      CM5         Hirshfeld
 Number     Number      Charge      Charge
 -----------------------------------------------
    1         17       -0.103326   -0.103692
    2          6       -0.014111   -0.012327
    3          6       -0.135210   -0.088598
    4          6        0.074641    0.048958
    5          8       -0.425701   -0.383658
    6          6       -0.135245   -0.088646
    7          6       -0.014060   -0.012288
    8         17       -0.103268   -0.103638
    9          6        0.073894    0.040861
   10          8       -0.393574   -0.353587
   11          1        0.088104    0.028423
   12          1        0.088186    0.028519
 -----------------------------------------------

 Dipole moment (in Debye)
 -----------------------------------------------
                 X        Y        Z     Total
 -----------------------------------------------
 CM5         -0.2524   1.1021   0.0468   1.1316
 Hirshfeld   -0.1803   0.7840   0.0333   0.8052
 -----------------------------------------------

   14   -1300.8989812666      1.25e-07  
Hirshfeld: reading atomic densities from disk.

 Charges (in A.U.) from CM5PAC (Nov. 11, 2011)
 -----------------------------------------------
 Center     Atomic      CM5         Hirshfeld
 Number     Number      Charge      Charge
 -----------------------------------------------
    1         17       -0.103328   -0.103694
    2          6       -0.014113   -0.012329
    3          6       -0.135209   -0.088598
    4          6        0.074643    0.048961
    5          8       -0.425699   -0.383655
    6          6       -0.135245   -0.088646
    7          6       -0.014058   -0.012285
    8         17       -0.103271   -0.103641
    9          6        0.073896    0.040864
   10          8       -0.393578   -0.353591
   11          1        0.088104    0.028423
   12          1        0.088186    0.028519
 -----------------------------------------------

 Dipole moment (in Debye)
 -----------------------------------------------
                 X        Y        Z     Total
 -----------------------------------------------
 CM5         -0.2524   1.1023   0.0468   1.1318
 Hirshfeld   -0.1803   0.7842   0.0333   0.8053
 -----------------------------------------------

   15   -1300.8989811857      3.67e-08  
Hirshfeld: reading atomic densities from disk.

 Charges (in A.U.) from CM5PAC (Nov. 11, 2011)
 -----------------------------------------------
 Center     Atomic      CM5         Hirshfeld
 Number     Number      Charge      Charge
 -----------------------------------------------
    1         17       -0.103329   -0.103695
    2          6       -0.014109   -0.012325
    3          6       -0.135209   -0.088598
    4          6        0.074642    0.048960
    5          8       -0.425698   -0.383654
    6          6       -0.135244   -0.088645
    7          6       -0.014060   -0.012287
    8         17       -0.103270   -0.103640
    9          6        0.073893    0.040861
   10          8       -0.393578   -0.353591
   11          1        0.088104    0.028423
   12          1        0.088186    0.028519
 -----------------------------------------------

 Dipole moment (in Debye)
 -----------------------------------------------
                 X        Y        Z     Total
 -----------------------------------------------
 CM5         -0.2524   1.1023   0.0468   1.1318
 Hirshfeld   -0.1803   0.7842   0.0333   0.8053
 -----------------------------------------------

   16   -1300.8989813346      1.63e-08  
Hirshfeld: reading atomic densities from disk.

 Charges (in A.U.) from CM5PAC (Nov. 11, 2011)
 -----------------------------------------------
 Center     Atomic      CM5         Hirshfeld
 Number     Number      Charge      Charge
 -----------------------------------------------
    1         17       -0.103328   -0.103694
    2          6       -0.014112   -0.012327
    3          6       -0.135209   -0.088598
    4          6        0.074642    0.048960
    5          8       -0.425697   -0.383654
    6          6       -0.135245   -0.088645
    7          6       -0.014058   -0.012285
    8         17       -0.103270   -0.103640
    9          6        0.073894    0.040862
   10          8       -0.393578   -0.353591
   11          1        0.088104    0.028424
   12          1        0.088186    0.028519
 -----------------------------------------------

 Dipole moment (in Debye)
 -----------------------------------------------
                 X        Y        Z     Total
 -----------------------------------------------
 CM5         -0.2524   1.1023   0.0468   1.1318
 Hirshfeld   -0.1803   0.7842   0.0333   0.8053
 -----------------------------------------------

   17   -1300.8989813180      1.03e-08  
   18   -1300.8989813255      3.04e-09  Convergence criterion met
 ---------------------------------------
 SCF time:   CPU 929.49s  wall 117.00s 
<S^2> =          0.761101515
(1)  E-EN(liq) elect-nuc energy of solute              -1300.898981325 a.u.
(2)  G-P(liq) polarization free energy of solvation           -41.8505 kcal/mol
(3)  G-ENP(liq) elect-nuc-pol free energy of system    -1300.965674385 a.u.
(4)  G-CDS(liq) cavity-dispersion-solvent structure 
     free energy                                               -6.4171 kcal/mol
(5)  G-P-CDS(liq) = G-P(liq) + G-CDS(liq) = (2) + (4)         -48.2676 kcal/mol
(6)  G-S(liq) free energy of system = (1) + (5)        -1300.975900702 a.u.
 SCF   energy in the final basis set =    -1300.9759007023
 Total energy in the final basis set =    -1300.9759007023
 
 --------------------------------------------------------------
 
                    Orbital Energies (a.u.)
 --------------------------------------------------------------
 
 Alpha MOs
 -- Occupied --
********-101.5517 -19.0894 -19.0863 -10.2435 -10.2355 -10.2354 -10.2354
-10.1818 -10.1818  -9.4655  -9.4655  -7.2301  -7.2299  -7.2208  -7.2208
 -7.2200  -7.2199  -1.0194  -1.0080  -0.8812  -0.8683  -0.8058  -0.7360
 -0.6966  -0.6019  -0.5818  -0.5037  -0.4853  -0.4559  -0.4352  -0.4351
 -0.4171  -0.3979  -0.3889  -0.3862  -0.3615  -0.3368  -0.3161  -0.3096
 -0.2827  -0.2569  -0.2563  -0.2490  -0.1747
 -- Virtual --
 -0.0293  -0.0263  -0.0172  -0.0133   0.0047   0.0161   0.0169   0.0302
  0.0336   0.0449   0.0526   0.0614   0.0673   0.0702   0.0724   0.0820
  0.0839   0.0914   0.0984   0.0984   0.1043   0.1113   0.1153   0.1215
  0.1297   0.1359   0.1470   0.1569   0.1584   0.1709   0.1747   0.1832
  0.1905   0.2020   0.2189   0.2239   0.2322   0.2354   0.2417   0.2547
  0.2653   0.2763   0.2768   0.2806   0.2981   0.3055   0.3086   0.3229
  0.3398   0.3529   0.3582   0.3764   0.3861   0.3998   0.4122   0.4440
  0.4469   0.4642   0.4691   0.4748   0.5134   0.5249   0.5261   0.5275
  0.5781   0.5837   0.5889   0.5992   0.6016   0.6183   0.6236   0.6288
  0.6613   0.7096   0.7108   0.7582   0.7653   0.7756   0.8192   0.8473
  0.8498   0.8580   0.8599   0.8686   0.8686   0.8811   0.8835   0.9110
  0.9186   0.9254   0.9418   0.9519   0.9658   0.9816   1.0036   1.0104
  1.0581   1.0911   1.0964   1.1118   1.1307   1.1734   1.2032   1.2073
  1.2220   1.2374   1.2397   1.2672   1.2856   1.2953   1.2969   1.3152
  1.3361   1.4528   1.4823   1.5452   1.5760   1.5948   1.6069   1.6130
  1.6830   1.7503   1.7600   1.7756   1.7892   1.8059   1.8240   1.8358
  1.9261   1.9347   1.9561   1.9621   2.0581   2.0592   2.1158   2.1595
  2.1796   2.2329   2.2336   2.2765   2.2837   2.3457   2.3653   2.4574
  2.5225   2.5419   2.5521   2.5544   2.6025   2.6086   2.7159   2.7161
  2.7305   2.7327   2.7650   2.8267   2.8293   2.9199   2.9273   2.9487
  2.9588   3.0334   3.0617   3.1251   3.1714   3.2040   3.2213   3.2686
  3.3211   3.3467   3.4628   3.4945   3.5529   3.5715   3.7148   3.7153
  3.9201   4.0859   4.1240   4.2158   4.7453   5.0590   5.0754   5.2139
  5.2478   5.7033   5.7901   9.7593   9.8012  23.5367  23.7647  23.8889
 23.9364  24.0941  24.1358  25.8301  25.8472  26.1209  26.2080  26.5844
 26.6024  50.0127  50.0549 215.7462 215.7960
 
 Beta MOs
 -- Occupied --
********-101.5517 -19.0820 -19.0788 -10.2424 -10.2346 -10.2343 -10.2343
-10.1806 -10.1806  -9.4655  -9.4655  -7.2301  -7.2299  -7.2207  -7.2207
 -7.2200  -7.2199  -1.0069  -0.9950  -0.8774  -0.8673  -0.8021  -0.7336
 -0.6864  -0.5978  -0.5778  -0.5016  -0.4811  -0.4533  -0.4344  -0.4193
 -0.4095  -0.3925  -0.3842  -0.3616  -0.3584  -0.3225  -0.3157  -0.3092
 -0.2536  -0.2502  -0.2492  -0.2421
 -- Virtual --
 -0.1017  -0.0260  -0.0171  -0.0152  -0.0125   0.0049   0.0177   0.0306
  0.0307   0.0440   0.0454   0.0531   0.0629   0.0680   0.0717   0.0724
  0.0824   0.0840   0.0931   0.0986   0.0995   0.1045   0.1118   0.1159
  0.1223   0.1302   0.1391   0.1471   0.1576   0.1697   0.1719   0.1751
  0.1828   0.1910   0.2030   0.2192   0.2263   0.2342   0.2354   0.2432
  0.2551   0.2673   0.2778   0.2816   0.2829   0.2993   0.3095   0.3115
  0.3236   0.3415   0.3538   0.3597   0.3777   0.3873   0.4040   0.4151
  0.4447   0.4480   0.4646   0.4698   0.4760   0.5163   0.5275   0.5282
  0.5302   0.5816   0.5903   0.5908   0.6028   0.6072   0.6193   0.6263
  0.6314   0.6648   0.7113   0.7115   0.7602   0.7661   0.7774   0.8203
  0.8495   0.8504   0.8598   0.8658   0.8694   0.8698   0.8822   0.8851
  0.9130   0.9193   0.9262   0.9430   0.9531   0.9667   0.9886   1.0053
  1.0135   1.0595   1.0962   1.1099   1.1148   1.1458   1.1746   1.2101
  1.2141   1.2256   1.2406   1.2482   1.2676   1.2887   1.2983   1.3031
  1.3203   1.3390   1.4586   1.4835   1.5465   1.5774   1.5985   1.6087
  1.6174   1.6876   1.7572   1.7628   1.7781   1.7945   1.8107   1.8277
  1.8425   1.9337   1.9376   1.9578   1.9664   2.0600   2.0648   2.1206
  2.1628   2.1809   2.2362   2.2389   2.2779   2.2846   2.3483   2.3657
  2.4595   2.5237   2.5428   2.5542   2.5547   2.6101   2.6115   2.7181
  2.7241   2.7330   2.7399   2.7659   2.8356   2.8401   2.9414   2.9472
  2.9668   2.9736   3.0413   3.0636   3.1300   3.1731   3.2089   3.2232
  3.2705   3.3401   3.3656   3.4662   3.4978   3.5593   3.5744   3.7173
  3.7204   3.9250   4.0896   4.1282   4.2196   4.7503   5.0900   5.1063
  5.2202   5.2540   5.7094   5.7961   9.7593   9.8013  23.5380  23.7661
 23.8902  23.9376  24.0954  24.1371  25.8303  25.8474  26.1209  26.2080
 26.5844  26.6023  50.0202  50.0624 215.7462 215.7960
 --------------------------------------------------------------
 
          Ground-State Mulliken Net Atomic Charges

     Atom                 Charge (a.u.)    Spin (a.u.)
  --------------------------------------------------------
      1 Cl                    0.470883       0.003821
      2 C                     1.276813       0.088503
      3 C                    -0.540107       0.088193
      4 C                    -1.246166       0.091768
      5 O                    -0.395203       0.264328
      6 C                    -0.532050       0.088483
      7 C                     1.276266       0.089550
      8 Cl                    0.471707       0.003894
      9 C                    -1.909627       0.022138
     10 O                    -0.272407       0.274435
     11 H                     0.199896      -0.007542
     12 H                     0.199995      -0.007572
  --------------------------------------------------------
  Sum of atomic charges =    -1.000000
  Sum of spin   charges =     1.000000

 -----------------------------------------------------------------
                    Cartesian Multipole Moments
 -----------------------------------------------------------------
    Charge (ESU x 10^10)
                -4.8032
    Dipole Moment (Debye)
         X      -0.2871      Y       1.2621      Z       0.0530
       Tot       1.2954
    Quadrupole Moments (Debye-Ang)
        XX     -84.1111     XY       6.0259     YY    -109.4775
        XZ       0.7170     YZ      -1.3829     ZZ     -74.3433
    Octopole Moments (Debye-Ang^2)
       XXX     -32.4785    XXY      46.1593    XYY       0.1190
       YYY      97.0390    XXZ       2.3188    XYZ      -0.4543
       YYZ       0.8890    XZZ      -7.6578    YZZ      33.5737
       ZZZ       4.2589
    Hexadecapole Moments (Debye-Ang^3)
      XXXX   -1533.1028   XXXY     -36.6803   XXYY    -472.5256
      XYYY      31.0934   YYYY   -1521.7846   XXXZ      37.8386
      XXYZ      -5.4178   XYYZ      15.4650   YYYZ     -27.5491
      XXZZ    -273.1981   XYZZ     -12.9282   YYZZ    -221.1032
      XZZZ      38.5115   YZZZ     -15.0307   ZZZZ     -92.6086
 -----------------------------------------------------------------
 Total job time:  139.66s(wall), 935.59s(cpu) 
 Sat Feb  3 10:29:44 2024

        *************************************************************
        *                                                           *
        *  Thank you very much for using Q-Chem.  Have a nice day.  *
        *                                                           *
        *************************************************************


