
Running Job 1 of 1 185-CPCM.in
qchem 185-CPCM.in_2411644.0 /expanse/lustre/scratch/selhajj/temp_project/qcscratch/31251297/qchem2411644/ 0
/cm/shared/apps/spack/cpu/opt/spack/linux-centos8-zen2/gcc-10.2.0/qchem-5.4-akfmr7b3t57bfs6qan3padb2wnb2i7cl/exe/qcprog.exe_s 185-CPCM.in_2411644.0 /expanse/lustre/scratch/selhajj/temp_project/qcscratch/31251297/qchem2411644/
                  Welcome to Q-Chem
     A Quantum Leap Into The Future Of Chemistry


 Q-Chem 5.4, Q-Chem, Inc., Pleasanton, CA (2021)

 License issued to: University of California, San Diego (site)

 E. Epifanovsky,  A. T. B. Gilbert,  Xintian Feng,  Joonho Lee,  Yuezhi Mao,  
 N. Mardirossian,  P. Pokhilko,  A. White,  M. Wormit,  M. P. Coons,  
 A. L. Dempwolff,  Zhengting Gan,  D. Hait,  P. R. Horn,  L. D. Jacobson,  
 I. Kaliman,  J. Kussmann,  A. W. Lange,  Ka Un Lao,  D. S. Levine,  Jie Liu,  
 S. C. McKenzie,  A. F. Morrison,  K. Nanda,  F. Plasser,  D. R. Rehn,  
 M. L. Vidal,  Zhi-Qiang You,  Ying Zhu,  B. Alam,  B. Albrecht,  
 A. Aldossary,  E. Alguire,  J. H. Andersen,  D. Barton,  K. Begam,  A. Behn,  
 Y. A. Bernard,  E. J. Berquist,  H. Burton,  A. Carreras,  K. Carter-Fenk,  
 R. Chakraborty,  A. D. Chien,  K. D. Closser,  V. Cofer-Shabica,  
 S. Dasgupta,  Jia Deng,  M. de Wergifosse,  M. Diedenhofen,  Hainam Do,  
 S. Ehlert,  Po-Tung Fang,  S. Fatehi,  Qingguo Feng,  J. Gayvert,  
 Qinghui Ge,  G. Gidofalvi,  M. Goldey,  J. Gomes,  C. Gonzalez-Espinoza,  
 S. Gulania,  A. Gunina,  M. W. D. Hanson-Heine,  P. H. P. Harbach,  
 A. W. Hauser,  M. F. Herbst,  M. Hernandez Vera,  M. Hodecker,  
 Z. C. Holden,  S. Houck,  Xunkun Huang,  Kerwin Hui,  B. C. Huynh,  
 M. Ivanov,  Hyunjun Ji,  Hanjie Jiang,  B. Kaduk,  S. Kaehler,  
 K. Khistyaev,  Jaehoon Kim,  P. Klunzinger,  Z. Koczor-Benda,  
 Joong Hoon Koh,  D. Kosenkov,  L. Koulias,  T. Kowalczyk,  C. M. Krauter,  
 K. Kue,  A. Kunitsa,  T. Kus,  A. Landau,  K. V. Lawler,  D. Lefrancois,  
 S. Lehtola,  Rain Li,  Yi-Pei Li,  Jiashu Liang,  M. Liebenthal,  
 Hung-Hsuan Lin,  You-Sheng Lin,  Fenglai Liu,  Kuan-Yu Liu,  
 M. Loipersberger,  A. Luenser,  A. Manjanath,  P. Manohar,  E. Mansoor,  
 S. F. Manzer,  Shan-Ping Mao,  A. V. Marenich,  T. Markovich,  S. Mason,  
 S. A. Maurer,  P. F. McLaughlin,  M. F. S. J. Menger,  J.-M. Mewes,  
 S. A. Mewes,  P. Morgante,  J. W. Mullinax,  T. S. Nguyen-Beck,  
 K. J. Oosterbaan,  G. Paran,  Alexander C. Paul,  Suranjan K. Paul,  
 F. Pavosevic,  Zheng Pei,  S. Prager,  E. I. Proynov,  E. Ramos,  B. Rana,  
 A. E. Rask,  A. Rettig,  R. M. Richard,  F. Rob,  E. Rossomme,  T. Scheele,  
 M. Scheurer,  M. Schneider,  N. Sergueev,  S. M. Sharada,  W. Skomorowski,  
 D. W. Small,  C. J. Stein,  Yu-Chuan Su,  E. J. Sundstrom,  Zhen Tao,  
 J. Thirman,  T. Tsuchimochi,  N. M. Tubman,  S. P. Veccham,  O. Vydrov,  
 J. Wenzel,  J. Witte,  A. Yamada,  Kun Yao,  S. Yeganeh,  S. R. Yost,  
 A. Zech,  Igor Ying Zhang,  Xing Zhang,  Yu Zhang,  D. Zuev,  
 A. Aspuru-Guzik,  A. T. Bell,  N. A. Besley,  K. B. Bravaya,  B. R. Brooks,  
 D. Casanova,  Jeng-Da Chai,  S. Coriani,  C. J. Cramer,  
 A. E. DePrince, III,  R. A. DiStasio Jr.,  A. Dreuw,  B. D. Dunietz,  
 T. R. Furlani,  W. A. Goddard III,  S. Grimme,  S. Hammes-Schiffer,  
 T. Head-Gordon,  W. J. Hehre,  Chao-Ping Hsu,  T.-C. Jagau,  Yousung Jung,  
 A. Klamt,  Jing Kong,  D. S. Lambrecht,  WanZhen Liang,  N. J. Mayhall,  
 C. W. McCurdy,  J. B. Neaton,  C. Ochsenfeld,  J. A. Parkhill,  R. Peverati,  
 V. A. Rassolov,  Yihan Shao,  L. V. Slipchenko,  T. Stauch,  R. P. Steele,  
 J. E. Subotnik,  A. J. W. Thom,  A. Tkatchenko,  D. G. Truhlar,  
 T. Van Voorhis,  T. A. Wesolowski,  K. B. Whaley,  H. L. Woodcock III,  
 P. M. Zimmerman,  S. Faraji,  P. M. W. Gill,  M. Head-Gordon,  
 J. M. Herbert,  A. I. Krylov

 Contributors to earlier versions of Q-Chem not listed above: 
 R. D. Adamson,  B. Austin,  R. Baer,  J. Baker,  G. J. O. Beran,  
 K. Brandhorst,  S. T. Brown,  E. F. C. Byrd,  A. K. Chakraborty,  
 G. K. L. Chan,  Chun-Min Chang,  Yunqing Chen,  C.-L. Cheng,  
 Siu Hung Chien,  D. M. Chipman,  D. L. Crittenden,  H. Dachsel,  
 R. J. Doerksen,  A. D. Dutoi,  R. G. Edgar,  J. Fosso-Tande,  
 L. Fusti-Molnar,  D. Ghosh,  A. Ghysels,  A. Golubeva-Zadorozhnaya,  
 J. Gonthier,  M. S. Gordon,  S. R. Gwaltney,  G. Hawkins,  J. E. Herr,  
 A. Heyden,  S. Hirata,  E. G. Hohenstein,  G. Kedziora,  F. J. Keil,  
 C. Kelley,  Jihan Kim,  R. A. King,  R. Z. Khaliullin,  P. P. Korambath,  
 W. Kurlancheek,  A. Laurent,  A. M. Lee,  M. S. Lee,  S. V. Levchenko,  
 Ching Yeh Lin,  D. Liotard,  E. Livshits,  R. C. Lochan,  I. Lotan,  
 L. A. Martinez-Martinez,  P. E. Maslen,  N. Nair,  D. P. O'Neill,  
 D. Neuhauser,  E. Neuscamman,  C. M. Oana,  R. Olivares-Amaya,  R. Olson,  
 T. M. Perrine,  B. Peters,  P. A. Pieniazek,  A. Prociuk,  Y. M. Rhee,  
 J. Ritchie,  M. A. Rohrdanz,  E. Rosta,  N. J. Russ,  H. F. Schaefer III,  
 M. W. Schmidt,  N. E. Schultz,  S. Sharma,  N. Shenvi,  C. D. Sherrill,  
 A. C. Simmonett,  A. Sodt,  T. Stein,  D. Stuck,  K. S. Thanthiriwatte,  
 V. Vanovschi,  L. Vogt,  Tao Wang,  A. Warshel,  M. A. Watson,  
 C. F. Williams,  Q. Wu,  X. Xu,  Jun Yang,  W. Zhang,  Yan Zhao

 Please cite Q-Chem as follows:
 Y. Shao et al., Mol. Phys. 113, 184-215 (2015)
 DOI: 10.1080/00268976.2014.952696

 Q-Chem 5.4.0 for Intel X86 EM64T Linux

 Parts of Q-Chem use Armadillo 9.800.1 (Horizon Scraper).
 http://arma.sourceforge.net/

 Q-Chem begins on Tue Jun 11 20:20:32 2024  

 Host: 
0

     Scratch files written to /expanse/lustre/scratch/selhajj/temp_project/qcscratch/31251297/qchem2411644//
 May1621 |scratch|qcdevops|jenkins|workspace|build_RNUM    
 Processing $rem in /cm/shared/apps/spack/cpu/opt/spack/linux-centos8-zen2/gcc-10.2.0/qchem-5.4-akfmr7b3t57bfs6qan3padb2wnb2i7cl/config/preferences:
 Processing $rem in /home/selhajj/.qchemrc:
 Symmetry turned off for PCM/SM12/SMD calculation

 Checking the input file for inconsistencies... 	...done.

--------------------------------------------------------------
User input:
--------------------------------------------------------------
$molecule
0 1
C                  4.9029970000     -2.8623300000     -0.3630670000
C                  5.6242480000     -1.9593240000     -1.1344150000
C                  5.0332520000     -0.7631140000     -1.5522490000
C                  3.5821630000     -2.5776760000     -0.0015730000
C                  2.9874270000     -1.3738800000     -0.4220410000
C                  3.7217120000     -0.4713050000     -1.1982320000
C                  2.8258940000     -3.5522360000      0.8221110000
C                  1.4474290000     -3.2304490000      1.1860720000
C                  0.8433200000     -2.0076170000      0.7590090000
C                  1.5884370000     -1.0473370000     -0.0526500000
C                  0.7096640000     -4.1371010000      1.9658330000
C                 -0.6241450000     -3.8250770000      2.3177490000
C                 -0.4835350000     -1.7216860000      1.1223230000
C                 -1.2040090000     -2.6512800000      1.9078190000
O                  3.3609220000     -4.6119130000      1.1879220000
O                  1.0732700000      0.0183050000     -0.4294500000
O                  1.2072560000     -5.2999230000      2.4018010000
H                  5.3415860000     -3.7941920000     -0.0291290000
H                  6.6476550000     -2.1836850000     -1.4124840000
H                  5.5989310000     -0.0609540000     -2.1539160000
H                  3.2452170000      0.4491570000     -1.5111740000
H                  2.1378360000     -5.3571370000      2.0691330000
O                 -1.1148320000     -0.5990540000      0.7603470000
H                 -2.2252320000     -2.4069470000      2.1743360000
H                 -1.1710960000     -4.5408630000      2.9195170000
H                 -0.4740780000     -0.0693730000      0.2229680000
$end
$rem
MAX_SCF_CYCLES=200
BASIS  =  6-311++G(d,p)
GUI  =  2
JOB_TYPE  =  SP
METHOD  =  B3LYP
SOLVENT_METHOD = PCM
$end
$pcm
theory = CPCM
$end
$solvent
dielectric 37.219
opticaldielectric 1.43
$end






--------------------------------------------------------------
 ----------------------------------------------------------------
             Standard Nuclear Orientation (Angstroms)
    I     Atom           X                Y                Z
 ----------------------------------------------------------------
    1      C       4.9029970000    -2.8623300000    -0.3630670000
    2      C       5.6242480000    -1.9593240000    -1.1344150000
    3      C       5.0332520000    -0.7631140000    -1.5522490000
    4      C       3.5821630000    -2.5776760000    -0.0015730000
    5      C       2.9874270000    -1.3738800000    -0.4220410000
    6      C       3.7217120000    -0.4713050000    -1.1982320000
    7      C       2.8258940000    -3.5522360000     0.8221110000
    8      C       1.4474290000    -3.2304490000     1.1860720000
    9      C       0.8433200000    -2.0076170000     0.7590090000
   10      C       1.5884370000    -1.0473370000    -0.0526500000
   11      C       0.7096640000    -4.1371010000     1.9658330000
   12      C      -0.6241450000    -3.8250770000     2.3177490000
   13      C      -0.4835350000    -1.7216860000     1.1223230000
   14      C      -1.2040090000    -2.6512800000     1.9078190000
   15      O       3.3609220000    -4.6119130000     1.1879220000
   16      O       1.0732700000     0.0183050000    -0.4294500000
   17      O       1.2072560000    -5.2999230000     2.4018010000
   18      H       5.3415860000    -3.7941920000    -0.0291290000
   19      H       6.6476550000    -2.1836850000    -1.4124840000
   20      H       5.5989310000    -0.0609540000    -2.1539160000
   21      H       3.2452170000     0.4491570000    -1.5111740000
   22      H       2.1378360000    -5.3571370000     2.0691330000
   23      O      -1.1148320000    -0.5990540000     0.7603470000
   24      H      -2.2252320000    -2.4069470000     2.1743360000
   25      H      -1.1710960000    -4.5408630000     2.9195170000
   26      H      -0.4740780000    -0.0693730000     0.2229680000
 ----------------------------------------------------------------
 Nuclear Repulsion Energy =        1241.65108067 hartrees
 There are       62 alpha and       62 beta electrons
 Requested basis set is 6-311++G(d,p)
 There are 148 shells and 452 basis functions

 Total QAlloc Memory Limit   8000 MB
 Mega-Array Size       188 MB
 MEM_STATIC part       192 MB
 Discretize the solute cavity surface with Lebedev spheres
	Using 110 Lebedev grid points for each H atom
	Using 194 Lebedev grid points for other atoms
	Atomic van der Waals radii will be scaled by 1.20
 Remove points where switching function is < 1.0e-08
 Keep 1726 surface tesserae and discard 2646 interior tesserae
 Molecular Surface Area = 245.441 Angst**2
 A cutoff of  1.0D-08 yielded   7785 shell pairs
 There are     75930 function pairs (     81437 Cartesian)
 Smallest overlap matrix eigenvalue = 7.69E-08

 Q-Chem warning in module stvman/mkSTV.C, line 323:

 Overlap eigenvalue is smaller than square root of threshold
 Use THRESH >= 12 to get rid of this warning

 Linear dependence detected in AO basis
 Tighter screening thresholds may be required for diffuse basis sets
 Use S2THRESH > 14 and THRESH = 14 in case of SCF convergence issues
 Number of orthogonalized atomic orbitals = 445
 Maximum deviation from orthogonality = 2.846E-10

 Scale SEOQF with 1.000000e-02/1.000000e-02/1.000000e-01

 Standard Electronic Orientation quadrupole field applied
 Nucleus-field energy     =    -0.0000000129 hartrees
 Guess from superposition of atomic densities
 Warning:  Energy on first SCF cycle will be non-variational
 SAD guess density has 124.000000 electrons

 -----------------------------------------------------------------------
  General SCF calculation program by
  Eric Jon Sundstrom, Paul Horn, Yuezhi Mao, Dmitri Zuev, Alec White,
  David Stuck, Shaama M.S., Shane Yost, Joonho Lee, David Small,
  Daniel Levine, Susi Lehtola, Hugh Burton, Evgeny Epifanovsky,
  Bang C. Huynh
 -----------------------------------------------------------------------
 Exchange:     0.2000 Hartree-Fock + 0.0800 Slater + 0.7200 B88
 Correlation:  0.1900 VWN1RPA + 0.8100 LYP
 Using SG-1 standard quadrature grid
 using 8 threads for integral computing
 -------------------------------------------------------
 OpenMP Integral computing Module                
 Release: version 1.0, May 2013, Q-Chem Inc. Pittsburgh 
 -------------------------------------------------------
 A restricted SCF calculation will be
 performed using DIIS
 SCF converges when DIIS error is below 1.0e-05
 ---------------------------------------
  Cycle       Energy         DIIS error
 ---------------------------------------
    1    -844.0171852246      3.25e-02  
    2    -839.2294385808      3.54e-03  
    3    -838.9645568029      5.29e-03  
    4    -839.4515310376      1.20e-03  
    5    -839.4819804618      3.04e-04  
    6    -839.4836558908      1.01e-04  
    7    -839.4838394127      4.14e-05  
    8    -839.4838672808      1.15e-05  
    9    -839.4838671103      3.28e-06  Convergence criterion met
 ---------------------------------------
 SCF time:   CPU 354.40s  wall 47.00s 

************** Final PCM Free Energy Summary **************
 G_electrostatic  =      -0.01425159 hartree =      -8.94300933 kcal/mol
 G_cavitation     =       0.00000000 hartree =       0.00000000 kcal/mol
 G_dispersion     =       0.00000000 hartree =       0.00000000 kcal/mol
 G_repulsion      =       0.00000000 hartree =       0.00000000 kcal/mol
 --------------------------------------------------
 Non-electrostatic Free Energy =       0.00000000 hartree =       0.00000000 kcal/mol
 Total                         =      -0.01425159 hartree =      -8.94300933 kcal/mol
 --------------------------------------------------
 SCF Energy (H0 + V/2)                       =    -839.48386711 
 Solute Internal Energy (H0)                 =    -839.46961552 
 Total Free Energy (H0 + V/2 + non-elec)     =    -839.48386711 hartree
                                             = -526784.07736339 kcal/mol
***********************************************************

 SCF   energy in the final basis set =     -839.4838671103
 Total energy in the final basis set =     -839.4838671103
 
 --------------------------------------------------------------
 
                    Orbital Energies (a.u.)
 --------------------------------------------------------------
 
 Alpha MOs
 -- Occupied --
-19.1659 -19.1659 -19.1389 -19.1389 -10.2886 -10.2886 -10.2685 -10.2685
-10.2111 -10.2109 -10.2106 -10.2105 -10.2041 -10.2035 -10.1986 -10.1984
-10.1981 -10.1977  -1.0949  -1.0933  -1.0623  -1.0610  -0.8964  -0.8796
 -0.8195  -0.7820  -0.7768  -0.7670  -0.7036  -0.6726  -0.6626  -0.6336
 -0.6053  -0.5731  -0.5623  -0.5567  -0.5420  -0.5052  -0.4946  -0.4896
 -0.4717  -0.4681  -0.4552  -0.4530  -0.4515  -0.4395  -0.4375  -0.4327
 -0.4289  -0.4057  -0.3911  -0.3888  -0.3833  -0.3794  -0.3693  -0.3358
 -0.2995  -0.2959  -0.2834  -0.2806  -0.2799  -0.2357
 -- Virtual --
 -0.1245  -0.0721  -0.0412  -0.0161  -0.0048   0.0046   0.0085   0.0171
  0.0230   0.0311   0.0384   0.0385   0.0400   0.0430   0.0433   0.0609
  0.0638   0.0642   0.0658   0.0812   0.0828   0.0907   0.0941   0.1018
  0.1110   0.1117   0.1126   0.1167   0.1193   0.1226   0.1240   0.1242
  0.1251   0.1309   0.1376   0.1392   0.1422   0.1473   0.1569   0.1590
  0.1647   0.1704   0.1731   0.1738   0.1744   0.1803   0.1828   0.1872
  0.1903   0.1919   0.2045   0.2051   0.2075   0.2126   0.2201   0.2230
  0.2309   0.2322   0.2338   0.2384   0.2412   0.2430   0.2504   0.2548
  0.2638   0.2673   0.2693   0.2746   0.2759   0.2810   0.2821   0.2849
  0.2888   0.2905   0.2950   0.2974   0.3010   0.3058   0.3141   0.3153
  0.3221   0.3259   0.3318   0.3333   0.3333   0.3354   0.3463   0.3552
  0.3556   0.3612   0.3745   0.3784   0.3901   0.3912   0.3957   0.4019
  0.4123   0.4191   0.4226   0.4441   0.4589   0.4875   0.4923   0.5040
  0.5145   0.5157   0.5227   0.5295   0.5352   0.5391   0.5500   0.5531
  0.5704   0.5794   0.5853   0.5889   0.5938   0.5949   0.5970   0.6107
  0.6233   0.6247   0.6271   0.6326   0.6409   0.6460   0.6491   0.6507
  0.6588   0.6673   0.6799   0.6991   0.7027   0.7169   0.7209   0.7447
  0.7494   0.7548   0.7611   0.7741   0.7835   0.7865   0.8121   0.8187
  0.8264   0.8434   0.8585   0.8673   0.8753   0.8795   0.8872   0.8878
  0.9043   0.9071   0.9101   0.9249   0.9359   0.9383   0.9415   0.9633
  0.9760   0.9763   0.9822   0.9827   1.0056   1.0115   1.0241   1.0326
  1.0455   1.0583   1.0640   1.0648   1.0777   1.0814   1.0897   1.1143
  1.1237   1.1277   1.1287   1.1580   1.1704   1.1836   1.1881   1.1980
  1.2071   1.2088   1.2213   1.2239   1.2340   1.2484   1.2884   1.3138
  1.3205   1.3356   1.3425   1.3606   1.4062   1.4070   1.4117   1.4169
  1.4370   1.4708   1.4749   1.4874   1.4942   1.5069   1.5076   1.5172
  1.5191   1.5567   1.5679   1.5755   1.5779   1.5967   1.6046   1.6437
  1.6533   1.6572   1.6593   1.6821   1.6894   1.6932   1.7321   1.7360
  1.7410   1.7455   1.7531   1.7909   1.8104   1.8271   1.8380   1.8421
  1.8802   1.8873   1.8875   1.8890   1.8953   1.9151   1.9177   1.9275
  1.9418   1.9474   1.9693   1.9706   1.9785   1.9795   1.9978   2.0156
  2.0453   2.0575   2.0639   2.0795   2.0954   2.1015   2.1146   2.1446
  2.1554   2.1692   2.2375   2.2560   2.2965   2.2969   2.3137   2.3543
  2.3607   2.3684   2.4425   2.4496   2.4615   2.4646   2.4797   2.5166
  2.5899   2.6132   2.6154   2.6201   2.6274   2.6649   2.6856   2.6879
  2.7131   2.7196   2.7234   2.7352   2.7366   2.7480   2.7516   2.7577
  2.7669   2.7769   2.7952   2.8009   2.8086   2.8152   2.8313   2.8315
  2.8409   2.8580   2.8928   2.9094   2.9319   2.9923   3.0377   3.0536
  3.0708   3.0849   3.0894   3.0909   3.0937   3.0977   3.1316   3.1364
  3.1726   3.1764   3.1925   3.1988   3.2183   3.2346   3.2496   3.2990
  3.3233   3.3307   3.3540   3.3864   3.4045   3.4590   3.4784   3.4966
  3.5077   3.5300   3.5651   3.5760   3.5981   3.6170   3.6933   3.7181
  3.8030   3.8162   3.8779   3.8884   3.9324   4.0306   4.0609   4.0633
  4.1327   4.1837   4.2133   4.2553   4.2841   4.4513   4.7755   4.8179
  4.8420   4.9854   5.0061   5.0315   5.0532   5.2811   5.3036   5.4557
  5.4928   5.7222   5.7536   5.8227   5.8321  23.5085  23.6520  23.8585
 23.8644  23.9041  23.9208  23.9448  23.9475  23.9815  24.0132  24.0522
 24.0812  24.1620  24.1705  49.9511  49.9919  50.0258  50.0774
 --------------------------------------------------------------
 
          Ground-State Mulliken Net Atomic Charges

     Atom                 Charge (a.u.)
  ----------------------------------------
      1 C                     0.093281
      2 C                    -0.443499
      3 C                    -0.444829
      4 C                     0.037120
      5 C                     0.043313
      6 C                     0.092948
      7 C                    -0.266866
      8 C                     0.624095
      9 C                     0.625322
     10 C                    -0.264706
     11 C                    -0.321247
     12 C                    -0.087732
     13 C                    -0.323599
     14 C                    -0.086883
     15 O                    -0.343388
     16 O                    -0.343451
     17 O                    -0.324400
     18 H                     0.202442
     19 H                     0.224572
     20 H                     0.224678
     21 H                     0.202287
     22 H                     0.353240
     23 O                    -0.324327
     24 H                     0.248993
     25 H                     0.249168
     26 H                     0.353469
  ----------------------------------------
  Sum of atomic charges =     0.000000

 -----------------------------------------------------------------
                    Cartesian Multipole Moments
 -----------------------------------------------------------------
    Charge (ESU x 10^10)
                 0.0000
    Dipole Moment (Debye)
         X       2.2391      Y       0.6738      Z      -1.2401
       Tot       2.6468
    Quadrupole Moments (Debye-Ang)
        XX     -78.8446     XY       6.9523     YY    -116.4770
        XZ     -13.9859     YZ       3.5116     ZZ    -101.4577
    Octopole Moments (Debye-Ang^2)
       XXX    -450.8379    XXY     221.0850    XYY    -253.1292
       YYY     835.4908    XXZ    -108.4922    XYZ      33.3586
       YYZ     -85.4751    XZZ    -206.8978    YZZ     252.9315
       ZZZ    -160.2742
    Hexadecapole Moments (Debye-Ang^3)
      XXXX   -4214.6056   XXXY    1176.5142   XXYY   -1728.6727
      XYYY    1647.6958   YYYY   -5674.4753   XXXZ    -119.2983
      XXYZ     318.5255   XYYZ     -54.7164   YYYZ    1018.8087
      XXZZ   -1002.9114   XYZZ     534.1191   YYZZ   -1108.1129
      XZZZ     232.7510   YZZZ     808.8354   ZZZZ   -1209.8288
 -----------------------------------------------------------------
 Total job time:  49.25s(wall), 362.61s(cpu) 
 Tue Jun 11 20:21:22 2024

        *************************************************************
        *                                                           *
        *  Thank you very much for using Q-Chem.  Have a nice day.  *
        *                                                           *
        *************************************************************


