
Running Job 1 of 1 122-CPCM.in
qchem 122-CPCM.in_2519545.0 /expanse/lustre/scratch/selhajj/temp_project/qcscratch/31248323/qchem2519545/ 0
/cm/shared/apps/spack/cpu/opt/spack/linux-centos8-zen2/gcc-10.2.0/qchem-5.4-akfmr7b3t57bfs6qan3padb2wnb2i7cl/exe/qcprog.exe_s 122-CPCM.in_2519545.0 /expanse/lustre/scratch/selhajj/temp_project/qcscratch/31248323/qchem2519545/
                  Welcome to Q-Chem
     A Quantum Leap Into The Future Of Chemistry


 Q-Chem 5.4, Q-Chem, Inc., Pleasanton, CA (2021)

 License issued to: University of California, San Diego (site)

 E. Epifanovsky,  A. T. B. Gilbert,  Xintian Feng,  Joonho Lee,  Yuezhi Mao,  
 N. Mardirossian,  P. Pokhilko,  A. White,  M. Wormit,  M. P. Coons,  
 A. L. Dempwolff,  Zhengting Gan,  D. Hait,  P. R. Horn,  L. D. Jacobson,  
 I. Kaliman,  J. Kussmann,  A. W. Lange,  Ka Un Lao,  D. S. Levine,  Jie Liu,  
 S. C. McKenzie,  A. F. Morrison,  K. Nanda,  F. Plasser,  D. R. Rehn,  
 M. L. Vidal,  Zhi-Qiang You,  Ying Zhu,  B. Alam,  B. Albrecht,  
 A. Aldossary,  E. Alguire,  J. H. Andersen,  D. Barton,  K. Begam,  A. Behn,  
 Y. A. Bernard,  E. J. Berquist,  H. Burton,  A. Carreras,  K. Carter-Fenk,  
 R. Chakraborty,  A. D. Chien,  K. D. Closser,  V. Cofer-Shabica,  
 S. Dasgupta,  Jia Deng,  M. de Wergifosse,  M. Diedenhofen,  Hainam Do,  
 S. Ehlert,  Po-Tung Fang,  S. Fatehi,  Qingguo Feng,  J. Gayvert,  
 Qinghui Ge,  G. Gidofalvi,  M. Goldey,  J. Gomes,  C. Gonzalez-Espinoza,  
 S. Gulania,  A. Gunina,  M. W. D. Hanson-Heine,  P. H. P. Harbach,  
 A. W. Hauser,  M. F. Herbst,  M. Hernandez Vera,  M. Hodecker,  
 Z. C. Holden,  S. Houck,  Xunkun Huang,  Kerwin Hui,  B. C. Huynh,  
 M. Ivanov,  Hyunjun Ji,  Hanjie Jiang,  B. Kaduk,  S. Kaehler,  
 K. Khistyaev,  Jaehoon Kim,  P. Klunzinger,  Z. Koczor-Benda,  
 Joong Hoon Koh,  D. Kosenkov,  L. Koulias,  T. Kowalczyk,  C. M. Krauter,  
 K. Kue,  A. Kunitsa,  T. Kus,  A. Landau,  K. V. Lawler,  D. Lefrancois,  
 S. Lehtola,  Rain Li,  Yi-Pei Li,  Jiashu Liang,  M. Liebenthal,  
 Hung-Hsuan Lin,  You-Sheng Lin,  Fenglai Liu,  Kuan-Yu Liu,  
 M. Loipersberger,  A. Luenser,  A. Manjanath,  P. Manohar,  E. Mansoor,  
 S. F. Manzer,  Shan-Ping Mao,  A. V. Marenich,  T. Markovich,  S. Mason,  
 S. A. Maurer,  P. F. McLaughlin,  M. F. S. J. Menger,  J.-M. Mewes,  
 S. A. Mewes,  P. Morgante,  J. W. Mullinax,  T. S. Nguyen-Beck,  
 K. J. Oosterbaan,  G. Paran,  Alexander C. Paul,  Suranjan K. Paul,  
 F. Pavosevic,  Zheng Pei,  S. Prager,  E. I. Proynov,  E. Ramos,  B. Rana,  
 A. E. Rask,  A. Rettig,  R. M. Richard,  F. Rob,  E. Rossomme,  T. Scheele,  
 M. Scheurer,  M. Schneider,  N. Sergueev,  S. M. Sharada,  W. Skomorowski,  
 D. W. Small,  C. J. Stein,  Yu-Chuan Su,  E. J. Sundstrom,  Zhen Tao,  
 J. Thirman,  T. Tsuchimochi,  N. M. Tubman,  S. P. Veccham,  O. Vydrov,  
 J. Wenzel,  J. Witte,  A. Yamada,  Kun Yao,  S. Yeganeh,  S. R. Yost,  
 A. Zech,  Igor Ying Zhang,  Xing Zhang,  Yu Zhang,  D. Zuev,  
 A. Aspuru-Guzik,  A. T. Bell,  N. A. Besley,  K. B. Bravaya,  B. R. Brooks,  
 D. Casanova,  Jeng-Da Chai,  S. Coriani,  C. J. Cramer,  
 A. E. DePrince, III,  R. A. DiStasio Jr.,  A. Dreuw,  B. D. Dunietz,  
 T. R. Furlani,  W. A. Goddard III,  S. Grimme,  S. Hammes-Schiffer,  
 T. Head-Gordon,  W. J. Hehre,  Chao-Ping Hsu,  T.-C. Jagau,  Yousung Jung,  
 A. Klamt,  Jing Kong,  D. S. Lambrecht,  WanZhen Liang,  N. J. Mayhall,  
 C. W. McCurdy,  J. B. Neaton,  C. Ochsenfeld,  J. A. Parkhill,  R. Peverati,  
 V. A. Rassolov,  Yihan Shao,  L. V. Slipchenko,  T. Stauch,  R. P. Steele,  
 J. E. Subotnik,  A. J. W. Thom,  A. Tkatchenko,  D. G. Truhlar,  
 T. Van Voorhis,  T. A. Wesolowski,  K. B. Whaley,  H. L. Woodcock III,  
 P. M. Zimmerman,  S. Faraji,  P. M. W. Gill,  M. Head-Gordon,  
 J. M. Herbert,  A. I. Krylov

 Contributors to earlier versions of Q-Chem not listed above: 
 R. D. Adamson,  B. Austin,  R. Baer,  J. Baker,  G. J. O. Beran,  
 K. Brandhorst,  S. T. Brown,  E. F. C. Byrd,  A. K. Chakraborty,  
 G. K. L. Chan,  Chun-Min Chang,  Yunqing Chen,  C.-L. Cheng,  
 Siu Hung Chien,  D. M. Chipman,  D. L. Crittenden,  H. Dachsel,  
 R. J. Doerksen,  A. D. Dutoi,  R. G. Edgar,  J. Fosso-Tande,  
 L. Fusti-Molnar,  D. Ghosh,  A. Ghysels,  A. Golubeva-Zadorozhnaya,  
 J. Gonthier,  M. S. Gordon,  S. R. Gwaltney,  G. Hawkins,  J. E. Herr,  
 A. Heyden,  S. Hirata,  E. G. Hohenstein,  G. Kedziora,  F. J. Keil,  
 C. Kelley,  Jihan Kim,  R. A. King,  R. Z. Khaliullin,  P. P. Korambath,  
 W. Kurlancheek,  A. Laurent,  A. M. Lee,  M. S. Lee,  S. V. Levchenko,  
 Ching Yeh Lin,  D. Liotard,  E. Livshits,  R. C. Lochan,  I. Lotan,  
 L. A. Martinez-Martinez,  P. E. Maslen,  N. Nair,  D. P. O'Neill,  
 D. Neuhauser,  E. Neuscamman,  C. M. Oana,  R. Olivares-Amaya,  R. Olson,  
 T. M. Perrine,  B. Peters,  P. A. Pieniazek,  A. Prociuk,  Y. M. Rhee,  
 J. Ritchie,  M. A. Rohrdanz,  E. Rosta,  N. J. Russ,  H. F. Schaefer III,  
 M. W. Schmidt,  N. E. Schultz,  S. Sharma,  N. Shenvi,  C. D. Sherrill,  
 A. C. Simmonett,  A. Sodt,  T. Stein,  D. Stuck,  K. S. Thanthiriwatte,  
 V. Vanovschi,  L. Vogt,  Tao Wang,  A. Warshel,  M. A. Watson,  
 C. F. Williams,  Q. Wu,  X. Xu,  Jun Yang,  W. Zhang,  Yan Zhao

 Please cite Q-Chem as follows:
 Y. Shao et al., Mol. Phys. 113, 184-215 (2015)
 DOI: 10.1080/00268976.2014.952696

 Q-Chem 5.4.0 for Intel X86 EM64T Linux

 Parts of Q-Chem use Armadillo 9.800.1 (Horizon Scraper).
 http://arma.sourceforge.net/

 Q-Chem begins on Tue Jun 11 17:55:29 2024  

 Host: 
0

     Scratch files written to /expanse/lustre/scratch/selhajj/temp_project/qcscratch/31248323/qchem2519545//
 May1621 |scratch|qcdevops|jenkins|workspace|build_RNUM    
 Processing $rem in /cm/shared/apps/spack/cpu/opt/spack/linux-centos8-zen2/gcc-10.2.0/qchem-5.4-akfmr7b3t57bfs6qan3padb2wnb2i7cl/config/preferences:
 Processing $rem in /home/selhajj/.qchemrc:
 Symmetry turned off for PCM/SM12/SMD calculation

 Checking the input file for inconsistencies... 	...done.

--------------------------------------------------------------
User input:
--------------------------------------------------------------
$molecule
0 1
Cl                -2.4169860000      2.8513900000      1.6220970000
C                 -2.3790520000      1.2268120000      0.9749910000
C                 -3.6143960000      0.6225780000      0.7458130000
C                 -3.6834590000     -0.6588070000      0.2081360000
C                 -2.5179840000     -1.3319240000     -0.1318510000
C                 -1.2806980000     -0.7203760000      0.0704690000
C                 -0.0571910000     -1.4559520000     -0.3650570000
O                 -0.1165010000     -2.6181810000     -0.7276230000
C                  1.2277710000     -0.6980730000     -0.4113660000
C                  2.3123840000     -1.2889030000     -1.0597140000
C                  3.5092450000     -0.5948860000     -1.1731400000
C                  3.6224430000      0.6867000000     -0.6434900000
C                  2.5497090000      1.2703800000      0.0290030000
Cl                 2.7970020000      2.8972980000      0.6218030000
C                  1.3299150000      0.5844710000      0.1666570000
C                  0.1754190000      1.1156590000      0.9652300000
O                  0.3412210000      1.9100220000      1.8656270000
C                 -1.1834560000      0.5622480000      0.6491620000
H                 -4.5167560000      1.1662830000      0.9946910000
H                 -4.6506190000     -1.1205060000      0.0474470000
H                 -2.5395720000     -2.3248570000     -0.5620100000
H                  2.1900850000     -2.2826390000     -1.4707620000
H                  4.3558320000     -1.0404290000     -1.6822220000
H                  4.5434420000      1.2464930000     -0.7444920000
$end
$rem
MAX_SCF_CYCLES=200
BASIS  =  6-311++G(d,p)
GUI  =  2
JOB_TYPE  =  SP
METHOD  =  B3LYP
SOLVENT_METHOD = PCM
$end
$pcm
theory = CPCM
$end
$solvent
dielectric 37.219
opticaldielectric 1.43
$end





--------------------------------------------------------------
 ----------------------------------------------------------------
             Standard Nuclear Orientation (Angstroms)
    I     Atom           X                Y                Z
 ----------------------------------------------------------------
    1      Cl     -2.4169860000     2.8513900000     1.6220970000
    2      C      -2.3790520000     1.2268120000     0.9749910000
    3      C      -3.6143960000     0.6225780000     0.7458130000
    4      C      -3.6834590000    -0.6588070000     0.2081360000
    5      C      -2.5179840000    -1.3319240000    -0.1318510000
    6      C      -1.2806980000    -0.7203760000     0.0704690000
    7      C      -0.0571910000    -1.4559520000    -0.3650570000
    8      O      -0.1165010000    -2.6181810000    -0.7276230000
    9      C       1.2277710000    -0.6980730000    -0.4113660000
   10      C       2.3123840000    -1.2889030000    -1.0597140000
   11      C       3.5092450000    -0.5948860000    -1.1731400000
   12      C       3.6224430000     0.6867000000    -0.6434900000
   13      C       2.5497090000     1.2703800000     0.0290030000
   14      Cl      2.7970020000     2.8972980000     0.6218030000
   15      C       1.3299150000     0.5844710000     0.1666570000
   16      C       0.1754190000     1.1156590000     0.9652300000
   17      O       0.3412210000     1.9100220000     1.8656270000
   18      C      -1.1834560000     0.5622480000     0.6491620000
   19      H      -4.5167560000     1.1662830000     0.9946910000
   20      H      -4.6506190000    -1.1205060000     0.0474470000
   21      H      -2.5395720000    -2.3248570000    -0.5620100000
   22      H       2.1900850000    -2.2826390000    -1.4707620000
   23      H       4.3558320000    -1.0404290000    -1.6822220000
   24      H       4.5434420000     1.2464930000    -0.7444920000
 ----------------------------------------------------------------
 Nuclear Repulsion Energy =        1445.62174586 hartrees
 There are       70 alpha and       70 beta electrons
 Requested basis set is 6-311++G(d,p)
 There are 152 shells and 454 basis functions

 Total QAlloc Memory Limit   8000 MB
 Mega-Array Size       188 MB
 MEM_STATIC part       192 MB
 Discretize the solute cavity surface with Lebedev spheres
	Using 110 Lebedev grid points for each H atom
	Using 194 Lebedev grid points for other atoms
	Atomic van der Waals radii will be scaled by 1.20
 Remove points where switching function is < 1.0e-08
 Keep 1685 surface tesserae and discard 2467 interior tesserae
 Molecular Surface Area = 268.917 Angst**2
 A cutoff of  1.0D-08 yielded   7784 shell pairs
 There are     75500 function pairs (     80991 Cartesian)
 Smallest overlap matrix eigenvalue = 9.92E-08

 Q-Chem warning in module stvman/mkSTV.C, line 323:

 Overlap eigenvalue is smaller than square root of threshold
 Use THRESH >= 12 to get rid of this warning

 Linear dependence detected in AO basis
 Tighter screening thresholds may be required for diffuse basis sets
 Use S2THRESH > 14 and THRESH = 14 in case of SCF convergence issues
 Number of orthogonalized atomic orbitals = 448
 Maximum deviation from orthogonality = 1.281E-10

 Scale SEOQF with 1.000000e-01/1.000000e-01/1.000000e-01

 Standard Electronic Orientation quadrupole field applied
 Nucleus-field energy     =     0.0000000485 hartrees
 Guess from superposition of atomic densities
 Warning:  Energy on first SCF cycle will be non-variational
 SAD guess density has 140.000000 electrons

 -----------------------------------------------------------------------
  General SCF calculation program by
  Eric Jon Sundstrom, Paul Horn, Yuezhi Mao, Dmitri Zuev, Alec White,
  David Stuck, Shaama M.S., Shane Yost, Joonho Lee, David Small,
  Daniel Levine, Susi Lehtola, Hugh Burton, Evgeny Epifanovsky,
  Bang C. Huynh
 -----------------------------------------------------------------------
 Exchange:     0.2000 Hartree-Fock + 0.0800 Slater + 0.7200 B88
 Correlation:  0.1900 VWN1RPA + 0.8100 LYP
 Using SG-1 standard quadrature grid
 using 8 threads for integral computing
 -------------------------------------------------------
 OpenMP Integral computing Module                
 Release: version 1.0, May 2013, Q-Chem Inc. Pittsburgh 
 -------------------------------------------------------
 A restricted SCF calculation will be
 performed using DIIS
 SCF converges when DIIS error is below 1.0e-05
 ---------------------------------------
  Cycle       Energy         DIIS error
 ---------------------------------------
    1   -1612.5771256575      3.11e-02  
    2   -1607.9502241441      3.29e-03  
    3   -1607.5642265624      5.60e-03  
    4   -1608.1602865736      1.12e-03  
    5   -1608.1872655042      3.20e-04  
    6   -1608.1894308045      9.51e-05  
    7   -1608.1896268961      3.68e-05  
    8   -1608.1896584675      8.86e-06  Convergence criterion met
 ---------------------------------------
 SCF time:   CPU 313.11s  wall 40.00s 

************** Final PCM Free Energy Summary **************
 G_electrostatic  =      -0.01813310 hartree =     -11.37869080 kcal/mol
 G_cavitation     =       0.00000000 hartree =       0.00000000 kcal/mol
 G_dispersion     =       0.00000000 hartree =       0.00000000 kcal/mol
 G_repulsion      =       0.00000000 hartree =       0.00000000 kcal/mol
 --------------------------------------------------
 Non-electrostatic Free Energy =       0.00000000 hartree =       0.00000000 kcal/mol
 Total                         =      -0.01813310 hartree =     -11.37869080 kcal/mol
 --------------------------------------------------
 SCF Energy (H0 + V/2)                       =   -1608.18965847 
 Solute Internal Energy (H0)                 =   -1608.17152537 
 Total Free Energy (H0 + V/2 + non-elec)     =   -1608.18965847 hartree
                                             = -1009154.24185262 kcal/mol
***********************************************************

 SCF   energy in the final basis set =    -1608.1896584675
 Total energy in the final basis set =    -1608.1896584675
 
 --------------------------------------------------------------
 
                    Orbital Energies (a.u.)
 --------------------------------------------------------------
 
 Alpha MOs
 -- Occupied --
********-101.5674 -19.1403 -19.1379 -10.2971 -10.2908 -10.2657 -10.2657
-10.2263 -10.2263 -10.2182 -10.2182 -10.2079 -10.2079 -10.2046 -10.2046
-10.2022 -10.2022  -9.4823  -9.4823  -7.2470  -7.2469  -7.2373  -7.2373
 -7.2365  -7.2364  -1.0803  -1.0736  -0.9203  -0.9162  -0.8708  -0.8606
 -0.8206  -0.7822  -0.7695  -0.7630  -0.6972  -0.6752  -0.6567  -0.6141
 -0.5876  -0.5710  -0.5632  -0.5152  -0.5030  -0.5012  -0.4980  -0.4716
 -0.4667  -0.4624  -0.4588  -0.4582  -0.4499  -0.4286  -0.4187  -0.4067
 -0.3977  -0.3944  -0.3880  -0.3829  -0.3559  -0.3507  -0.3411  -0.3287
 -0.2980  -0.2949  -0.2836  -0.2736  -0.2717  -0.2709
 -- Virtual --
 -0.1212  -0.0824  -0.0440  -0.0364  -0.0055  -0.0017   0.0028   0.0077
  0.0134   0.0156   0.0231   0.0265   0.0280   0.0410   0.0424   0.0489
  0.0510   0.0575   0.0621   0.0639   0.0763   0.0786   0.0865   0.0874
  0.0926   0.0985   0.1048   0.1077   0.1103   0.1131   0.1133   0.1157
  0.1223   0.1225   0.1255   0.1268   0.1309   0.1326   0.1334   0.1468
  0.1474   0.1496   0.1550   0.1584   0.1629   0.1680   0.1691   0.1696
  0.1765   0.1866   0.1875   0.1903   0.1948   0.1975   0.2033   0.2069
  0.2148   0.2162   0.2173   0.2237   0.2335   0.2352   0.2368   0.2377
  0.2412   0.2433   0.2502   0.2562   0.2598   0.2612   0.2656   0.2678
  0.2714   0.2799   0.2813   0.2879   0.2901   0.2951   0.2983   0.2996
  0.3082   0.3123   0.3131   0.3168   0.3256   0.3260   0.3264   0.3307
  0.3338   0.3419   0.3447   0.3532   0.3584   0.3684   0.3693   0.3785
  0.3826   0.3995   0.4029   0.4280   0.4494   0.4510   0.4593   0.4632
  0.4714   0.4756   0.4796   0.4971   0.5156   0.5274   0.5305   0.5345
  0.5425   0.5437   0.5483   0.5667   0.5747   0.5769   0.5791   0.5896
  0.5924   0.5973   0.5991   0.6057   0.6223   0.6285   0.6306   0.6355
  0.6464   0.6486   0.6603   0.6685   0.6775   0.6812   0.6891   0.7030
  0.7122   0.7174   0.7259   0.7336   0.7463   0.7500   0.7701   0.7735
  0.7833   0.7861   0.8086   0.8183   0.8346   0.8432   0.8479   0.8546
  0.8587   0.8614   0.8663   0.8754   0.8764   0.8865   0.8891   0.8911
  0.8960   0.9005   0.9093   0.9121   0.9161   0.9360   0.9431   0.9457
  0.9501   0.9526   0.9664   0.9665   0.9880   0.9927   0.9997   1.0155
  1.0207   1.0345   1.0443   1.0464   1.0575   1.0596   1.0914   1.1040
  1.1319   1.1546   1.1554   1.1712   1.1879   1.1965   1.1974   1.2132
  1.2323   1.2329   1.2590   1.2590   1.2895   1.2896   1.2979   1.3002
  1.3157   1.3306   1.3757   1.3967   1.4114   1.4426   1.4669   1.4782
  1.4783   1.4942   1.5071   1.5116   1.5154   1.5539   1.5556   1.5608
  1.5762   1.5843   1.5939   1.6177   1.6294   1.6661   1.6674   1.6899
  1.6925   1.7004   1.7174   1.7367   1.7384   1.7407   1.7628   1.7690
  1.8195   1.8377   1.8478   1.8721   1.8920   1.8992   1.8994   1.9054
  1.9140   1.9252   1.9325   1.9432   1.9591   1.9708   1.9825   1.9849
  1.9955   2.0051   2.0141   2.0376   2.0480   2.0574   2.0701   2.1188
  2.1501   2.2062   2.2132   2.2187   2.2476   2.2785   2.2904   2.3094
  2.3202   2.3379   2.3485   2.3669   2.3868   2.4206   2.4402   2.4526
  2.4636   2.5100   2.5354   2.5414   2.5596   2.5723   2.5810   2.6223
  2.6357   2.6740   2.6973   2.7087   2.7119   2.7186   2.7323   2.7383
  2.7505   2.7698   2.7709   2.7733   2.7734   2.7795   2.7902   2.7918
  2.8142   2.8149   2.8459   2.8478   2.8647   2.8776   2.8978   2.9007
  2.9360   2.9559   2.9923   3.0528   3.0774   3.0831   3.1251   3.1557
  3.1648   3.1828   3.1913   3.2033   3.2229   3.2515   3.3297   3.3460
  3.3495   3.3501   3.3939   3.4221   3.5106   3.5124   3.5251   3.5360
  3.5424   3.5803   3.6513   3.7129   3.7485   3.7977   3.8712   3.9396
  4.0301   4.0321   4.1160   4.1216   4.1867   4.2225   4.3884   4.6072
  4.8134   4.8289   5.0414   5.0731   5.2127   5.2408   5.7105   5.7647
  9.7865   9.8015  23.4419  23.5696  23.8301  23.8734  23.8805  23.8927
 23.9182  23.9258  23.9962  24.0157  24.0471  24.0530  24.1549  24.1568
 25.8416  25.8658  26.2389  26.2568  26.6642  26.6989  50.0000  50.0542
215.7830 215.8005
 --------------------------------------------------------------
 
          Ground-State Mulliken Net Atomic Charges

     Atom                 Charge (a.u.)
  ----------------------------------------
      1 Cl                    0.488936
      2 C                     0.469144
      3 C                    -0.297402
      4 C                    -0.742689
      5 C                     0.406247
      6 C                     0.454693
      7 C                    -0.896237
      8 O                    -0.265590
      9 C                     0.458558
     10 C                     0.407643
     11 C                    -0.742772
     12 C                    -0.297355
     13 C                     0.468032
     14 Cl                    0.489014
     15 C                     0.346150
     16 C                    -2.316448
     17 O                    -0.173826
     18 C                     0.351466
     19 H                     0.249111
     20 H                     0.229025
     21 H                     0.218215
     22 H                     0.217986
     23 H                     0.229044
     24 H                     0.249054
  ----------------------------------------
  Sum of atomic charges =     0.000000

 -----------------------------------------------------------------
                    Cartesian Multipole Moments
 -----------------------------------------------------------------
    Charge (ESU x 10^10)
                 0.0000
    Dipole Moment (Debye)
         X      -0.6278      Y      -2.3457      Z      -3.3841
       Tot       4.1651
    Quadrupole Moments (Debye-Ang)
        XX     -83.3885     XY      -0.9290     YY    -131.3359
        XZ      -7.6738     YZ      -7.1807     ZZ    -122.2518
    Octopole Moments (Debye-Ang^2)
       XXX     -32.4545    XXY     -86.4232    XYY      -8.4550
       YYY    -184.3647    XXZ     -58.7399    XYZ       1.1116
       YYZ     -44.5395    XZZ       2.0508    YZZ     -80.1675
       ZZZ    -115.4873
    Hexadecapole Moments (Debye-Ang^3)
      XXXX   -3383.4460   XXXY     -69.8447   XXYY   -1034.3520
      XYYY     -97.0980   YYYY   -2321.9747   XXXZ     186.4091
      XXYZ    -120.4392   XYYZ     104.9608   YYYZ    -467.2367
      XXZZ    -800.4448   XYZZ     -48.8380   YYZZ    -519.2657
      XZZZ     345.0547   YZZZ    -469.5740   ZZZZ    -756.4152
 -----------------------------------------------------------------
 Total job time:  48.72s(wall), 322.69s(cpu) 
 Tue Jun 11 17:56:17 2024

        *************************************************************
        *                                                           *
        *  Thank you very much for using Q-Chem.  Have a nice day.  *
        *                                                           *
        *************************************************************


