
Running Job 1 of 1 160-an-CPCM.in
qchem 160-an-CPCM.in_3734754.0 /expanse/lustre/scratch/selhajj/temp_project/qcscratch/31248495/qchem3734754/ 0
/cm/shared/apps/spack/cpu/opt/spack/linux-centos8-zen2/gcc-10.2.0/qchem-5.4-akfmr7b3t57bfs6qan3padb2wnb2i7cl/exe/qcprog.exe_s 160-an-CPCM.in_3734754.0 /expanse/lustre/scratch/selhajj/temp_project/qcscratch/31248495/qchem3734754/
                  Welcome to Q-Chem
     A Quantum Leap Into The Future Of Chemistry


 Q-Chem 5.4, Q-Chem, Inc., Pleasanton, CA (2021)

 License issued to: University of California, San Diego (site)

 E. Epifanovsky,  A. T. B. Gilbert,  Xintian Feng,  Joonho Lee,  Yuezhi Mao,  
 N. Mardirossian,  P. Pokhilko,  A. White,  M. Wormit,  M. P. Coons,  
 A. L. Dempwolff,  Zhengting Gan,  D. Hait,  P. R. Horn,  L. D. Jacobson,  
 I. Kaliman,  J. Kussmann,  A. W. Lange,  Ka Un Lao,  D. S. Levine,  Jie Liu,  
 S. C. McKenzie,  A. F. Morrison,  K. Nanda,  F. Plasser,  D. R. Rehn,  
 M. L. Vidal,  Zhi-Qiang You,  Ying Zhu,  B. Alam,  B. Albrecht,  
 A. Aldossary,  E. Alguire,  J. H. Andersen,  D. Barton,  K. Begam,  A. Behn,  
 Y. A. Bernard,  E. J. Berquist,  H. Burton,  A. Carreras,  K. Carter-Fenk,  
 R. Chakraborty,  A. D. Chien,  K. D. Closser,  V. Cofer-Shabica,  
 S. Dasgupta,  Jia Deng,  M. de Wergifosse,  M. Diedenhofen,  Hainam Do,  
 S. Ehlert,  Po-Tung Fang,  S. Fatehi,  Qingguo Feng,  J. Gayvert,  
 Qinghui Ge,  G. Gidofalvi,  M. Goldey,  J. Gomes,  C. Gonzalez-Espinoza,  
 S. Gulania,  A. Gunina,  M. W. D. Hanson-Heine,  P. H. P. Harbach,  
 A. W. Hauser,  M. F. Herbst,  M. Hernandez Vera,  M. Hodecker,  
 Z. C. Holden,  S. Houck,  Xunkun Huang,  Kerwin Hui,  B. C. Huynh,  
 M. Ivanov,  Hyunjun Ji,  Hanjie Jiang,  B. Kaduk,  S. Kaehler,  
 K. Khistyaev,  Jaehoon Kim,  P. Klunzinger,  Z. Koczor-Benda,  
 Joong Hoon Koh,  D. Kosenkov,  L. Koulias,  T. Kowalczyk,  C. M. Krauter,  
 K. Kue,  A. Kunitsa,  T. Kus,  A. Landau,  K. V. Lawler,  D. Lefrancois,  
 S. Lehtola,  Rain Li,  Yi-Pei Li,  Jiashu Liang,  M. Liebenthal,  
 Hung-Hsuan Lin,  You-Sheng Lin,  Fenglai Liu,  Kuan-Yu Liu,  
 M. Loipersberger,  A. Luenser,  A. Manjanath,  P. Manohar,  E. Mansoor,  
 S. F. Manzer,  Shan-Ping Mao,  A. V. Marenich,  T. Markovich,  S. Mason,  
 S. A. Maurer,  P. F. McLaughlin,  M. F. S. J. Menger,  J.-M. Mewes,  
 S. A. Mewes,  P. Morgante,  J. W. Mullinax,  T. S. Nguyen-Beck,  
 K. J. Oosterbaan,  G. Paran,  Alexander C. Paul,  Suranjan K. Paul,  
 F. Pavosevic,  Zheng Pei,  S. Prager,  E. I. Proynov,  E. Ramos,  B. Rana,  
 A. E. Rask,  A. Rettig,  R. M. Richard,  F. Rob,  E. Rossomme,  T. Scheele,  
 M. Scheurer,  M. Schneider,  N. Sergueev,  S. M. Sharada,  W. Skomorowski,  
 D. W. Small,  C. J. Stein,  Yu-Chuan Su,  E. J. Sundstrom,  Zhen Tao,  
 J. Thirman,  T. Tsuchimochi,  N. M. Tubman,  S. P. Veccham,  O. Vydrov,  
 J. Wenzel,  J. Witte,  A. Yamada,  Kun Yao,  S. Yeganeh,  S. R. Yost,  
 A. Zech,  Igor Ying Zhang,  Xing Zhang,  Yu Zhang,  D. Zuev,  
 A. Aspuru-Guzik,  A. T. Bell,  N. A. Besley,  K. B. Bravaya,  B. R. Brooks,  
 D. Casanova,  Jeng-Da Chai,  S. Coriani,  C. J. Cramer,  
 A. E. DePrince, III,  R. A. DiStasio Jr.,  A. Dreuw,  B. D. Dunietz,  
 T. R. Furlani,  W. A. Goddard III,  S. Grimme,  S. Hammes-Schiffer,  
 T. Head-Gordon,  W. J. Hehre,  Chao-Ping Hsu,  T.-C. Jagau,  Yousung Jung,  
 A. Klamt,  Jing Kong,  D. S. Lambrecht,  WanZhen Liang,  N. J. Mayhall,  
 C. W. McCurdy,  J. B. Neaton,  C. Ochsenfeld,  J. A. Parkhill,  R. Peverati,  
 V. A. Rassolov,  Yihan Shao,  L. V. Slipchenko,  T. Stauch,  R. P. Steele,  
 J. E. Subotnik,  A. J. W. Thom,  A. Tkatchenko,  D. G. Truhlar,  
 T. Van Voorhis,  T. A. Wesolowski,  K. B. Whaley,  H. L. Woodcock III,  
 P. M. Zimmerman,  S. Faraji,  P. M. W. Gill,  M. Head-Gordon,  
 J. M. Herbert,  A. I. Krylov

 Contributors to earlier versions of Q-Chem not listed above: 
 R. D. Adamson,  B. Austin,  R. Baer,  J. Baker,  G. J. O. Beran,  
 K. Brandhorst,  S. T. Brown,  E. F. C. Byrd,  A. K. Chakraborty,  
 G. K. L. Chan,  Chun-Min Chang,  Yunqing Chen,  C.-L. Cheng,  
 Siu Hung Chien,  D. M. Chipman,  D. L. Crittenden,  H. Dachsel,  
 R. J. Doerksen,  A. D. Dutoi,  R. G. Edgar,  J. Fosso-Tande,  
 L. Fusti-Molnar,  D. Ghosh,  A. Ghysels,  A. Golubeva-Zadorozhnaya,  
 J. Gonthier,  M. S. Gordon,  S. R. Gwaltney,  G. Hawkins,  J. E. Herr,  
 A. Heyden,  S. Hirata,  E. G. Hohenstein,  G. Kedziora,  F. J. Keil,  
 C. Kelley,  Jihan Kim,  R. A. King,  R. Z. Khaliullin,  P. P. Korambath,  
 W. Kurlancheek,  A. Laurent,  A. M. Lee,  M. S. Lee,  S. V. Levchenko,  
 Ching Yeh Lin,  D. Liotard,  E. Livshits,  R. C. Lochan,  I. Lotan,  
 L. A. Martinez-Martinez,  P. E. Maslen,  N. Nair,  D. P. O'Neill,  
 D. Neuhauser,  E. Neuscamman,  C. M. Oana,  R. Olivares-Amaya,  R. Olson,  
 T. M. Perrine,  B. Peters,  P. A. Pieniazek,  A. Prociuk,  Y. M. Rhee,  
 J. Ritchie,  M. A. Rohrdanz,  E. Rosta,  N. J. Russ,  H. F. Schaefer III,  
 M. W. Schmidt,  N. E. Schultz,  S. Sharma,  N. Shenvi,  C. D. Sherrill,  
 A. C. Simmonett,  A. Sodt,  T. Stein,  D. Stuck,  K. S. Thanthiriwatte,  
 V. Vanovschi,  L. Vogt,  Tao Wang,  A. Warshel,  M. A. Watson,  
 C. F. Williams,  Q. Wu,  X. Xu,  Jun Yang,  W. Zhang,  Yan Zhao

 Please cite Q-Chem as follows:
 Y. Shao et al., Mol. Phys. 113, 184-215 (2015)
 DOI: 10.1080/00268976.2014.952696

 Q-Chem 5.4.0 for Intel X86 EM64T Linux

 Parts of Q-Chem use Armadillo 9.800.1 (Horizon Scraper).
 http://arma.sourceforge.net/

 Q-Chem begins on Tue Jun 11 17:55:55 2024  

 Host: 
0

     Scratch files written to /expanse/lustre/scratch/selhajj/temp_project/qcscratch/31248495/qchem3734754//
 May1621 |scratch|qcdevops|jenkins|workspace|build_RNUM    
 Processing $rem in /cm/shared/apps/spack/cpu/opt/spack/linux-centos8-zen2/gcc-10.2.0/qchem-5.4-akfmr7b3t57bfs6qan3padb2wnb2i7cl/config/preferences:
 Processing $rem in /home/selhajj/.qchemrc:
 Symmetry turned off for PCM/SM12/SMD calculation

 Checking the input file for inconsistencies... 	...done.

--------------------------------------------------------------
User input:
--------------------------------------------------------------
$molecule
-2 1
C                 -1.8576080000      1.8849000000     -5.1069070000
C                 -1.7106550000      0.5727070000     -5.5087770000
C                 -1.2349340000     -0.3983610000     -4.5859430000
C                 -1.5422560000      2.3148710000     -3.7928940000
C                 -1.0591350000      1.3278550000     -2.8606500000
C                 -0.9207110000     -0.0129060000     -3.2988840000
C                 -1.7370450000      3.7240360000     -3.4629980000
C                 -0.7152790000      1.6702350000     -1.4980570000
C                 -1.3390800000      4.0881260000     -2.1218680000
C                 -0.8989900000      3.0691390000     -1.1666320000
C                 -1.3611760000      5.4294030000     -1.6087870000
C                 -1.1110530000      5.7897260000     -0.2953340000
C                 -0.7941620000      4.7232580000      0.5968540000
C                 -0.6990270000      3.4263730000      0.1840990000
O                 -2.2237330000      4.5331190000     -4.3251490000
O                 -0.3061010000      0.8034200000     -0.6481100000
H                 -2.2220750000      2.6497500000     -5.7851810000
H                 -1.9579890000      0.2809680000     -6.5281350000
H                 -1.1220390000     -1.4365980000     -4.8931130000
H                 -0.5565180000     -0.7259120000     -2.5657330000
Br                -0.7403550000      5.1039380000      2.5527740000
H                 -0.4696250000      2.6153900000      0.8656760000
N                 -1.1076710000      7.1281760000      0.1614290000
Cl                -1.5148250000      6.8332200000     -2.7314370000
H                 -0.9675430000      7.7791140000     -0.6024810000
H                 -0.4362310000      7.2774430000      0.9062250000
$end
$rem
MAX_SCF_CYCLES=200
BASIS  =  6-311++G(d,p)
GUI  =  2
JOB_TYPE  =  SP
METHOD  =  B3LYP
SOLVENT_METHOD = PCM
$end
$pcm
theory = CPCM
$end
$solvent
dielectric 37.219
opticaldielectric 1.43
$end





--------------------------------------------------------------
 ----------------------------------------------------------------
             Standard Nuclear Orientation (Angstroms)
    I     Atom           X                Y                Z
 ----------------------------------------------------------------
    1      C      -1.8576080000     1.8849000000    -5.1069070000
    2      C      -1.7106550000     0.5727070000    -5.5087770000
    3      C      -1.2349340000    -0.3983610000    -4.5859430000
    4      C      -1.5422560000     2.3148710000    -3.7928940000
    5      C      -1.0591350000     1.3278550000    -2.8606500000
    6      C      -0.9207110000    -0.0129060000    -3.2988840000
    7      C      -1.7370450000     3.7240360000    -3.4629980000
    8      C      -0.7152790000     1.6702350000    -1.4980570000
    9      C      -1.3390800000     4.0881260000    -2.1218680000
   10      C      -0.8989900000     3.0691390000    -1.1666320000
   11      C      -1.3611760000     5.4294030000    -1.6087870000
   12      C      -1.1110530000     5.7897260000    -0.2953340000
   13      C      -0.7941620000     4.7232580000     0.5968540000
   14      C      -0.6990270000     3.4263730000     0.1840990000
   15      O      -2.2237330000     4.5331190000    -4.3251490000
   16      O      -0.3061010000     0.8034200000    -0.6481100000
   17      H      -2.2220750000     2.6497500000    -5.7851810000
   18      H      -1.9579890000     0.2809680000    -6.5281350000
   19      H      -1.1220390000    -1.4365980000    -4.8931130000
   20      H      -0.5565180000    -0.7259120000    -2.5657330000
   21      Br     -0.7403550000     5.1039380000     2.5527740000
   22      H      -0.4696250000     2.6153900000     0.8656760000
   23      N      -1.1076710000     7.1281760000     0.1614290000
   24      Cl     -1.5148250000     6.8332200000    -2.7314370000
   25      H      -0.9675430000     7.7791140000    -0.6024810000
   26      H      -0.4362310000     7.2774430000     0.9062250000
 ----------------------------------------------------------------
 Nuclear Repulsion Energy =        1807.17858662 hartrees
 There are       84 alpha and       84 beta electrons
 Requested basis set is 6-311++G(d,p)
 There are 169 shells and 501 basis functions

 Total QAlloc Memory Limit   8000 MB
 Mega-Array Size       188 MB
 MEM_STATIC part       192 MB
 Discretize the solute cavity surface with Lebedev spheres
	Using 110 Lebedev grid points for each H atom
	Using 194 Lebedev grid points for other atoms
	Atomic van der Waals radii will be scaled by 1.20
 Remove points where switching function is < 1.0e-08
 Keep 1813 surface tesserae and discard 2643 interior tesserae
 Molecular Surface Area = 289.205 Angst**2
 A cutoff of  1.0D-08 yielded   9109 shell pairs
 There are     86281 function pairs (     92719 Cartesian)
 Smallest overlap matrix eigenvalue = 8.73E-08

 Q-Chem warning in module stvman/mkSTV.C, line 323:

 Overlap eigenvalue is smaller than square root of threshold
 Use THRESH >= 12 to get rid of this warning

 Linear dependence detected in AO basis
 Tighter screening thresholds may be required for diffuse basis sets
 Use S2THRESH > 14 and THRESH = 14 in case of SCF convergence issues
 Number of orthogonalized atomic orbitals = 495
 Maximum deviation from orthogonality = 1.874E-10

 Scale SEOQF with 1.000000e-01/1.000000e-02/1.000000e-02

 Standard Electronic Orientation quadrupole field applied
 Nucleus-field energy     =     0.0000000172 hartrees
 Guess from superposition of atomic densities
 Warning:  Energy on first SCF cycle will be non-variational
 SAD guess density has 166.000000 electrons

 -----------------------------------------------------------------------
  General SCF calculation program by
  Eric Jon Sundstrom, Paul Horn, Yuezhi Mao, Dmitri Zuev, Alec White,
  David Stuck, Shaama M.S., Shane Yost, Joonho Lee, David Small,
  Daniel Levine, Susi Lehtola, Hugh Burton, Evgeny Epifanovsky,
  Bang C. Huynh
 -----------------------------------------------------------------------
 Exchange:     0.2000 Hartree-Fock + 0.0800 Slater + 0.7200 B88
 Correlation:  0.1900 VWN1RPA + 0.8100 LYP
 Using SG-1 standard quadrature grid
 using 8 threads for integral computing
 -------------------------------------------------------
 OpenMP Integral computing Module                
 Release: version 1.0, May 2013, Q-Chem Inc. Pittsburgh 
 -------------------------------------------------------
 A restricted SCF calculation will be
 performed using DIIS
 SCF converges when DIIS error is below 1.0e-05
 ---------------------------------------
  Cycle       Energy         DIIS error
 ---------------------------------------
    1   -3781.7565224651      2.87e-02  
    2   -3777.3234982007      3.71e-03  
    3   -3776.1078321644      7.16e-03  
    4   -3777.5837376793      2.11e-03  
    5   -3777.7214206857      4.86e-04  
    6   -3777.7255928322      3.53e-04  
    7   -3777.7290543564      1.04e-04  
    8   -3777.7293414035      4.31e-05  
    9   -3777.7293807408      1.09e-05  
   10   -3777.7293796485      6.87e-06  Convergence criterion met
 ---------------------------------------
 SCF time:   CPU 447.97s  wall 61.00s 

************** Final PCM Free Energy Summary **************
 G_electrostatic  =      -0.27670608 hartree =    -173.63568671 kcal/mol
 G_cavitation     =       0.00000000 hartree =       0.00000000 kcal/mol
 G_dispersion     =       0.00000000 hartree =       0.00000000 kcal/mol
 G_repulsion      =       0.00000000 hartree =       0.00000000 kcal/mol
 --------------------------------------------------
 Non-electrostatic Free Energy =       0.00000000 hartree =       0.00000000 kcal/mol
 Total                         =      -0.27670608 hartree =    -173.63568671 kcal/mol
 --------------------------------------------------
 SCF Energy (H0 + V/2)                       =   -3777.72937965 
 Solute Internal Energy (H0)                 =   -3777.45267357 
 Total Free Energy (H0 + V/2 + non-elec)     =   -3777.72937965 hartree
                                             = -2370560.96460438 kcal/mol
***********************************************************

 SCF   energy in the final basis set =    -3777.7293796485
 Total energy in the final basis set =    -3777.7293796485
 
 --------------------------------------------------------------
 
                    Orbital Energies (a.u.)
 --------------------------------------------------------------
 
 Alpha MOs
 -- Occupied --
********-101.5363 -62.4757 -56.2960 -56.2923 -56.2923 -19.0313 -19.0207
-14.3112 -10.2155 -10.2142 -10.2133 -10.1848 -10.1829 -10.1652 -10.1571
-10.1531 -10.1525 -10.1504 -10.1491 -10.1484 -10.1430 -10.1423  -9.4510
 -8.6841  -7.2152  -7.2063  -7.2054  -6.5149  -6.5029  -6.5028  -2.6258
 -2.6225  -2.6224  -2.6129  -2.6129  -0.9522  -0.9456  -0.9206  -0.8461
 -0.8311  -0.8261  -0.7827  -0.7472  -0.7271  -0.7179  -0.7048  -0.6417
 -0.6136  -0.5950  -0.5711  -0.5369  -0.5187  -0.5086  -0.4874  -0.4666
 -0.4410  -0.4339  -0.4293  -0.4157  -0.4061  -0.4033  -0.3945  -0.3838
 -0.3742  -0.3728  -0.3665  -0.3441  -0.3387  -0.3308  -0.3252  -0.3229
 -0.3118  -0.3044  -0.3019  -0.2874  -0.2799  -0.2362  -0.2303  -0.2259
 -0.2118  -0.2061  -0.1968  -0.1115
 -- Virtual --
 -0.0366  -0.0257  -0.0014   0.0007   0.0077   0.0117   0.0153   0.0239
  0.0254   0.0367   0.0443   0.0485   0.0507   0.0570   0.0607   0.0618
  0.0650   0.0727   0.0772   0.0782   0.0809   0.0848   0.0945   0.0956
  0.0979   0.1008   0.1101   0.1123   0.1141   0.1197   0.1203   0.1253
  0.1272   0.1316   0.1328   0.1376   0.1424   0.1458   0.1497   0.1541
  0.1562   0.1601   0.1632   0.1665   0.1692   0.1736   0.1771   0.1848
  0.1876   0.1915   0.1984   0.2025   0.2057   0.2102   0.2152   0.2182
  0.2211   0.2243   0.2283   0.2298   0.2380   0.2398   0.2457   0.2511
  0.2533   0.2550   0.2636   0.2648   0.2662   0.2694   0.2720   0.2762
  0.2790   0.2811   0.2871   0.2939   0.2965   0.3009   0.3052   0.3085
  0.3128   0.3134   0.3169   0.3232   0.3272   0.3300   0.3338   0.3373
  0.3422   0.3469   0.3510   0.3561   0.3606   0.3697   0.3760   0.3772
  0.3860   0.3888   0.3973   0.4043   0.4176   0.4225   0.4342   0.4411
  0.4460   0.4531   0.4559   0.4740   0.4809   0.4992   0.5048   0.5125
  0.5371   0.5387   0.5404   0.5481   0.5605   0.5645   0.5759   0.5775
  0.5829   0.5873   0.5931   0.6013   0.6049   0.6083   0.6154   0.6223
  0.6314   0.6381   0.6456   0.6476   0.6591   0.6654   0.6679   0.6730
  0.6772   0.6822   0.6899   0.6913   0.6981   0.7052   0.7145   0.7326
  0.7413   0.7446   0.7510   0.7576   0.7626   0.7716   0.7865   0.7917
  0.7951   0.7997   0.8068   0.8312   0.8441   0.8489   0.8594   0.8657
  0.8712   0.8801   0.8841   0.8946   0.9042   0.9122   0.9207   0.9233
  0.9278   0.9372   0.9496   0.9561   0.9570   0.9672   0.9699   0.9757
  0.9792   0.9851   0.9901   1.0105   1.0176   1.0207   1.0280   1.0321
  1.0443   1.0546   1.0615   1.0746   1.0843   1.0962   1.1106   1.1162
  1.1285   1.1539   1.1623   1.1734   1.1915   1.1955   1.2083   1.2234
  1.2269   1.2569   1.2678   1.2774   1.2835   1.2969   1.3155   1.3222
  1.3315   1.3450   1.3569   1.3715   1.4069   1.4186   1.4326   1.4789
  1.5006   1.5169   1.5254   1.5291   1.5399   1.5471   1.5580   1.5606
  1.5682   1.5771   1.5864   1.5982   1.6161   1.6373   1.6430   1.6509
  1.6610   1.6793   1.6969   1.7136   1.7280   1.7531   1.7597   1.7765
  1.7810   1.7997   1.8057   1.8292   1.8355   1.8557   1.8687   1.8775
  1.8943   1.9012   1.9243   1.9373   1.9434   1.9506   1.9619   1.9737
  1.9824   1.9881   2.0026   2.0057   2.0099   2.0286   2.0405   2.0440
  2.0727   2.0894   2.0998   2.1168   2.1382   2.1468   2.1715   2.1870
  2.2184   2.2336   2.2398   2.2552   2.2915   2.3002   2.3103   2.3275
  2.3482   2.3558   2.4031   2.4111   2.4235   2.4423   2.4594   2.4726
  2.5050   2.5331   2.5390   2.5654   2.5878   2.6097   2.6420   2.6634
  2.6696   2.6752   2.6966   2.7159   2.7338   2.7549   2.7619   2.7715
  2.7819   2.7900   2.7911   2.7994   2.8136   2.8167   2.8256   2.8461
  2.8682   2.8737   2.8793   2.9051   2.9179   2.9233   2.9304   2.9464
  2.9740   2.9793   2.9916   3.0007   3.0274   3.0516   3.0624   3.1194
  3.1363   3.1544   3.1702   3.2020   3.2135   3.2400   3.2591   3.2743
  3.3077   3.3282   3.3408   3.3586   3.3704   3.3811   3.4174   3.4627
  3.4969   3.5281   3.5492   3.5693   3.5923   3.5985   3.6446   3.7075
  3.7382   3.8169   3.8786   3.9307   4.0345   4.0388   4.0639   4.0789
  4.1030   4.1135   4.1252   4.2184   4.2532   4.3081   4.3552   4.4210
  4.4867   4.7608   4.8272   4.8349   4.8610   4.9664   5.1301   5.1492
  5.3123   5.3390   5.7881   5.8613   6.7706   7.5879   7.7025   7.7586
  9.8225  23.4706  23.6810  23.8391  23.9005  23.9421  23.9581  23.9866
 23.9998  24.0070  24.0478  24.0513  24.1428  24.1729  24.2053  25.9049
 26.3952  26.6474  35.6428  48.0292  50.0985  50.1554 215.8221 289.7852
289.9002 289.98041020.8452
 --------------------------------------------------------------
 
          Ground-State Mulliken Net Atomic Charges

     Atom                 Charge (a.u.)
  ----------------------------------------
      1 C                     0.024833
      2 C                    -0.514021
      3 C                    -0.576510
      4 C                     0.030530
      5 C                     0.246733
      6 C                     0.052736
      7 C                    -1.730612
      8 C                    -0.499384
      9 C                     0.771081
     10 C                     0.692361
     11 C                     1.151890
     12 C                    -1.936074
     13 C                     0.278313
     14 C                     0.111937
     15 O                    -0.577493
     16 O                    -0.643757
     17 H                     0.147890
     18 H                     0.178471
     19 H                     0.175273
     20 H                     0.151548
     21 Br                   -0.226952
     22 H                     0.182468
     23 N                    -0.192392
     24 Cl                    0.183324
     25 H                     0.259080
     26 H                     0.258729
  ----------------------------------------
  Sum of atomic charges =    -2.000000

 -----------------------------------------------------------------
                    Cartesian Multipole Moments
 -----------------------------------------------------------------
    Charge (ESU x 10^10)
                -9.6064
    Dipole Moment (Debye)
         X      13.5243      Y     -28.9426      Z      21.4597
       Tot      38.4851
    Quadrupole Moments (Debye-Ang)
        XX    -166.0990     XY      58.7331     YY    -261.1882
        XZ     -39.4988     YZ      76.4342     ZZ    -230.1636
    Octopole Moments (Debye-Ang^2)
       XXX     548.5469    XXY    -621.6613    XYY     467.4472
       YYY   -2060.3825    XXZ     324.1539    XYZ    -158.7963
       YYZ     569.6840    XZZ     333.3068    YZZ    -862.0313
       ZZZ    1052.0577
    Hexadecapole Moments (Debye-Ang^3)
      XXXX   -1654.2477   XXXY    2066.5806   XXYY   -3472.3257
      XYYY    3487.5666   YYYY  -17747.2044   XXXZ   -1403.6657
      XXYZ     823.7837   XYYZ   -1108.5562   YYYZ    3067.0390
      XXZZ   -1886.9274   XYZZ    1341.4576   YYZZ   -5397.8146
      XZZZ   -1829.0638   YZZZ    2859.3895   ZZZZ   -8779.3833
 -----------------------------------------------------------------
 Total job time:  225.63s(wall), 455.45s(cpu) 
 Tue Jun 11 17:59:40 2024

        *************************************************************
        *                                                           *
        *  Thank you very much for using Q-Chem.  Have a nice day.  *
        *                                                           *
        *************************************************************


