
Running Job 1 of 1 331-SM12.in
qchem 331-SM12.in_1241466.0 /expanse/lustre/scratch/selhajj/temp_project/qcscratch/28683881/qchem1241466/ 0
/cm/shared/apps/spack/cpu/opt/spack/linux-centos8-zen2/gcc-10.2.0/qchem-5.4-akfmr7b3t57bfs6qan3padb2wnb2i7cl/exe/qcprog.exe_s 331-SM12.in_1241466.0 /expanse/lustre/scratch/selhajj/temp_project/qcscratch/28683881/qchem1241466/
                  Welcome to Q-Chem
     A Quantum Leap Into The Future Of Chemistry


 Q-Chem 5.4, Q-Chem, Inc., Pleasanton, CA (2021)

 License issued to: University of California, San Diego (site)

 E. Epifanovsky,  A. T. B. Gilbert,  Xintian Feng,  Joonho Lee,  Yuezhi Mao,  
 N. Mardirossian,  P. Pokhilko,  A. White,  M. Wormit,  M. P. Coons,  
 A. L. Dempwolff,  Zhengting Gan,  D. Hait,  P. R. Horn,  L. D. Jacobson,  
 I. Kaliman,  J. Kussmann,  A. W. Lange,  Ka Un Lao,  D. S. Levine,  Jie Liu,  
 S. C. McKenzie,  A. F. Morrison,  K. Nanda,  F. Plasser,  D. R. Rehn,  
 M. L. Vidal,  Zhi-Qiang You,  Ying Zhu,  B. Alam,  B. Albrecht,  
 A. Aldossary,  E. Alguire,  J. H. Andersen,  D. Barton,  K. Begam,  A. Behn,  
 Y. A. Bernard,  E. J. Berquist,  H. Burton,  A. Carreras,  K. Carter-Fenk,  
 R. Chakraborty,  A. D. Chien,  K. D. Closser,  V. Cofer-Shabica,  
 S. Dasgupta,  Jia Deng,  M. de Wergifosse,  M. Diedenhofen,  Hainam Do,  
 S. Ehlert,  Po-Tung Fang,  S. Fatehi,  Qingguo Feng,  J. Gayvert,  
 Qinghui Ge,  G. Gidofalvi,  M. Goldey,  J. Gomes,  C. Gonzalez-Espinoza,  
 S. Gulania,  A. Gunina,  M. W. D. Hanson-Heine,  P. H. P. Harbach,  
 A. W. Hauser,  M. F. Herbst,  M. Hernandez Vera,  M. Hodecker,  
 Z. C. Holden,  S. Houck,  Xunkun Huang,  Kerwin Hui,  B. C. Huynh,  
 M. Ivanov,  Hyunjun Ji,  Hanjie Jiang,  B. Kaduk,  S. Kaehler,  
 K. Khistyaev,  Jaehoon Kim,  P. Klunzinger,  Z. Koczor-Benda,  
 Joong Hoon Koh,  D. Kosenkov,  L. Koulias,  T. Kowalczyk,  C. M. Krauter,  
 K. Kue,  A. Kunitsa,  T. Kus,  A. Landau,  K. V. Lawler,  D. Lefrancois,  
 S. Lehtola,  Rain Li,  Yi-Pei Li,  Jiashu Liang,  M. Liebenthal,  
 Hung-Hsuan Lin,  You-Sheng Lin,  Fenglai Liu,  Kuan-Yu Liu,  
 M. Loipersberger,  A. Luenser,  A. Manjanath,  P. Manohar,  E. Mansoor,  
 S. F. Manzer,  Shan-Ping Mao,  A. V. Marenich,  T. Markovich,  S. Mason,  
 S. A. Maurer,  P. F. McLaughlin,  M. F. S. J. Menger,  J.-M. Mewes,  
 S. A. Mewes,  P. Morgante,  J. W. Mullinax,  T. S. Nguyen-Beck,  
 K. J. Oosterbaan,  G. Paran,  Alexander C. Paul,  Suranjan K. Paul,  
 F. Pavosevic,  Zheng Pei,  S. Prager,  E. I. Proynov,  E. Ramos,  B. Rana,  
 A. E. Rask,  A. Rettig,  R. M. Richard,  F. Rob,  E. Rossomme,  T. Scheele,  
 M. Scheurer,  M. Schneider,  N. Sergueev,  S. M. Sharada,  W. Skomorowski,  
 D. W. Small,  C. J. Stein,  Yu-Chuan Su,  E. J. Sundstrom,  Zhen Tao,  
 J. Thirman,  T. Tsuchimochi,  N. M. Tubman,  S. P. Veccham,  O. Vydrov,  
 J. Wenzel,  J. Witte,  A. Yamada,  Kun Yao,  S. Yeganeh,  S. R. Yost,  
 A. Zech,  Igor Ying Zhang,  Xing Zhang,  Yu Zhang,  D. Zuev,  
 A. Aspuru-Guzik,  A. T. Bell,  N. A. Besley,  K. B. Bravaya,  B. R. Brooks,  
 D. Casanova,  Jeng-Da Chai,  S. Coriani,  C. J. Cramer,  
 A. E. DePrince, III,  R. A. DiStasio Jr.,  A. Dreuw,  B. D. Dunietz,  
 T. R. Furlani,  W. A. Goddard III,  S. Grimme,  S. Hammes-Schiffer,  
 T. Head-Gordon,  W. J. Hehre,  Chao-Ping Hsu,  T.-C. Jagau,  Yousung Jung,  
 A. Klamt,  Jing Kong,  D. S. Lambrecht,  WanZhen Liang,  N. J. Mayhall,  
 C. W. McCurdy,  J. B. Neaton,  C. Ochsenfeld,  J. A. Parkhill,  R. Peverati,  
 V. A. Rassolov,  Yihan Shao,  L. V. Slipchenko,  T. Stauch,  R. P. Steele,  
 J. E. Subotnik,  A. J. W. Thom,  A. Tkatchenko,  D. G. Truhlar,  
 T. Van Voorhis,  T. A. Wesolowski,  K. B. Whaley,  H. L. Woodcock III,  
 P. M. Zimmerman,  S. Faraji,  P. M. W. Gill,  M. Head-Gordon,  
 J. M. Herbert,  A. I. Krylov

 Contributors to earlier versions of Q-Chem not listed above: 
 R. D. Adamson,  B. Austin,  R. Baer,  J. Baker,  G. J. O. Beran,  
 K. Brandhorst,  S. T. Brown,  E. F. C. Byrd,  A. K. Chakraborty,  
 G. K. L. Chan,  Chun-Min Chang,  Yunqing Chen,  C.-L. Cheng,  
 Siu Hung Chien,  D. M. Chipman,  D. L. Crittenden,  H. Dachsel,  
 R. J. Doerksen,  A. D. Dutoi,  R. G. Edgar,  J. Fosso-Tande,  
 L. Fusti-Molnar,  D. Ghosh,  A. Ghysels,  A. Golubeva-Zadorozhnaya,  
 J. Gonthier,  M. S. Gordon,  S. R. Gwaltney,  G. Hawkins,  J. E. Herr,  
 A. Heyden,  S. Hirata,  E. G. Hohenstein,  G. Kedziora,  F. J. Keil,  
 C. Kelley,  Jihan Kim,  R. A. King,  R. Z. Khaliullin,  P. P. Korambath,  
 W. Kurlancheek,  A. Laurent,  A. M. Lee,  M. S. Lee,  S. V. Levchenko,  
 Ching Yeh Lin,  D. Liotard,  E. Livshits,  R. C. Lochan,  I. Lotan,  
 L. A. Martinez-Martinez,  P. E. Maslen,  N. Nair,  D. P. O'Neill,  
 D. Neuhauser,  E. Neuscamman,  C. M. Oana,  R. Olivares-Amaya,  R. Olson,  
 T. M. Perrine,  B. Peters,  P. A. Pieniazek,  A. Prociuk,  Y. M. Rhee,  
 J. Ritchie,  M. A. Rohrdanz,  E. Rosta,  N. J. Russ,  H. F. Schaefer III,  
 M. W. Schmidt,  N. E. Schultz,  S. Sharma,  N. Shenvi,  C. D. Sherrill,  
 A. C. Simmonett,  A. Sodt,  T. Stein,  D. Stuck,  K. S. Thanthiriwatte,  
 V. Vanovschi,  L. Vogt,  Tao Wang,  A. Warshel,  M. A. Watson,  
 C. F. Williams,  Q. Wu,  X. Xu,  Jun Yang,  W. Zhang,  Yan Zhao

 Please cite Q-Chem as follows:
 Y. Shao et al., Mol. Phys. 113, 184-215 (2015)
 DOI: 10.1080/00268976.2014.952696

 Q-Chem 5.4.0 for Intel X86 EM64T Linux

 Parts of Q-Chem use Armadillo 9.800.1 (Horizon Scraper).
 http://arma.sourceforge.net/

 Q-Chem begins on Wed Feb 14 16:30:59 2024  

 Host: 
0

     Scratch files written to /expanse/lustre/scratch/selhajj/temp_project/qcscratch/28683881/qchem1241466//
 May1621 |scratch|qcdevops|jenkins|workspace|build_RNUM    
 Processing $rem in /cm/shared/apps/spack/cpu/opt/spack/linux-centos8-zen2/gcc-10.2.0/qchem-5.4-akfmr7b3t57bfs6qan3padb2wnb2i7cl/config/preferences:
 Processing $rem in /home/selhajj/.qchemrc:
 Symmetry turned off for PCM/SM12/SMD calculation
 Method-specific promolecule density matrix will be built for SM12 calculation

 Checking the input file for inconsistencies... 	...done.

--------------------------------------------------------------
User input:
--------------------------------------------------------------
$molecule
0 1
C                 -1.8831200000      3.5057350000     -0.9505460000
C                 -2.9893010000      2.9093670000     -0.3631540000
C                 -0.6632560000      2.8231180000     -1.0196650000
C                 -0.5215960000      1.5193390000     -0.4990370000
C                 -2.8709110000      1.6174380000      0.1593600000
C                 -1.6613440000      0.9444510000      0.0891910000
C                  0.4753590000      3.5240410000     -1.6616710000
C                  1.8322660000      2.7743430000     -1.7426800000
C                  1.9002910000      1.4066390000     -1.1729020000
C                  0.7722230000      0.8044250000     -0.5764020000
C                  3.1270360000      0.7373470000     -1.2500960000
C                  3.2612310000     -0.5444350000     -0.7369400000
C                  2.1556380000     -1.1600560000     -0.1412710000
C                  0.9423550000     -0.4942840000     -0.0666010000
O                  0.3919130000      4.6425240000     -2.1194300000
O                  2.7788530000      3.3236980000     -2.2620000000
O                  4.4270200000     -1.2515120000     -0.7797120000
O                 -4.2057050000      3.5186960000     -0.2634240000
H                 -1.9322820000      4.5063320000     -1.3677730000
H                 -3.7368860000      1.1548640000      0.6173690000
H                 -1.6170970000     -0.0524090000      0.5064590000
H                  3.9596550000      1.2507140000     -1.7200780000
H                  2.2641290000     -2.1611310000      0.2584060000
H                  0.1154200000     -1.0098270000      0.4026460000
H                  5.1136470000     -0.7301280000     -1.2098100000
H                 -4.1672490000      4.3983120000     -0.6546780000
$end

$rem
BASIS  =  6-311++G(d,p)
GUI  =  2
JOB_TYPE  =  SP
METHOD  =  B3LYP
SCF_CONVERGENCE  = 8
SOLVENT_METHOD = sm12
$end

$smx
solvent dimethylformamide
charges CM5
$end





--------------------------------------------------------------
 ----------------------------------------------------------------
             Standard Nuclear Orientation (Angstroms)
    I     Atom           X                Y                Z
 ----------------------------------------------------------------
    1      C      -1.8831200000     3.5057350000    -0.9505460000
    2      C      -2.9893010000     2.9093670000    -0.3631540000
    3      C      -0.6632560000     2.8231180000    -1.0196650000
    4      C      -0.5215960000     1.5193390000    -0.4990370000
    5      C      -2.8709110000     1.6174380000     0.1593600000
    6      C      -1.6613440000     0.9444510000     0.0891910000
    7      C       0.4753590000     3.5240410000    -1.6616710000
    8      C       1.8322660000     2.7743430000    -1.7426800000
    9      C       1.9002910000     1.4066390000    -1.1729020000
   10      C       0.7722230000     0.8044250000    -0.5764020000
   11      C       3.1270360000     0.7373470000    -1.2500960000
   12      C       3.2612310000    -0.5444350000    -0.7369400000
   13      C       2.1556380000    -1.1600560000    -0.1412710000
   14      C       0.9423550000    -0.4942840000    -0.0666010000
   15      O       0.3919130000     4.6425240000    -2.1194300000
   16      O       2.7788530000     3.3236980000    -2.2620000000
   17      O       4.4270200000    -1.2515120000    -0.7797120000
   18      O      -4.2057050000     3.5186960000    -0.2634240000
   19      H      -1.9322820000     4.5063320000    -1.3677730000
   20      H      -3.7368860000     1.1548640000     0.6173690000
   21      H      -1.6170970000    -0.0524090000     0.5064590000
   22      H       3.9596550000     1.2507140000    -1.7200780000
   23      H       2.2641290000    -2.1611310000     0.2584060000
   24      H       0.1154200000    -1.0098270000     0.4026460000
   25      H       5.1136470000    -0.7301280000    -1.2098100000
   26      H      -4.1672490000     4.3983120000    -0.6546780000
 ----------------------------------------------------------------
 Nuclear Repulsion Energy =        1199.89424557 hartrees
 There are       62 alpha and       62 beta electrons
 Requested basis set is 6-311++G(d,p)
 There are 148 shells and 452 basis functions

 Total QAlloc Memory Limit   8000 MB
 Mega-Array Size       188 MB
 MEM_STATIC part       192 MB
 A cutoff of  1.0D-11 yielded   8474 shell pairs
 There are     81762 function pairs (     87835 Cartesian)
 Smallest overlap matrix eigenvalue = 3.68E-08

 Q-Chem warning in module stvman/mkSTV.C, line 323:

 Overlap eigenvalue is smaller than square root of threshold
 Use THRESH >= 12 to get rid of this warning

 Linear dependence detected in AO basis
 Tighter screening thresholds may be required for diffuse basis sets
 Use S2THRESH > 14 and THRESH = 14 in case of SCF convergence issues
 Number of orthogonalized atomic orbitals = 445
 Maximum deviation from orthogonality = 1.352E-10

 Scale SEOQF with 1.000000e-02/1.000000e-01/1.000000e-01

 Standard Electronic Orientation quadrupole field applied
 Nucleus-field energy     =     0.0000000412 hartrees
 ================ Generating on-the-fly Promolecule Density  ================
Attempting to make child job directory: /expanse/lustre/scratch/selhajj/temp_project/qcscratch/28683881/qchem1241466//Frg1/
Attempting to make child job directory: /expanse/lustre/scratch/selhajj/temp_project/qcscratch/28683881/qchem1241466//Frg2/
Attempting to make child job directory: /expanse/lustre/scratch/selhajj/temp_project/qcscratch/28683881/qchem1241466//Frg3/
Creating input file /expanse/lustre/scratch/selhajj/temp_project/qcscratch/28683881/qchem1241466/Frg1.input
using default PutDataFrgm: nothing
calling putenv with: QCSCRATCH=/expanse/lustre/scratch/selhajj/temp_project/qcscratch/28683881/qchem1241466/ 
Spawning Job For Fragment 0
Done Job For Fragment 0
calling putenv with: QCSCRATCH=/expanse/lustre/scratch/selhajj/temp_project/qcscratch/28683881 
calling putenv with: QCTHREADS=8 
Creating input file /expanse/lustre/scratch/selhajj/temp_project/qcscratch/28683881/qchem1241466/Frg2.input
using default PutDataFrgm: nothing
calling putenv with: QCSCRATCH=/expanse/lustre/scratch/selhajj/temp_project/qcscratch/28683881/qchem1241466/ 
Spawning Job For Fragment 1
Done Job For Fragment 1
calling putenv with: QCSCRATCH=/expanse/lustre/scratch/selhajj/temp_project/qcscratch/28683881 
calling putenv with: QCTHREADS=8 
Creating input file /expanse/lustre/scratch/selhajj/temp_project/qcscratch/28683881/qchem1241466/Frg3.input
using default PutDataFrgm: nothing
calling putenv with: QCSCRATCH=/expanse/lustre/scratch/selhajj/temp_project/qcscratch/28683881/qchem1241466/ 
Spawning Job For Fragment 2
Done Job For Fragment 2
calling putenv with: QCSCRATCH=/expanse/lustre/scratch/selhajj/temp_project/qcscratch/28683881 
calling putenv with: QCTHREADS=8 
 Time for running child jobs:  CPU 0.01 s  wall 10.71 s
 ============= Method Specific Promolecule Density Constructed =============
 Guess from superposition of atomic densities
 Warning:  Energy on first SCF cycle will be non-variational
 SAD guess density has 124.000000 electrons

 -----------------------------------------------------------------------
  General SCF calculation program by
  Eric Jon Sundstrom, Paul Horn, Yuezhi Mao, Dmitri Zuev, Alec White,
  David Stuck, Shaama M.S., Shane Yost, Joonho Lee, David Small,
  Daniel Levine, Susi Lehtola, Hugh Burton, Evgeny Epifanovsky,
  Bang C. Huynh
 -----------------------------------------------------------------------
 Exchange:     0.2000 Hartree-Fock + 0.0800 Slater + 0.7200 B88
 Correlation:  0.1900 VWN1RPA + 0.8100 LYP
 Using SG-1 standard quadrature grid
 using 8 threads for integral computing
 -------------------------------------------------------
 OpenMP Integral computing Module                
 Release: version 1.0, May 2013, Q-Chem Inc. Pittsburgh 
 -------------------------------------------------------
 
 SM12 calculation using CM5 charges
 Citation of the SM12 model:
 Marenich, A.V.; Cramer, C.J.; Truhlar, D.G.
 J. Chem. Theory Comput. 2013, 9, 609-612.
 iSolventCode=          91
 Solvent: dimethylformamide                                               
 
Hirshfeld: reading atomic densities from disk.
warning:  vdwdata pointer should have been initialzed before dftman

 Charges (in A.U.) from CM5PAC (Nov. 11, 2011)
 -----------------------------------------------
 Center     Atomic      CM5         Hirshfeld
 Number     Number      Charge      Charge
 -----------------------------------------------
    1          6       -0.045678    0.001916
    2          6        0.017297    0.005495
    3          6       -0.002180   -0.000515
    4          6       -0.006449   -0.002145
    5          6       -0.050628    0.000056
    6          6       -0.054809   -0.001617
    7          6        0.047299    0.010051
    8          6        0.047248    0.010000
    9          6       -0.002163   -0.000498
   10          6       -0.006483   -0.002178
   11          6       -0.045935    0.001659
   12          6        0.017205    0.005402
   13          6       -0.050486    0.000199
   14          6       -0.055004   -0.001812
   15          8       -0.060501   -0.014874
   16          8       -0.060487   -0.014859
   17          8       -0.225305   -0.025199
   18          8       -0.225222   -0.025116
   19          1        0.069056    0.005856
   20          1        0.063644    0.004584
   21          1        0.060768    0.002630
   22          1        0.069015    0.005815
   23          1        0.063676    0.004615
   24          1        0.060766    0.002627
   25          1        0.185636    0.011911
   26          1        0.185668    0.011943
 -----------------------------------------------

 Dipole moment (in Debye)
 -----------------------------------------------
                 X        Y        Z     Total
 -----------------------------------------------
 CM5          0.0756   0.1446  -0.0853   0.1841
 Hirshfeld   -0.0715  -0.1395   0.0815   0.1766
 -----------------------------------------------

 A restricted SCF calculation will be
 performed using DIIS
 SCF converges when DIIS error is below 1.0e-08
 ---------------------------------------
  Cycle       Energy         DIIS error
 ---------------------------------------
Hirshfeld: reading atomic densities from disk.

 Charges (in A.U.) from CM5PAC (Nov. 11, 2011)
 -----------------------------------------------
 Center     Atomic      CM5         Hirshfeld
 Number     Number      Charge      Charge
 -----------------------------------------------
    1          6       -0.182670   -0.135076
    2          6        0.192433    0.180630
    3          6       -0.047404   -0.045740
    4          6       -0.026144   -0.021839
    5          6       -0.193398   -0.142714
    6          6       -0.164841   -0.111649
    7          6        0.414957    0.377709
    8          6        0.414922    0.377674
    9          6       -0.047386   -0.045721
   10          6       -0.026101   -0.021796
   11          6       -0.182908   -0.135313
   12          6        0.192328    0.180525
   13          6       -0.193318   -0.142634
   14          6       -0.165002   -0.111810
   15          8       -0.492997   -0.447370
   16          8       -0.493003   -0.447375
   17          8       -0.480802   -0.280696
   18          8       -0.480790   -0.280684
   19          1        0.178385    0.115185
   20          1        0.178929    0.119868
   21          1        0.177499    0.119360
   22          1        0.178345    0.115145
   23          1        0.178940    0.119879
   24          1        0.177494    0.119355
   25          1        0.445580    0.271855
   26          1        0.445613    0.271888
 -----------------------------------------------

 Dipole moment (in Debye)
 -----------------------------------------------
                 X        Y        Z     Total
 -----------------------------------------------
 CM5         -2.1296  -4.1067   2.4062   5.2144
 Hirshfeld   -2.2767  -4.3908   2.5730   5.5751
 -----------------------------------------------

    1    -843.9111420305      3.24e-02  
Hirshfeld: reading atomic densities from disk.

 Charges (in A.U.) from CM5PAC (Nov. 11, 2011)
 -----------------------------------------------
 Center     Atomic      CM5         Hirshfeld
 Number     Number      Charge      Charge
 -----------------------------------------------
    1          6       -0.017170    0.030425
    2          6       -0.060030   -0.071832
    3          6       -0.075777   -0.074113
    4          6       -0.021798   -0.017493
    5          6        0.064599    0.115283
    6          6        0.045968    0.099160
    7          6       -0.357488   -0.394737
    8          6       -0.357462   -0.394710
    9          6       -0.075748   -0.074083
   10          6       -0.021872   -0.017567
   11          6       -0.017275    0.030319
   12          6       -0.060077   -0.071880
   13          6        0.064677    0.115361
   14          6        0.045751    0.098943
   15          8        0.231793    0.277421
   16          8        0.231816    0.277444
   17          8       -0.217985   -0.017879
   18          8       -0.217897   -0.017791
   19          1        0.047401   -0.015798
   20          1        0.053909   -0.005152
   21          1        0.046560   -0.011578
   22          1        0.047348   -0.015852
   23          1        0.053913   -0.005148
   24          1        0.046524   -0.011614
   25          1        0.259153    0.085428
   26          1        0.259175    0.085449
 -----------------------------------------------

 Dipole moment (in Debye)
 -----------------------------------------------
                 X        Y        Z     Total
 -----------------------------------------------
 CM5         -0.7849  -1.5120   0.8864   1.9203
 Hirshfeld   -0.9319  -1.7961   1.0532   2.2811
 -----------------------------------------------

    2    -839.1300289510      3.74e-03  
Hirshfeld: reading atomic densities from disk.

 Charges (in A.U.) from CM5PAC (Nov. 11, 2011)
 -----------------------------------------------
 Center     Atomic      CM5         Hirshfeld
 Number     Number      Charge      Charge
 -----------------------------------------------
    1          6       -0.058178   -0.010583
    2          6        0.062999    0.051196
    3          6        0.031703    0.033367
    4          6        0.016331    0.020636
    5          6       -0.066766   -0.016081
    6          6       -0.075524   -0.022332
    7          6        0.276581    0.239333
    8          6        0.276575    0.239327
    9          6        0.031737    0.033402
   10          6        0.016306    0.020611
   11          6       -0.058364   -0.010769
   12          6        0.062899    0.051096
   13          6       -0.066704   -0.016020
   14          6       -0.075717   -0.022524
   15          8       -0.424417   -0.378790
   16          8       -0.424371   -0.378743
   17          8       -0.385635   -0.185529
   18          8       -0.385594   -0.185487
   19          1        0.090012    0.026813
   20          1        0.101113    0.042052
   21          1        0.092150    0.034012
   22          1        0.089980    0.026779
   23          1        0.101123    0.042063
   24          1        0.092127    0.033988
   25          1        0.338962    0.165237
   26          1        0.338985    0.165260
 -----------------------------------------------

 Dipole moment (in Debye)
 -----------------------------------------------
                 X        Y        Z     Total
 -----------------------------------------------
 CM5         -2.3434  -4.5217   2.6494   5.7408
 Hirshfeld   -2.4905  -4.8058   2.8162   6.1016
 -----------------------------------------------

    3    -838.7226879958      6.15e-03  
Hirshfeld: reading atomic densities from disk.

 Charges (in A.U.) from CM5PAC (Nov. 11, 2011)
 -----------------------------------------------
 Center     Atomic      CM5         Hirshfeld
 Number     Number      Charge      Charge
 -----------------------------------------------
    1          6       -0.100641   -0.053046
    2          6        0.113166    0.101364
    3          6       -0.049731   -0.048066
    4          6       -0.026674   -0.022369
    5          6       -0.085246   -0.034561
    6          6       -0.081263   -0.028071
    7          6        0.165673    0.128425
    8          6        0.165665    0.128416
    9          6       -0.049704   -0.048039
   10          6       -0.026678   -0.022373
   11          6       -0.100833   -0.053238
   12          6        0.113074    0.101271
   13          6       -0.085168   -0.034483
   14          6       -0.081456   -0.028264
   15          8       -0.256998   -0.211371
   16          8       -0.256980   -0.211352
   17          8       -0.389020   -0.188914
   18          8       -0.388983   -0.188877
   19          1        0.114808    0.051608
   20          1        0.121785    0.062724
   21          1        0.116096    0.057958
   22          1        0.114775    0.051575
   23          1        0.121792    0.062731
   24          1        0.116078    0.057939
   25          1        0.357415    0.183690
   26          1        0.357439    0.183714
 -----------------------------------------------

 Dipole moment (in Debye)
 -----------------------------------------------
                 X        Y        Z     Total
 -----------------------------------------------
 CM5         -1.6609  -3.2027   1.8767   4.0667
 Hirshfeld   -1.8079  -3.4868   2.0435   4.4274
 -----------------------------------------------

    4    -839.3832987876      1.43e-03  
Hirshfeld: reading atomic densities from disk.

 Charges (in A.U.) from CM5PAC (Nov. 11, 2011)
 -----------------------------------------------
 Center     Atomic      CM5         Hirshfeld
 Number     Number      Charge      Charge
 -----------------------------------------------
    1          6       -0.096970   -0.049376
    2          6        0.079153    0.067351
    3          6       -0.026836   -0.025172
    4          6       -0.005033   -0.000728
    5          6       -0.082960   -0.032275
    6          6       -0.076775   -0.023583
    7          6        0.165951    0.128703
    8          6        0.165939    0.128691
    9          6       -0.026806   -0.025141
   10          6       -0.005047   -0.000742
   11          6       -0.097149   -0.049554
   12          6        0.079070    0.067267
   13          6       -0.082888   -0.032204
   14          6       -0.076966   -0.023774
   15          8       -0.282599   -0.236971
   16          8       -0.282564   -0.236936
   17          8       -0.376362   -0.176256
   18          8       -0.376319   -0.176213
   19          1        0.113877    0.050677
   20          1        0.120404    0.061343
   21          1        0.113223    0.055085
   22          1        0.113842    0.050641
   23          1        0.120410    0.061349
   24          1        0.113203    0.055064
   25          1        0.354285    0.180560
   26          1        0.354310    0.180585
 -----------------------------------------------

 Dipole moment (in Debye)
 -----------------------------------------------
                 X        Y        Z     Total
 -----------------------------------------------
 CM5         -1.9104  -3.6854   2.1594   4.6792
 Hirshfeld   -2.0575  -3.9695   2.3262   5.0400
 -----------------------------------------------

    5    -839.4279011332      3.60e-04  
Hirshfeld: reading atomic densities from disk.

 Charges (in A.U.) from CM5PAC (Nov. 11, 2011)
 -----------------------------------------------
 Center     Atomic      CM5         Hirshfeld
 Number     Number      Charge      Charge
 -----------------------------------------------
    1          6       -0.091142   -0.043547
    2          6        0.092110    0.080307
    3          6       -0.029570   -0.027906
    4          6       -0.016360   -0.012056
    5          6       -0.078911   -0.028226
    6          6       -0.079594   -0.026402
    7          6        0.172300    0.135052
    8          6        0.172294    0.135046
    9          6       -0.029541   -0.027876
   10          6       -0.016370   -0.012065
   11          6       -0.091327   -0.043733
   12          6        0.092019    0.080216
   13          6       -0.078837   -0.028153
   14          6       -0.079783   -0.026591
   15          8       -0.284152   -0.238525
   16          8       -0.284130   -0.238502
   17          8       -0.382324   -0.182218
   18          8       -0.382284   -0.182178
   19          1        0.111805    0.048606
   20          1        0.118772    0.059711
   21          1        0.112271    0.054132
   22          1        0.111772    0.048571
   23          1        0.118779    0.059718
   24          1        0.112250    0.054112
   25          1        0.354159    0.180434
   26          1        0.354184    0.180459
 -----------------------------------------------

 Dipole moment (in Debye)
 -----------------------------------------------
                 X        Y        Z     Total
 -----------------------------------------------
 CM5         -1.8549  -3.5778   2.0964   4.5427
 Hirshfeld   -2.0020  -3.8619   2.2632   4.9035
 -----------------------------------------------

    6    -839.4298904709      1.26e-04  
Hirshfeld: reading atomic densities from disk.

 Charges (in A.U.) from CM5PAC (Nov. 11, 2011)
 -----------------------------------------------
 Center     Atomic      CM5         Hirshfeld
 Number     Number      Charge      Charge
 -----------------------------------------------
    1          6       -0.094818   -0.047223
    2          6        0.089860    0.078057
    3          6       -0.030005   -0.028340
    4          6       -0.011225   -0.006920
    5          6       -0.081782   -0.031098
    6          6       -0.078031   -0.024839
    7          6        0.173642    0.136394
    8          6        0.173632    0.136384
    9          6       -0.029976   -0.028311
   10          6       -0.011236   -0.006931
   11          6       -0.095001   -0.047406
   12          6        0.089771    0.077968
   13          6       -0.081710   -0.031025
   14          6       -0.078222   -0.025030
   15          8       -0.283936   -0.238309
   16          8       -0.283906   -0.238278
   17          8       -0.381821   -0.181715
   18          8       -0.381781   -0.181675
   19          1        0.112005    0.048805
   20          1        0.119052    0.059991
   21          1        0.112227    0.054089
   22          1        0.111971    0.048771
   23          1        0.119059    0.059998
   24          1        0.112207    0.054069
   25          1        0.354194    0.180469
   26          1        0.354218    0.180493
 -----------------------------------------------

 Dipole moment (in Debye)
 -----------------------------------------------
                 X        Y        Z     Total
 -----------------------------------------------
 CM5         -1.8525  -3.5733   2.0938   4.5370
 Hirshfeld   -1.9996  -3.8574   2.2606   4.8978
 -----------------------------------------------

    7    -839.4303359259      3.97e-05  
Hirshfeld: reading atomic densities from disk.

 Charges (in A.U.) from CM5PAC (Nov. 11, 2011)
 -----------------------------------------------
 Center     Atomic      CM5         Hirshfeld
 Number     Number      Charge      Charge
 -----------------------------------------------
    1          6       -0.093751   -0.046157
    2          6        0.090155    0.078353
    3          6       -0.029957   -0.028292
    4          6       -0.012674   -0.008369
    5          6       -0.081129   -0.030444
    6          6       -0.078628   -0.025436
    7          6        0.173232    0.135983
    8          6        0.173223    0.135975
    9          6       -0.029927   -0.028262
   10          6       -0.012685   -0.008380
   11          6       -0.093935   -0.046341
   12          6        0.090066    0.078263
   13          6       -0.081055   -0.030371
   14          6       -0.078819   -0.025627
   15          8       -0.284067   -0.238439
   16          8       -0.284040   -0.238412
   17          8       -0.381599   -0.181492
   18          8       -0.381559   -0.181452
   19          1        0.112086    0.048886
   20          1        0.119140    0.060079
   21          1        0.112404    0.054266
   22          1        0.112052    0.048852
   23          1        0.119147    0.060086
   24          1        0.112384    0.054245
   25          1        0.354151    0.180426
   26          1        0.354175    0.180450
 -----------------------------------------------

 Dipole moment (in Debye)
 -----------------------------------------------
                 X        Y        Z     Total
 -----------------------------------------------
 CM5         -1.8550  -3.5781   2.0966   4.5431
 Hirshfeld   -2.0021  -3.8623   2.2634   4.9039
 -----------------------------------------------

    8    -839.4304469384      1.43e-05  
Hirshfeld: reading atomic densities from disk.

 Charges (in A.U.) from CM5PAC (Nov. 11, 2011)
 -----------------------------------------------
 Center     Atomic      CM5         Hirshfeld
 Number     Number      Charge      Charge
 -----------------------------------------------
    1          6       -0.093854   -0.046260
    2          6        0.090181    0.078378
    3          6       -0.029835   -0.028170
    4          6       -0.012532   -0.008227
    5          6       -0.081079   -0.030394
    6          6       -0.078548   -0.025356
    7          6        0.173133    0.135885
    8          6        0.173124    0.135876
    9          6       -0.029805   -0.028140
   10          6       -0.012543   -0.008238
   11          6       -0.094038   -0.046443
   12          6        0.090092    0.078289
   13          6       -0.081006   -0.030321
   14          6       -0.078739   -0.025547
   15          8       -0.284071   -0.238443
   16          8       -0.284042   -0.238414
   17          8       -0.381818   -0.181711
   18          8       -0.381778   -0.181671
   19          1        0.112083    0.048883
   20          1        0.119120    0.060059
   21          1        0.112371    0.054232
   22          1        0.112049    0.048849
   23          1        0.119127    0.060066
   24          1        0.112350    0.054212
   25          1        0.354211    0.180486
   26          1        0.354235    0.180510
 -----------------------------------------------

 Dipole moment (in Debye)
 -----------------------------------------------
                 X        Y        Z     Total
 -----------------------------------------------
 CM5         -1.8559  -3.5798   2.0976   4.5453
 Hirshfeld   -2.0030  -3.8640   2.2644   4.9061
 -----------------------------------------------

    9    -839.4304187181      2.17e-06  
Hirshfeld: reading atomic densities from disk.

 Charges (in A.U.) from CM5PAC (Nov. 11, 2011)
 -----------------------------------------------
 Center     Atomic      CM5         Hirshfeld
 Number     Number      Charge      Charge
 -----------------------------------------------
    1          6       -0.093851   -0.046257
    2          6        0.090192    0.078390
    3          6       -0.029858   -0.028193
    4          6       -0.012584   -0.008279
    5          6       -0.081119   -0.030434
    6          6       -0.078583   -0.025391
    7          6        0.173209    0.135961
    8          6        0.173201    0.135952
    9          6       -0.029828   -0.028163
   10          6       -0.012595   -0.008290
   11          6       -0.094035   -0.046441
   12          6        0.090104    0.078301
   13          6       -0.081046   -0.030361
   14          6       -0.078774   -0.025582
   15          8       -0.284097   -0.238470
   16          8       -0.284070   -0.238442
   17          8       -0.381730   -0.181624
   18          8       -0.381690   -0.181584
   19          1        0.112087    0.048887
   20          1        0.119127    0.060066
   21          1        0.112380    0.054242
   22          1        0.112053    0.048853
   23          1        0.119134    0.060073
   24          1        0.112360    0.054221
   25          1        0.354189    0.180464
   26          1        0.354214    0.180489
 -----------------------------------------------

 Dipole moment (in Debye)
 -----------------------------------------------
                 X        Y        Z     Total
 -----------------------------------------------
 CM5         -1.8555  -3.5790   2.0971   4.5442
 Hirshfeld   -2.0025  -3.8631   2.2639   4.9050
 -----------------------------------------------

   10    -839.4304189090      1.14e-06  
Hirshfeld: reading atomic densities from disk.

 Charges (in A.U.) from CM5PAC (Nov. 11, 2011)
 -----------------------------------------------
 Center     Atomic      CM5         Hirshfeld
 Number     Number      Charge      Charge
 -----------------------------------------------
    1          6       -0.093826   -0.046232
    2          6        0.090172    0.078369
    3          6       -0.029870   -0.028205
    4          6       -0.012573   -0.008268
    5          6       -0.081107   -0.030422
    6          6       -0.078583   -0.025391
    7          6        0.173210    0.135962
    8          6        0.173201    0.135953
    9          6       -0.029840   -0.028175
   10          6       -0.012583   -0.008278
   11          6       -0.094010   -0.046415
   12          6        0.090083    0.078280
   13          6       -0.081034   -0.030349
   14          6       -0.078774   -0.025581
   15          8       -0.284104   -0.238476
   16          8       -0.284075   -0.238447
   17          8       -0.381745   -0.181639
   18          8       -0.381705   -0.181599
   19          1        0.112086    0.048887
   20          1        0.119128    0.060067
   21          1        0.112380    0.054242
   22          1        0.112053    0.048852
   23          1        0.119135    0.060074
   24          1        0.112360    0.054221
   25          1        0.354193    0.180468
   26          1        0.354217    0.180492
 -----------------------------------------------

 Dipole moment (in Debye)
 -----------------------------------------------
                 X        Y        Z     Total
 -----------------------------------------------
 CM5         -1.8555  -3.5791   2.0972   4.5444
 Hirshfeld   -2.0026  -3.8632   2.2640   4.9052
 -----------------------------------------------

   11    -839.4304195706      2.30e-07  
Hirshfeld: reading atomic densities from disk.

 Charges (in A.U.) from CM5PAC (Nov. 11, 2011)
 -----------------------------------------------
 Center     Atomic      CM5         Hirshfeld
 Number     Number      Charge      Charge
 -----------------------------------------------
    1          6       -0.093836   -0.046241
    2          6        0.090179    0.078377
    3          6       -0.029861   -0.028196
    4          6       -0.012576   -0.008271
    5          6       -0.081108   -0.030423
    6          6       -0.078583   -0.025391
    7          6        0.173209    0.135961
    8          6        0.173201    0.135952
    9          6       -0.029831   -0.028166
   10          6       -0.012587   -0.008281
   11          6       -0.094020   -0.046425
   12          6        0.090090    0.078288
   13          6       -0.081035   -0.030350
   14          6       -0.078774   -0.025581
   15          8       -0.284105   -0.238477
   16          8       -0.284077   -0.238449
   17          8       -0.381743   -0.181636
   18          8       -0.381703   -0.181596
   19          1        0.112086    0.048886
   20          1        0.119127    0.060066
   21          1        0.112380    0.054242
   22          1        0.112052    0.048852
   23          1        0.119134    0.060073
   24          1        0.112360    0.054221
   25          1        0.354191    0.180466
   26          1        0.354215    0.180490
 -----------------------------------------------

 Dipole moment (in Debye)
 -----------------------------------------------
                 X        Y        Z     Total
 -----------------------------------------------
 CM5         -1.8556  -3.5792   2.0972   4.5445
 Hirshfeld   -2.0026  -3.8633   2.2640   4.9052
 -----------------------------------------------

   12    -839.4304193451      9.56e-08  
Hirshfeld: reading atomic densities from disk.

 Charges (in A.U.) from CM5PAC (Nov. 11, 2011)
 -----------------------------------------------
 Center     Atomic      CM5         Hirshfeld
 Number     Number      Charge      Charge
 -----------------------------------------------
    1          6       -0.093834   -0.046240
    2          6        0.090179    0.078377
    3          6       -0.029861   -0.028197
    4          6       -0.012576   -0.008271
    5          6       -0.081109   -0.030424
    6          6       -0.078583   -0.025391
    7          6        0.173210    0.135962
    8          6        0.173201    0.135953
    9          6       -0.029832   -0.028167
   10          6       -0.012587   -0.008282
   11          6       -0.094018   -0.046423
   12          6        0.090090    0.078287
   13          6       -0.081036   -0.030351
   14          6       -0.078774   -0.025581
   15          8       -0.284105   -0.238478
   16          8       -0.284077   -0.238449
   17          8       -0.381743   -0.181636
   18          8       -0.381703   -0.181596
   19          1        0.112086    0.048886
   20          1        0.119127    0.060067
   21          1        0.112380    0.054242
   22          1        0.112052    0.048852
   23          1        0.119134    0.060074
   24          1        0.112360    0.054221
   25          1        0.354191    0.180466
   26          1        0.354216    0.180490
 -----------------------------------------------

 Dipole moment (in Debye)
 -----------------------------------------------
                 X        Y        Z     Total
 -----------------------------------------------
 CM5         -1.8556  -3.5792   2.0972   4.5444
 Hirshfeld   -2.0026  -3.8633   2.2640   4.9052
 -----------------------------------------------

   13    -839.4304193709      1.56e-08  
   14    -839.4304193962      6.54e-09  Convergence criterion met
 ---------------------------------------
 SCF time:   CPU 3967.82s  wall 502.00s 
(1)  E-EN(liq) elect-nuc energy of solute               -839.430419396 a.u.
(2)  G-P(liq) polarization free energy of solvation            -6.7027 kcal/mol
(3)  G-ENP(liq) elect-nuc-pol free energy of system     -839.441100882 a.u.
(4)  G-CDS(liq) cavity-dispersion-solvent structure 
     free energy                                              -13.0931 kcal/mol
(5)  G-P-CDS(liq) = G-P(liq) + G-CDS(liq) = (2) + (4)         -19.7959 kcal/mol
(6)  G-S(liq) free energy of system = (1) + (5)         -839.461966096 a.u.
 SCF   energy in the final basis set =     -839.4619660958
 Total energy in the final basis set =     -839.4619660958
 
 --------------------------------------------------------------
 
                    Orbital Energies (a.u.)
 --------------------------------------------------------------
 
 Alpha MOs
 -- Occupied --
-19.1704 -19.1704 -19.1398 -19.1398 -10.2822 -10.2821 -10.2572 -10.2572
-10.2136 -10.2133 -10.2076 -10.2076 -10.1985 -10.1985 -10.1978 -10.1977
-10.1968 -10.1967  -1.0854  -1.0823  -1.0822  -1.0589  -0.9011  -0.8736
 -0.8094  -0.7917  -0.7795  -0.7438  -0.7142  -0.6634  -0.6508  -0.6225
 -0.6208  -0.5839  -0.5693  -0.5403  -0.5201  -0.5089  -0.4940  -0.4858
 -0.4640  -0.4631  -0.4591  -0.4590  -0.4485  -0.4335  -0.4296  -0.4295
 -0.4179  -0.3986  -0.3983  -0.3846  -0.3833  -0.3800  -0.3620  -0.3441
 -0.3132  -0.2853  -0.2785  -0.2779  -0.2649  -0.2263
 -- Virtual --
 -0.1290  -0.0518  -0.0502  -0.0105  -0.0065  -0.0056   0.0047   0.0111
  0.0216   0.0247   0.0389   0.0404   0.0431   0.0517   0.0590   0.0594
  0.0670   0.0706   0.0726   0.0813   0.0883   0.0900   0.0930   0.0940
  0.0970   0.1078   0.1110   0.1150   0.1200   0.1224   0.1251   0.1277
  0.1287   0.1352   0.1356   0.1363   0.1429   0.1500   0.1536   0.1575
  0.1586   0.1622   0.1716   0.1746   0.1785   0.1787   0.1803   0.1884
  0.1888   0.1938   0.2038   0.2041   0.2099   0.2107   0.2183   0.2243
  0.2252   0.2264   0.2313   0.2355   0.2390   0.2423   0.2520   0.2522
  0.2579   0.2589   0.2626   0.2679   0.2752   0.2815   0.2841   0.2861
  0.2867   0.2928   0.2958   0.3021   0.3055   0.3090   0.3155   0.3170
  0.3175   0.3267   0.3312   0.3377   0.3391   0.3403   0.3414   0.3469
  0.3589   0.3645   0.3690   0.3755   0.3810   0.3847   0.3911   0.3943
  0.4123   0.4132   0.4212   0.4377   0.4411   0.4582   0.4842   0.5063
  0.5127   0.5154   0.5253   0.5372   0.5481   0.5536   0.5584   0.5646
  0.5713   0.5788   0.5809   0.5820   0.5832   0.5909   0.5939   0.5969
  0.6032   0.6049   0.6200   0.6306   0.6391   0.6539   0.6544   0.6598
  0.6609   0.6655   0.6760   0.6892   0.7003   0.7099   0.7209   0.7216
  0.7299   0.7398   0.7535   0.7616   0.7798   0.7884   0.8121   0.8182
  0.8312   0.8542   0.8652   0.8686   0.8836   0.8853   0.8914   0.8930
  0.8941   0.8948   0.9183   0.9184   0.9303   0.9377   0.9567   0.9570
  0.9669   0.9683   0.9843   0.9929   0.9999   1.0172   1.0345   1.0396
  1.0534   1.0585   1.0590   1.0717   1.0760   1.0823   1.0859   1.1031
  1.1074   1.1178   1.1308   1.1460   1.1483   1.1749   1.1800   1.1941
  1.1951   1.1954   1.2205   1.2230   1.2307   1.2355   1.2616   1.2806
  1.3161   1.3286   1.3528   1.3659   1.3923   1.3941   1.4001   1.4035
  1.4291   1.4348   1.4672   1.4778   1.4934   1.5314   1.5349   1.5360
  1.5433   1.5459   1.5663   1.5934   1.5996   1.6031   1.6047   1.6068
  1.6273   1.6642   1.6697   1.6789   1.7076   1.7106   1.7188   1.7189
  1.7218   1.7337   1.7394   1.7625   1.7926   1.7943   1.8186   1.8289
  1.8401   1.8659   1.8799   1.8822   1.8902   1.8903   1.9168   1.9223
  1.9372   1.9575   1.9632   1.9852   1.9946   1.9956   2.0210   2.0222
  2.0255   2.0456   2.0528   2.0629   2.0904   2.0913   2.1208   2.1278
  2.1346   2.1520   2.2018   2.2249   2.2582   2.2657   2.3093   2.3125
  2.3596   2.3616   2.3831   2.3892   2.4239   2.4894   2.5397   2.5487
  2.5739   2.5762   2.5828   2.6141   2.6254   2.6383   2.6561   2.6662
  2.6814   2.7090   2.7151   2.7188   2.7267   2.7414   2.7476   2.7564
  2.7584   2.7793   2.7922   2.8130   2.8299   2.8418   2.8435   2.8608
  2.8714   2.8872   2.8969   2.9018   2.9043   2.9523   2.9692   2.9944
  3.0059   3.0241   3.0622   3.0724   3.0777   3.0821   3.0959   3.1451
  3.1577   3.1690   3.1705   3.1993   3.2294   3.2390   3.2437   3.2995
  3.3258   3.3582   3.3811   3.4127   3.4205   3.4622   3.4668   3.4739
  3.5060   3.5409   3.5435   3.5929   3.6065   3.6457   3.6489   3.6942
  3.7752   3.7899   3.8349   3.9036   3.9052   4.0488   4.0639   4.1165
  4.1212   4.1581   4.1669   4.2514   4.2555   4.4688   4.7516   4.8146
  4.8563   4.9831   4.9907   5.0015   5.0767   5.1540   5.3135   5.4296
  5.4379   5.6666   5.7521   5.7643   5.8227  23.4868  23.6618  23.8711
 23.8888  23.8941  23.9141  23.9202  23.9544  24.0233  24.0269  24.0813
 24.0873  24.1590  24.1639  49.9244  49.9318  49.9758  50.0853
 --------------------------------------------------------------
 
          Ground-State Mulliken Net Atomic Charges

     Atom                 Charge (a.u.)
  ----------------------------------------
      1 C                     0.069042
      2 C                    -0.202179
      3 C                     0.645374
      4 C                     0.170740
      5 C                     0.104998
      6 C                     0.062883
      7 C                    -1.404010
      8 C                    -1.406369
      9 C                     0.645749
     10 C                     0.170671
     11 C                     0.066833
     12 C                    -0.204002
     13 C                     0.104442
     14 C                     0.061222
     15 O                    -0.268985
     16 O                    -0.268459
     17 O                    -0.229462
     18 O                    -0.229591
     19 H                     0.191475
     20 H                     0.293940
     21 H                     0.262862
     22 H                     0.191447
     23 H                     0.294261
     24 H                     0.262338
     25 H                     0.307358
     26 H                     0.307423
  ----------------------------------------
  Sum of atomic charges =     0.000000

 -----------------------------------------------------------------
                    Cartesian Multipole Moments
 -----------------------------------------------------------------
    Charge (ESU x 10^10)
                 0.0000
    Dipole Moment (Debye)
         X      -2.0634      Y      -3.9851      Z       2.3348
       Tot       5.0587
    Quadrupole Moments (Debye-Ang)
        XX     -92.5984     XY     -16.2398     YY    -118.8568
        XZ       3.2411     YZ      10.7249     ZZ    -110.7890
    Octopole Moments (Debye-Ang^2)
       XXX     -51.9814    XXY    -160.6716    XYY    -154.2685
       YYY    -578.3294    XXZ      62.2660    XYZ      47.6750
       YYZ     149.1500    XZZ     -51.6501    YZZ    -211.6981
       ZZZ     275.2211
    Hexadecapole Moments (Debye-Ang^3)
      XXXX   -3360.1868   XXXY     400.3852   XXYY   -1217.1664
      XYYY     -66.3177   YYYY   -4033.8645   XXXZ     226.5044
      XXYZ     221.3878   XYYZ     353.0220   YYYZ     924.2521
      XXZZ    -769.4313   XYZZ      70.9539   YYZZ    -969.2288
      XZZZ     375.7474   YZZZ     744.8190   ZZZZ    -917.8169
 -----------------------------------------------------------------
 Total job time:  516.07s(wall), 3975.42s(cpu) 
 Wed Feb 14 16:39:35 2024

        *************************************************************
        *                                                           *
        *  Thank you very much for using Q-Chem.  Have a nice day.  *
        *                                                           *
        *************************************************************


