
Running Job 1 of 1 039-CPCM.in
qchem 039-CPCM.in_431926.0 /expanse/lustre/scratch/selhajj/temp_project/qcscratch/31246014/qchem431926/ 0
/cm/shared/apps/spack/cpu/opt/spack/linux-centos8-zen2/gcc-10.2.0/qchem-5.4-akfmr7b3t57bfs6qan3padb2wnb2i7cl/exe/qcprog.exe_s 039-CPCM.in_431926.0 /expanse/lustre/scratch/selhajj/temp_project/qcscratch/31246014/qchem431926/
                  Welcome to Q-Chem
     A Quantum Leap Into The Future Of Chemistry


 Q-Chem 5.4, Q-Chem, Inc., Pleasanton, CA (2021)

 License issued to: University of California, San Diego (site)

 E. Epifanovsky,  A. T. B. Gilbert,  Xintian Feng,  Joonho Lee,  Yuezhi Mao,  
 N. Mardirossian,  P. Pokhilko,  A. White,  M. Wormit,  M. P. Coons,  
 A. L. Dempwolff,  Zhengting Gan,  D. Hait,  P. R. Horn,  L. D. Jacobson,  
 I. Kaliman,  J. Kussmann,  A. W. Lange,  Ka Un Lao,  D. S. Levine,  Jie Liu,  
 S. C. McKenzie,  A. F. Morrison,  K. Nanda,  F. Plasser,  D. R. Rehn,  
 M. L. Vidal,  Zhi-Qiang You,  Ying Zhu,  B. Alam,  B. Albrecht,  
 A. Aldossary,  E. Alguire,  J. H. Andersen,  D. Barton,  K. Begam,  A. Behn,  
 Y. A. Bernard,  E. J. Berquist,  H. Burton,  A. Carreras,  K. Carter-Fenk,  
 R. Chakraborty,  A. D. Chien,  K. D. Closser,  V. Cofer-Shabica,  
 S. Dasgupta,  Jia Deng,  M. de Wergifosse,  M. Diedenhofen,  Hainam Do,  
 S. Ehlert,  Po-Tung Fang,  S. Fatehi,  Qingguo Feng,  J. Gayvert,  
 Qinghui Ge,  G. Gidofalvi,  M. Goldey,  J. Gomes,  C. Gonzalez-Espinoza,  
 S. Gulania,  A. Gunina,  M. W. D. Hanson-Heine,  P. H. P. Harbach,  
 A. W. Hauser,  M. F. Herbst,  M. Hernandez Vera,  M. Hodecker,  
 Z. C. Holden,  S. Houck,  Xunkun Huang,  Kerwin Hui,  B. C. Huynh,  
 M. Ivanov,  Hyunjun Ji,  Hanjie Jiang,  B. Kaduk,  S. Kaehler,  
 K. Khistyaev,  Jaehoon Kim,  P. Klunzinger,  Z. Koczor-Benda,  
 Joong Hoon Koh,  D. Kosenkov,  L. Koulias,  T. Kowalczyk,  C. M. Krauter,  
 K. Kue,  A. Kunitsa,  T. Kus,  A. Landau,  K. V. Lawler,  D. Lefrancois,  
 S. Lehtola,  Rain Li,  Yi-Pei Li,  Jiashu Liang,  M. Liebenthal,  
 Hung-Hsuan Lin,  You-Sheng Lin,  Fenglai Liu,  Kuan-Yu Liu,  
 M. Loipersberger,  A. Luenser,  A. Manjanath,  P. Manohar,  E. Mansoor,  
 S. F. Manzer,  Shan-Ping Mao,  A. V. Marenich,  T. Markovich,  S. Mason,  
 S. A. Maurer,  P. F. McLaughlin,  M. F. S. J. Menger,  J.-M. Mewes,  
 S. A. Mewes,  P. Morgante,  J. W. Mullinax,  T. S. Nguyen-Beck,  
 K. J. Oosterbaan,  G. Paran,  Alexander C. Paul,  Suranjan K. Paul,  
 F. Pavosevic,  Zheng Pei,  S. Prager,  E. I. Proynov,  E. Ramos,  B. Rana,  
 A. E. Rask,  A. Rettig,  R. M. Richard,  F. Rob,  E. Rossomme,  T. Scheele,  
 M. Scheurer,  M. Schneider,  N. Sergueev,  S. M. Sharada,  W. Skomorowski,  
 D. W. Small,  C. J. Stein,  Yu-Chuan Su,  E. J. Sundstrom,  Zhen Tao,  
 J. Thirman,  T. Tsuchimochi,  N. M. Tubman,  S. P. Veccham,  O. Vydrov,  
 J. Wenzel,  J. Witte,  A. Yamada,  Kun Yao,  S. Yeganeh,  S. R. Yost,  
 A. Zech,  Igor Ying Zhang,  Xing Zhang,  Yu Zhang,  D. Zuev,  
 A. Aspuru-Guzik,  A. T. Bell,  N. A. Besley,  K. B. Bravaya,  B. R. Brooks,  
 D. Casanova,  Jeng-Da Chai,  S. Coriani,  C. J. Cramer,  
 A. E. DePrince, III,  R. A. DiStasio Jr.,  A. Dreuw,  B. D. Dunietz,  
 T. R. Furlani,  W. A. Goddard III,  S. Grimme,  S. Hammes-Schiffer,  
 T. Head-Gordon,  W. J. Hehre,  Chao-Ping Hsu,  T.-C. Jagau,  Yousung Jung,  
 A. Klamt,  Jing Kong,  D. S. Lambrecht,  WanZhen Liang,  N. J. Mayhall,  
 C. W. McCurdy,  J. B. Neaton,  C. Ochsenfeld,  J. A. Parkhill,  R. Peverati,  
 V. A. Rassolov,  Yihan Shao,  L. V. Slipchenko,  T. Stauch,  R. P. Steele,  
 J. E. Subotnik,  A. J. W. Thom,  A. Tkatchenko,  D. G. Truhlar,  
 T. Van Voorhis,  T. A. Wesolowski,  K. B. Whaley,  H. L. Woodcock III,  
 P. M. Zimmerman,  S. Faraji,  P. M. W. Gill,  M. Head-Gordon,  
 J. M. Herbert,  A. I. Krylov

 Contributors to earlier versions of Q-Chem not listed above: 
 R. D. Adamson,  B. Austin,  R. Baer,  J. Baker,  G. J. O. Beran,  
 K. Brandhorst,  S. T. Brown,  E. F. C. Byrd,  A. K. Chakraborty,  
 G. K. L. Chan,  Chun-Min Chang,  Yunqing Chen,  C.-L. Cheng,  
 Siu Hung Chien,  D. M. Chipman,  D. L. Crittenden,  H. Dachsel,  
 R. J. Doerksen,  A. D. Dutoi,  R. G. Edgar,  J. Fosso-Tande,  
 L. Fusti-Molnar,  D. Ghosh,  A. Ghysels,  A. Golubeva-Zadorozhnaya,  
 J. Gonthier,  M. S. Gordon,  S. R. Gwaltney,  G. Hawkins,  J. E. Herr,  
 A. Heyden,  S. Hirata,  E. G. Hohenstein,  G. Kedziora,  F. J. Keil,  
 C. Kelley,  Jihan Kim,  R. A. King,  R. Z. Khaliullin,  P. P. Korambath,  
 W. Kurlancheek,  A. Laurent,  A. M. Lee,  M. S. Lee,  S. V. Levchenko,  
 Ching Yeh Lin,  D. Liotard,  E. Livshits,  R. C. Lochan,  I. Lotan,  
 L. A. Martinez-Martinez,  P. E. Maslen,  N. Nair,  D. P. O'Neill,  
 D. Neuhauser,  E. Neuscamman,  C. M. Oana,  R. Olivares-Amaya,  R. Olson,  
 T. M. Perrine,  B. Peters,  P. A. Pieniazek,  A. Prociuk,  Y. M. Rhee,  
 J. Ritchie,  M. A. Rohrdanz,  E. Rosta,  N. J. Russ,  H. F. Schaefer III,  
 M. W. Schmidt,  N. E. Schultz,  S. Sharma,  N. Shenvi,  C. D. Sherrill,  
 A. C. Simmonett,  A. Sodt,  T. Stein,  D. Stuck,  K. S. Thanthiriwatte,  
 V. Vanovschi,  L. Vogt,  Tao Wang,  A. Warshel,  M. A. Watson,  
 C. F. Williams,  Q. Wu,  X. Xu,  Jun Yang,  W. Zhang,  Yan Zhao

 Please cite Q-Chem as follows:
 Y. Shao et al., Mol. Phys. 113, 184-215 (2015)
 DOI: 10.1080/00268976.2014.952696

 Q-Chem 5.4.0 for Intel X86 EM64T Linux

 Parts of Q-Chem use Armadillo 9.800.1 (Horizon Scraper).
 http://arma.sourceforge.net/

 Q-Chem begins on Tue Jun 11 17:26:54 2024  

 Host: 
0

     Scratch files written to /expanse/lustre/scratch/selhajj/temp_project/qcscratch/31246014/qchem431926//
 May1621 |scratch|qcdevops|jenkins|workspace|build_RNUM    
 Processing $rem in /cm/shared/apps/spack/cpu/opt/spack/linux-centos8-zen2/gcc-10.2.0/qchem-5.4-akfmr7b3t57bfs6qan3padb2wnb2i7cl/config/preferences:
 Processing $rem in /home/selhajj/.qchemrc:
 Symmetry turned off for PCM/SM12/SMD calculation

 Checking the input file for inconsistencies... 	...done.

--------------------------------------------------------------
User input:
--------------------------------------------------------------
$molecule
0 1
C                 -2.6091330000     -0.6735440000     -0.2176160000
C                 -1.2951220000      0.0205140000     -0.0269630000
C                 -1.1709940000      1.3244880000      0.2736600000
C                  0.1465720000      1.9715730000      0.4536400000
O                  0.2348980000      3.1601070000      0.7272410000
C                  1.3536450000      1.1326650000      0.2917050000
C                  1.2835840000     -0.1754270000     -0.0085120000
C                  2.4802660000     -1.0602450000     -0.1810590000
C                 -0.0606350000     -0.8152010000     -0.1877770000
O                 -0.1487740000     -2.0009980000     -0.4612520000
H                 -2.7128630000     -1.5026840000      0.4876790000
H                 -3.4402100000      0.0189190000     -0.0795890000
H                 -2.6713070000     -1.1127910000     -1.2170770000
H                 -2.0331080000      1.9713580000      0.4002520000
H                  2.3017080000      1.6419760000      0.4313120000
H                  3.4043010000     -0.5013650000     -0.0292150000
H                  2.4903670000     -1.5039740000     -1.1804250000
H                  2.4468060000     -1.8953710000      0.5239970000
$end
$rem
MAX_SCF_CYCLES=200
BASIS  =  6-311++G(d,p)
GUI  =  2
JOB_TYPE  =  SP
METHOD  =  B3LYP
SOLVENT_METHOD = PCM
$end
$pcm
theory = CPCM
$end
$solvent
dielectric 37.219
opticaldielectric 1.43
$end





--------------------------------------------------------------
 ----------------------------------------------------------------
             Standard Nuclear Orientation (Angstroms)
    I     Atom           X                Y                Z
 ----------------------------------------------------------------
    1      C      -2.6091330000    -0.6735440000    -0.2176160000
    2      C      -1.2951220000     0.0205140000    -0.0269630000
    3      C      -1.1709940000     1.3244880000     0.2736600000
    4      C       0.1465720000     1.9715730000     0.4536400000
    5      O       0.2348980000     3.1601070000     0.7272410000
    6      C       1.3536450000     1.1326650000     0.2917050000
    7      C       1.2835840000    -0.1754270000    -0.0085120000
    8      C       2.4802660000    -1.0602450000    -0.1810590000
    9      C      -0.0606350000    -0.8152010000    -0.1877770000
   10      O      -0.1487740000    -2.0009980000    -0.4612520000
   11      H      -2.7128630000    -1.5026840000     0.4876790000
   12      H      -3.4402100000     0.0189190000    -0.0795890000
   13      H      -2.6713070000    -1.1127910000    -1.2170770000
   14      H      -2.0331080000     1.9713580000     0.4002520000
   15      H       2.3017080000     1.6419760000     0.4313120000
   16      H       3.4043010000    -0.5013650000    -0.0292150000
   17      H       2.4903670000    -1.5039740000    -1.1804250000
   18      H       2.4468060000    -1.8953710000     0.5239970000
 ----------------------------------------------------------------
 Nuclear Repulsion Energy =         491.17809144 hartrees
 There are       36 alpha and       36 beta electrons
 Requested basis set is 6-311++G(d,p)
 There are 100 shells and 276 basis functions

 Total QAlloc Memory Limit   8000 MB
 Mega-Array Size       188 MB
 MEM_STATIC part       192 MB
 Discretize the solute cavity surface with Lebedev spheres
	Using 110 Lebedev grid points for each H atom
	Using 194 Lebedev grid points for other atoms
	Atomic van der Waals radii will be scaled by 1.20
 Remove points where switching function is < 1.0e-08
 Keep 1306 surface tesserae and discard 1514 interior tesserae
 Molecular Surface Area = 181.072 Angst**2
 A cutoff of  1.0D-08 yielded   4137 shell pairs
 There are     32652 function pairs (     34997 Cartesian)
 Smallest overlap matrix eigenvalue = 2.23E-06

 Q-Chem warning in module stvman/mkSTV.C, line 323:

 Overlap eigenvalue is smaller than square root of threshold
 Use THRESH >= 12 to get rid of this warning


 Scale SEOQF with 1.000000e-01/1.000000e-01/1.000000e-01

 Standard Electronic Orientation quadrupole field applied
 Nucleus-field energy     =     0.0000000181 hartrees
 Guess from superposition of atomic densities
 Warning:  Energy on first SCF cycle will be non-variational
 SAD guess density has 72.000000 electrons

 -----------------------------------------------------------------------
  General SCF calculation program by
  Eric Jon Sundstrom, Paul Horn, Yuezhi Mao, Dmitri Zuev, Alec White,
  David Stuck, Shaama M.S., Shane Yost, Joonho Lee, David Small,
  Daniel Levine, Susi Lehtola, Hugh Burton, Evgeny Epifanovsky,
  Bang C. Huynh
 -----------------------------------------------------------------------
 Exchange:     0.2000 Hartree-Fock + 0.0800 Slater + 0.7200 B88
 Correlation:  0.1900 VWN1RPA + 0.8100 LYP
 Using SG-1 standard quadrature grid
 using 8 threads for integral computing
 -------------------------------------------------------
 OpenMP Integral computing Module                
 Release: version 1.0, May 2013, Q-Chem Inc. Pittsburgh 
 -------------------------------------------------------
 A restricted SCF calculation will be
 performed using DIIS
 SCF converges when DIIS error is below 1.0e-05
 ---------------------------------------
  Cycle       Energy         DIIS error
 ---------------------------------------
    1    -462.2537095344      3.82e-02  
    2    -460.0379334842      4.96e-03  
    3    -459.8008704605      7.76e-03  
    4    -460.2120922697      1.77e-03  
    5    -460.2379841728      2.92e-04  
    6    -460.2385715151      1.13e-04  
    7    -460.2386698508      4.16e-05  
    8    -460.2386808866      1.57e-05  
    9    -460.2386824612      1.60e-06  Convergence criterion met
 ---------------------------------------
 SCF time:   CPU 99.18s  wall 12.00s 

************** Final PCM Free Energy Summary **************
 G_electrostatic  =      -0.01460140 hartree =      -9.16251990 kcal/mol
 G_cavitation     =       0.00000000 hartree =       0.00000000 kcal/mol
 G_dispersion     =       0.00000000 hartree =       0.00000000 kcal/mol
 G_repulsion      =       0.00000000 hartree =       0.00000000 kcal/mol
 --------------------------------------------------
 Non-electrostatic Free Energy =       0.00000000 hartree =       0.00000000 kcal/mol
 Total                         =      -0.01460140 hartree =      -9.16251990 kcal/mol
 --------------------------------------------------
 SCF Energy (H0 + V/2)                       =    -460.23868246 
 Solute Internal Energy (H0)                 =    -460.22408106 
 Total Free Energy (H0 + V/2 + non-elec)     =    -460.23868246 hartree
                                             = -288804.13216494 kcal/mol
***********************************************************

 SCF   energy in the final basis set =     -460.2386824612
 Total energy in the final basis set =     -460.2386824612
 
 --------------------------------------------------------------
 
                    Orbital Energies (a.u.)
 --------------------------------------------------------------
 
 Alpha MOs
 -- Occupied --
-19.1438 -19.1379 -10.2859 -10.2818 -10.2182 -10.2182 -10.1998 -10.1998
-10.1744 -10.1744  -1.0751  -1.0675  -0.8654  -0.8167  -0.7422  -0.7090
 -0.6811  -0.6031  -0.5906  -0.5306  -0.5046  -0.4726  -0.4631  -0.4409
 -0.4388  -0.4274  -0.4247  -0.4241  -0.4042  -0.3968  -0.3913  -0.3849
 -0.3036  -0.2911  -0.2831  -0.2776
 -- Virtual --
 -0.1318  -0.0218  -0.0056  -0.0011   0.0089   0.0134   0.0298   0.0307
  0.0332   0.0516   0.0542   0.0601   0.0638   0.0668   0.0808   0.0914
  0.0955   0.1014   0.1031   0.1099   0.1152   0.1172   0.1243   0.1283
  0.1343   0.1352   0.1452   0.1505   0.1533   0.1571   0.1586   0.1625
  0.1638   0.1695   0.1739   0.1740   0.1848   0.1925   0.2030   0.2103
  0.2107   0.2163   0.2186   0.2330   0.2443   0.2482   0.2556   0.2564
  0.2657   0.2693   0.2862   0.2966   0.2969   0.2997   0.3026   0.3147
  0.3239   0.3317   0.3453   0.3538   0.3573   0.3634   0.3696   0.3906
  0.4002   0.4071   0.4171   0.4410   0.4483   0.4515   0.5144   0.5179
  0.5214   0.5387   0.5580   0.5686   0.5728   0.5856   0.5872   0.5886
  0.6133   0.6279   0.6296   0.6339   0.6389   0.6525   0.6532   0.6866
  0.6959   0.6996   0.7129   0.7233   0.7357   0.7732   0.7753   0.8113
  0.8219   0.8486   0.8773   0.8895   0.8991   0.9194   0.9218   0.9270
  0.9540   0.9597   0.9750   0.9828   0.9967   1.0117   1.0125   1.0814
  1.0937   1.1271   1.1577   1.1705   1.1965   1.2132   1.2307   1.2564
  1.2847   1.2872   1.3565   1.3607   1.3706   1.4200   1.4469   1.4529
  1.4615   1.4779   1.4971   1.5159   1.5433   1.5460   1.5562   1.5857
  1.5869   1.6062   1.6242   1.6418   1.6433   1.6562   1.6781   1.7571
  1.7585   1.7709   1.7892   1.8098   1.8220   1.8395   1.8590   1.8690
  1.8853   1.8996   1.9441   1.9578   1.9946   2.0455   2.0474   2.1147
  2.1179   2.1227   2.1486   2.1837   2.1930   2.2369   2.2472   2.3399
  2.3431   2.3632   2.4671   2.4830   2.4951   2.5224   2.5242   2.5291
  2.5374   2.5384   2.5652   2.6058   2.6063   2.6350   2.6448   2.7153
  2.7174   2.7446   2.7471   2.7683   2.7992   2.8216   2.8356   2.8760
  2.8829   2.9111   2.9494   2.9640   2.9869   3.0232   3.0295   3.0594
  3.1206   3.1473   3.2044   3.2176   3.3073   3.3151   3.3376   3.4442
  3.4718   3.5494   3.5990   3.6706   3.7008   3.7791   3.7814   3.7873
  3.8712   3.8744   4.0788   4.0906   4.1809   4.3079   4.3185   4.6895
  5.0321   5.0497   5.1921   5.2420   5.6908   5.7637  23.6242  23.7495
 23.8309  23.8946  23.9723  23.9736  24.1707  24.2202  49.9848  50.0273
 --------------------------------------------------------------
 
          Ground-State Mulliken Net Atomic Charges

     Atom                 Charge (a.u.)
  ----------------------------------------
      1 C                    -0.380260
      2 C                     1.376384
      3 C                    -0.632227
      4 C                    -0.209167
      5 O                    -0.323037
      6 C                    -0.630811
      7 C                     1.377843
      8 C                    -0.381923
      9 C                    -1.524425
     10 O                    -0.260906
     11 H                     0.195848
     12 H                     0.176441
     13 H                     0.195729
     14 H                     0.226197
     15 H                     0.226552
     16 H                     0.176478
     17 H                     0.195805
     18 H                     0.195479
  ----------------------------------------
  Sum of atomic charges =     0.000000

 -----------------------------------------------------------------
                    Cartesian Multipole Moments
 -----------------------------------------------------------------
    Charge (ESU x 10^10)
                 0.0000
    Dipole Moment (Debye)
         X      -0.1191      Y      -1.6253      Z      -0.3743
       Tot       1.6721
    Quadrupole Moments (Debye-Ang)
        XX     -46.5432     XY      -2.5471     YY     -80.4162
        XZ      -0.2925     YZ      -5.1160     ZZ     -59.4766
    Octopole Moments (Debye-Ang^2)
       XXX      -2.7413    XXY     -12.5579    XYY      -4.6496
       YYY     -86.8778    XXZ      -2.8745    XYZ      -0.6686
       YYZ     -12.2678    XZZ      -1.3749    YZZ     -18.7321
       ZZZ     -12.0419
    Hexadecapole Moments (Debye-Ang^3)
      XXXX    -835.9533   XXXY      -0.6756   XXYY    -285.2924
      XYYY     -23.2754   YYYY   -1172.6369   XXXZ      -8.2236
      XXYZ     -26.6726   XYYZ      -8.9504   YYYZ    -160.5116
      XXZZ    -174.8769   XYZZ      -0.1209   YYZZ    -180.5050
      XZZZ     -10.0975   YZZZ     -94.4067   ZZZZ    -117.5035
 -----------------------------------------------------------------
 Total job time:  30.16s(wall), 107.82s(cpu) 
 Tue Jun 11 17:27:24 2024

        *************************************************************
        *                                                           *
        *  Thank you very much for using Q-Chem.  Have a nice day.  *
        *                                                           *
        *************************************************************


